Unloading StdEnv/2020

Due to MODULEPATH changes, the following have been reloaded:
  1) mii/1.1.1


The following have been reloaded with a version change:
  1) python/3.8.2 => python/3.7.4

Using base prefix '/cvmfs/soft.computecanada.ca/easybuild/software/2017/Core/python/3.7.4'
New python executable in /localscratch/yinan.30191348.0/env/bin/python
Installing setuptools, pip, wheel...
done.
Ignoring pip: markers 'python_version < "3"' don't match your environment
Looking in links: /cvmfs/soft.computecanada.ca/custom/python/wheelhouse/nix/avx2, /cvmfs/soft.computecanada.ca/custom/python/wheelhouse/nix/generic, /cvmfs/soft.computecanada.ca/custom/python/wheelhouse/generic
Collecting pip
Installing collected packages: pip
  Found existing installation: pip 19.1.1
    Uninstalling pip-19.1.1:
      Successfully uninstalled pip-19.1.1
Successfully installed pip-21.2.3+computecanada
Looking in links: /cvmfs/soft.computecanada.ca/custom/python/wheelhouse/nix/avx2, /cvmfs/soft.computecanada.ca/custom/python/wheelhouse/nix/generic, /cvmfs/soft.computecanada.ca/custom/python/wheelhouse/generic
Processing /cvmfs/soft.computecanada.ca/custom/python/wheelhouse/generic/keras-2.8.0+computecanada-py2.py3-none-any.whl
Processing /cvmfs/soft.computecanada.ca/custom/python/wheelhouse/generic/Keras_Preprocessing-1.1.2+computecanada-py3-none-any.whl
Requirement already satisfied: matplotlib in /cvmfs/soft.computecanada.ca/easybuild/software/2017/Core/scipy-stack/2019a/lib/python3.7/site-packages (from -r requirements.txt (line 3)) (3.0.2)
Processing /cvmfs/soft.computecanada.ca/custom/python/wheelhouse/generic/nltk-3.6.5+computecanada-py3-none-any.whl
Processing /cvmfs/soft.computecanada.ca/custom/python/wheelhouse/generic/scikit_learn-0.22.1+computecanada-cp37-cp37m-linux_x86_64.whl
Processing /cvmfs/soft.computecanada.ca/custom/python/wheelhouse/generic/tensorboard-2.3.0+computecanada-py3-none-any.whl
Processing /cvmfs/soft.computecanada.ca/custom/python/wheelhouse/generic/tensorboard_plugin_wit-1.7.0+computecanada-py3-none-any.whl
Processing /cvmfs/soft.computecanada.ca/custom/python/wheelhouse/generic/tensorflow_gpu-2.3.0+computecanada-cp37-cp37m-linux_x86_64.whl
Processing /cvmfs/soft.computecanada.ca/custom/python/wheelhouse/generic/tensorflow_estimator-2.3.0+computecanada-py2.py3-none-any.whl
Processing /cvmfs/soft.computecanada.ca/custom/python/wheelhouse/generic/tokenizers-0.5.2+computecanada-cp37-cp37m-linux_x86_64.whl
Processing /cvmfs/soft.computecanada.ca/custom/python/wheelhouse/nix/avx2/torch-1.4.0+computecanada-cp37-cp37m-linux_x86_64.whl
Processing /cvmfs/soft.computecanada.ca/custom/python/wheelhouse/generic/torchtext-0.6.0+computecanada-py3-none-any.whl
Processing /cvmfs/soft.computecanada.ca/custom/python/wheelhouse/generic/torchvision-0.8.2+computecanada-cp37-cp37m-linux_x86_64.whl
Processing /cvmfs/soft.computecanada.ca/custom/python/wheelhouse/generic/transformers-2.5.1+computecanada-py3-none-any.whl
Processing /cvmfs/soft.computecanada.ca/custom/python/wheelhouse/generic/urllib3-1.26.7+computecanada-py2.py3-none-any.whl
ERROR: Could not find a version that satisfies the requirement regex>=2021.8.3 (from nltk) (from versions: 2018.1.10+computecanada, 2019.11.1+computecanada, 2020.11.13+computecanada)
ERROR: No matching distribution found for regex>=2021.8.3
Looking in links: /cvmfs/soft.computecanada.ca/custom/python/wheelhouse/nix/avx2, /cvmfs/soft.computecanada.ca/custom/python/wheelhouse/nix/generic, /cvmfs/soft.computecanada.ca/custom/python/wheelhouse/generic
ERROR: Could not find a version that satisfies the requirement numpy==1.20.0+computacanada (from versions: 1.15.0+computecanada, 1.15.2+computecanada, 1.15.4+computecanada, 1.16.0+computecanada, 1.16.2+computecanada, 1.16.3+computecanada, 1.17.4+computecanada, 1.18.1+computecanada, 1.18.4+computecanada, 1.19.1+computecanada, 1.19.2+computecanada, 1.20.2+computecanada)
ERROR: No matching distribution found for numpy==1.20.0+computacanada
Looking in links: /cvmfs/soft.computecanada.ca/custom/python/wheelhouse/nix/avx2, /cvmfs/soft.computecanada.ca/custom/python/wheelhouse/nix/generic, /cvmfs/soft.computecanada.ca/custom/python/wheelhouse/generic
Processing /cvmfs/soft.computecanada.ca/custom/python/wheelhouse/generic/wandb-0.12.5+computecanada-py2.py3-none-any.whl
Requirement already satisfied: python-dateutil>=2.6.1 in /cvmfs/soft.computecanada.ca/easybuild/software/2017/Core/scipy-stack/2019a/lib/python3.7/site-packages (from wandb) (2.7.5)
Processing /cvmfs/soft.computecanada.ca/custom/python/wheelhouse/generic/configparser-5.0.2+computecanada-py3-none-any.whl
Processing /cvmfs/soft.computecanada.ca/custom/python/wheelhouse/generic/sentry_sdk-1.5.0+computecanada-py2.py3-none-any.whl
Processing /cvmfs/soft.computecanada.ca/custom/python/wheelhouse/generic/click-8.1.0+computecanada-py3-none-any.whl
Processing /cvmfs/soft.computecanada.ca/custom/python/wheelhouse/generic/six-1.16.0+computecanada-py2.py3-none-any.whl
Processing /cvmfs/soft.computecanada.ca/custom/python/wheelhouse/generic/pathtools-0.1.2+computecanada-py3-none-any.whl
Processing /cvmfs/soft.computecanada.ca/custom/python/wheelhouse/generic/yaspin-2.1.0+computecanada-py3-none-any.whl
Processing /cvmfs/soft.computecanada.ca/custom/python/wheelhouse/generic/shortuuid-1.0.1+computecanada-py3-none-any.whl
Processing /cvmfs/soft.computecanada.ca/custom/python/wheelhouse/generic/GitPython-3.1.24+computecanada-py3-none-any.whl
Processing /cvmfs/soft.computecanada.ca/custom/python/wheelhouse/generic/psutil-5.7.3+computecanada-cp37-cp37m-linux_x86_64.whl
Processing /cvmfs/soft.computecanada.ca/custom/python/wheelhouse/generic/docker_pycreds-0.4.0+computecanada-py2.py3-none-any.whl
Processing /cvmfs/soft.computecanada.ca/custom/python/wheelhouse/generic/protobuf-3.19.4+computecanada-py2.py3-none-any.whl
Processing /cvmfs/soft.computecanada.ca/custom/python/wheelhouse/generic/subprocess32-3.5.4+computecanada-py3-none-any.whl
Requirement already satisfied: requests<3,>=2.0.0 in /cvmfs/soft.computecanada.ca/easybuild/software/2017/Core/scipy-stack/2019a/lib/python3.7/site-packages (from wandb) (2.21.0)
Processing /cvmfs/soft.computecanada.ca/custom/python/wheelhouse/generic/PyYAML-5.3.1+computecanada-cp37-cp37m-linux_x86_64.whl
Processing /cvmfs/soft.computecanada.ca/custom/python/wheelhouse/generic/promise-2.3+computecanada-py3-none-any.whl
Requirement already satisfied: importlib-metadata in /cvmfs/soft.computecanada.ca/easybuild/software/2017/Core/scipy-stack/2019a/lib/python3.7/site-packages (from Click!=8.0.0,>=7.0->wandb) (0.8)
Processing /cvmfs/soft.computecanada.ca/custom/python/wheelhouse/generic/gitdb-4.0.9+computecanada-py3-none-any.whl
Processing /cvmfs/soft.computecanada.ca/custom/python/wheelhouse/generic/typing_extensions-4.1.1+computecanada-py3-none-any.whl
Processing /cvmfs/soft.computecanada.ca/custom/python/wheelhouse/generic/smmap-5.0.0+computecanada-py3-none-any.whl
Requirement already satisfied: idna<2.9,>=2.5 in /cvmfs/soft.computecanada.ca/easybuild/software/2017/Core/scipy-stack/2019a/lib/python3.7/site-packages (from requests<3,>=2.0.0->wandb) (2.8)
Requirement already satisfied: urllib3<1.25,>=1.21.1 in /cvmfs/soft.computecanada.ca/easybuild/software/2017/Core/scipy-stack/2019a/lib/python3.7/site-packages (from requests<3,>=2.0.0->wandb) (1.24.1)
Requirement already satisfied: certifi>=2017.4.17 in /cvmfs/soft.computecanada.ca/easybuild/software/2017/Core/scipy-stack/2019a/lib/python3.7/site-packages (from requests<3,>=2.0.0->wandb) (2018.11.29)
Requirement already satisfied: chardet<3.1.0,>=3.0.2 in /cvmfs/soft.computecanada.ca/easybuild/software/2017/Core/scipy-stack/2019a/lib/python3.7/site-packages (from requests<3,>=2.0.0->wandb) (3.0.4)
Processing /cvmfs/soft.computecanada.ca/custom/python/wheelhouse/generic/termcolor-1.1.0+computecanada-py3-none-any.whl
Requirement already satisfied: zipp>=0.3.2 in /cvmfs/soft.computecanada.ca/easybuild/software/2017/Core/scipy-stack/2019a/lib/python3.7/site-packages (from importlib-metadata->Click!=8.0.0,>=7.0->wandb) (0.3.3)
Installing collected packages: smmap, typing-extensions, termcolor, six, gitdb, yaspin, subprocess32, shortuuid, sentry-sdk, PyYAML, psutil, protobuf, promise, pathtools, GitPython, docker-pycreds, configparser, Click, wandb
  Attempting uninstall: six
    Found existing installation: six 1.12.0
    Not uninstalling six at /cvmfs/soft.computecanada.ca/easybuild/software/2017/Core/scipy-stack/2019a/lib/python3.7/site-packages, outside environment /localscratch/yinan.30191348.0/env
    Can't uninstall 'six'. No files were found to uninstall.
Successfully installed Click-8.1.0+computecanada GitPython-3.1.24+computecanada PyYAML-5.3.1+computecanada configparser-5.0.2+computecanada docker-pycreds-0.4.0+computecanada gitdb-4.0.9+computecanada pathtools-0.1.2+computecanada promise-2.3+computecanada protobuf-3.19.4+computecanada psutil-5.7.3+computecanada sentry-sdk-1.5.0+computecanada shortuuid-1.0.1+computecanada six-1.16.0+computecanada smmap-5.0.0+computecanada subprocess32-3.5.4+computecanada termcolor-1.1.0+computecanada typing-extensions-4.1.1+computecanada wandb-0.12.5+computecanada yaspin-2.1.0+computecanada
Looking in links: /cvmfs/soft.computecanada.ca/custom/python/wheelhouse/nix/avx2, /cvmfs/soft.computecanada.ca/custom/python/wheelhouse/nix/generic, /cvmfs/soft.computecanada.ca/custom/python/wheelhouse/generic
ERROR: Could not find a version that satisfies the requirement sagemaker (from versions: none)
ERROR: No matching distribution found for sagemaker
Looking in links: /cvmfs/soft.computecanada.ca/custom/python/wheelhouse/nix/avx2, /cvmfs/soft.computecanada.ca/custom/python/wheelhouse/nix/generic, /cvmfs/soft.computecanada.ca/custom/python/wheelhouse/generic
Processing /cvmfs/soft.computecanada.ca/custom/python/wheelhouse/generic/torch-1.9.1+computecanada-cp37-cp37m-linux_x86_64.whl
Requirement already satisfied: typing-extensions in /localscratch/yinan.30191348.0/env/lib/python3.7/site-packages (from torch) (4.1.1+computecanada)
Installing collected packages: torch
Successfully installed torch-1.9.1+computecanada
Looking in links: /cvmfs/soft.computecanada.ca/custom/python/wheelhouse/nix/avx2, /cvmfs/soft.computecanada.ca/custom/python/wheelhouse/nix/generic, /cvmfs/soft.computecanada.ca/custom/python/wheelhouse/generic
Processing /cvmfs/soft.computecanada.ca/custom/python/wheelhouse/generic/transformers-2.5.1+computecanada-py3-none-any.whl
Processing /cvmfs/soft.computecanada.ca/custom/python/wheelhouse/generic/tokenizers-0.5.2+computecanada-cp37-cp37m-linux_x86_64.whl
Requirement already satisfied: numpy in /cvmfs/soft.computecanada.ca/easybuild/software/2017/Core/scipy-stack/2019a/lib/python3.7/site-packages (from transformers==2.5.1+computecanada) (1.16.0)
Requirement already satisfied: requests in /cvmfs/soft.computecanada.ca/easybuild/software/2017/Core/scipy-stack/2019a/lib/python3.7/site-packages (from transformers==2.5.1+computecanada) (2.21.0)
Processing /cvmfs/soft.computecanada.ca/custom/python/wheelhouse/generic/sentencepiece-0.1.91+computecanada-cp37-cp37m-linux_x86_64.whl
Processing /cvmfs/soft.computecanada.ca/custom/python/wheelhouse/generic/regex-2020.11.13+computecanada-cp37-cp37m-linux_x86_64.whl
Processing /cvmfs/soft.computecanada.ca/custom/python/wheelhouse/generic/sacremoses-0.0.49+computecanada-py3-none-any.whl
Processing /cvmfs/soft.computecanada.ca/custom/python/wheelhouse/generic/boto3-1.21.14+computecanada-py3-none-any.whl
Processing /cvmfs/soft.computecanada.ca/custom/python/wheelhouse/generic/filelock-3.4.2+computecanada-py3-none-any.whl
Processing /cvmfs/soft.computecanada.ca/custom/python/wheelhouse/generic/tqdm-4.63.1+computecanada-py2.py3-none-any.whl
Processing /cvmfs/soft.computecanada.ca/custom/python/wheelhouse/generic/jmespath-0.10.0+computecanada-py2.py3-none-any.whl
Processing /cvmfs/soft.computecanada.ca/custom/python/wheelhouse/generic/s3transfer-0.5.1+computecanada-py3-none-any.whl
Processing /cvmfs/soft.computecanada.ca/custom/python/wheelhouse/generic/botocore-1.24.14+computecanada-py3-none-any.whl
Requirement already satisfied: python-dateutil<3.0.0,>=2.1 in /cvmfs/soft.computecanada.ca/easybuild/software/2017/Core/scipy-stack/2019a/lib/python3.7/site-packages (from botocore<1.25.0,>=1.24.14->boto3->transformers==2.5.1+computecanada) (2.7.5)
Processing /cvmfs/soft.computecanada.ca/custom/python/wheelhouse/generic/urllib3-1.26.9+computecanada-py2.py3-none-any.whl
Requirement already satisfied: six>=1.5 in /localscratch/yinan.30191348.0/env/lib/python3.7/site-packages (from python-dateutil<3.0.0,>=2.1->botocore<1.25.0,>=1.24.14->boto3->transformers==2.5.1+computecanada) (1.16.0+computecanada)
Processing /cvmfs/soft.computecanada.ca/custom/python/wheelhouse/generic/requests-2.27.1+computecanada-py2.py3-none-any.whl
Requirement already satisfied: certifi>=2017.4.17 in /cvmfs/soft.computecanada.ca/easybuild/software/2017/Core/scipy-stack/2019a/lib/python3.7/site-packages (from requests->transformers==2.5.1+computecanada) (2018.11.29)
Processing /cvmfs/soft.computecanada.ca/custom/python/wheelhouse/generic/charset_normalizer-2.0.12+computecanada-py3-none-any.whl
Requirement already satisfied: idna<4,>=2.5 in /cvmfs/soft.computecanada.ca/easybuild/software/2017/Core/scipy-stack/2019a/lib/python3.7/site-packages (from requests->transformers==2.5.1+computecanada) (2.8)
Processing /cvmfs/soft.computecanada.ca/custom/python/wheelhouse/generic/joblib-1.1.0+computecanada-py2.py3-none-any.whl
Requirement already satisfied: click in /localscratch/yinan.30191348.0/env/lib/python3.7/site-packages (from sacremoses->transformers==2.5.1+computecanada) (8.1.0+computecanada)
Requirement already satisfied: importlib-metadata in /cvmfs/soft.computecanada.ca/easybuild/software/2017/Core/scipy-stack/2019a/lib/python3.7/site-packages (from click->sacremoses->transformers==2.5.1+computecanada) (0.8)
Requirement already satisfied: zipp>=0.3.2 in /cvmfs/soft.computecanada.ca/easybuild/software/2017/Core/scipy-stack/2019a/lib/python3.7/site-packages (from importlib-metadata->click->sacremoses->transformers==2.5.1+computecanada) (0.3.3)
Installing collected packages: urllib3, jmespath, botocore, tqdm, s3transfer, regex, joblib, charset-normalizer, tokenizers, sentencepiece, sacremoses, requests, filelock, boto3, transformers
  Attempting uninstall: urllib3
    Found existing installation: urllib3 1.24.1
    Not uninstalling urllib3 at /cvmfs/soft.computecanada.ca/easybuild/software/2017/Core/scipy-stack/2019a/lib/python3.7/site-packages, outside environment /localscratch/yinan.30191348.0/env
    Can't uninstall 'urllib3'. No files were found to uninstall.
  Attempting uninstall: requests
    Found existing installation: requests 2.21.0
    Not uninstalling requests at /cvmfs/soft.computecanada.ca/easybuild/software/2017/Core/scipy-stack/2019a/lib/python3.7/site-packages, outside environment /localscratch/yinan.30191348.0/env
    Can't uninstall 'requests'. No files were found to uninstall.
Successfully installed boto3-1.21.14+computecanada botocore-1.24.14+computecanada charset-normalizer-2.0.12+computecanada filelock-3.4.2+computecanada jmespath-0.10.0+computecanada joblib-1.1.0+computecanada regex-2020.11.13+computecanada requests-2.27.1+computecanada s3transfer-0.5.1+computecanada sacremoses-0.0.49+computecanada sentencepiece-0.1.91+computecanada tokenizers-0.5.2+computecanada tqdm-4.63.1+computecanada transformers-2.5.1+computecanada urllib3-1.26.9+computecanada
Looking in links: /cvmfs/soft.computecanada.ca/custom/python/wheelhouse/nix/avx2, /cvmfs/soft.computecanada.ca/custom/python/wheelhouse/nix/generic, /cvmfs/soft.computecanada.ca/custom/python/wheelhouse/generic
Processing /cvmfs/soft.computecanada.ca/custom/python/wheelhouse/generic/tensorflow_gpu-2.3.0+computecanada-cp37-cp37m-linux_x86_64.whl
Processing /cvmfs/soft.computecanada.ca/custom/python/wheelhouse/nix/generic/scipy-1.4.1+computecanada-cp37-cp37m-linux_x86_64.whl
Requirement already satisfied: wheel>=0.26 in /localscratch/yinan.30191348.0/env/lib/python3.7/site-packages (from tensorflow_gpu==2.3.0+computecanada) (0.33.4)
Processing /cvmfs/soft.computecanada.ca/custom/python/wheelhouse/generic/google_pasta-0.2.0+computecanada-py3-none-any.whl
Requirement already satisfied: six>=1.12.0 in /localscratch/yinan.30191348.0/env/lib/python3.7/site-packages (from tensorflow_gpu==2.3.0+computecanada) (1.16.0+computecanada)
Requirement already satisfied: numpy<1.19.0,>=1.16.0 in /cvmfs/soft.computecanada.ca/easybuild/software/2017/Core/scipy-stack/2019a/lib/python3.7/site-packages (from tensorflow_gpu==2.3.0+computecanada) (1.16.0)
Processing /cvmfs/soft.computecanada.ca/custom/python/wheelhouse/generic/tensorflow_estimator-2.3.0+computecanada-py2.py3-none-any.whl
Processing /cvmfs/soft.computecanada.ca/custom/python/wheelhouse/generic/wrapt-1.11.2+computecanada-cp37-cp37m-linux_x86_64.whl
Processing /cvmfs/soft.computecanada.ca/custom/python/wheelhouse/generic/astunparse-1.6.3+computecanada-py2.py3-none-any.whl
Processing /cvmfs/soft.computecanada.ca/custom/python/wheelhouse/nix/avx2/h5py-2.10.0+computecanada-cp37-cp37m-linux_x86_64.whl
Processing /cvmfs/soft.computecanada.ca/custom/python/wheelhouse/generic/opt_einsum-3.3.0+computecanada-py3-none-any.whl
Requirement already satisfied: termcolor>=1.1.0 in /localscratch/yinan.30191348.0/env/lib/python3.7/site-packages (from tensorflow_gpu==2.3.0+computecanada) (1.1.0+computecanada)
Requirement already satisfied: protobuf>=3.9.2 in /localscratch/yinan.30191348.0/env/lib/python3.7/site-packages (from tensorflow_gpu==2.3.0+computecanada) (3.19.4+computecanada)
Processing /cvmfs/soft.computecanada.ca/custom/python/wheelhouse/generic/tensorboard-2.8.0+computecanada-py3-none-any.whl
Processing /cvmfs/soft.computecanada.ca/custom/python/wheelhouse/generic/grpcio-1.38.0+computecanada-cp37-cp37m-linux_x86_64.whl
Processing /cvmfs/soft.computecanada.ca/custom/python/wheelhouse/generic/Keras_Preprocessing-1.1.2+computecanada-py3-none-any.whl
Processing /cvmfs/soft.computecanada.ca/custom/python/wheelhouse/generic/gast-0.3.3+computecanada-py3-none-any.whl
Processing /cvmfs/soft.computecanada.ca/custom/python/wheelhouse/generic/absl_py-1.0.0+computecanada-py3-none-any.whl
Processing /cvmfs/soft.computecanada.ca/custom/python/wheelhouse/generic/google_auth_oauthlib-0.4.6+computecanada-py2.py3-none-any.whl
Processing /cvmfs/soft.computecanada.ca/custom/python/wheelhouse/generic/tensorboard_plugin_wit-1.8.0+computecanada-py3-none-any.whl
Processing /cvmfs/soft.computecanada.ca/custom/python/wheelhouse/generic/Markdown-3.3.6+computecanada-py3-none-any.whl
Processing /cvmfs/soft.computecanada.ca/custom/python/wheelhouse/generic/tensorboard_data_server-0.6.1+computecanada-py3-none-linux_x86_64.whl
Processing /cvmfs/soft.computecanada.ca/custom/python/wheelhouse/generic/google_auth-2.3.3+computecanada-py2.py3-none-any.whl
Processing /cvmfs/soft.computecanada.ca/custom/python/wheelhouse/generic/Werkzeug-2.0.3+computecanada-py3-none-any.whl
Requirement already satisfied: setuptools>=41.0.0 in /localscratch/yinan.30191348.0/env/lib/python3.7/site-packages (from tensorboard<3,>=2.3.0->tensorflow_gpu==2.3.0+computecanada) (41.0.1)
Requirement already satisfied: requests<3,>=2.21.0 in /localscratch/yinan.30191348.0/env/lib/python3.7/site-packages (from tensorboard<3,>=2.3.0->tensorflow_gpu==2.3.0+computecanada) (2.27.1+computecanada)
Processing /cvmfs/soft.computecanada.ca/custom/python/wheelhouse/generic/rsa-4.8+computecanada-py3-none-any.whl
Processing /cvmfs/soft.computecanada.ca/custom/python/wheelhouse/generic/pyasn1_modules-0.2.8+computecanada-py2.py3-none-any.whl
Processing /cvmfs/soft.computecanada.ca/custom/python/wheelhouse/generic/cachetools-4.2.4+computecanada-py3-none-any.whl
Processing /cvmfs/soft.computecanada.ca/custom/python/wheelhouse/generic/requests_oauthlib-1.3.0+computecanada-py2.py3-none-any.whl
Processing /cvmfs/soft.computecanada.ca/custom/python/wheelhouse/generic/importlib_metadata-4.10.1+computecanada-py3-none-any.whl
Requirement already satisfied: typing-extensions>=3.6.4 in /localscratch/yinan.30191348.0/env/lib/python3.7/site-packages (from importlib-metadata>=4.4->markdown>=2.6.8->tensorboard<3,>=2.3.0->tensorflow_gpu==2.3.0+computecanada) (4.1.1+computecanada)
Processing /cvmfs/soft.computecanada.ca/custom/python/wheelhouse/generic/zipp-3.7.0+computecanada-py3-none-any.whl
Processing /cvmfs/soft.computecanada.ca/custom/python/wheelhouse/generic/pyasn1-0.4.8+computecanada-py2.py3-none-any.whl
Requirement already satisfied: urllib3<1.27,>=1.21.1 in /localscratch/yinan.30191348.0/env/lib/python3.7/site-packages (from requests<3,>=2.21.0->tensorboard<3,>=2.3.0->tensorflow_gpu==2.3.0+computecanada) (1.26.9+computecanada)
Requirement already satisfied: charset-normalizer~=2.0.0 in /localscratch/yinan.30191348.0/env/lib/python3.7/site-packages (from requests<3,>=2.21.0->tensorboard<3,>=2.3.0->tensorflow_gpu==2.3.0+computecanada) (2.0.12+computecanada)
Requirement already satisfied: certifi>=2017.4.17 in /cvmfs/soft.computecanada.ca/easybuild/software/2017/Core/scipy-stack/2019a/lib/python3.7/site-packages (from requests<3,>=2.21.0->tensorboard<3,>=2.3.0->tensorflow_gpu==2.3.0+computecanada) (2018.11.29)
Requirement already satisfied: idna<4,>=2.5 in /cvmfs/soft.computecanada.ca/easybuild/software/2017/Core/scipy-stack/2019a/lib/python3.7/site-packages (from requests<3,>=2.21.0->tensorboard<3,>=2.3.0->tensorflow_gpu==2.3.0+computecanada) (2.8)
Processing /cvmfs/soft.computecanada.ca/custom/python/wheelhouse/generic/oauthlib-3.1.1+computecanada-py2.py3-none-any.whl
Installing collected packages: pyasn1, zipp, rsa, pyasn1-modules, oauthlib, cachetools, requests-oauthlib, importlib-metadata, google-auth, werkzeug, tensorboard-plugin-wit, tensorboard-data-server, markdown, grpcio, google-auth-oauthlib, absl-py, wrapt, tensorflow-estimator, tensorboard, scipy, opt-einsum, keras-preprocessing, h5py, google-pasta, gast, astunparse, tensorflow-gpu
  Attempting uninstall: pyasn1
    Found existing installation: pyasn1 0.4.3
    Not uninstalling pyasn1 at /cvmfs/soft.computecanada.ca/easybuild/software/2017/Core/scipy-stack/2019a/lib/python3.7/site-packages, outside environment /localscratch/yinan.30191348.0/env
    Can't uninstall 'pyasn1'. No files were found to uninstall.
  Attempting uninstall: zipp
    Found existing installation: zipp 0.3.3
    Not uninstalling zipp at /cvmfs/soft.computecanada.ca/easybuild/software/2017/Core/scipy-stack/2019a/lib/python3.7/site-packages, outside environment /localscratch/yinan.30191348.0/env
    Can't uninstall 'zipp'. No files were found to uninstall.
  Attempting uninstall: importlib-metadata
    Found existing installation: importlib-metadata 0.8
    Not uninstalling importlib-metadata at /cvmfs/soft.computecanada.ca/easybuild/software/2017/Core/scipy-stack/2019a/lib/python3.7/site-packages, outside environment /localscratch/yinan.30191348.0/env
    Can't uninstall 'importlib-metadata'. No files were found to uninstall.
  Attempting uninstall: scipy
    Found existing installation: scipy 1.2.0
    Not uninstalling scipy at /cvmfs/soft.computecanada.ca/easybuild/software/2017/Core/scipy-stack/2019a/lib/python3.7/site-packages, outside environment /localscratch/yinan.30191348.0/env
    Can't uninstall 'scipy'. No files were found to uninstall.
Successfully installed absl-py-1.0.0+computecanada astunparse-1.6.3+computecanada cachetools-4.2.4+computecanada gast-0.3.3+computecanada google-auth-2.3.3+computecanada google-auth-oauthlib-0.4.6+computecanada google-pasta-0.2.0+computecanada grpcio-1.38.0+computecanada h5py-2.10.0+computecanada importlib-metadata-4.10.1+computecanada keras-preprocessing-1.1.2+computecanada markdown-3.3.6+computecanada oauthlib-3.1.1+computecanada opt-einsum-3.3.0+computecanada pyasn1-0.4.8+computecanada pyasn1-modules-0.2.8+computecanada requests-oauthlib-1.3.0+computecanada rsa-4.8+computecanada scipy-1.4.1+computecanada tensorboard-2.8.0+computecanada tensorboard-data-server-0.6.1+computecanada tensorboard-plugin-wit-1.8.0+computecanada tensorflow-estimator-2.3.0+computecanada tensorflow-gpu-2.3.0+computecanada werkzeug-2.0.3+computecanada wrapt-1.11.2+computecanada zipp-3.7.0+computecanada
Looking in links: /cvmfs/soft.computecanada.ca/custom/python/wheelhouse/nix/avx2, /cvmfs/soft.computecanada.ca/custom/python/wheelhouse/nix/generic, /cvmfs/soft.computecanada.ca/custom/python/wheelhouse/generic
Processing /cvmfs/soft.computecanada.ca/custom/python/wheelhouse/generic/keras-2.8.0+computecanada-py2.py3-none-any.whl
Installing collected packages: Keras
Successfully installed Keras-2.8.0+computecanada
Looking in links: /cvmfs/soft.computecanada.ca/custom/python/wheelhouse/nix/avx2, /cvmfs/soft.computecanada.ca/custom/python/wheelhouse/nix/generic, /cvmfs/soft.computecanada.ca/custom/python/wheelhouse/generic
Processing /cvmfs/soft.computecanada.ca/custom/python/wheelhouse/generic/urllib3-1.26.7+computecanada-py2.py3-none-any.whl
Installing collected packages: urllib3
  Attempting uninstall: urllib3
    Found existing installation: urllib3 1.26.9+computecanada
    Uninstalling urllib3-1.26.9+computecanada:
      Successfully uninstalled urllib3-1.26.9+computecanada
Successfully installed urllib3-1.26.7+computecanada
Looking in links: /cvmfs/soft.computecanada.ca/custom/python/wheelhouse/nix/avx2, /cvmfs/soft.computecanada.ca/custom/python/wheelhouse/nix/generic, /cvmfs/soft.computecanada.ca/custom/python/wheelhouse/generic
Processing /cvmfs/soft.computecanada.ca/custom/python/wheelhouse/generic/nltk-3.7+computecanada-py3-none-any.whl
Requirement already satisfied: click in /localscratch/yinan.30191348.0/env/lib/python3.7/site-packages (from nltk) (8.1.0+computecanada)
Requirement already satisfied: tqdm in /localscratch/yinan.30191348.0/env/lib/python3.7/site-packages (from nltk) (4.63.1+computecanada)
Processing /cvmfs/soft.computecanada.ca/custom/python/wheelhouse/generic/nltk-3.6.5+computecanada-py3-none-any.whl
Processing /cvmfs/soft.computecanada.ca/custom/python/wheelhouse/generic/nltk-3.6.3+computecanada-py3-none-any.whl
Requirement already satisfied: regex in /localscratch/yinan.30191348.0/env/lib/python3.7/site-packages (from nltk) (2020.11.13+computecanada)
Requirement already satisfied: joblib in /localscratch/yinan.30191348.0/env/lib/python3.7/site-packages (from nltk) (1.1.0+computecanada)
Requirement already satisfied: importlib-metadata in /localscratch/yinan.30191348.0/env/lib/python3.7/site-packages (from click->nltk) (4.10.1+computecanada)
Requirement already satisfied: typing-extensions>=3.6.4 in /localscratch/yinan.30191348.0/env/lib/python3.7/site-packages (from importlib-metadata->click->nltk) (4.1.1+computecanada)
Requirement already satisfied: zipp>=0.5 in /localscratch/yinan.30191348.0/env/lib/python3.7/site-packages (from importlib-metadata->click->nltk) (3.7.0+computecanada)
Installing collected packages: nltk
Successfully installed nltk-3.6.3+computecanada
Looking in links: /cvmfs/soft.computecanada.ca/custom/python/wheelhouse/nix/avx2, /cvmfs/soft.computecanada.ca/custom/python/wheelhouse/nix/generic, /cvmfs/soft.computecanada.ca/custom/python/wheelhouse/generic
Processing /cvmfs/soft.computecanada.ca/custom/python/wheelhouse/generic/scikit_learn-0.22.1+computecanada-cp37-cp37m-linux_x86_64.whl
Requirement already satisfied: scipy>=0.17.0 in /localscratch/yinan.30191348.0/env/lib/python3.7/site-packages (from scikit-learn==0.22.1) (1.4.1+computecanada)
Requirement already satisfied: numpy>=1.11.0 in /cvmfs/soft.computecanada.ca/easybuild/software/2017/Core/scipy-stack/2019a/lib/python3.7/site-packages (from scikit-learn==0.22.1) (1.16.0)
Requirement already satisfied: joblib>=0.11 in /localscratch/yinan.30191348.0/env/lib/python3.7/site-packages (from scikit-learn==0.22.1) (1.1.0+computecanada)
Installing collected packages: scikit-learn
Successfully installed scikit-learn-0.22.1+computecanada
Looking in links: /cvmfs/soft.computecanada.ca/custom/python/wheelhouse/nix/avx2, /cvmfs/soft.computecanada.ca/custom/python/wheelhouse/nix/generic, /cvmfs/soft.computecanada.ca/custom/python/wheelhouse/generic
Requirement already satisfied: tokenizers==0.5.2 in /localscratch/yinan.30191348.0/env/lib/python3.7/site-packages (0.5.2+computecanada)
wandb: Appending key for api.wandb.ai to your netrc file: /home/yinan/.netrc
Starting Task
2022-04-03 11:17:29.927482: I tensorflow/stream_executor/platform/default/dso_loader.cc:48] Successfully opened dynamic library libcudart.so.10.1
[nltk_data] Downloading package stopwords to /home/yinan/nltk_data...
[nltk_data]   Package stopwords is already up-to-date!
[nltk_data] Downloading package wordnet to /home/yinan/nltk_data...
[nltk_data]   Package wordnet is already up-to-date!
wandb: Currently logged in as: yinanazhou (use `wandb login --relogin` to force relogin)
wandb: wandb version 0.12.11 is available!  To upgrade, please run:
wandb:  $ pip install wandb --upgrade
2022-04-03 11:17:48.885592: I tensorflow/stream_executor/platform/default/dso_loader.cc:48] Successfully opened dynamic library libcudart.so.10.1
wandb: Tracking run with wandb version 0.12.5
wandb: Syncing run earnest-deluge-1
wandb: ⭐️ View project at https://wandb.ai/yinanazhou/bert_512_bs_8_lr_1e06_es_5_lc_False_nr_True_sr_True_stem_True_lemma_False_repeat_1_fold_1
wandb: 🚀 View run at https://wandb.ai/yinanazhou/bert_512_bs_8_lr_1e06_es_5_lc_False_nr_True_sr_True_stem_True_lemma_False_repeat_1_fold_1/runs/3p1lk7d7
wandb: Run data is saved locally in /project/6002780/yinan/Thesis_MER_Lyrics/lyric-emotion/wandb/run-20220403_111746-3p1lk7d7
wandb: Run `wandb offline` to turn off syncing.

Validation loss decreased (inf --> 1.414999).  Saving model ...
Validation loss decreased (1.414999 --> 1.408741).  Saving model ...
Validation loss decreased (1.408741 --> 1.403014).  Saving model ...
Validation loss decreased (1.403014 --> 1.398274).  Saving model ...
Validation loss decreased (1.398274 --> 1.394238).  Saving model ...
Validation loss decreased (1.394238 --> 1.390755).  Saving model ...
Validation loss decreased (1.390755 --> 1.387459).  Saving model ...
Validation loss decreased (1.387459 --> 1.384671).  Saving model ...
Validation loss decreased (1.384671 --> 1.382202).  Saving model ...
Validation loss decreased (1.382202 --> 1.379338).  Saving model ...
Validation loss decreased (1.379338 --> 1.377186).  Saving model ...
Validation loss decreased (1.377186 --> 1.375189).  Saving model ...
Validation loss decreased (1.375189 --> 1.373322).  Saving model ...
Validation loss decreased (1.373322 --> 1.371293).  Saving model ...
Validation loss decreased (1.371293 --> 1.369784).  Saving model ...
Validation loss decreased (1.369784 --> 1.368326).  Saving model ...
Validation loss decreased (1.368326 --> 1.366835).  Saving model ...
Validation loss decreased (1.366835 --> 1.365673).  Saving model ...
Validation loss decreased (1.365673 --> 1.364184).  Saving model ...
Validation loss decreased (1.364184 --> 1.362534).  Saving model ...
Validation loss decreased (1.362534 --> 1.361473).  Saving model ...
Validation loss decreased (1.361473 --> 1.360292).  Saving model ...
Validation loss decreased (1.360292 --> 1.358822).  Saving model ...
Validation loss decreased (1.358822 --> 1.357470).  Saving model ...
Validation loss decreased (1.357470 --> 1.356579).  Saving model ...
Validation loss decreased (1.356579 --> 1.355207).  Saving model ...
Validation loss decreased (1.355207 --> 1.354427).  Saving model ...
Validation loss decreased (1.354427 --> 1.353693).  Saving model ...
Validation loss decreased (1.353693 --> 1.352563).  Saving model ...
Validation loss decreased (1.352563 --> 1.351620).  Saving model ...
Validation loss decreased (1.351620 --> 1.350546).  Saving model ...
Validation loss decreased (1.350546 --> 1.349257).  Saving model ...
Validation loss decreased (1.349257 --> 1.347975).  Saving model ...
Validation loss decreased (1.347975 --> 1.346689).  Saving model ...
Validation loss decreased (1.346689 --> 1.345718).  Saving model ...
Validation loss decreased (1.345718 --> 1.344895).  Saving model ...
Validation loss decreased (1.344895 --> 1.344091).  Saving model ...
Validation loss decreased (1.344091 --> 1.343318).  Saving model ...
Validation loss decreased (1.343318 --> 1.342414).  Saving model ...
Validation loss decreased (1.342414 --> 1.341261).  Saving model ...
Validation loss decreased (1.341261 --> 1.339525).  Saving model ...
Validation loss decreased (1.339525 --> 1.338619).  Saving model ...
Validation loss decreased (1.338619 --> 1.337563).  Saving model ...
Validation loss decreased (1.337563 --> 1.336362).  Saving model ...
Validation loss decreased (1.336362 --> 1.335645).  Saving model ...
Validation loss decreased (1.335645 --> 1.335498).  Saving model ...
Validation loss decreased (1.335498 --> 1.334336).  Saving model ...
Validation loss decreased (1.334336 --> 1.333348).  Saving model ...
Validation loss decreased (1.333348 --> 1.332439).  Saving model ...
Validation loss decreased (1.332439 --> 1.331448).  Saving model ...
Validation loss decreased (1.331448 --> 1.330338).  Saving model ...
Validation loss decreased (1.330338 --> 1.329527).  Saving model ...
Validation loss decreased (1.329527 --> 1.328947).  Saving model ...
Validation loss decreased (1.328947 --> 1.328127).  Saving model ...
Validation loss decreased (1.328127 --> 1.327312).  Saving model ...
Validation loss decreased (1.327312 --> 1.326853).  Saving model ...
Validation loss decreased (1.326853 --> 1.326461).  Saving model ...
Validation loss decreased (1.326461 --> 1.325222).  Saving model ...
Validation loss decreased (1.325222 --> 1.324067).  Saving model ...
Validation loss decreased (1.324067 --> 1.323200).  Saving model ...
Validation loss decreased (1.323200 --> 1.322190).  Saving model ...
Validation loss decreased (1.322190 --> 1.321178).  Saving model ...
Validation loss decreased (1.321178 --> 1.321098).  Saving model ...
Validation loss decreased (1.321098 --> 1.320554).  Saving model ...
Validation loss decreased (1.320554 --> 1.319929).  Saving model ...
Validation loss decreased (1.319929 --> 1.319460).  Saving model ...
Validation loss decreased (1.319460 --> 1.319229).  Saving model ...
EarlyStopping counter: 1 out of 5.0
Validation loss decreased (1.319229 --> 1.318549).  Saving model ...
Validation loss decreased (1.318549 --> 1.318057).  Saving model ...
Validation loss decreased (1.318057 --> 1.317550).  Saving model ...
Validation loss decreased (1.317550 --> 1.316685).  Saving model ...
Validation loss decreased (1.316685 --> 1.316460).  Saving model ...
Validation loss decreased (1.316460 --> 1.315923).  Saving model ...
Validation loss decreased (1.315923 --> 1.314732).  Saving model ...
Validation loss decreased (1.314732 --> 1.313317).  Saving model ...
EarlyStopping counter: 1 out of 5.0
Validation loss decreased (1.313317 --> 1.311956).  Saving model ...
EarlyStopping counter: 1 out of 5.0
Validation loss decreased (1.311956 --> 1.310763).  Saving model ...
Validation loss decreased (1.310763 --> 1.310459).  Saving model ...
EarlyStopping counter: 1 out of 5.0
Validation loss decreased (1.310459 --> 1.310231).  Saving model ...
Validation loss decreased (1.310231 --> 1.307985).  Saving model ...
Validation loss decreased (1.307985 --> 1.307883).  Saving model ...
Validation loss decreased (1.307883 --> 1.307571).  Saving model ...
Validation loss decreased (1.307571 --> 1.305870).  Saving model ...
Validation loss decreased (1.305870 --> 1.305373).  Saving model ...
Validation loss decreased (1.305373 --> 1.303930).  Saving model ...
Validation loss decreased (1.303930 --> 1.302702).  Saving model ...
Validation loss decreased (1.302702 --> 1.302583).  Saving model ...
Validation loss decreased (1.302583 --> 1.301583).  Saving model ...
Validation loss decreased (1.301583 --> 1.300449).  Saving model ...
Validation loss decreased (1.300449 --> 1.299408).  Saving model ...
Validation loss decreased (1.299408 --> 1.298750).  Saving model ...
Validation loss decreased (1.298750 --> 1.297606).  Saving model ...
EarlyStopping counter: 1 out of 5.0
Validation loss decreased (1.297606 --> 1.296788).  Saving model ...
EarlyStopping counter: 1 out of 5.0
Validation loss decreased (1.296788 --> 1.296118).  Saving model ...
Validation loss decreased (1.296118 --> 1.294947).  Saving model ...
Validation loss decreased (1.294947 --> 1.293772).  Saving model ...
Validation loss decreased (1.293772 --> 1.292843).  Saving model ...
Validation loss decreased (1.292843 --> 1.291500).  Saving model ...
Validation loss decreased (1.291500 --> 1.291357).  Saving model ...
Validation loss decreased (1.291357 --> 1.290857).  Saving model ...
Validation loss decreased (1.290857 --> 1.290026).  Saving model ...
Validation loss decreased (1.290026 --> 1.289759).  Saving model ...
Validation loss decreased (1.289759 --> 1.287973).  Saving model ...
Validation loss decreased (1.287973 --> 1.286976).  Saving model ...
EarlyStopping counter: 1 out of 5.0
Validation loss decreased (1.286976 --> 1.286588).  Saving model ...
Validation loss decreased (1.286588 --> 1.285432).  Saving model ...
Validation loss decreased (1.285432 --> 1.283392).  Saving model ...
Validation loss decreased (1.283392 --> 1.282661).  Saving model ...
Validation loss decreased (1.282661 --> 1.282252).  Saving model ...
Validation loss decreased (1.282252 --> 1.282054).  Saving model ...
Validation loss decreased (1.282054 --> 1.281234).  Saving model ...
Validation loss decreased (1.281234 --> 1.279896).  Saving model ...
EarlyStopping counter: 1 out of 5.0
Validation loss decreased (1.279896 --> 1.278525).  Saving model ...
Validation loss decreased (1.278525 --> 1.276602).  Saving model ...
Validation loss decreased (1.276602 --> 1.276052).  Saving model ...
Validation loss decreased (1.276052 --> 1.274475).  Saving model ...
Validation loss decreased (1.274475 --> 1.272614).  Saving model ...
Validation loss decreased (1.272614 --> 1.271844).  Saving model ...
EarlyStopping counter: 1 out of 5.0
Validation loss decreased (1.271844 --> 1.271607).  Saving model ...
Validation loss decreased (1.271607 --> 1.268774).  Saving model ...
Validation loss decreased (1.268774 --> 1.266817).  Saving model ...
EarlyStopping counter: 1 out of 5.0
EarlyStopping counter: 2 out of 5.0
Validation loss decreased (1.266817 --> 1.266462).  Saving model ...
Validation loss decreased (1.266462 --> 1.266448).  Saving model ...
Validation loss decreased (1.266448 --> 1.265235).  Saving model ...
Validation loss decreased (1.265235 --> 1.265021).  Saving model ...
Validation loss decreased (1.265021 --> 1.263813).  Saving model ...
Validation loss decreased (1.263813 --> 1.262930).  Saving model ...
Validation loss decreased (1.262930 --> 1.261748).  Saving model ...
Validation loss decreased (1.261748 --> 1.261386).  Saving model ...
Validation loss decreased (1.261386 --> 1.260388).  Saving model ...
Validation loss decreased (1.260388 --> 1.259937).  Saving model ...
Validation loss decreased (1.259937 --> 1.259777).  Saving model ...
Validation loss decreased (1.259777 --> 1.258047).  Saving model ...
Validation loss decreased (1.258047 --> 1.256540).  Saving model ...
Validation loss decreased (1.256540 --> 1.253542).  Saving model ...
EarlyStopping counter: 1 out of 5.0
EarlyStopping counter: 2 out of 5.0
Validation loss decreased (1.253542 --> 1.252599).  Saving model ...
EarlyStopping counter: 1 out of 5.0
Validation loss decreased (1.252599 --> 1.250194).  Saving model ...
Validation loss decreased (1.250194 --> 1.248916).  Saving model ...
Validation loss decreased (1.248916 --> 1.248639).  Saving model ...
EarlyStopping counter: 1 out of 5.0
Validation loss decreased (1.248639 --> 1.247535).  Saving model ...
Validation loss decreased (1.247535 --> 1.247479).  Saving model ...
EarlyStopping counter: 1 out of 5.0
Validation loss decreased (1.247479 --> 1.245924).  Saving model ...
Validation loss decreased (1.245924 --> 1.243084).  Saving model ...
Validation loss decreased (1.243084 --> 1.241456).  Saving model ...
Validation loss decreased (1.241456 --> 1.241117).  Saving model ...
EarlyStopping counter: 1 out of 5.0
Validation loss decreased (1.241117 --> 1.240330).  Saving model ...
EarlyStopping counter: 1 out of 5.0
Validation loss decreased (1.240330 --> 1.239051).  Saving model ...
Validation loss decreased (1.239051 --> 1.237086).  Saving model ...
Validation loss decreased (1.237086 --> 1.235698).  Saving model ...
Validation loss decreased (1.235698 --> 1.234610).  Saving model ...
EarlyStopping counter: 1 out of 5.0
EarlyStopping counter: 2 out of 5.0
Validation loss decreased (1.234610 --> 1.231860).  Saving model ...
Validation loss decreased (1.231860 --> 1.230883).  Saving model ...
Validation loss decreased (1.230883 --> 1.229507).  Saving model ...
Validation loss decreased (1.229507 --> 1.229265).  Saving model ...
Validation loss decreased (1.229265 --> 1.226906).  Saving model ...
Validation loss decreased (1.226906 --> 1.226077).  Saving model ...
Validation loss decreased (1.226077 --> 1.225240).  Saving model ...
Validation loss decreased (1.225240 --> 1.223992).  Saving model ...
Validation loss decreased (1.223992 --> 1.222225).  Saving model ...
EarlyStopping counter: 1 out of 5.0
EarlyStopping counter: 2 out of 5.0
EarlyStopping counter: 3 out of 5.0
EarlyStopping counter: 4 out of 5.0
EarlyStopping counter: 5 out of 5.0
/localscratch/yinan.30191348.0/env/lib/python3.7/site-packages/transformers/optimization.py:155: UserWarning: This overload of add_ is deprecated:
	add_(Number alpha, Tensor other)
Consider using one of the following signatures instead:
	add_(Tensor other, *, Number alpha) (Triggered internally at  ../torch/csrc/utils/python_arg_parser.cpp:1025.)
  exp_avg.mul_(beta1).add_(1.0 - beta1, grad)
wandb: Waiting for W&B process to finish, PID 242968... (success).
wandb: - 0.00MB of 0.00MB uploaded (0.00MB deduped)wandb: \ 0.00MB of 0.00MB uploaded (0.00MB deduped)wandb: | 0.00MB of 0.00MB uploaded (0.00MB deduped)wandb: / 0.00MB of 0.00MB uploaded (0.00MB deduped)wandb: - 0.00MB of 0.00MB uploaded (0.00MB deduped)wandb: \ 0.00MB of 0.00MB uploaded (0.00MB deduped)wandb: | 0.00MB of 0.00MB uploaded (0.00MB deduped)wandb: / 0.00MB of 0.00MB uploaded (0.00MB deduped)wandb: - 0.00MB of 0.00MB uploaded (0.00MB deduped)wandb: \ 0.00MB of 0.00MB uploaded (0.00MB deduped)wandb: | 0.00MB of 0.00MB uploaded (0.00MB deduped)wandb: / 0.00MB of 0.00MB uploaded (0.00MB deduped)wandb: - 0.00MB of 0.00MB uploaded (0.00MB deduped)wandb: \ 0.00MB of 0.00MB uploaded (0.00MB deduped)wandb: | 0.00MB of 0.00MB uploaded (0.00MB deduped)wandb: / 0.00MB of 0.00MB uploaded (0.00MB deduped)wandb: - 0.00MB of 0.00MB uploaded (0.00MB deduped)wandb:                                                                                
wandb: Run history:
wandb:     e_F1 ▁▂▃▄▅▆▅▆▆▆▆▆▆▆▆▆▆▆▆▆▆▆▆▆▆▇▇▇▇▇▇█▇█▇█████
wandb:   e_loss █▇▇▆▆▆▆▆▆▅▅▅▅▅▅▅▄▄▄▄▄▄▄▄▃▃▃▃▃▃▂▂▂▂▂▂▁▁▁▁
wandb:     t_F1 ▁▂▃▂▄▄▄▅▅▄▄▄▅▅▅▆▆▅▇▇▆▆▆▇▇▇▇▇▇▇▇█▇██▇▇███
wandb:   t_loss ██▇▇▇▇▇▆▆▆▆▆▆▆▅▅▅▅▄▄▅▄▄▄▄▄▃▃▃▃▃▂▂▂▂▂▁▂▁▁
wandb: 
wandb: Run summary:
wandb:     e_F1 40.12757
wandb:   e_loss 1.22301
wandb:     t_F1 50.12279
wandb:   t_loss 1.13139
wandb: 
wandb: Synced 4 W&B file(s), 0 media file(s), 0 artifact file(s) and 0 other file(s)
wandb: Synced earnest-deluge-1: https://wandb.ai/yinanazhou/bert_512_bs_8_lr_1e06_es_5_lc_False_nr_True_sr_True_stem_True_lemma_False_repeat_1_fold_1/runs/3p1lk7d7
wandb: Find logs at: ./wandb/run-20220403_111746-3p1lk7d7/logs/debug.log
wandb: 

wandb: wandb version 0.12.11 is available!  To upgrade, please run:
wandb:  $ pip install wandb --upgrade
2022-04-03 11:56:09.378764: I tensorflow/stream_executor/platform/default/dso_loader.cc:48] Successfully opened dynamic library libcudart.so.10.1
wandb: Tracking run with wandb version 0.12.5
wandb: Syncing run cerulean-serenity-1
wandb: ⭐️ View project at https://wandb.ai/yinanazhou/bert_512_bs_8_lr_1e06_es_5_lc_False_nr_True_sr_True_stem_True_lemma_False_repeat_1_fold_2
wandb: 🚀 View run at https://wandb.ai/yinanazhou/bert_512_bs_8_lr_1e06_es_5_lc_False_nr_True_sr_True_stem_True_lemma_False_repeat_1_fold_2/runs/1zs464ke
wandb: Run data is saved locally in /project/6002780/yinan/Thesis_MER_Lyrics/lyric-emotion/wandb/run-20220403_115606-1zs464ke
wandb: Run `wandb offline` to turn off syncing.

Validation loss decreased (inf --> 1.405327).  Saving model ...
Validation loss decreased (1.405327 --> 1.401467).  Saving model ...
Validation loss decreased (1.401467 --> 1.398572).  Saving model ...
Validation loss decreased (1.398572 --> 1.396079).  Saving model ...
Validation loss decreased (1.396079 --> 1.394053).  Saving model ...
Validation loss decreased (1.394053 --> 1.391634).  Saving model ...
Validation loss decreased (1.391634 --> 1.389857).  Saving model ...
Validation loss decreased (1.389857 --> 1.388296).  Saving model ...
Validation loss decreased (1.388296 --> 1.386245).  Saving model ...
Validation loss decreased (1.386245 --> 1.384615).  Saving model ...
Validation loss decreased (1.384615 --> 1.382947).  Saving model ...
Validation loss decreased (1.382947 --> 1.381522).  Saving model ...
Validation loss decreased (1.381522 --> 1.379816).  Saving model ...
Validation loss decreased (1.379816 --> 1.378462).  Saving model ...
Validation loss decreased (1.378462 --> 1.377200).  Saving model ...
Validation loss decreased (1.377200 --> 1.375980).  Saving model ...
Validation loss decreased (1.375980 --> 1.374672).  Saving model ...
Validation loss decreased (1.374672 --> 1.373311).  Saving model ...
Validation loss decreased (1.373311 --> 1.371893).  Saving model ...
Validation loss decreased (1.371893 --> 1.371017).  Saving model ...
Validation loss decreased (1.371017 --> 1.370065).  Saving model ...
Validation loss decreased (1.370065 --> 1.368705).  Saving model ...
Validation loss decreased (1.368705 --> 1.367490).  Saving model ...
Validation loss decreased (1.367490 --> 1.366202).  Saving model ...
Validation loss decreased (1.366202 --> 1.364999).  Saving model ...
Validation loss decreased (1.364999 --> 1.363908).  Saving model ...
Validation loss decreased (1.363908 --> 1.362252).  Saving model ...
Validation loss decreased (1.362252 --> 1.360906).  Saving model ...
Validation loss decreased (1.360906 --> 1.359558).  Saving model ...
Validation loss decreased (1.359558 --> 1.358159).  Saving model ...
Validation loss decreased (1.358159 --> 1.357034).  Saving model ...
Validation loss decreased (1.357034 --> 1.355971).  Saving model ...
Validation loss decreased (1.355971 --> 1.355094).  Saving model ...
Validation loss decreased (1.355094 --> 1.354226).  Saving model ...
Validation loss decreased (1.354226 --> 1.352993).  Saving model ...
Validation loss decreased (1.352993 --> 1.351864).  Saving model ...
Validation loss decreased (1.351864 --> 1.350428).  Saving model ...
Validation loss decreased (1.350428 --> 1.348749).  Saving model ...
Validation loss decreased (1.348749 --> 1.347358).  Saving model ...
Validation loss decreased (1.347358 --> 1.346543).  Saving model ...
Validation loss decreased (1.346543 --> 1.345368).  Saving model ...
Validation loss decreased (1.345368 --> 1.344377).  Saving model ...
Validation loss decreased (1.344377 --> 1.343222).  Saving model ...
Validation loss decreased (1.343222 --> 1.342582).  Saving model ...
Validation loss decreased (1.342582 --> 1.341750).  Saving model ...
Validation loss decreased (1.341750 --> 1.340964).  Saving model ...
Validation loss decreased (1.340964 --> 1.339914).  Saving model ...
Validation loss decreased (1.339914 --> 1.339300).  Saving model ...
Validation loss decreased (1.339300 --> 1.337690).  Saving model ...
Validation loss decreased (1.337690 --> 1.336599).  Saving model ...
Validation loss decreased (1.336599 --> 1.335678).  Saving model ...
Validation loss decreased (1.335678 --> 1.334151).  Saving model ...
Validation loss decreased (1.334151 --> 1.333354).  Saving model ...
Validation loss decreased (1.333354 --> 1.332011).  Saving model ...
Validation loss decreased (1.332011 --> 1.331106).  Saving model ...
Validation loss decreased (1.331106 --> 1.330229).  Saving model ...
Validation loss decreased (1.330229 --> 1.329351).  Saving model ...
Validation loss decreased (1.329351 --> 1.328043).  Saving model ...
Validation loss decreased (1.328043 --> 1.327089).  Saving model ...
Validation loss decreased (1.327089 --> 1.326150).  Saving model ...
Validation loss decreased (1.326150 --> 1.324761).  Saving model ...
Validation loss decreased (1.324761 --> 1.323534).  Saving model ...
Validation loss decreased (1.323534 --> 1.322472).  Saving model ...
Validation loss decreased (1.322472 --> 1.321280).  Saving model ...
Validation loss decreased (1.321280 --> 1.320107).  Saving model ...
Validation loss decreased (1.320107 --> 1.319783).  Saving model ...
Validation loss decreased (1.319783 --> 1.318280).  Saving model ...
Validation loss decreased (1.318280 --> 1.317379).  Saving model ...
Validation loss decreased (1.317379 --> 1.317186).  Saving model ...
Validation loss decreased (1.317186 --> 1.316327).  Saving model ...
Validation loss decreased (1.316327 --> 1.314645).  Saving model ...
Validation loss decreased (1.314645 --> 1.313151).  Saving model ...
Validation loss decreased (1.313151 --> 1.312132).  Saving model ...
Validation loss decreased (1.312132 --> 1.310908).  Saving model ...
Validation loss decreased (1.310908 --> 1.310200).  Saving model ...
Validation loss decreased (1.310200 --> 1.308449).  Saving model ...
Validation loss decreased (1.308449 --> 1.308185).  Saving model ...
Validation loss decreased (1.308185 --> 1.307091).  Saving model ...
Validation loss decreased (1.307091 --> 1.305373).  Saving model ...
Validation loss decreased (1.305373 --> 1.303392).  Saving model ...
Validation loss decreased (1.303392 --> 1.302878).  Saving model ...
Validation loss decreased (1.302878 --> 1.301632).  Saving model ...
Validation loss decreased (1.301632 --> 1.300471).  Saving model ...
Validation loss decreased (1.300471 --> 1.299434).  Saving model ...
Validation loss decreased (1.299434 --> 1.298336).  Saving model ...
Validation loss decreased (1.298336 --> 1.297189).  Saving model ...
Validation loss decreased (1.297189 --> 1.296498).  Saving model ...
Validation loss decreased (1.296498 --> 1.295110).  Saving model ...
Validation loss decreased (1.295110 --> 1.293471).  Saving model ...
Validation loss decreased (1.293471 --> 1.293303).  Saving model ...
Validation loss decreased (1.293303 --> 1.292552).  Saving model ...
Validation loss decreased (1.292552 --> 1.291172).  Saving model ...
Validation loss decreased (1.291172 --> 1.289959).  Saving model ...
Validation loss decreased (1.289959 --> 1.289036).  Saving model ...
Validation loss decreased (1.289036 --> 1.287962).  Saving model ...
Validation loss decreased (1.287962 --> 1.287073).  Saving model ...
Validation loss decreased (1.287073 --> 1.285529).  Saving model ...
Validation loss decreased (1.285529 --> 1.284370).  Saving model ...
Validation loss decreased (1.284370 --> 1.283492).  Saving model ...
Validation loss decreased (1.283492 --> 1.283306).  Saving model ...
Validation loss decreased (1.283306 --> 1.282725).  Saving model ...
Validation loss decreased (1.282725 --> 1.281740).  Saving model ...
Validation loss decreased (1.281740 --> 1.278481).  Saving model ...
Validation loss decreased (1.278481 --> 1.276844).  Saving model ...
Validation loss decreased (1.276844 --> 1.276045).  Saving model ...
Validation loss decreased (1.276045 --> 1.274510).  Saving model ...
Validation loss decreased (1.274510 --> 1.272867).  Saving model ...
Validation loss decreased (1.272867 --> 1.270403).  Saving model ...
Validation loss decreased (1.270403 --> 1.269405).  Saving model ...
Validation loss decreased (1.269405 --> 1.268003).  Saving model ...
Validation loss decreased (1.268003 --> 1.266478).  Saving model ...
Validation loss decreased (1.266478 --> 1.266217).  Saving model ...
Validation loss decreased (1.266217 --> 1.265208).  Saving model ...
Validation loss decreased (1.265208 --> 1.263125).  Saving model ...
Validation loss decreased (1.263125 --> 1.261047).  Saving model ...
Validation loss decreased (1.261047 --> 1.260796).  Saving model ...
Validation loss decreased (1.260796 --> 1.259077).  Saving model ...
Validation loss decreased (1.259077 --> 1.258397).  Saving model ...
Validation loss decreased (1.258397 --> 1.256720).  Saving model ...
Validation loss decreased (1.256720 --> 1.254960).  Saving model ...
Validation loss decreased (1.254960 --> 1.253953).  Saving model ...
Validation loss decreased (1.253953 --> 1.250752).  Saving model ...
Validation loss decreased (1.250752 --> 1.249349).  Saving model ...
Validation loss decreased (1.249349 --> 1.248252).  Saving model ...
Validation loss decreased (1.248252 --> 1.246226).  Saving model ...
Validation loss decreased (1.246226 --> 1.244086).  Saving model ...
Validation loss decreased (1.244086 --> 1.242115).  Saving model ...
Validation loss decreased (1.242115 --> 1.239886).  Saving model ...
Validation loss decreased (1.239886 --> 1.239382).  Saving model ...
Validation loss decreased (1.239382 --> 1.238317).  Saving model ...
Validation loss decreased (1.238317 --> 1.237743).  Saving model ...
Validation loss decreased (1.237743 --> 1.235616).  Saving model ...
Validation loss decreased (1.235616 --> 1.233696).  Saving model ...
Validation loss decreased (1.233696 --> 1.231018).  Saving model ...
Validation loss decreased (1.231018 --> 1.229132).  Saving model ...
Validation loss decreased (1.229132 --> 1.229005).  Saving model ...
Validation loss decreased (1.229005 --> 1.228725).  Saving model ...
Validation loss decreased (1.228725 --> 1.227212).  Saving model ...
Validation loss decreased (1.227212 --> 1.226648).  Saving model ...
Validation loss decreased (1.226648 --> 1.225449).  Saving model ...
Validation loss decreased (1.225449 --> 1.223367).  Saving model ...
Validation loss decreased (1.223367 --> 1.221788).  Saving model ...
Validation loss decreased (1.221788 --> 1.221691).  Saving model ...
Validation loss decreased (1.221691 --> 1.220380).  Saving model ...
Validation loss decreased (1.220380 --> 1.217863).  Saving model ...
Validation loss decreased (1.217863 --> 1.217084).  Saving model ...
Validation loss decreased (1.217084 --> 1.215189).  Saving model ...
Validation loss decreased (1.215189 --> 1.213951).  Saving model ...
Validation loss decreased (1.213951 --> 1.212674).  Saving model ...
Validation loss decreased (1.212674 --> 1.210785).  Saving model ...
Validation loss decreased (1.210785 --> 1.208912).  Saving model ...
Validation loss decreased (1.208912 --> 1.208165).  Saving model ...
Validation loss decreased (1.208165 --> 1.207203).  Saving model ...
Validation loss decreased (1.207203 --> 1.205754).  Saving model ...
Validation loss decreased (1.205754 --> 1.204679).  Saving model ...
Validation loss decreased (1.204679 --> 1.204230).  Saving model ...
Validation loss decreased (1.204230 --> 1.201971).  Saving model ...
Validation loss decreased (1.201971 --> 1.200736).  Saving model ...
Validation loss decreased (1.200736 --> 1.200269).  Saving model ...
Validation loss decreased (1.200269 --> 1.199177).  Saving model ...
Validation loss decreased (1.199177 --> 1.198276).  Saving model ...
Validation loss decreased (1.198276 --> 1.196826).  Saving model ...
Validation loss decreased (1.196826 --> 1.193525).  Saving model ...
Validation loss decreased (1.193525 --> 1.191808).  Saving model ...
Validation loss decreased (1.191808 --> 1.190077).  Saving model ...
Validation loss decreased (1.190077 --> 1.189415).  Saving model ...
Validation loss decreased (1.189415 --> 1.187791).  Saving model ...
Validation loss decreased (1.187791 --> 1.186104).  Saving model ...
Validation loss decreased (1.186104 --> 1.184484).  Saving model ...
Validation loss decreased (1.184484 --> 1.182172).  Saving model ...
Validation loss decreased (1.182172 --> 1.181416).  Saving model ...
Validation loss decreased (1.181416 --> 1.179503).  Saving model ...
Validation loss decreased (1.179503 --> 1.178527).  Saving model ...
Validation loss decreased (1.178527 --> 1.175869).  Saving model ...
Validation loss decreased (1.175869 --> 1.174615).  Saving model ...
Validation loss decreased (1.174615 --> 1.174309).  Saving model ...
Validation loss decreased (1.174309 --> 1.172684).  Saving model ...
Validation loss decreased (1.172684 --> 1.170780).  Saving model ...
Validation loss decreased (1.170780 --> 1.169957).  Saving model ...
Validation loss decreased (1.169957 --> 1.168701).  Saving model ...
Validation loss decreased (1.168701 --> 1.168500).  Saving model ...
Validation loss decreased (1.168500 --> 1.167194).  Saving model ...
Validation loss decreased (1.167194 --> 1.166229).  Saving model ...
Validation loss decreased (1.166229 --> 1.163341).  Saving model ...
Validation loss decreased (1.163341 --> 1.162168).  Saving model ...
Validation loss decreased (1.162168 --> 1.160748).  Saving model ...
Validation loss decreased (1.160748 --> 1.159829).  Saving model ...
Validation loss decreased (1.159829 --> 1.158739).  Saving model ...
Validation loss decreased (1.158739 --> 1.157428).  Saving model ...
Validation loss decreased (1.157428 --> 1.155390).  Saving model ...
Validation loss decreased (1.155390 --> 1.153793).  Saving model ...
Validation loss decreased (1.153793 --> 1.153370).  Saving model ...
Validation loss decreased (1.153370 --> 1.151287).  Saving model ...
Validation loss decreased (1.151287 --> 1.150692).  Saving model ...
EarlyStopping counter: 1 out of 5.0
Validation loss decreased (1.150692 --> 1.149149).  Saving model ...
Validation loss decreased (1.149149 --> 1.147159).  Saving model ...
Validation loss decreased (1.147159 --> 1.146127).  Saving model ...
Validation loss decreased (1.146127 --> 1.145841).  Saving model ...
Validation loss decreased (1.145841 --> 1.143332).  Saving model ...
Validation loss decreased (1.143332 --> 1.140471).  Saving model ...
Validation loss decreased (1.140471 --> 1.140388).  Saving model ...
EarlyStopping counter: 1 out of 5.0
Validation loss decreased (1.140388 --> 1.139961).  Saving model ...
Validation loss decreased (1.139961 --> 1.139161).  Saving model ...
EarlyStopping counter: 1 out of 5.0
Validation loss decreased (1.139161 --> 1.136751).  Saving model ...
Validation loss decreased (1.136751 --> 1.134611).  Saving model ...
Validation loss decreased (1.134611 --> 1.133992).  Saving model ...
Validation loss decreased (1.133992 --> 1.131688).  Saving model ...
Validation loss decreased (1.131688 --> 1.130317).  Saving model ...
Validation loss decreased (1.130317 --> 1.129930).  Saving model ...
Validation loss decreased (1.129930 --> 1.129802).  Saving model ...
Validation loss decreased (1.129802 --> 1.128420).  Saving model ...
Validation loss decreased (1.128420 --> 1.127159).  Saving model ...
Validation loss decreased (1.127159 --> 1.125369).  Saving model ...
Validation loss decreased (1.125369 --> 1.124599).  Saving model ...
Validation loss decreased (1.124599 --> 1.123635).  Saving model ...
Validation loss decreased (1.123635 --> 1.121586).  Saving model ...
Validation loss decreased (1.121586 --> 1.119966).  Saving model ...
EarlyStopping counter: 1 out of 5.0
Validation loss decreased (1.119966 --> 1.119457).  Saving model ...
Validation loss decreased (1.119457 --> 1.117529).  Saving model ...
Validation loss decreased (1.117529 --> 1.116265).  Saving model ...
EarlyStopping counter: 1 out of 5.0
Validation loss decreased (1.116265 --> 1.115052).  Saving model ...
Validation loss decreased (1.115052 --> 1.113696).  Saving model ...
Validation loss decreased (1.113696 --> 1.112250).  Saving model ...
Validation loss decreased (1.112250 --> 1.109791).  Saving model ...
Validation loss decreased (1.109791 --> 1.109483).  Saving model ...
Validation loss decreased (1.109483 --> 1.108242).  Saving model ...
Validation loss decreased (1.108242 --> 1.108066).  Saving model ...
Validation loss decreased (1.108066 --> 1.106511).  Saving model ...
Validation loss decreased (1.106511 --> 1.106228).  Saving model ...
Validation loss decreased (1.106228 --> 1.105361).  Saving model ...
EarlyStopping counter: 1 out of 5.0
Validation loss decreased (1.105361 --> 1.105189).  Saving model ...
Validation loss decreased (1.105189 --> 1.103451).  Saving model ...
Validation loss decreased (1.103451 --> 1.102820).  Saving model ...
Validation loss decreased (1.102820 --> 1.102461).  Saving model ...
Validation loss decreased (1.102461 --> 1.101950).  Saving model ...
Validation loss decreased (1.101950 --> 1.100350).  Saving model ...
Validation loss decreased (1.100350 --> 1.098095).  Saving model ...
Validation loss decreased (1.098095 --> 1.097794).  Saving model ...
Validation loss decreased (1.097794 --> 1.097675).  Saving model ...
EarlyStopping counter: 1 out of 5.0
Validation loss decreased (1.097675 --> 1.095458).  Saving model ...
Validation loss decreased (1.095458 --> 1.094660).  Saving model ...
EarlyStopping counter: 1 out of 5.0
Validation loss decreased (1.094660 --> 1.094005).  Saving model ...
Validation loss decreased (1.094005 --> 1.092582).  Saving model ...
Validation loss decreased (1.092582 --> 1.091982).  Saving model ...
Validation loss decreased (1.091982 --> 1.090385).  Saving model ...
Validation loss decreased (1.090385 --> 1.089650).  Saving model ...
Validation loss decreased (1.089650 --> 1.088583).  Saving model ...
EarlyStopping counter: 1 out of 5.0
EarlyStopping counter: 2 out of 5.0
EarlyStopping counter: 3 out of 5.0
EarlyStopping counter: 4 out of 5.0
Validation loss decreased (1.088583 --> 1.088032).  Saving model ...
Validation loss decreased (1.088032 --> 1.083697).  Saving model ...
Validation loss decreased (1.083697 --> 1.081682).  Saving model ...
EarlyStopping counter: 1 out of 5.0
EarlyStopping counter: 2 out of 5.0
Validation loss decreased (1.081682 --> 1.080563).  Saving model ...
Validation loss decreased (1.080563 --> 1.079908).  Saving model ...
Validation loss decreased (1.079908 --> 1.079338).  Saving model ...
Validation loss decreased (1.079338 --> 1.078650).  Saving model ...
Validation loss decreased (1.078650 --> 1.078507).  Saving model ...
Validation loss decreased (1.078507 --> 1.077469).  Saving model ...
Validation loss decreased (1.077469 --> 1.076542).  Saving model ...
EarlyStopping counter: 1 out of 5.0
Validation loss decreased (1.076542 --> 1.074581).  Saving model ...
EarlyStopping counter: 1 out of 5.0
EarlyStopping counter: 2 out of 5.0
EarlyStopping counter: 3 out of 5.0
Validation loss decreased (1.074581 --> 1.073876).  Saving model ...
Validation loss decreased (1.073876 --> 1.073049).  Saving model ...
EarlyStopping counter: 1 out of 5.0
EarlyStopping counter: 2 out of 5.0
Validation loss decreased (1.073049 --> 1.072720).  Saving model ...
Validation loss decreased (1.072720 --> 1.071109).  Saving model ...
EarlyStopping counter: 1 out of 5.0
EarlyStopping counter: 2 out of 5.0
EarlyStopping counter: 3 out of 5.0
Validation loss decreased (1.071109 --> 1.070549).  Saving model ...
Validation loss decreased (1.070549 --> 1.070293).  Saving model ...
Validation loss decreased (1.070293 --> 1.069140).  Saving model ...
EarlyStopping counter: 1 out of 5.0
EarlyStopping counter: 2 out of 5.0
EarlyStopping counter: 3 out of 5.0
EarlyStopping counter: 4 out of 5.0
EarlyStopping counter: 5 out of 5.0
wandb: Waiting for W&B process to finish, PID 245074... (success).
wandb: - 0.00MB of 0.00MB uploaded (0.00MB deduped)wandb: \ 0.00MB of 0.00MB uploaded (0.00MB deduped)wandb: | 0.00MB of 0.00MB uploaded (0.00MB deduped)wandb: / 0.00MB of 0.00MB uploaded (0.00MB deduped)wandb: - 0.00MB of 0.00MB uploaded (0.00MB deduped)wandb: \ 0.00MB of 0.00MB uploaded (0.00MB deduped)wandb: | 0.00MB of 0.00MB uploaded (0.00MB deduped)wandb: / 0.00MB of 0.00MB uploaded (0.00MB deduped)wandb: - 0.00MB of 0.00MB uploaded (0.00MB deduped)wandb: \ 0.00MB of 0.00MB uploaded (0.00MB deduped)wandb: | 0.00MB of 0.00MB uploaded (0.00MB deduped)wandb: / 0.00MB of 0.00MB uploaded (0.00MB deduped)wandb:                                                                                
wandb: Run history:
wandb:     e_F1 ▁▂▄▄▅▄▄▄▄▄▄▄▄▄▄▅▅▅▅▅▆▆▆▆▆▇▇▇▇▇▇▇███▇████
wandb:   e_loss ███▇▇▇▇▇▇▆▆▆▆▆▅▅▅▅▄▄▄▄▄▃▃▃▃▃▂▂▂▂▂▂▁▁▁▁▁▁
wandb:     t_F1 ▁▁▂▃▃▃▃▃▄▃▄▄▄▄▄▄▄▄▅▅▅▅▆▅▆▆▆▇▆▇▇▇▆▇▇▇█▇▇█
wandb:   t_loss ██▇▇▇▇▇▇▇▇▆▆▆▆▆▆▅▆▆▅▅▅▄▅▄▄▄▃▃▃▃▃▃▂▂▁▁▁▁▁
wandb: 
wandb: Run summary:
wandb:     e_F1 51.48688
wandb:   e_loss 1.06982
wandb:     t_F1 58.97222
wandb:   t_loss 1.0069
wandb: 
wandb: Synced 4 W&B file(s), 0 media file(s), 0 artifact file(s) and 0 other file(s)
wandb: Synced cerulean-serenity-1: https://wandb.ai/yinanazhou/bert_512_bs_8_lr_1e06_es_5_lc_False_nr_True_sr_True_stem_True_lemma_False_repeat_1_fold_2/runs/1zs464ke
wandb: Find logs at: ./wandb/run-20220403_115606-1zs464ke/logs/debug.log
wandb: 

wandb: wandb version 0.12.11 is available!  To upgrade, please run:
wandb:  $ pip install wandb --upgrade
wandb: ERROR Error while calling W&B API: permission denied (<Response [401]>)
Thread SenderThread:
Traceback (most recent call last):
  File "/localscratch/yinan.30191348.0/env/lib/python3.7/site-packages/wandb/sdk/lib/retry.py", line 102, in __call__
    result = self._call_fn(*args, **kwargs)
  File "/localscratch/yinan.30191348.0/env/lib/python3.7/site-packages/wandb/sdk/internal/internal_api.py", line 147, in execute
    six.reraise(*sys.exc_info())
  File "/localscratch/yinan.30191348.0/env/lib/python3.7/site-packages/six.py", line 719, in reraise
    raise value
  File "/localscratch/yinan.30191348.0/env/lib/python3.7/site-packages/wandb/sdk/internal/internal_api.py", line 141, in execute
    return self.client.execute(*args, **kwargs)
  File "/localscratch/yinan.30191348.0/env/lib/python3.7/site-packages/wandb/vendor/gql-0.2.0/gql/client.py", line 52, in execute
    result = self._get_result(document, *args, **kwargs)
  File "/localscratch/yinan.30191348.0/env/lib/python3.7/site-packages/wandb/vendor/gql-0.2.0/gql/client.py", line 60, in _get_result
    return self.transport.execute(document, *args, **kwargs)
  File "/localscratch/yinan.30191348.0/env/lib/python3.7/site-packages/wandb/vendor/gql-0.2.0/gql/transport/requests.py", line 39, in execute
    request.raise_for_status()
  File "/localscratch/yinan.30191348.0/env/lib/python3.7/site-packages/requests/models.py", line 960, in raise_for_status
    raise HTTPError(http_error_msg, response=self)
requests.exceptions.HTTPError: 401 Client Error: Unauthorized for url: https://api.wandb.ai/graphql

During handling of the above exception, another exception occurred:

Traceback (most recent call last):
  File "/localscratch/yinan.30191348.0/env/lib/python3.7/site-packages/wandb/apis/normalize.py", line 24, in wrapper
    return func(*args, **kwargs)
  File "/localscratch/yinan.30191348.0/env/lib/python3.7/site-packages/wandb/sdk/internal/internal_api.py", line 1270, in upsert_run
    response = self.gql(mutation, variable_values=variable_values, **kwargs)
  File "/localscratch/yinan.30191348.0/env/lib/python3.7/site-packages/wandb/sdk/lib/retry.py", line 118, in __call__
    if not check_retry_fn(e):
  File "/localscratch/yinan.30191348.0/env/lib/python3.7/site-packages/wandb/util.py", line 817, in no_retry_auth
    raise CommError("Invalid or missing api_key.  Run wandb login")
wandb.errors.CommError: Invalid or missing api_key.  Run wandb login

During handling of the above exception, another exception occurred:

Traceback (most recent call last):
  File "/localscratch/yinan.30191348.0/env/lib/python3.7/site-packages/wandb/sdk/internal/internal_util.py", line 52, in run
    self._run()
  File "/localscratch/yinan.30191348.0/env/lib/python3.7/site-packages/wandb/sdk/internal/internal_util.py", line 102, in _run
    self._process(record)
  File "/localscratch/yinan.30191348.0/env/lib/python3.7/site-packages/wandb/sdk/internal/internal.py", line 292, in _process
    self._sm.send(record)
  File "/localscratch/yinan.30191348.0/env/lib/python3.7/site-packages/wandb/sdk/internal/sender.py", line 187, in send
    send_handler(record)
  File "/localscratch/yinan.30191348.0/env/lib/python3.7/site-packages/wandb/sdk/internal/sender.py", line 652, in send_run
    self._init_run(run, config_value_dict)
  File "/localscratch/yinan.30191348.0/env/lib/python3.7/site-packages/wandb/sdk/internal/sender.py", line 687, in _init_run
    commit=run.git.last_commit or None,
  File "/localscratch/yinan.30191348.0/env/lib/python3.7/site-packages/wandb/apis/normalize.py", line 62, in wrapper
    six.reraise(CommError, CommError(message, err), sys.exc_info()[2])
  File "/localscratch/yinan.30191348.0/env/lib/python3.7/site-packages/six.py", line 718, in reraise
    raise value.with_traceback(tb)
  File "/localscratch/yinan.30191348.0/env/lib/python3.7/site-packages/wandb/apis/normalize.py", line 24, in wrapper
    return func(*args, **kwargs)
  File "/localscratch/yinan.30191348.0/env/lib/python3.7/site-packages/wandb/sdk/internal/internal_api.py", line 1270, in upsert_run
    response = self.gql(mutation, variable_values=variable_values, **kwargs)
  File "/localscratch/yinan.30191348.0/env/lib/python3.7/site-packages/wandb/sdk/lib/retry.py", line 118, in __call__
    if not check_retry_fn(e):
  File "/localscratch/yinan.30191348.0/env/lib/python3.7/site-packages/wandb/util.py", line 817, in no_retry_auth
    raise CommError("Invalid or missing api_key.  Run wandb login")
wandb.errors.CommError: Invalid or missing api_key.  Run wandb login
wandb: ERROR Internal wandb error: file data was not synced
Traceback (most recent call last):
  File "/localscratch/yinan.30191348.0/env/lib/python3.7/site-packages/wandb/sdk/wandb_init.py", line 870, in init
    run = wi.init()
  File "/localscratch/yinan.30191348.0/env/lib/python3.7/site-packages/wandb/sdk/wandb_init.py", line 566, in init
    backend.cleanup()
  File "/localscratch/yinan.30191348.0/env/lib/python3.7/site-packages/wandb/sdk/backend/backend.py", line 227, in cleanup
    self.interface.join()
  File "/localscratch/yinan.30191348.0/env/lib/python3.7/site-packages/wandb/sdk/interface/interface.py", line 1048, in join
    super(BackendSender, self).join()
  File "/localscratch/yinan.30191348.0/env/lib/python3.7/site-packages/wandb/sdk/interface/interface.py", line 596, in join
    self._communicate_shutdown()
  File "/localscratch/yinan.30191348.0/env/lib/python3.7/site-packages/wandb/sdk/interface/interface.py", line 1045, in _communicate_shutdown
    _ = self._communicate(record)
  File "/localscratch/yinan.30191348.0/env/lib/python3.7/site-packages/wandb/sdk/interface/interface.py", line 799, in _communicate
    return self._communicate_async(rec, local=local).get(timeout=timeout)
  File "/localscratch/yinan.30191348.0/env/lib/python3.7/site-packages/wandb/sdk/interface/interface.py", line 804, in _communicate_async
    raise Exception("The wandb backend process has shutdown")
Exception: The wandb backend process has shutdown
wandb: ERROR Abnormal program exit
Problem at: bert.py 250 <module>
Traceback (most recent call last):
  File "/localscratch/yinan.30191348.0/env/lib/python3.7/site-packages/wandb/sdk/wandb_init.py", line 870, in init
    run = wi.init()
  File "/localscratch/yinan.30191348.0/env/lib/python3.7/site-packages/wandb/sdk/wandb_init.py", line 566, in init
    backend.cleanup()
  File "/localscratch/yinan.30191348.0/env/lib/python3.7/site-packages/wandb/sdk/backend/backend.py", line 227, in cleanup
    self.interface.join()
  File "/localscratch/yinan.30191348.0/env/lib/python3.7/site-packages/wandb/sdk/interface/interface.py", line 1048, in join
    super(BackendSender, self).join()
  File "/localscratch/yinan.30191348.0/env/lib/python3.7/site-packages/wandb/sdk/interface/interface.py", line 596, in join
    self._communicate_shutdown()
  File "/localscratch/yinan.30191348.0/env/lib/python3.7/site-packages/wandb/sdk/interface/interface.py", line 1045, in _communicate_shutdown
    _ = self._communicate(record)
  File "/localscratch/yinan.30191348.0/env/lib/python3.7/site-packages/wandb/sdk/interface/interface.py", line 799, in _communicate
    return self._communicate_async(rec, local=local).get(timeout=timeout)
  File "/localscratch/yinan.30191348.0/env/lib/python3.7/site-packages/wandb/sdk/interface/interface.py", line 804, in _communicate_async
    raise Exception("The wandb backend process has shutdown")
Exception: The wandb backend process has shutdown

The above exception was the direct cause of the following exception:

Traceback (most recent call last):
  File "bert.py", line 250, in <module>
    wandb.init(project=wandb_pj, entity="yinanazhou")
  File "/localscratch/yinan.30191348.0/env/lib/python3.7/site-packages/wandb/sdk/wandb_init.py", line 908, in init
    six.raise_from(Exception("problem"), error_seen)
  File "<string>", line 3, in raise_from
Exception: problem
Traceback (most recent call last):
  File "/localscratch/yinan.30191348.0/env/lib/python3.7/site-packages/wandb/sdk/wandb_init.py", line 870, in init
    run = wi.init()
  File "/localscratch/yinan.30191348.0/env/lib/python3.7/site-packages/wandb/sdk/wandb_init.py", line 566, in init
    backend.cleanup()
  File "/localscratch/yinan.30191348.0/env/lib/python3.7/site-packages/wandb/sdk/backend/backend.py", line 227, in cleanup
    self.interface.join()
  File "/localscratch/yinan.30191348.0/env/lib/python3.7/site-packages/wandb/sdk/interface/interface.py", line 1048, in join
    super(BackendSender, self).join()
  File "/localscratch/yinan.30191348.0/env/lib/python3.7/site-packages/wandb/sdk/interface/interface.py", line 596, in join
    self._communicate_shutdown()
  File "/localscratch/yinan.30191348.0/env/lib/python3.7/site-packages/wandb/sdk/interface/interface.py", line 1045, in _communicate_shutdown
    _ = self._communicate(record)
  File "/localscratch/yinan.30191348.0/env/lib/python3.7/site-packages/wandb/sdk/interface/interface.py", line 799, in _communicate
    return self._communicate_async(rec, local=local).get(timeout=timeout)
  File "/localscratch/yinan.30191348.0/env/lib/python3.7/site-packages/wandb/sdk/interface/interface.py", line 804, in _communicate_async
    raise Exception("The wandb backend process has shutdown")
Exception: The wandb backend process has shutdown

The above exception was the direct cause of the following exception:

Traceback (most recent call last):
  File "bert.py", line 250, in <module>
    wandb.init(project=wandb_pj, entity="yinanazhou")
  File "/localscratch/yinan.30191348.0/env/lib/python3.7/site-packages/wandb/sdk/wandb_init.py", line 908, in init
    six.raise_from(Exception("problem"), error_seen)
  File "<string>", line 3, in raise_from
Exception: problem
