Unloading StdEnv/2020

Due to MODULEPATH changes, the following have been reloaded:
  1) mii/1.1.1


The following have been reloaded with a version change:
  1) python/3.8.2 => python/3.7.4

Using base prefix '/cvmfs/soft.computecanada.ca/easybuild/software/2017/Core/python/3.7.4'
New python executable in /localscratch/yinan.28277372.0/env/bin/python
Installing setuptools, pip, wheel...
done.
Ignoring pip: markers 'python_version < "3"' don't match your environment
Looking in links: /cvmfs/soft.computecanada.ca/custom/python/wheelhouse/nix/avx2, /cvmfs/soft.computecanada.ca/custom/python/wheelhouse/nix/generic, /cvmfs/soft.computecanada.ca/custom/python/wheelhouse/generic
Collecting pip
Installing collected packages: pip
  Found existing installation: pip 19.1.1
    Uninstalling pip-19.1.1:
      Successfully uninstalled pip-19.1.1
Successfully installed pip-21.2.3+computecanada
Looking in links: /cvmfs/soft.computecanada.ca/custom/python/wheelhouse/nix/avx2, /cvmfs/soft.computecanada.ca/custom/python/wheelhouse/nix/generic, /cvmfs/soft.computecanada.ca/custom/python/wheelhouse/generic
Processing /cvmfs/soft.computecanada.ca/custom/python/wheelhouse/generic/keras-2.8.0+computecanada-py2.py3-none-any.whl
Processing /cvmfs/soft.computecanada.ca/custom/python/wheelhouse/generic/Keras_Preprocessing-1.1.2+computecanada-py3-none-any.whl
Requirement already satisfied: matplotlib in /cvmfs/soft.computecanada.ca/easybuild/software/2017/Core/scipy-stack/2019a/lib/python3.7/site-packages (from -r requirements.txt (line 3)) (3.0.2)
Processing /cvmfs/soft.computecanada.ca/custom/python/wheelhouse/generic/nltk-3.6.5+computecanada-py3-none-any.whl
Processing /cvmfs/soft.computecanada.ca/custom/python/wheelhouse/generic/scikit_learn-0.22.1+computecanada-cp37-cp37m-linux_x86_64.whl
Processing /cvmfs/soft.computecanada.ca/custom/python/wheelhouse/generic/tensorboard-2.3.0+computecanada-py3-none-any.whl
Processing /cvmfs/soft.computecanada.ca/custom/python/wheelhouse/generic/tensorboard_plugin_wit-1.7.0+computecanada-py3-none-any.whl
Processing /cvmfs/soft.computecanada.ca/custom/python/wheelhouse/generic/tensorflow_gpu-2.3.0+computecanada-cp37-cp37m-linux_x86_64.whl
Processing /cvmfs/soft.computecanada.ca/custom/python/wheelhouse/generic/tensorflow_estimator-2.3.0+computecanada-py2.py3-none-any.whl
Processing /cvmfs/soft.computecanada.ca/custom/python/wheelhouse/generic/tokenizers-0.5.2+computecanada-cp37-cp37m-linux_x86_64.whl
Processing /cvmfs/soft.computecanada.ca/custom/python/wheelhouse/nix/avx2/torch-1.4.0+computecanada-cp37-cp37m-linux_x86_64.whl
Processing /cvmfs/soft.computecanada.ca/custom/python/wheelhouse/generic/torchtext-0.6.0+computecanada-py3-none-any.whl
Processing /cvmfs/soft.computecanada.ca/custom/python/wheelhouse/generic/torchvision-0.8.2+computecanada-cp37-cp37m-linux_x86_64.whl
Processing /cvmfs/soft.computecanada.ca/custom/python/wheelhouse/generic/transformers-2.5.1+computecanada-py3-none-any.whl
Processing /cvmfs/soft.computecanada.ca/custom/python/wheelhouse/generic/urllib3-1.26.7+computecanada-py2.py3-none-any.whl
Processing /cvmfs/soft.computecanada.ca/custom/python/wheelhouse/generic/joblib-1.1.0+computecanada-py2.py3-none-any.whl
Processing /cvmfs/soft.computecanada.ca/custom/python/wheelhouse/generic/tqdm-4.63.0+computecanada-py2.py3-none-any.whl
Processing /cvmfs/soft.computecanada.ca/custom/python/wheelhouse/generic/click-8.0.3+computecanada-py3-none-any.whl
ERROR: Could not find a version that satisfies the requirement regex>=2021.8.3 (from nltk) (from versions: 2018.1.10+computecanada, 2019.11.1+computecanada, 2020.11.13+computecanada)
ERROR: No matching distribution found for regex>=2021.8.3
Looking in links: /cvmfs/soft.computecanada.ca/custom/python/wheelhouse/nix/avx2, /cvmfs/soft.computecanada.ca/custom/python/wheelhouse/nix/generic, /cvmfs/soft.computecanada.ca/custom/python/wheelhouse/generic
ERROR: Could not find a version that satisfies the requirement numpy==1.20.0+computacanada (from versions: 1.15.0+computecanada, 1.15.2+computecanada, 1.15.4+computecanada, 1.16.0+computecanada, 1.16.2+computecanada, 1.16.3+computecanada, 1.17.4+computecanada, 1.18.1+computecanada, 1.18.4+computecanada, 1.19.1+computecanada, 1.19.2+computecanada, 1.20.2+computecanada)
ERROR: No matching distribution found for numpy==1.20.0+computacanada
Looking in links: /cvmfs/soft.computecanada.ca/custom/python/wheelhouse/nix/avx2, /cvmfs/soft.computecanada.ca/custom/python/wheelhouse/nix/generic, /cvmfs/soft.computecanada.ca/custom/python/wheelhouse/generic
Processing /cvmfs/soft.computecanada.ca/custom/python/wheelhouse/generic/wandb-0.12.5+computecanada-py2.py3-none-any.whl
Processing /cvmfs/soft.computecanada.ca/custom/python/wheelhouse/generic/pathtools-0.1.2+computecanada-py3-none-any.whl
Processing /cvmfs/soft.computecanada.ca/custom/python/wheelhouse/generic/promise-2.3+computecanada-py3-none-any.whl
Requirement already satisfied: python-dateutil>=2.6.1 in /cvmfs/soft.computecanada.ca/easybuild/software/2017/Core/scipy-stack/2019a/lib/python3.7/site-packages (from wandb) (2.7.5)
Processing /cvmfs/soft.computecanada.ca/custom/python/wheelhouse/generic/psutil-5.7.3+computecanada-cp37-cp37m-linux_x86_64.whl
Processing /cvmfs/soft.computecanada.ca/custom/python/wheelhouse/generic/GitPython-3.1.24+computecanada-py3-none-any.whl
Processing /cvmfs/soft.computecanada.ca/custom/python/wheelhouse/generic/click-8.0.3+computecanada-py3-none-any.whl
Processing /cvmfs/soft.computecanada.ca/custom/python/wheelhouse/generic/six-1.16.0+computecanada-py2.py3-none-any.whl
Processing /cvmfs/soft.computecanada.ca/custom/python/wheelhouse/generic/configparser-5.0.2+computecanada-py3-none-any.whl
Processing /cvmfs/soft.computecanada.ca/custom/python/wheelhouse/generic/subprocess32-3.5.4+computecanada-py3-none-any.whl
Processing /cvmfs/soft.computecanada.ca/custom/python/wheelhouse/generic/protobuf-3.19.3+computecanada-py2.py3-none-any.whl
Processing /cvmfs/soft.computecanada.ca/custom/python/wheelhouse/generic/PyYAML-5.3.1+computecanada-cp37-cp37m-linux_x86_64.whl
Requirement already satisfied: requests<3,>=2.0.0 in /cvmfs/soft.computecanada.ca/easybuild/software/2017/Core/scipy-stack/2019a/lib/python3.7/site-packages (from wandb) (2.21.0)
Processing /cvmfs/soft.computecanada.ca/custom/python/wheelhouse/generic/yaspin-2.1.0+computecanada-py3-none-any.whl
Processing /cvmfs/soft.computecanada.ca/custom/python/wheelhouse/generic/shortuuid-1.0.1+computecanada-py3-none-any.whl
Processing /cvmfs/soft.computecanada.ca/custom/python/wheelhouse/generic/sentry_sdk-1.5.0+computecanada-py2.py3-none-any.whl
Processing /cvmfs/soft.computecanada.ca/custom/python/wheelhouse/generic/docker_pycreds-0.4.0+computecanada-py2.py3-none-any.whl
Requirement already satisfied: importlib-metadata in /cvmfs/soft.computecanada.ca/easybuild/software/2017/Core/scipy-stack/2019a/lib/python3.7/site-packages (from Click!=8.0.0,>=7.0->wandb) (0.8)
Processing /cvmfs/soft.computecanada.ca/custom/python/wheelhouse/generic/typing_extensions-4.0.1+computecanada-py3-none-any.whl
Processing /cvmfs/soft.computecanada.ca/custom/python/wheelhouse/generic/gitdb-4.0.9+computecanada-py3-none-any.whl
Processing /cvmfs/soft.computecanada.ca/custom/python/wheelhouse/generic/smmap-5.0.0+computecanada-py3-none-any.whl
Requirement already satisfied: urllib3<1.25,>=1.21.1 in /cvmfs/soft.computecanada.ca/easybuild/software/2017/Core/scipy-stack/2019a/lib/python3.7/site-packages (from requests<3,>=2.0.0->wandb) (1.24.1)
Requirement already satisfied: idna<2.9,>=2.5 in /cvmfs/soft.computecanada.ca/easybuild/software/2017/Core/scipy-stack/2019a/lib/python3.7/site-packages (from requests<3,>=2.0.0->wandb) (2.8)
Requirement already satisfied: certifi>=2017.4.17 in /cvmfs/soft.computecanada.ca/easybuild/software/2017/Core/scipy-stack/2019a/lib/python3.7/site-packages (from requests<3,>=2.0.0->wandb) (2018.11.29)
Requirement already satisfied: chardet<3.1.0,>=3.0.2 in /cvmfs/soft.computecanada.ca/easybuild/software/2017/Core/scipy-stack/2019a/lib/python3.7/site-packages (from requests<3,>=2.0.0->wandb) (3.0.4)
Processing /cvmfs/soft.computecanada.ca/custom/python/wheelhouse/generic/termcolor-1.1.0+computecanada-py3-none-any.whl
Requirement already satisfied: zipp>=0.3.2 in /cvmfs/soft.computecanada.ca/easybuild/software/2017/Core/scipy-stack/2019a/lib/python3.7/site-packages (from importlib-metadata->Click!=8.0.0,>=7.0->wandb) (0.3.3)
Installing collected packages: smmap, typing-extensions, termcolor, six, gitdb, yaspin, subprocess32, shortuuid, sentry-sdk, PyYAML, psutil, protobuf, promise, pathtools, GitPython, docker-pycreds, configparser, Click, wandb
  Attempting uninstall: six
    Found existing installation: six 1.12.0
    Not uninstalling six at /cvmfs/soft.computecanada.ca/easybuild/software/2017/Core/scipy-stack/2019a/lib/python3.7/site-packages, outside environment /localscratch/yinan.28277372.0/env
    Can't uninstall 'six'. No files were found to uninstall.
Successfully installed Click-8.0.3+computecanada GitPython-3.1.24+computecanada PyYAML-5.3.1+computecanada configparser-5.0.2+computecanada docker-pycreds-0.4.0+computecanada gitdb-4.0.9+computecanada pathtools-0.1.2+computecanada promise-2.3+computecanada protobuf-3.19.3+computecanada psutil-5.7.3+computecanada sentry-sdk-1.5.0+computecanada shortuuid-1.0.1+computecanada six-1.16.0+computecanada smmap-5.0.0+computecanada subprocess32-3.5.4+computecanada termcolor-1.1.0+computecanada typing-extensions-4.0.1+computecanada wandb-0.12.5+computecanada yaspin-2.1.0+computecanada
Looking in links: /cvmfs/soft.computecanada.ca/custom/python/wheelhouse/nix/avx2, /cvmfs/soft.computecanada.ca/custom/python/wheelhouse/nix/generic, /cvmfs/soft.computecanada.ca/custom/python/wheelhouse/generic
ERROR: Could not find a version that satisfies the requirement sagemaker (from versions: none)
ERROR: No matching distribution found for sagemaker
Looking in links: /cvmfs/soft.computecanada.ca/custom/python/wheelhouse/nix/avx2, /cvmfs/soft.computecanada.ca/custom/python/wheelhouse/nix/generic, /cvmfs/soft.computecanada.ca/custom/python/wheelhouse/generic
Processing /cvmfs/soft.computecanada.ca/custom/python/wheelhouse/generic/torch-1.9.1+computecanada-cp37-cp37m-linux_x86_64.whl
Requirement already satisfied: typing-extensions in /localscratch/yinan.28277372.0/env/lib/python3.7/site-packages (from torch) (4.0.1+computecanada)
Installing collected packages: torch
Successfully installed torch-1.9.1+computecanada
Looking in links: /cvmfs/soft.computecanada.ca/custom/python/wheelhouse/nix/avx2, /cvmfs/soft.computecanada.ca/custom/python/wheelhouse/nix/generic, /cvmfs/soft.computecanada.ca/custom/python/wheelhouse/generic
Processing /cvmfs/soft.computecanada.ca/custom/python/wheelhouse/generic/transformers-2.5.1+computecanada-py3-none-any.whl
Processing /cvmfs/soft.computecanada.ca/custom/python/wheelhouse/generic/sacremoses-0.0.46+computecanada-py3-none-any.whl
Processing /cvmfs/soft.computecanada.ca/custom/python/wheelhouse/generic/tqdm-4.63.0+computecanada-py2.py3-none-any.whl
Requirement already satisfied: requests in /cvmfs/soft.computecanada.ca/easybuild/software/2017/Core/scipy-stack/2019a/lib/python3.7/site-packages (from transformers==2.5.1+computecanada) (2.21.0)
Processing /cvmfs/soft.computecanada.ca/custom/python/wheelhouse/generic/regex-2020.11.13+computecanada-cp37-cp37m-linux_x86_64.whl
Processing /cvmfs/soft.computecanada.ca/custom/python/wheelhouse/generic/tokenizers-0.5.2+computecanada-cp37-cp37m-linux_x86_64.whl
Processing /cvmfs/soft.computecanada.ca/custom/python/wheelhouse/generic/sentencepiece-0.1.91+computecanada-cp37-cp37m-linux_x86_64.whl
Requirement already satisfied: numpy in /cvmfs/soft.computecanada.ca/easybuild/software/2017/Core/scipy-stack/2019a/lib/python3.7/site-packages (from transformers==2.5.1+computecanada) (1.16.0)
Processing /cvmfs/soft.computecanada.ca/custom/python/wheelhouse/generic/filelock-3.4.2+computecanada-py3-none-any.whl
Processing /cvmfs/soft.computecanada.ca/custom/python/wheelhouse/generic/boto3-1.20.52+computecanada-py3-none-any.whl
Processing /cvmfs/soft.computecanada.ca/custom/python/wheelhouse/generic/botocore-1.23.52+computecanada-py3-none-any.whl
Processing /cvmfs/soft.computecanada.ca/custom/python/wheelhouse/generic/s3transfer-0.5.1+computecanada-py3-none-any.whl
Processing /cvmfs/soft.computecanada.ca/custom/python/wheelhouse/generic/jmespath-0.10.0+computecanada-py2.py3-none-any.whl
Processing /cvmfs/soft.computecanada.ca/custom/python/wheelhouse/generic/urllib3-1.26.8+computecanada-py2.py3-none-any.whl
Requirement already satisfied: python-dateutil<3.0.0,>=2.1 in /cvmfs/soft.computecanada.ca/easybuild/software/2017/Core/scipy-stack/2019a/lib/python3.7/site-packages (from botocore<1.24.0,>=1.23.52->boto3->transformers==2.5.1+computecanada) (2.7.5)
Requirement already satisfied: six>=1.5 in /localscratch/yinan.28277372.0/env/lib/python3.7/site-packages (from python-dateutil<3.0.0,>=2.1->botocore<1.24.0,>=1.23.52->boto3->transformers==2.5.1+computecanada) (1.16.0+computecanada)
Processing /cvmfs/soft.computecanada.ca/custom/python/wheelhouse/generic/requests-2.27.1+computecanada-py2.py3-none-any.whl
Processing /cvmfs/soft.computecanada.ca/custom/python/wheelhouse/generic/charset_normalizer-2.0.11+computecanada-py3-none-any.whl
Requirement already satisfied: certifi>=2017.4.17 in /cvmfs/soft.computecanada.ca/easybuild/software/2017/Core/scipy-stack/2019a/lib/python3.7/site-packages (from requests->transformers==2.5.1+computecanada) (2018.11.29)
Requirement already satisfied: idna<4,>=2.5 in /cvmfs/soft.computecanada.ca/easybuild/software/2017/Core/scipy-stack/2019a/lib/python3.7/site-packages (from requests->transformers==2.5.1+computecanada) (2.8)
Processing /cvmfs/soft.computecanada.ca/custom/python/wheelhouse/generic/joblib-1.1.0+computecanada-py2.py3-none-any.whl
Requirement already satisfied: click in /localscratch/yinan.28277372.0/env/lib/python3.7/site-packages (from sacremoses->transformers==2.5.1+computecanada) (8.0.3+computecanada)
Requirement already satisfied: importlib-metadata in /cvmfs/soft.computecanada.ca/easybuild/software/2017/Core/scipy-stack/2019a/lib/python3.7/site-packages (from click->sacremoses->transformers==2.5.1+computecanada) (0.8)
Requirement already satisfied: zipp>=0.3.2 in /cvmfs/soft.computecanada.ca/easybuild/software/2017/Core/scipy-stack/2019a/lib/python3.7/site-packages (from importlib-metadata->click->sacremoses->transformers==2.5.1+computecanada) (0.3.3)
Installing collected packages: urllib3, jmespath, botocore, tqdm, s3transfer, regex, joblib, charset-normalizer, tokenizers, sentencepiece, sacremoses, requests, filelock, boto3, transformers
  Attempting uninstall: urllib3
    Found existing installation: urllib3 1.24.1
    Not uninstalling urllib3 at /cvmfs/soft.computecanada.ca/easybuild/software/2017/Core/scipy-stack/2019a/lib/python3.7/site-packages, outside environment /localscratch/yinan.28277372.0/env
    Can't uninstall 'urllib3'. No files were found to uninstall.
  Attempting uninstall: requests
    Found existing installation: requests 2.21.0
    Not uninstalling requests at /cvmfs/soft.computecanada.ca/easybuild/software/2017/Core/scipy-stack/2019a/lib/python3.7/site-packages, outside environment /localscratch/yinan.28277372.0/env
    Can't uninstall 'requests'. No files were found to uninstall.
Successfully installed boto3-1.20.52+computecanada botocore-1.23.52+computecanada charset-normalizer-2.0.11+computecanada filelock-3.4.2+computecanada jmespath-0.10.0+computecanada joblib-1.1.0+computecanada regex-2020.11.13+computecanada requests-2.27.1+computecanada s3transfer-0.5.1+computecanada sacremoses-0.0.46+computecanada sentencepiece-0.1.91+computecanada tokenizers-0.5.2+computecanada tqdm-4.63.0+computecanada transformers-2.5.1+computecanada urllib3-1.26.8+computecanada
Looking in links: /cvmfs/soft.computecanada.ca/custom/python/wheelhouse/nix/avx2, /cvmfs/soft.computecanada.ca/custom/python/wheelhouse/nix/generic, /cvmfs/soft.computecanada.ca/custom/python/wheelhouse/generic
Processing /cvmfs/soft.computecanada.ca/custom/python/wheelhouse/generic/tensorflow_gpu-2.3.0+computecanada-cp37-cp37m-linux_x86_64.whl
Processing /cvmfs/soft.computecanada.ca/custom/python/wheelhouse/generic/Keras_Preprocessing-1.1.2+computecanada-py3-none-any.whl
Requirement already satisfied: numpy<1.19.0,>=1.16.0 in /cvmfs/soft.computecanada.ca/easybuild/software/2017/Core/scipy-stack/2019a/lib/python3.7/site-packages (from tensorflow_gpu==2.3.0+computecanada) (1.16.0)
Requirement already satisfied: termcolor>=1.1.0 in /localscratch/yinan.28277372.0/env/lib/python3.7/site-packages (from tensorflow_gpu==2.3.0+computecanada) (1.1.0+computecanada)
Processing /cvmfs/soft.computecanada.ca/custom/python/wheelhouse/nix/generic/scipy-1.4.1+computecanada-cp37-cp37m-linux_x86_64.whl
Processing /cvmfs/soft.computecanada.ca/custom/python/wheelhouse/generic/absl_py-1.0.0+computecanada-py3-none-any.whl
Processing /cvmfs/soft.computecanada.ca/custom/python/wheelhouse/generic/tensorflow_estimator-2.3.0+computecanada-py2.py3-none-any.whl
Processing /cvmfs/soft.computecanada.ca/custom/python/wheelhouse/generic/google_pasta-0.2.0+computecanada-py3-none-any.whl
Processing /cvmfs/soft.computecanada.ca/custom/python/wheelhouse/nix/avx2/h5py-2.10.0+computecanada-cp37-cp37m-linux_x86_64.whl
Requirement already satisfied: protobuf>=3.9.2 in /localscratch/yinan.28277372.0/env/lib/python3.7/site-packages (from tensorflow_gpu==2.3.0+computecanada) (3.19.3+computecanada)
Requirement already satisfied: wheel>=0.26 in /localscratch/yinan.28277372.0/env/lib/python3.7/site-packages (from tensorflow_gpu==2.3.0+computecanada) (0.33.4)
Processing /cvmfs/soft.computecanada.ca/custom/python/wheelhouse/generic/wrapt-1.11.2+computecanada-cp37-cp37m-linux_x86_64.whl
Processing /cvmfs/soft.computecanada.ca/custom/python/wheelhouse/generic/grpcio-1.38.0+computecanada-cp37-cp37m-linux_x86_64.whl
Processing /cvmfs/soft.computecanada.ca/custom/python/wheelhouse/generic/tensorboard-2.8.0+computecanada-py3-none-any.whl
Requirement already satisfied: six>=1.12.0 in /localscratch/yinan.28277372.0/env/lib/python3.7/site-packages (from tensorflow_gpu==2.3.0+computecanada) (1.16.0+computecanada)
Processing /cvmfs/soft.computecanada.ca/custom/python/wheelhouse/generic/astunparse-1.6.3+computecanada-py2.py3-none-any.whl
Processing /cvmfs/soft.computecanada.ca/custom/python/wheelhouse/generic/gast-0.3.3+computecanada-py3-none-any.whl
Processing /cvmfs/soft.computecanada.ca/custom/python/wheelhouse/generic/opt_einsum-3.3.0+computecanada-py3-none-any.whl
Processing /cvmfs/soft.computecanada.ca/custom/python/wheelhouse/generic/tensorboard_plugin_wit-1.8.0+computecanada-py3-none-any.whl
Processing /cvmfs/soft.computecanada.ca/custom/python/wheelhouse/generic/tensorboard_data_server-0.6.1+computecanada-py3-none-linux_x86_64.whl
Processing /cvmfs/soft.computecanada.ca/custom/python/wheelhouse/generic/google_auth_oauthlib-0.4.6+computecanada-py2.py3-none-any.whl
Requirement already satisfied: setuptools>=41.0.0 in /localscratch/yinan.28277372.0/env/lib/python3.7/site-packages (from tensorboard<3,>=2.3.0->tensorflow_gpu==2.3.0+computecanada) (41.0.1)
Processing /cvmfs/soft.computecanada.ca/custom/python/wheelhouse/generic/google_auth-2.3.3+computecanada-py2.py3-none-any.whl
Processing /cvmfs/soft.computecanada.ca/custom/python/wheelhouse/generic/Werkzeug-2.0.3+computecanada-py3-none-any.whl
Processing /cvmfs/soft.computecanada.ca/custom/python/wheelhouse/generic/Markdown-3.3.6+computecanada-py3-none-any.whl
Requirement already satisfied: requests<3,>=2.21.0 in /localscratch/yinan.28277372.0/env/lib/python3.7/site-packages (from tensorboard<3,>=2.3.0->tensorflow_gpu==2.3.0+computecanada) (2.27.1+computecanada)
Processing /cvmfs/soft.computecanada.ca/custom/python/wheelhouse/generic/pyasn1_modules-0.2.8+computecanada-py2.py3-none-any.whl
Processing /cvmfs/soft.computecanada.ca/custom/python/wheelhouse/generic/rsa-4.8+computecanada-py3-none-any.whl
Processing /cvmfs/soft.computecanada.ca/custom/python/wheelhouse/generic/cachetools-4.2.4+computecanada-py3-none-any.whl
Processing /cvmfs/soft.computecanada.ca/custom/python/wheelhouse/generic/requests_oauthlib-1.3.0+computecanada-py2.py3-none-any.whl
Processing /cvmfs/soft.computecanada.ca/custom/python/wheelhouse/generic/importlib_metadata-4.10.1+computecanada-py3-none-any.whl
Processing /cvmfs/soft.computecanada.ca/custom/python/wheelhouse/generic/zipp-3.7.0+computecanada-py3-none-any.whl
Requirement already satisfied: typing-extensions>=3.6.4 in /localscratch/yinan.28277372.0/env/lib/python3.7/site-packages (from importlib-metadata>=4.4->markdown>=2.6.8->tensorboard<3,>=2.3.0->tensorflow_gpu==2.3.0+computecanada) (4.0.1+computecanada)
Processing /cvmfs/soft.computecanada.ca/custom/python/wheelhouse/generic/pyasn1-0.4.8+computecanada-py2.py3-none-any.whl
Requirement already satisfied: charset-normalizer~=2.0.0 in /localscratch/yinan.28277372.0/env/lib/python3.7/site-packages (from requests<3,>=2.21.0->tensorboard<3,>=2.3.0->tensorflow_gpu==2.3.0+computecanada) (2.0.11+computecanada)
Requirement already satisfied: idna<4,>=2.5 in /cvmfs/soft.computecanada.ca/easybuild/software/2017/Core/scipy-stack/2019a/lib/python3.7/site-packages (from requests<3,>=2.21.0->tensorboard<3,>=2.3.0->tensorflow_gpu==2.3.0+computecanada) (2.8)
Requirement already satisfied: urllib3<1.27,>=1.21.1 in /localscratch/yinan.28277372.0/env/lib/python3.7/site-packages (from requests<3,>=2.21.0->tensorboard<3,>=2.3.0->tensorflow_gpu==2.3.0+computecanada) (1.26.8+computecanada)
Requirement already satisfied: certifi>=2017.4.17 in /cvmfs/soft.computecanada.ca/easybuild/software/2017/Core/scipy-stack/2019a/lib/python3.7/site-packages (from requests<3,>=2.21.0->tensorboard<3,>=2.3.0->tensorflow_gpu==2.3.0+computecanada) (2018.11.29)
Processing /cvmfs/soft.computecanada.ca/custom/python/wheelhouse/generic/oauthlib-3.1.1+computecanada-py2.py3-none-any.whl
Installing collected packages: pyasn1, zipp, rsa, pyasn1-modules, oauthlib, cachetools, requests-oauthlib, importlib-metadata, google-auth, werkzeug, tensorboard-plugin-wit, tensorboard-data-server, markdown, grpcio, google-auth-oauthlib, absl-py, wrapt, tensorflow-estimator, tensorboard, scipy, opt-einsum, keras-preprocessing, h5py, google-pasta, gast, astunparse, tensorflow-gpu
  Attempting uninstall: pyasn1
    Found existing installation: pyasn1 0.4.3
    Not uninstalling pyasn1 at /cvmfs/soft.computecanada.ca/easybuild/software/2017/Core/scipy-stack/2019a/lib/python3.7/site-packages, outside environment /localscratch/yinan.28277372.0/env
    Can't uninstall 'pyasn1'. No files were found to uninstall.
  Attempting uninstall: zipp
    Found existing installation: zipp 0.3.3
    Not uninstalling zipp at /cvmfs/soft.computecanada.ca/easybuild/software/2017/Core/scipy-stack/2019a/lib/python3.7/site-packages, outside environment /localscratch/yinan.28277372.0/env
    Can't uninstall 'zipp'. No files were found to uninstall.
  Attempting uninstall: importlib-metadata
    Found existing installation: importlib-metadata 0.8
    Not uninstalling importlib-metadata at /cvmfs/soft.computecanada.ca/easybuild/software/2017/Core/scipy-stack/2019a/lib/python3.7/site-packages, outside environment /localscratch/yinan.28277372.0/env
    Can't uninstall 'importlib-metadata'. No files were found to uninstall.
  Attempting uninstall: scipy
    Found existing installation: scipy 1.2.0
    Not uninstalling scipy at /cvmfs/soft.computecanada.ca/easybuild/software/2017/Core/scipy-stack/2019a/lib/python3.7/site-packages, outside environment /localscratch/yinan.28277372.0/env
    Can't uninstall 'scipy'. No files were found to uninstall.
Successfully installed absl-py-1.0.0+computecanada astunparse-1.6.3+computecanada cachetools-4.2.4+computecanada gast-0.3.3+computecanada google-auth-2.3.3+computecanada google-auth-oauthlib-0.4.6+computecanada google-pasta-0.2.0+computecanada grpcio-1.38.0+computecanada h5py-2.10.0+computecanada importlib-metadata-4.10.1+computecanada keras-preprocessing-1.1.2+computecanada markdown-3.3.6+computecanada oauthlib-3.1.1+computecanada opt-einsum-3.3.0+computecanada pyasn1-0.4.8+computecanada pyasn1-modules-0.2.8+computecanada requests-oauthlib-1.3.0+computecanada rsa-4.8+computecanada scipy-1.4.1+computecanada tensorboard-2.8.0+computecanada tensorboard-data-server-0.6.1+computecanada tensorboard-plugin-wit-1.8.0+computecanada tensorflow-estimator-2.3.0+computecanada tensorflow-gpu-2.3.0+computecanada werkzeug-2.0.3+computecanada wrapt-1.11.2+computecanada zipp-3.7.0+computecanada
Looking in links: /cvmfs/soft.computecanada.ca/custom/python/wheelhouse/nix/avx2, /cvmfs/soft.computecanada.ca/custom/python/wheelhouse/nix/generic, /cvmfs/soft.computecanada.ca/custom/python/wheelhouse/generic
Processing /cvmfs/soft.computecanada.ca/custom/python/wheelhouse/generic/keras-2.8.0+computecanada-py2.py3-none-any.whl
Installing collected packages: Keras
Successfully installed Keras-2.8.0+computecanada
Looking in links: /cvmfs/soft.computecanada.ca/custom/python/wheelhouse/nix/avx2, /cvmfs/soft.computecanada.ca/custom/python/wheelhouse/nix/generic, /cvmfs/soft.computecanada.ca/custom/python/wheelhouse/generic
Processing /cvmfs/soft.computecanada.ca/custom/python/wheelhouse/generic/urllib3-1.26.7+computecanada-py2.py3-none-any.whl
Installing collected packages: urllib3
  Attempting uninstall: urllib3
    Found existing installation: urllib3 1.26.8+computecanada
    Uninstalling urllib3-1.26.8+computecanada:
      Successfully uninstalled urllib3-1.26.8+computecanada
Successfully installed urllib3-1.26.7+computecanada
Looking in links: /cvmfs/soft.computecanada.ca/custom/python/wheelhouse/nix/avx2, /cvmfs/soft.computecanada.ca/custom/python/wheelhouse/nix/generic, /cvmfs/soft.computecanada.ca/custom/python/wheelhouse/generic
Processing /cvmfs/soft.computecanada.ca/custom/python/wheelhouse/generic/nltk-3.7+computecanada-py3-none-any.whl
Requirement already satisfied: joblib in /localscratch/yinan.28277372.0/env/lib/python3.7/site-packages (from nltk) (1.1.0+computecanada)
Requirement already satisfied: tqdm in /localscratch/yinan.28277372.0/env/lib/python3.7/site-packages (from nltk) (4.63.0+computecanada)
Processing /cvmfs/soft.computecanada.ca/custom/python/wheelhouse/generic/nltk-3.6.5+computecanada-py3-none-any.whl
Processing /cvmfs/soft.computecanada.ca/custom/python/wheelhouse/generic/nltk-3.6.3+computecanada-py3-none-any.whl
Requirement already satisfied: regex in /localscratch/yinan.28277372.0/env/lib/python3.7/site-packages (from nltk) (2020.11.13+computecanada)
Requirement already satisfied: click in /localscratch/yinan.28277372.0/env/lib/python3.7/site-packages (from nltk) (8.0.3+computecanada)
Requirement already satisfied: importlib-metadata in /localscratch/yinan.28277372.0/env/lib/python3.7/site-packages (from click->nltk) (4.10.1+computecanada)
Requirement already satisfied: zipp>=0.5 in /localscratch/yinan.28277372.0/env/lib/python3.7/site-packages (from importlib-metadata->click->nltk) (3.7.0+computecanada)
Requirement already satisfied: typing-extensions>=3.6.4 in /localscratch/yinan.28277372.0/env/lib/python3.7/site-packages (from importlib-metadata->click->nltk) (4.0.1+computecanada)
Installing collected packages: nltk
Successfully installed nltk-3.6.3+computecanada
Looking in links: /cvmfs/soft.computecanada.ca/custom/python/wheelhouse/nix/avx2, /cvmfs/soft.computecanada.ca/custom/python/wheelhouse/nix/generic, /cvmfs/soft.computecanada.ca/custom/python/wheelhouse/generic
Processing /cvmfs/soft.computecanada.ca/custom/python/wheelhouse/generic/scikit_learn-0.22.1+computecanada-cp37-cp37m-linux_x86_64.whl
Requirement already satisfied: joblib>=0.11 in /localscratch/yinan.28277372.0/env/lib/python3.7/site-packages (from scikit-learn==0.22.1) (1.1.0+computecanada)
Requirement already satisfied: numpy>=1.11.0 in /cvmfs/soft.computecanada.ca/easybuild/software/2017/Core/scipy-stack/2019a/lib/python3.7/site-packages (from scikit-learn==0.22.1) (1.16.0)
Requirement already satisfied: scipy>=0.17.0 in /localscratch/yinan.28277372.0/env/lib/python3.7/site-packages (from scikit-learn==0.22.1) (1.4.1+computecanada)
Installing collected packages: scikit-learn
Successfully installed scikit-learn-0.22.1+computecanada
Looking in links: /cvmfs/soft.computecanada.ca/custom/python/wheelhouse/nix/avx2, /cvmfs/soft.computecanada.ca/custom/python/wheelhouse/nix/generic, /cvmfs/soft.computecanada.ca/custom/python/wheelhouse/generic
Requirement already satisfied: tokenizers==0.5.2 in /localscratch/yinan.28277372.0/env/lib/python3.7/site-packages (0.5.2+computecanada)
wandb: Appending key for api.wandb.ai to your netrc file: /home/yinan/.netrc
Starting Task
2022-03-05 03:51:06.809771: I tensorflow/stream_executor/platform/default/dso_loader.cc:48] Successfully opened dynamic library libcudart.so.10.1
[nltk_data] Downloading package stopwords to /home/yinan/nltk_data...
[nltk_data]   Package stopwords is already up-to-date!
[nltk_data] Downloading package wordnet to /home/yinan/nltk_data...
[nltk_data]   Package wordnet is already up-to-date!
wandb: Currently logged in as: yinanazhou (use `wandb login --relogin` to force relogin)
wandb: wandb version 0.12.11 is available!  To upgrade, please run:
wandb:  $ pip install wandb --upgrade
2022-03-05 03:51:24.389315: I tensorflow/stream_executor/platform/default/dso_loader.cc:48] Successfully opened dynamic library libcudart.so.10.1
wandb: Tracking run with wandb version 0.12.5
wandb: Syncing run autumn-serenity-1
wandb: ‚≠êÔ∏è View project at https://wandb.ai/yinanazhou/xl_512_bs_8_lr_1e05_es_15_lc_False_nr_False_stem_True_lemma_False_repeat_1_fold_1
wandb: üöÄ View run at https://wandb.ai/yinanazhou/xl_512_bs_8_lr_1e05_es_15_lc_False_nr_False_stem_True_lemma_False_repeat_1_fold_1/runs/23126cj4
wandb: Run data is saved locally in /project/6002780/yinan/Thesis_MER_Lyrics/lyric-emotion/wandb/run-20220305_035122-23126cj4
wandb: Run `wandb offline` to turn off syncing.

Validation loss decreased (inf --> 1.244906).  Saving model ...
Validation loss decreased (1.244906 --> 1.052948).  Saving model ...
Validation loss decreased (1.052948 --> 0.978688).  Saving model ...
EarlyStopping counter: 1 out of 15.0
EarlyStopping counter: 2 out of 15.0
EarlyStopping counter: 3 out of 15.0
EarlyStopping counter: 4 out of 15.0
EarlyStopping counter: 5 out of 15.0
EarlyStopping counter: 6 out of 15.0
EarlyStopping counter: 7 out of 15.0
EarlyStopping counter: 8 out of 15.0
EarlyStopping counter: 9 out of 15.0
EarlyStopping counter: 10 out of 15.0
EarlyStopping counter: 11 out of 15.0
EarlyStopping counter: 12 out of 15.0
EarlyStopping counter: 13 out of 15.0
EarlyStopping counter: 14 out of 15.0
EarlyStopping counter: 15 out of 15.0
/localscratch/yinan.28277372.0/env/lib/python3.7/site-packages/torch/nn/functional.py:1794: UserWarning: nn.functional.tanh is deprecated. Use torch.tanh instead.
  warnings.warn("nn.functional.tanh is deprecated. Use torch.tanh instead.")
/localscratch/yinan.28277372.0/env/lib/python3.7/site-packages/transformers/optimization.py:155: UserWarning: This overload of add_ is deprecated:
	add_(Number alpha, Tensor other)
Consider using one of the following signatures instead:
	add_(Tensor other, *, Number alpha) (Triggered internally at  ../torch/csrc/utils/python_arg_parser.cpp:1025.)
  exp_avg.mul_(beta1).add_(1.0 - beta1, grad)
wandb: Waiting for W&B process to finish, PID 197928... (success).
wandb: - 0.00MB of 0.00MB uploaded (0.00MB deduped)wandb: \ 0.00MB of 0.00MB uploaded (0.00MB deduped)wandb: | 0.00MB of 0.00MB uploaded (0.00MB deduped)wandb: / 0.00MB of 0.00MB uploaded (0.00MB deduped)wandb: - 0.00MB of 0.00MB uploaded (0.00MB deduped)wandb: \ 0.00MB of 0.00MB uploaded (0.00MB deduped)wandb: | 0.00MB of 0.00MB uploaded (0.00MB deduped)wandb: / 0.00MB of 0.00MB uploaded (0.00MB deduped)wandb: - 0.00MB of 0.00MB uploaded (0.00MB deduped)wandb: \ 0.00MB of 0.00MB uploaded (0.00MB deduped)wandb: | 0.00MB of 0.00MB uploaded (0.00MB deduped)wandb: / 0.00MB of 0.00MB uploaded (0.00MB deduped)wandb: - 0.00MB of 0.00MB uploaded (0.00MB deduped)wandb:                                                                                
wandb: Run history:
wandb:     e_F1 ‚ñÅ‚ñÜ‚ñà‚ñá‚ñá‚ñÜ‚ñá‚ñá‚ñÜ‚ñá‚ñá‚ñá‚ñÜ‚ñá‚ñà‚ñà‚ñà‚ñà
wandb:   e_loss ‚ñÉ‚ñÇ‚ñÅ‚ñÅ‚ñÇ‚ñÉ‚ñÉ‚ñÑ‚ñá‚ñà‚ñá‚ñÜ‚ñà‚ñà‚ñá‚ñá‚ñá‚ñà
wandb:     t_F1 ‚ñÅ‚ñÉ‚ñÑ‚ñÖ‚ñÜ‚ñá‚ñá‚ñà‚ñà‚ñá‚ñà‚ñà‚ñà‚ñà‚ñà‚ñà‚ñà‚ñà
wandb:   t_loss ‚ñà‚ñá‚ñÜ‚ñÖ‚ñÑ‚ñÉ‚ñÉ‚ñÇ‚ñÇ‚ñÇ‚ñÇ‚ñÅ‚ñÅ‚ñÅ‚ñÅ‚ñÅ‚ñÅ‚ñÅ
wandb: 
wandb: Run summary:
wandb:     e_F1 61.02467
wandb:   e_loss 1.74947
wandb:     t_F1 100.0
wandb:   t_loss 0.00532
wandb: 
wandb: Synced 4 W&B file(s), 0 media file(s), 0 artifact file(s) and 0 other file(s)
wandb: Synced autumn-serenity-1: https://wandb.ai/yinanazhou/xl_512_bs_8_lr_1e05_es_15_lc_False_nr_False_stem_True_lemma_False_repeat_1_fold_1/runs/23126cj4
wandb: Find logs at: ./wandb/run-20220305_035122-23126cj4/logs/debug.log
wandb: 

wandb: wandb version 0.12.11 is available!  To upgrade, please run:
wandb:  $ pip install wandb --upgrade
2022-03-05 04:08:43.411864: I tensorflow/stream_executor/platform/default/dso_loader.cc:48] Successfully opened dynamic library libcudart.so.10.1
wandb: Tracking run with wandb version 0.12.5
wandb: Syncing run vital-frost-1
wandb: ‚≠êÔ∏è View project at https://wandb.ai/yinanazhou/xl_512_bs_8_lr_1e05_es_15_lc_False_nr_False_stem_True_lemma_False_repeat_1_fold_2
wandb: üöÄ View run at https://wandb.ai/yinanazhou/xl_512_bs_8_lr_1e05_es_15_lc_False_nr_False_stem_True_lemma_False_repeat_1_fold_2/runs/18u4doal
wandb: Run data is saved locally in /project/6002780/yinan/Thesis_MER_Lyrics/lyric-emotion/wandb/run-20220305_040840-18u4doal
wandb: Run `wandb offline` to turn off syncing.

Validation loss decreased (inf --> 1.271012).  Saving model ...
Validation loss decreased (1.271012 --> 1.028701).  Saving model ...
Validation loss decreased (1.028701 --> 0.946701).  Saving model ...
Validation loss decreased (0.946701 --> 0.924342).  Saving model ...
EarlyStopping counter: 1 out of 15.0
EarlyStopping counter: 2 out of 15.0
EarlyStopping counter: 3 out of 15.0
EarlyStopping counter: 4 out of 15.0
EarlyStopping counter: 5 out of 15.0
EarlyStopping counter: 6 out of 15.0
EarlyStopping counter: 7 out of 15.0
EarlyStopping counter: 8 out of 15.0
EarlyStopping counter: 9 out of 15.0
EarlyStopping counter: 10 out of 15.0
EarlyStopping counter: 11 out of 15.0
EarlyStopping counter: 12 out of 15.0
EarlyStopping counter: 13 out of 15.0
EarlyStopping counter: 14 out of 15.0
EarlyStopping counter: 15 out of 15.0
/localscratch/yinan.28277372.0/env/lib/python3.7/site-packages/torch/nn/functional.py:1794: UserWarning: nn.functional.tanh is deprecated. Use torch.tanh instead.
  warnings.warn("nn.functional.tanh is deprecated. Use torch.tanh instead.")
wandb: Waiting for W&B process to finish, PID 198903... (success).
wandb: - 0.00MB of 0.00MB uploaded (0.00MB deduped)wandb: \ 0.00MB of 0.00MB uploaded (0.00MB deduped)wandb: | 0.00MB of 0.00MB uploaded (0.00MB deduped)wandb: / 0.00MB of 0.00MB uploaded (0.00MB deduped)wandb: - 0.00MB of 0.00MB uploaded (0.00MB deduped)wandb: \ 0.00MB of 0.00MB uploaded (0.00MB deduped)wandb: | 0.00MB of 0.00MB uploaded (0.00MB deduped)wandb: / 0.00MB of 0.00MB uploaded (0.00MB deduped)wandb: - 0.00MB of 0.00MB uploaded (0.00MB deduped)wandb: \ 0.00MB of 0.00MB uploaded (0.00MB deduped)wandb: | 0.00MB of 0.00MB uploaded (0.00MB deduped)wandb: / 0.00MB of 0.00MB uploaded (0.00MB deduped)wandb: - 0.00MB of 0.00MB uploaded (0.00MB deduped)wandb:                                                                                
wandb: Run history:
wandb:     e_F1 ‚ñÅ‚ñÖ‚ñÜ‚ñà‚ñà‚ñÜ‚ñÖ‚ñÜ‚ñá‚ñá‚ñá‚ñÜ‚ñá‚ñÜ‚ñá‚ñà‚ñà‚ñà‚ñà
wandb:   e_loss ‚ñÉ‚ñÇ‚ñÅ‚ñÅ‚ñÇ‚ñÇ‚ñÉ‚ñÉ‚ñÉ‚ñÑ‚ñÑ‚ñÜ‚ñÜ‚ñà‚ñÜ‚ñá‚ñá‚ñá‚ñá
wandb:     t_F1 ‚ñÅ‚ñÉ‚ñÑ‚ñÖ‚ñÜ‚ñá‚ñá‚ñÜ‚ñà‚ñà‚ñà‚ñà‚ñà‚ñà‚ñà‚ñà‚ñà‚ñà‚ñà
wandb:   t_loss ‚ñà‚ñá‚ñÜ‚ñÖ‚ñÑ‚ñÉ‚ñÉ‚ñÉ‚ñÇ‚ñÅ‚ñÅ‚ñÅ‚ñÅ‚ñÅ‚ñÅ‚ñÅ‚ñÅ‚ñÅ‚ñÅ
wandb: 
wandb: Run summary:
wandb:     e_F1 60.47847
wandb:   e_loss 1.82709
wandb:     t_F1 100.0
wandb:   t_loss 0.00456
wandb: 
wandb: Synced 4 W&B file(s), 0 media file(s), 0 artifact file(s) and 0 other file(s)
wandb: Synced vital-frost-1: https://wandb.ai/yinanazhou/xl_512_bs_8_lr_1e05_es_15_lc_False_nr_False_stem_True_lemma_False_repeat_1_fold_2/runs/18u4doal
wandb: Find logs at: ./wandb/run-20220305_040840-18u4doal/logs/debug.log
wandb: 

wandb: wandb version 0.12.11 is available!  To upgrade, please run:
wandb:  $ pip install wandb --upgrade
2022-03-05 04:26:49.433422: I tensorflow/stream_executor/platform/default/dso_loader.cc:48] Successfully opened dynamic library libcudart.so.10.1
wandb: Tracking run with wandb version 0.12.5
wandb: Syncing run valiant-lion-1
wandb: ‚≠êÔ∏è View project at https://wandb.ai/yinanazhou/xl_512_bs_8_lr_1e05_es_15_lc_False_nr_False_stem_True_lemma_False_repeat_2_fold_1
wandb: üöÄ View run at https://wandb.ai/yinanazhou/xl_512_bs_8_lr_1e05_es_15_lc_False_nr_False_stem_True_lemma_False_repeat_2_fold_1/runs/3u091xlx
wandb: Run data is saved locally in /project/6002780/yinan/Thesis_MER_Lyrics/lyric-emotion/wandb/run-20220305_042646-3u091xlx
wandb: Run `wandb offline` to turn off syncing.

Validation loss decreased (inf --> 1.282955).  Saving model ...
Validation loss decreased (1.282955 --> 1.106869).  Saving model ...
Validation loss decreased (1.106869 --> 0.970677).  Saving model ...
EarlyStopping counter: 1 out of 15.0
EarlyStopping counter: 2 out of 15.0
EarlyStopping counter: 3 out of 15.0
EarlyStopping counter: 4 out of 15.0
EarlyStopping counter: 5 out of 15.0
EarlyStopping counter: 6 out of 15.0
EarlyStopping counter: 7 out of 15.0
EarlyStopping counter: 8 out of 15.0
EarlyStopping counter: 9 out of 15.0
EarlyStopping counter: 10 out of 15.0
EarlyStopping counter: 11 out of 15.0
EarlyStopping counter: 12 out of 15.0
EarlyStopping counter: 13 out of 15.0
EarlyStopping counter: 14 out of 15.0
EarlyStopping counter: 15 out of 15.0
/localscratch/yinan.28277372.0/env/lib/python3.7/site-packages/torch/nn/functional.py:1794: UserWarning: nn.functional.tanh is deprecated. Use torch.tanh instead.
  warnings.warn("nn.functional.tanh is deprecated. Use torch.tanh instead.")
wandb: Waiting for W&B process to finish, PID 199908... (success).
wandb: - 0.00MB of 0.00MB uploaded (0.00MB deduped)wandb: \ 0.00MB of 0.00MB uploaded (0.00MB deduped)wandb: | 0.00MB of 0.00MB uploaded (0.00MB deduped)wandb: / 0.00MB of 0.00MB uploaded (0.00MB deduped)wandb: - 0.00MB of 0.00MB uploaded (0.00MB deduped)wandb: \ 0.00MB of 0.00MB uploaded (0.00MB deduped)wandb: | 0.00MB of 0.00MB uploaded (0.00MB deduped)wandb: / 0.00MB of 0.00MB uploaded (0.00MB deduped)wandb: - 0.00MB of 0.00MB uploaded (0.00MB deduped)wandb: \ 0.00MB of 0.00MB uploaded (0.00MB deduped)wandb: | 0.00MB of 0.00MB uploaded (0.00MB deduped)wandb: / 0.00MB of 0.00MB uploaded (0.00MB deduped)wandb: - 0.00MB of 0.00MB uploaded (0.00MB deduped)wandb:                                                                                
wandb: Run history:
wandb:     e_F1 ‚ñÅ‚ñÖ‚ñá‚ñá‚ñà‚ñà‚ñÜ‚ñá‚ñà‚ñà‚ñá‚ñÜ‚ñá‚ñá‚ñá‚ñá‚ñá‚ñà
wandb:   e_loss ‚ñÉ‚ñÇ‚ñÅ‚ñÅ‚ñÅ‚ñÇ‚ñÑ‚ñÖ‚ñÑ‚ñÖ‚ñÜ‚ñá‚ñÜ‚ñá‚ñá‚ñà‚ñà‚ñà
wandb:     t_F1 ‚ñÅ‚ñÉ‚ñÑ‚ñÜ‚ñÜ‚ñá‚ñá‚ñà‚ñà‚ñà‚ñà‚ñà‚ñà‚ñà‚ñà‚ñà‚ñà‚ñà
wandb:   t_loss ‚ñà‚ñá‚ñÜ‚ñÑ‚ñÑ‚ñÉ‚ñÇ‚ñÇ‚ñÅ‚ñÅ‚ñÅ‚ñÅ‚ñÅ‚ñÅ‚ñÅ‚ñÅ‚ñÅ‚ñÅ
wandb: 
wandb: Run summary:
wandb:     e_F1 58.39973
wandb:   e_loss 1.95781
wandb:     t_F1 100.0
wandb:   t_loss 0.00565
wandb: 
wandb: Synced 4 W&B file(s), 0 media file(s), 0 artifact file(s) and 0 other file(s)
wandb: Synced valiant-lion-1: https://wandb.ai/yinanazhou/xl_512_bs_8_lr_1e05_es_15_lc_False_nr_False_stem_True_lemma_False_repeat_2_fold_1/runs/3u091xlx
wandb: Find logs at: ./wandb/run-20220305_042646-3u091xlx/logs/debug.log
wandb: 

wandb: wandb version 0.12.11 is available!  To upgrade, please run:
wandb:  $ pip install wandb --upgrade
2022-03-05 04:43:57.073403: I tensorflow/stream_executor/platform/default/dso_loader.cc:48] Successfully opened dynamic library libcudart.so.10.1
wandb: Tracking run with wandb version 0.12.5
wandb: Syncing run earthy-disco-1
wandb: ‚≠êÔ∏è View project at https://wandb.ai/yinanazhou/xl_512_bs_8_lr_1e05_es_15_lc_False_nr_False_stem_True_lemma_False_repeat_2_fold_2
wandb: üöÄ View run at https://wandb.ai/yinanazhou/xl_512_bs_8_lr_1e05_es_15_lc_False_nr_False_stem_True_lemma_False_repeat_2_fold_2/runs/16koo4aq
wandb: Run data is saved locally in /project/6002780/yinan/Thesis_MER_Lyrics/lyric-emotion/wandb/run-20220305_044354-16koo4aq
wandb: Run `wandb offline` to turn off syncing.

Validation loss decreased (inf --> 1.235521).  Saving model ...
Validation loss decreased (1.235521 --> 0.968931).  Saving model ...
Validation loss decreased (0.968931 --> 0.944347).  Saving model ...
EarlyStopping counter: 1 out of 15.0
EarlyStopping counter: 2 out of 15.0
EarlyStopping counter: 3 out of 15.0
EarlyStopping counter: 4 out of 15.0
EarlyStopping counter: 5 out of 15.0
EarlyStopping counter: 6 out of 15.0
EarlyStopping counter: 7 out of 15.0
EarlyStopping counter: 8 out of 15.0
EarlyStopping counter: 9 out of 15.0
EarlyStopping counter: 10 out of 15.0
EarlyStopping counter: 11 out of 15.0
EarlyStopping counter: 12 out of 15.0
EarlyStopping counter: 13 out of 15.0
EarlyStopping counter: 14 out of 15.0
EarlyStopping counter: 15 out of 15.0
/localscratch/yinan.28277372.0/env/lib/python3.7/site-packages/torch/nn/functional.py:1794: UserWarning: nn.functional.tanh is deprecated. Use torch.tanh instead.
  warnings.warn("nn.functional.tanh is deprecated. Use torch.tanh instead.")
wandb: Waiting for W&B process to finish, PID 200855... (success).
wandb: - 0.00MB of 0.00MB uploaded (0.00MB deduped)wandb: \ 0.00MB of 0.00MB uploaded (0.00MB deduped)wandb: | 0.00MB of 0.00MB uploaded (0.00MB deduped)wandb: / 0.00MB of 0.00MB uploaded (0.00MB deduped)wandb: - 0.00MB of 0.00MB uploaded (0.00MB deduped)wandb:                                                                                
wandb: Run history:
wandb:     e_F1 ‚ñÅ‚ñÜ‚ñÜ‚ñá‚ñá‚ñà‚ñÉ‚ñÑ‚ñÜ‚ñá‚ñá‚ñÜ‚ñá‚ñÜ‚ñá‚ñá‚ñá‚ñá
wandb:   e_loss ‚ñÉ‚ñÅ‚ñÅ‚ñÅ‚ñÅ‚ñÇ‚ñÖ‚ñÖ‚ñÑ‚ñÖ‚ñÖ‚ñá‚ñá‚ñá‚ñá‚ñá‚ñá‚ñà
wandb:     t_F1 ‚ñÅ‚ñÉ‚ñÑ‚ñÖ‚ñÜ‚ñá‚ñá‚ñá‚ñá‚ñà‚ñà‚ñà‚ñà‚ñà‚ñà‚ñà‚ñà‚ñà
wandb:   t_loss ‚ñà‚ñá‚ñÜ‚ñÖ‚ñÑ‚ñÉ‚ñÉ‚ñÇ‚ñÇ‚ñÇ‚ñÇ‚ñÇ‚ñÅ‚ñÅ‚ñÅ‚ñÅ‚ñÅ‚ñÅ
wandb: 
wandb: Run summary:
wandb:     e_F1 59.70986
wandb:   e_loss 1.93648
wandb:     t_F1 99.79158
wandb:   t_loss 0.01308
wandb: 
wandb: Synced 4 W&B file(s), 0 media file(s), 0 artifact file(s) and 0 other file(s)
wandb: Synced earthy-disco-1: https://wandb.ai/yinanazhou/xl_512_bs_8_lr_1e05_es_15_lc_False_nr_False_stem_True_lemma_False_repeat_2_fold_2/runs/16koo4aq
wandb: Find logs at: ./wandb/run-20220305_044354-16koo4aq/logs/debug.log
wandb: 

wandb: wandb version 0.12.11 is available!  To upgrade, please run:
wandb:  $ pip install wandb --upgrade
2022-03-05 05:01:08.244815: I tensorflow/stream_executor/platform/default/dso_loader.cc:48] Successfully opened dynamic library libcudart.so.10.1
wandb: Tracking run with wandb version 0.12.5
wandb: Syncing run dazzling-fog-1
wandb: ‚≠êÔ∏è View project at https://wandb.ai/yinanazhou/xl_512_bs_8_lr_1e05_es_15_lc_False_nr_False_stem_True_lemma_False_repeat_3_fold_1
wandb: üöÄ View run at https://wandb.ai/yinanazhou/xl_512_bs_8_lr_1e05_es_15_lc_False_nr_False_stem_True_lemma_False_repeat_3_fold_1/runs/mcksi056
wandb: Run data is saved locally in /project/6002780/yinan/Thesis_MER_Lyrics/lyric-emotion/wandb/run-20220305_050103-mcksi056
wandb: Run `wandb offline` to turn off syncing.

Validation loss decreased (inf --> 1.272633).  Saving model ...
Validation loss decreased (1.272633 --> 1.029688).  Saving model ...
Validation loss decreased (1.029688 --> 0.936665).  Saving model ...
Validation loss decreased (0.936665 --> 0.913098).  Saving model ...
EarlyStopping counter: 1 out of 15.0
EarlyStopping counter: 2 out of 15.0
EarlyStopping counter: 3 out of 15.0
EarlyStopping counter: 4 out of 15.0
EarlyStopping counter: 5 out of 15.0
EarlyStopping counter: 6 out of 15.0
EarlyStopping counter: 7 out of 15.0
EarlyStopping counter: 8 out of 15.0
EarlyStopping counter: 9 out of 15.0
EarlyStopping counter: 10 out of 15.0
EarlyStopping counter: 11 out of 15.0
EarlyStopping counter: 12 out of 15.0
EarlyStopping counter: 13 out of 15.0
EarlyStopping counter: 14 out of 15.0
EarlyStopping counter: 15 out of 15.0
/localscratch/yinan.28277372.0/env/lib/python3.7/site-packages/torch/nn/functional.py:1794: UserWarning: nn.functional.tanh is deprecated. Use torch.tanh instead.
  warnings.warn("nn.functional.tanh is deprecated. Use torch.tanh instead.")
wandb: Waiting for W&B process to finish, PID 201824... (success).
wandb: - 0.00MB of 0.00MB uploaded (0.00MB deduped)wandb: \ 0.00MB of 0.00MB uploaded (0.00MB deduped)wandb: | 0.00MB of 0.00MB uploaded (0.00MB deduped)wandb: / 0.00MB of 0.00MB uploaded (0.00MB deduped)wandb: - 0.00MB of 0.00MB uploaded (0.00MB deduped)wandb: \ 0.00MB of 0.00MB uploaded (0.00MB deduped)wandb: | 0.00MB of 0.00MB uploaded (0.00MB deduped)wandb: / 0.00MB of 0.00MB uploaded (0.00MB deduped)wandb: - 0.00MB of 0.00MB uploaded (0.00MB deduped)wandb: \ 0.00MB of 0.00MB uploaded (0.00MB deduped)wandb: | 0.00MB of 0.00MB uploaded (0.00MB deduped)wandb: / 0.00MB of 0.00MB uploaded (0.00MB deduped)wandb: - 0.00MB of 0.00MB uploaded (0.00MB deduped)wandb:                                                                                
wandb: Run history:
wandb:     e_F1 ‚ñÅ‚ñÜ‚ñá‚ñà‚ñà‚ñÜ‚ñÑ‚ñà‚ñá‚ñÜ‚ñà‚ñá‚ñá‚ñá‚ñà‚ñà‚ñà‚ñà‚ñà
wandb:   e_loss ‚ñÑ‚ñÇ‚ñÅ‚ñÅ‚ñÇ‚ñÉ‚ñÖ‚ñÑ‚ñÜ‚ñà‚ñÜ‚ñÜ‚ñá‚ñá‚ñá‚ñá‚ñá‚ñà‚ñà
wandb:     t_F1 ‚ñÅ‚ñÉ‚ñÑ‚ñÖ‚ñÜ‚ñá‚ñá‚ñá‚ñá‚ñà‚ñà‚ñà‚ñà‚ñà‚ñà‚ñà‚ñà‚ñà‚ñà
wandb:   t_loss ‚ñà‚ñá‚ñÜ‚ñÖ‚ñÑ‚ñÉ‚ñÇ‚ñÇ‚ñÇ‚ñÇ‚ñÅ‚ñÅ‚ñÅ‚ñÅ‚ñÅ‚ñÅ‚ñÅ‚ñÅ‚ñÅ
wandb: 
wandb: Run summary:
wandb:     e_F1 62.17827
wandb:   e_loss 1.64895
wandb:     t_F1 100.0
wandb:   t_loss 0.00419
wandb: 
wandb: Synced 4 W&B file(s), 0 media file(s), 0 artifact file(s) and 0 other file(s)
wandb: Synced dazzling-fog-1: https://wandb.ai/yinanazhou/xl_512_bs_8_lr_1e05_es_15_lc_False_nr_False_stem_True_lemma_False_repeat_3_fold_1/runs/mcksi056
wandb: Find logs at: ./wandb/run-20220305_050103-mcksi056/logs/debug.log
wandb: 

wandb: wandb version 0.12.11 is available!  To upgrade, please run:
wandb:  $ pip install wandb --upgrade
2022-03-05 05:19:13.925704: I tensorflow/stream_executor/platform/default/dso_loader.cc:48] Successfully opened dynamic library libcudart.so.10.1
wandb: Tracking run with wandb version 0.12.5
wandb: Syncing run divine-glitter-1
wandb: ‚≠êÔ∏è View project at https://wandb.ai/yinanazhou/xl_512_bs_8_lr_1e05_es_15_lc_False_nr_False_stem_True_lemma_False_repeat_3_fold_2
wandb: üöÄ View run at https://wandb.ai/yinanazhou/xl_512_bs_8_lr_1e05_es_15_lc_False_nr_False_stem_True_lemma_False_repeat_3_fold_2/runs/17e1jann
wandb: Run data is saved locally in /project/6002780/yinan/Thesis_MER_Lyrics/lyric-emotion/wandb/run-20220305_051910-17e1jann
wandb: Run `wandb offline` to turn off syncing.

Validation loss decreased (inf --> 1.322932).  Saving model ...
Validation loss decreased (1.322932 --> 1.181460).  Saving model ...
Validation loss decreased (1.181460 --> 1.000204).  Saving model ...
Validation loss decreased (1.000204 --> 0.945886).  Saving model ...
EarlyStopping counter: 1 out of 15.0
EarlyStopping counter: 2 out of 15.0
EarlyStopping counter: 3 out of 15.0
EarlyStopping counter: 4 out of 15.0
EarlyStopping counter: 5 out of 15.0
EarlyStopping counter: 6 out of 15.0
EarlyStopping counter: 7 out of 15.0
EarlyStopping counter: 8 out of 15.0
EarlyStopping counter: 9 out of 15.0
EarlyStopping counter: 10 out of 15.0
EarlyStopping counter: 11 out of 15.0
EarlyStopping counter: 12 out of 15.0
EarlyStopping counter: 13 out of 15.0
EarlyStopping counter: 14 out of 15.0
EarlyStopping counter: 15 out of 15.0
/localscratch/yinan.28277372.0/env/lib/python3.7/site-packages/torch/nn/functional.py:1794: UserWarning: nn.functional.tanh is deprecated. Use torch.tanh instead.
  warnings.warn("nn.functional.tanh is deprecated. Use torch.tanh instead.")
wandb: Waiting for W&B process to finish, PID 202793... (success).
wandb: - 0.00MB of 0.00MB uploaded (0.00MB deduped)wandb: \ 0.00MB of 0.00MB uploaded (0.00MB deduped)wandb: | 0.00MB of 0.00MB uploaded (0.00MB deduped)wandb: / 0.00MB of 0.00MB uploaded (0.00MB deduped)wandb: - 0.00MB of 0.00MB uploaded (0.00MB deduped)wandb: \ 0.00MB of 0.00MB uploaded (0.00MB deduped)wandb: | 0.00MB of 0.00MB uploaded (0.00MB deduped)wandb: / 0.00MB of 0.00MB uploaded (0.00MB deduped)wandb: - 0.00MB of 0.00MB uploaded (0.00MB deduped)wandb: \ 0.00MB of 0.00MB uploaded (0.00MB deduped)wandb: | 0.00MB of 0.00MB uploaded (0.00MB deduped)wandb: / 0.00MB of 0.00MB uploaded (0.00MB deduped)wandb: - 0.00MB of 0.00MB uploaded (0.00MB deduped)wandb:                                                                                
wandb: Run history:
wandb:     e_F1 ‚ñÅ‚ñÑ‚ñá‚ñà‚ñà‚ñà‚ñà‚ñá‚ñà‚ñá‚ñà‚ñá‚ñá‚ñá‚ñá‚ñà‚ñà‚ñà‚ñá
wandb:   e_loss ‚ñÉ‚ñÇ‚ñÅ‚ñÅ‚ñÅ‚ñÇ‚ñÇ‚ñÉ‚ñÑ‚ñÖ‚ñÖ‚ñÜ‚ñá‚ñá‚ñá‚ñá‚ñá‚ñá‚ñà
wandb:     t_F1 ‚ñÅ‚ñÇ‚ñÉ‚ñÑ‚ñÖ‚ñÜ‚ñá‚ñá‚ñá‚ñà‚ñà‚ñà‚ñà‚ñà‚ñà‚ñà‚ñà‚ñà‚ñà
wandb:   t_loss ‚ñà‚ñá‚ñÜ‚ñÖ‚ñÑ‚ñÑ‚ñÉ‚ñÇ‚ñÇ‚ñÇ‚ñÅ‚ñÅ‚ñÅ‚ñÅ‚ñÅ‚ñÅ‚ñÅ‚ñÅ‚ñÅ
wandb: 
wandb: Run summary:
wandb:     e_F1 55.80585
wandb:   e_loss 2.10119
wandb:     t_F1 100.0
wandb:   t_loss 0.007
wandb: 
wandb: Synced 4 W&B file(s), 0 media file(s), 0 artifact file(s) and 0 other file(s)
wandb: Synced divine-glitter-1: https://wandb.ai/yinanazhou/xl_512_bs_8_lr_1e05_es_15_lc_False_nr_False_stem_True_lemma_False_repeat_3_fold_2/runs/17e1jann
wandb: Find logs at: ./wandb/run-20220305_051910-17e1jann/logs/debug.log
wandb: 

wandb: wandb version 0.12.11 is available!  To upgrade, please run:
wandb:  $ pip install wandb --upgrade
2022-03-05 05:37:24.919418: I tensorflow/stream_executor/platform/default/dso_loader.cc:48] Successfully opened dynamic library libcudart.so.10.1
wandb: Tracking run with wandb version 0.12.5
wandb: Syncing run royal-bee-1
wandb: ‚≠êÔ∏è View project at https://wandb.ai/yinanazhou/xl_512_bs_8_lr_1e05_es_15_lc_False_nr_False_stem_True_lemma_False_repeat_4_fold_1
wandb: üöÄ View run at https://wandb.ai/yinanazhou/xl_512_bs_8_lr_1e05_es_15_lc_False_nr_False_stem_True_lemma_False_repeat_4_fold_1/runs/ib84p08j
wandb: Run data is saved locally in /project/6002780/yinan/Thesis_MER_Lyrics/lyric-emotion/wandb/run-20220305_053721-ib84p08j
wandb: Run `wandb offline` to turn off syncing.

Validation loss decreased (inf --> 1.310147).  Saving model ...
Validation loss decreased (1.310147 --> 1.089711).  Saving model ...
Validation loss decreased (1.089711 --> 0.952360).  Saving model ...
EarlyStopping counter: 1 out of 15.0
EarlyStopping counter: 2 out of 15.0
EarlyStopping counter: 3 out of 15.0
EarlyStopping counter: 4 out of 15.0
EarlyStopping counter: 5 out of 15.0
EarlyStopping counter: 6 out of 15.0
EarlyStopping counter: 7 out of 15.0
EarlyStopping counter: 8 out of 15.0
EarlyStopping counter: 9 out of 15.0
EarlyStopping counter: 10 out of 15.0
EarlyStopping counter: 11 out of 15.0
EarlyStopping counter: 12 out of 15.0
EarlyStopping counter: 13 out of 15.0
EarlyStopping counter: 14 out of 15.0
EarlyStopping counter: 15 out of 15.0
/localscratch/yinan.28277372.0/env/lib/python3.7/site-packages/torch/nn/functional.py:1794: UserWarning: nn.functional.tanh is deprecated. Use torch.tanh instead.
  warnings.warn("nn.functional.tanh is deprecated. Use torch.tanh instead.")
wandb: Waiting for W&B process to finish, PID 203801... (success).
wandb: - 0.00MB of 0.00MB uploaded (0.00MB deduped)wandb: \ 0.00MB of 0.00MB uploaded (0.00MB deduped)wandb: | 0.00MB of 0.00MB uploaded (0.00MB deduped)wandb: / 0.00MB of 0.00MB uploaded (0.00MB deduped)wandb: - 0.00MB of 0.00MB uploaded (0.00MB deduped)wandb: \ 0.00MB of 0.00MB uploaded (0.00MB deduped)wandb: | 0.00MB of 0.00MB uploaded (0.00MB deduped)wandb: / 0.00MB of 0.00MB uploaded (0.00MB deduped)wandb: - 0.00MB of 0.00MB uploaded (0.00MB deduped)wandb: \ 0.00MB of 0.00MB uploaded (0.00MB deduped)wandb: | 0.00MB of 0.00MB uploaded (0.00MB deduped)wandb: / 0.00MB of 0.00MB uploaded (0.00MB deduped)wandb: - 0.00MB of 0.00MB uploaded (0.00MB deduped)wandb:                                                                                
wandb: Run history:
wandb:     e_F1 ‚ñÅ‚ñÑ‚ñÜ‚ñÜ‚ñÜ‚ñá‚ñÉ‚ñÖ‚ñÑ‚ñà‚ñá‚ñà‚ñá‚ñá‚ñà‚ñà‚ñà‚ñá
wandb:   e_loss ‚ñÑ‚ñÇ‚ñÅ‚ñÇ‚ñÇ‚ñÉ‚ñá‚ñá‚ñà‚ñÑ‚ñÖ‚ñÉ‚ñÑ‚ñÖ‚ñÖ‚ñÜ‚ñÜ‚ñá
wandb:     t_F1 ‚ñÅ‚ñÇ‚ñÑ‚ñÑ‚ñÖ‚ñÜ‚ñá‚ñá‚ñá‚ñá‚ñà‚ñá‚ñá‚ñà‚ñà‚ñà‚ñà‚ñà
wandb:   t_loss ‚ñà‚ñá‚ñÜ‚ñÖ‚ñÑ‚ñÉ‚ñÉ‚ñÉ‚ñÇ‚ñÇ‚ñÇ‚ñÇ‚ñÇ‚ñÅ‚ñÅ‚ñÅ‚ñÅ‚ñÅ
wandb: 
wandb: Run summary:
wandb:     e_F1 60.44664
wandb:   e_loss 1.63396
wandb:     t_F1 100.0
wandb:   t_loss 0.0077
wandb: 
wandb: Synced 4 W&B file(s), 0 media file(s), 0 artifact file(s) and 0 other file(s)
wandb: Synced royal-bee-1: https://wandb.ai/yinanazhou/xl_512_bs_8_lr_1e05_es_15_lc_False_nr_False_stem_True_lemma_False_repeat_4_fold_1/runs/ib84p08j
wandb: Find logs at: ./wandb/run-20220305_053721-ib84p08j/logs/debug.log
wandb: 

wandb: wandb version 0.12.11 is available!  To upgrade, please run:
wandb:  $ pip install wandb --upgrade
2022-03-05 05:54:39.357612: I tensorflow/stream_executor/platform/default/dso_loader.cc:48] Successfully opened dynamic library libcudart.so.10.1
wandb: Tracking run with wandb version 0.12.5
wandb: Syncing run copper-snowball-1
wandb: ‚≠êÔ∏è View project at https://wandb.ai/yinanazhou/xl_512_bs_8_lr_1e05_es_15_lc_False_nr_False_stem_True_lemma_False_repeat_4_fold_2
wandb: üöÄ View run at https://wandb.ai/yinanazhou/xl_512_bs_8_lr_1e05_es_15_lc_False_nr_False_stem_True_lemma_False_repeat_4_fold_2/runs/jv1nycoa
wandb: Run data is saved locally in /project/6002780/yinan/Thesis_MER_Lyrics/lyric-emotion/wandb/run-20220305_055436-jv1nycoa
wandb: Run `wandb offline` to turn off syncing.

Validation loss decreased (inf --> 1.294474).  Saving model ...
Validation loss decreased (1.294474 --> 1.070721).  Saving model ...
Validation loss decreased (1.070721 --> 0.964534).  Saving model ...
Validation loss decreased (0.964534 --> 0.944629).  Saving model ...
EarlyStopping counter: 1 out of 15.0
EarlyStopping counter: 2 out of 15.0
EarlyStopping counter: 3 out of 15.0
EarlyStopping counter: 4 out of 15.0
EarlyStopping counter: 5 out of 15.0
EarlyStopping counter: 6 out of 15.0
EarlyStopping counter: 7 out of 15.0
EarlyStopping counter: 8 out of 15.0
EarlyStopping counter: 9 out of 15.0
EarlyStopping counter: 10 out of 15.0
EarlyStopping counter: 11 out of 15.0
EarlyStopping counter: 12 out of 15.0
EarlyStopping counter: 13 out of 15.0
EarlyStopping counter: 14 out of 15.0
EarlyStopping counter: 15 out of 15.0
/localscratch/yinan.28277372.0/env/lib/python3.7/site-packages/torch/nn/functional.py:1794: UserWarning: nn.functional.tanh is deprecated. Use torch.tanh instead.
  warnings.warn("nn.functional.tanh is deprecated. Use torch.tanh instead.")
wandb: Waiting for W&B process to finish, PID 204749... (success).
wandb: - 0.00MB of 0.00MB uploaded (0.00MB deduped)wandb: \ 0.00MB of 0.00MB uploaded (0.00MB deduped)wandb: | 0.00MB of 0.00MB uploaded (0.00MB deduped)wandb: / 0.00MB of 0.00MB uploaded (0.00MB deduped)wandb: - 0.00MB of 0.00MB uploaded (0.00MB deduped)wandb:                                                                                
wandb: Run history:
wandb:     e_F1 ‚ñÅ‚ñÖ‚ñá‚ñà‚ñá‚ñá‚ñá‚ñá‚ñá‚ñá‚ñÜ‚ñÜ‚ñá‚ñá‚ñÜ‚ñá‚ñá‚ñá‚ñá
wandb:   e_loss ‚ñÉ‚ñÇ‚ñÅ‚ñÅ‚ñÅ‚ñÇ‚ñÉ‚ñÉ‚ñÉ‚ñÖ‚ñÜ‚ñÜ‚ñÖ‚ñÜ‚ñà‚ñá‚ñá‚ñá‚ñá
wandb:     t_F1 ‚ñÅ‚ñÇ‚ñÑ‚ñÖ‚ñÜ‚ñÜ‚ñá‚ñá‚ñá‚ñà‚ñà‚ñà‚ñá‚ñà‚ñà‚ñà‚ñà‚ñà‚ñà
wandb:   t_loss ‚ñà‚ñá‚ñÜ‚ñÖ‚ñÑ‚ñÉ‚ñÉ‚ñÇ‚ñÇ‚ñÇ‚ñÅ‚ñÅ‚ñÇ‚ñÅ‚ñÅ‚ñÅ‚ñÅ‚ñÅ‚ñÅ
wandb: 
wandb: Run summary:
wandb:     e_F1 59.21645
wandb:   e_loss 1.93621
wandb:     t_F1 100.0
wandb:   t_loss 0.0054
wandb: 
wandb: Synced 4 W&B file(s), 0 media file(s), 0 artifact file(s) and 0 other file(s)
wandb: Synced copper-snowball-1: https://wandb.ai/yinanazhou/xl_512_bs_8_lr_1e05_es_15_lc_False_nr_False_stem_True_lemma_False_repeat_4_fold_2/runs/jv1nycoa
wandb: Find logs at: ./wandb/run-20220305_055436-jv1nycoa/logs/debug.log
wandb: 

wandb: wandb version 0.12.11 is available!  To upgrade, please run:
wandb:  $ pip install wandb --upgrade
2022-03-05 06:12:49.230805: I tensorflow/stream_executor/platform/default/dso_loader.cc:48] Successfully opened dynamic library libcudart.so.10.1
wandb: Tracking run with wandb version 0.12.5
wandb: Syncing run fiery-universe-1
wandb: ‚≠êÔ∏è View project at https://wandb.ai/yinanazhou/xl_512_bs_8_lr_1e05_es_15_lc_False_nr_False_stem_True_lemma_False_repeat_5_fold_1
wandb: üöÄ View run at https://wandb.ai/yinanazhou/xl_512_bs_8_lr_1e05_es_15_lc_False_nr_False_stem_True_lemma_False_repeat_5_fold_1/runs/3lfwr1mx
wandb: Run data is saved locally in /project/6002780/yinan/Thesis_MER_Lyrics/lyric-emotion/wandb/run-20220305_061246-3lfwr1mx
wandb: Run `wandb offline` to turn off syncing.

Validation loss decreased (inf --> 1.300967).  Saving model ...
Validation loss decreased (1.300967 --> 1.295002).  Saving model ...
Validation loss decreased (1.295002 --> 1.139581).  Saving model ...
Validation loss decreased (1.139581 --> 1.004986).  Saving model ...
EarlyStopping counter: 1 out of 15.0
EarlyStopping counter: 2 out of 15.0
EarlyStopping counter: 3 out of 15.0
EarlyStopping counter: 4 out of 15.0
EarlyStopping counter: 5 out of 15.0
EarlyStopping counter: 6 out of 15.0
EarlyStopping counter: 7 out of 15.0
EarlyStopping counter: 8 out of 15.0
EarlyStopping counter: 9 out of 15.0
EarlyStopping counter: 10 out of 15.0
EarlyStopping counter: 11 out of 15.0
EarlyStopping counter: 12 out of 15.0
EarlyStopping counter: 13 out of 15.0
EarlyStopping counter: 14 out of 15.0
EarlyStopping counter: 15 out of 15.0
/localscratch/yinan.28277372.0/env/lib/python3.7/site-packages/torch/nn/functional.py:1794: UserWarning: nn.functional.tanh is deprecated. Use torch.tanh instead.
  warnings.warn("nn.functional.tanh is deprecated. Use torch.tanh instead.")
wandb: Waiting for W&B process to finish, PID 205773... (success).
wandb: - 0.00MB of 0.00MB uploaded (0.00MB deduped)wandb: \ 0.00MB of 0.00MB uploaded (0.00MB deduped)wandb: | 0.00MB of 0.00MB uploaded (0.00MB deduped)wandb: / 0.00MB of 0.00MB uploaded (0.00MB deduped)wandb: - 0.00MB of 0.00MB uploaded (0.00MB deduped)wandb: \ 0.00MB of 0.00MB uploaded (0.00MB deduped)wandb: | 0.00MB of 0.00MB uploaded (0.00MB deduped)wandb: / 0.00MB of 0.00MB uploaded (0.00MB deduped)wandb: - 0.00MB of 0.00MB uploaded (0.00MB deduped)wandb: \ 0.00MB of 0.00MB uploaded (0.00MB deduped)wandb: | 0.00MB of 0.00MB uploaded (0.00MB deduped)wandb: / 0.00MB of 0.00MB uploaded (0.00MB deduped)wandb: - 0.00MB of 0.00MB uploaded (0.00MB deduped)wandb:                                                                                
wandb: Run history:
wandb:     e_F1 ‚ñÅ‚ñÅ‚ñÜ‚ñÜ‚ñá‚ñÜ‚ñÜ‚ñá‚ñÜ‚ñÖ‚ñÜ‚ñÜ‚ñà‚ñá‚ñá‚ñá‚ñá‚ñà‚ñà
wandb:   e_loss ‚ñÉ‚ñÉ‚ñÇ‚ñÅ‚ñÅ‚ñÉ‚ñÉ‚ñÉ‚ñÖ‚ñà‚ñá‚ñà‚ñÖ‚ñÜ‚ñÜ‚ñÜ‚ñÖ‚ñÜ‚ñá
wandb:     t_F1 ‚ñÅ‚ñÅ‚ñÇ‚ñÑ‚ñÖ‚ñÜ‚ñÜ‚ñá‚ñá‚ñá‚ñà‚ñà‚ñà‚ñà‚ñà‚ñà‚ñà‚ñà‚ñà
wandb:   t_loss ‚ñà‚ñà‚ñá‚ñÜ‚ñÖ‚ñÑ‚ñÉ‚ñÇ‚ñÇ‚ñÇ‚ñÅ‚ñÅ‚ñÅ‚ñÇ‚ñÇ‚ñÅ‚ñÅ‚ñÅ‚ñÅ
wandb: 
wandb: Run summary:
wandb:     e_F1 58.21613
wandb:   e_loss 1.70046
wandb:     t_F1 100.0
wandb:   t_loss 0.0106
wandb: 
wandb: Synced 4 W&B file(s), 0 media file(s), 0 artifact file(s) and 0 other file(s)
wandb: Synced fiery-universe-1: https://wandb.ai/yinanazhou/xl_512_bs_8_lr_1e05_es_15_lc_False_nr_False_stem_True_lemma_False_repeat_5_fold_1/runs/3lfwr1mx
wandb: Find logs at: ./wandb/run-20220305_061246-3lfwr1mx/logs/debug.log
wandb: 

wandb: wandb version 0.12.11 is available!  To upgrade, please run:
wandb:  $ pip install wandb --upgrade
wandb: ERROR Error while calling W&B API: permission denied (<Response [401]>)
Thread SenderThread:
Traceback (most recent call last):
  File "/localscratch/yinan.28277372.0/env/lib/python3.7/site-packages/wandb/sdk/lib/retry.py", line 102, in __call__
    result = self._call_fn(*args, **kwargs)
  File "/localscratch/yinan.28277372.0/env/lib/python3.7/site-packages/wandb/sdk/internal/internal_api.py", line 147, in execute
    six.reraise(*sys.exc_info())
  File "/localscratch/yinan.28277372.0/env/lib/python3.7/site-packages/six.py", line 719, in reraise
    raise value
  File "/localscratch/yinan.28277372.0/env/lib/python3.7/site-packages/wandb/sdk/internal/internal_api.py", line 141, in execute
    return self.client.execute(*args, **kwargs)
  File "/localscratch/yinan.28277372.0/env/lib/python3.7/site-packages/wandb/vendor/gql-0.2.0/gql/client.py", line 52, in execute
    result = self._get_result(document, *args, **kwargs)
  File "/localscratch/yinan.28277372.0/env/lib/python3.7/site-packages/wandb/vendor/gql-0.2.0/gql/client.py", line 60, in _get_result
    return self.transport.execute(document, *args, **kwargs)
  File "/localscratch/yinan.28277372.0/env/lib/python3.7/site-packages/wandb/vendor/gql-0.2.0/gql/transport/requests.py", line 39, in execute
    request.raise_for_status()
  File "/localscratch/yinan.28277372.0/env/lib/python3.7/site-packages/requests/models.py", line 960, in raise_for_status
    raise HTTPError(http_error_msg, response=self)
requests.exceptions.HTTPError: 401 Client Error: Unauthorized for url: https://api.wandb.ai/graphql

During handling of the above exception, another exception occurred:

Traceback (most recent call last):
  File "/localscratch/yinan.28277372.0/env/lib/python3.7/site-packages/wandb/apis/normalize.py", line 24, in wrapper
    return func(*args, **kwargs)
  File "/localscratch/yinan.28277372.0/env/lib/python3.7/site-packages/wandb/sdk/internal/internal_api.py", line 1270, in upsert_run
    response = self.gql(mutation, variable_values=variable_values, **kwargs)
  File "/localscratch/yinan.28277372.0/env/lib/python3.7/site-packages/wandb/sdk/lib/retry.py", line 118, in __call__
    if not check_retry_fn(e):
  File "/localscratch/yinan.28277372.0/env/lib/python3.7/site-packages/wandb/util.py", line 817, in no_retry_auth
    raise CommError("Invalid or missing api_key.  Run wandb login")
wandb.errors.CommError: Invalid or missing api_key.  Run wandb login

During handling of the above exception, another exception occurred:

Traceback (most recent call last):
  File "/localscratch/yinan.28277372.0/env/lib/python3.7/site-packages/wandb/sdk/internal/internal_util.py", line 52, in run
    self._run()
  File "/localscratch/yinan.28277372.0/env/lib/python3.7/site-packages/wandb/sdk/internal/internal_util.py", line 102, in _run
    self._process(record)
  File "/localscratch/yinan.28277372.0/env/lib/python3.7/site-packages/wandb/sdk/internal/internal.py", line 292, in _process
    self._sm.send(record)
  File "/localscratch/yinan.28277372.0/env/lib/python3.7/site-packages/wandb/sdk/internal/sender.py", line 187, in send
    send_handler(record)
  File "/localscratch/yinan.28277372.0/env/lib/python3.7/site-packages/wandb/sdk/internal/sender.py", line 652, in send_run
    self._init_run(run, config_value_dict)
  File "/localscratch/yinan.28277372.0/env/lib/python3.7/site-packages/wandb/sdk/internal/sender.py", line 687, in _init_run
    commit=run.git.last_commit or None,
  File "/localscratch/yinan.28277372.0/env/lib/python3.7/site-packages/wandb/apis/normalize.py", line 62, in wrapper
    six.reraise(CommError, CommError(message, err), sys.exc_info()[2])
  File "/localscratch/yinan.28277372.0/env/lib/python3.7/site-packages/six.py", line 718, in reraise
    raise value.with_traceback(tb)
  File "/localscratch/yinan.28277372.0/env/lib/python3.7/site-packages/wandb/apis/normalize.py", line 24, in wrapper
    return func(*args, **kwargs)
  File "/localscratch/yinan.28277372.0/env/lib/python3.7/site-packages/wandb/sdk/internal/internal_api.py", line 1270, in upsert_run
    response = self.gql(mutation, variable_values=variable_values, **kwargs)
  File "/localscratch/yinan.28277372.0/env/lib/python3.7/site-packages/wandb/sdk/lib/retry.py", line 118, in __call__
    if not check_retry_fn(e):
  File "/localscratch/yinan.28277372.0/env/lib/python3.7/site-packages/wandb/util.py", line 817, in no_retry_auth
    raise CommError("Invalid or missing api_key.  Run wandb login")
wandb.errors.CommError: Invalid or missing api_key.  Run wandb login
wandb: ERROR Internal wandb error: file data was not synced
Traceback (most recent call last):
  File "/localscratch/yinan.28277372.0/env/lib/python3.7/site-packages/wandb/sdk/wandb_init.py", line 870, in init
    run = wi.init()
  File "/localscratch/yinan.28277372.0/env/lib/python3.7/site-packages/wandb/sdk/wandb_init.py", line 566, in init
    backend.cleanup()
  File "/localscratch/yinan.28277372.0/env/lib/python3.7/site-packages/wandb/sdk/backend/backend.py", line 227, in cleanup
    self.interface.join()
  File "/localscratch/yinan.28277372.0/env/lib/python3.7/site-packages/wandb/sdk/interface/interface.py", line 1048, in join
    super(BackendSender, self).join()
  File "/localscratch/yinan.28277372.0/env/lib/python3.7/site-packages/wandb/sdk/interface/interface.py", line 596, in join
    self._communicate_shutdown()
  File "/localscratch/yinan.28277372.0/env/lib/python3.7/site-packages/wandb/sdk/interface/interface.py", line 1045, in _communicate_shutdown
    _ = self._communicate(record)
  File "/localscratch/yinan.28277372.0/env/lib/python3.7/site-packages/wandb/sdk/interface/interface.py", line 799, in _communicate
    return self._communicate_async(rec, local=local).get(timeout=timeout)
  File "/localscratch/yinan.28277372.0/env/lib/python3.7/site-packages/wandb/sdk/interface/interface.py", line 804, in _communicate_async
    raise Exception("The wandb backend process has shutdown")
Exception: The wandb backend process has shutdown
wandb: ERROR Abnormal program exit
Problem at: xlnet_cv.py 250 <module>
Traceback (most recent call last):
  File "/localscratch/yinan.28277372.0/env/lib/python3.7/site-packages/wandb/sdk/wandb_init.py", line 870, in init
    run = wi.init()
  File "/localscratch/yinan.28277372.0/env/lib/python3.7/site-packages/wandb/sdk/wandb_init.py", line 566, in init
    backend.cleanup()
  File "/localscratch/yinan.28277372.0/env/lib/python3.7/site-packages/wandb/sdk/backend/backend.py", line 227, in cleanup
    self.interface.join()
  File "/localscratch/yinan.28277372.0/env/lib/python3.7/site-packages/wandb/sdk/interface/interface.py", line 1048, in join
    super(BackendSender, self).join()
  File "/localscratch/yinan.28277372.0/env/lib/python3.7/site-packages/wandb/sdk/interface/interface.py", line 596, in join
    self._communicate_shutdown()
  File "/localscratch/yinan.28277372.0/env/lib/python3.7/site-packages/wandb/sdk/interface/interface.py", line 1045, in _communicate_shutdown
    _ = self._communicate(record)
  File "/localscratch/yinan.28277372.0/env/lib/python3.7/site-packages/wandb/sdk/interface/interface.py", line 799, in _communicate
    return self._communicate_async(rec, local=local).get(timeout=timeout)
  File "/localscratch/yinan.28277372.0/env/lib/python3.7/site-packages/wandb/sdk/interface/interface.py", line 804, in _communicate_async
    raise Exception("The wandb backend process has shutdown")
Exception: The wandb backend process has shutdown

The above exception was the direct cause of the following exception:

Traceback (most recent call last):
  File "xlnet_cv.py", line 250, in <module>
    wandb.init(project=wandb_pj, entity="yinanazhou")
  File "/localscratch/yinan.28277372.0/env/lib/python3.7/site-packages/wandb/sdk/wandb_init.py", line 908, in init
    six.raise_from(Exception("problem"), error_seen)
  File "<string>", line 3, in raise_from
Exception: problem
Traceback (most recent call last):
  File "/localscratch/yinan.28277372.0/env/lib/python3.7/site-packages/wandb/sdk/wandb_init.py", line 870, in init
    run = wi.init()
  File "/localscratch/yinan.28277372.0/env/lib/python3.7/site-packages/wandb/sdk/wandb_init.py", line 566, in init
    backend.cleanup()
  File "/localscratch/yinan.28277372.0/env/lib/python3.7/site-packages/wandb/sdk/backend/backend.py", line 227, in cleanup
    self.interface.join()
  File "/localscratch/yinan.28277372.0/env/lib/python3.7/site-packages/wandb/sdk/interface/interface.py", line 1048, in join
    super(BackendSender, self).join()
  File "/localscratch/yinan.28277372.0/env/lib/python3.7/site-packages/wandb/sdk/interface/interface.py", line 596, in join
    self._communicate_shutdown()
  File "/localscratch/yinan.28277372.0/env/lib/python3.7/site-packages/wandb/sdk/interface/interface.py", line 1045, in _communicate_shutdown
    _ = self._communicate(record)
  File "/localscratch/yinan.28277372.0/env/lib/python3.7/site-packages/wandb/sdk/interface/interface.py", line 799, in _communicate
    return self._communicate_async(rec, local=local).get(timeout=timeout)
  File "/localscratch/yinan.28277372.0/env/lib/python3.7/site-packages/wandb/sdk/interface/interface.py", line 804, in _communicate_async
    raise Exception("The wandb backend process has shutdown")
Exception: The wandb backend process has shutdown

The above exception was the direct cause of the following exception:

Traceback (most recent call last):
  File "xlnet_cv.py", line 250, in <module>
    wandb.init(project=wandb_pj, entity="yinanazhou")
  File "/localscratch/yinan.28277372.0/env/lib/python3.7/site-packages/wandb/sdk/wandb_init.py", line 908, in init
    six.raise_from(Exception("problem"), error_seen)
  File "<string>", line 3, in raise_from
Exception: problem
Traceback (most recent call last):
  File "/localscratch/yinan.28277372.0/env/lib/python3.7/site-packages/wandb/sdk/wandb_init.py", line 870, in init
    run = wi.init()
  File "/localscratch/yinan.28277372.0/env/lib/python3.7/site-packages/wandb/sdk/wandb_init.py", line 566, in init
    backend.cleanup()
  File "/localscratch/yinan.28277372.0/env/lib/python3.7/site-packages/wandb/sdk/backend/backend.py", line 227, in cleanup
    self.interface.join()
  File "/localscratch/yinan.28277372.0/env/lib/python3.7/site-packages/wandb/sdk/interface/interface.py", line 1048, in join
    super(BackendSender, self).join()
  File "/localscratch/yinan.28277372.0/env/lib/python3.7/site-packages/wandb/sdk/interface/interface.py", line 596, in join
    self._communicate_shutdown()
  File "/localscratch/yinan.28277372.0/env/lib/python3.7/site-packages/wandb/sdk/interface/interface.py", line 1045, in _communicate_shutdown
    _ = self._communicate(record)
  File "/localscratch/yinan.28277372.0/env/lib/python3.7/site-packages/wandb/sdk/interface/interface.py", line 799, in _communicate
    return self._communicate_async(rec, local=local).get(timeout=timeout)
  File "/localscratch/yinan.28277372.0/env/lib/python3.7/site-packages/wandb/sdk/interface/interface.py", line 804, in _communicate_async
    raise Exception("The wandb backend process has shutdown")
Exception: The wandb backend process has shutdown

The above exception was the direct cause of the following exception:

Traceback (most recent call last):
  File "xlnet_cv.py", line 250, in <module>
    wandb.init(project=wandb_pj, entity="yinanazhou")
  File "/localscratch/yinan.28277372.0/env/lib/python3.7/site-packages/wandb/sdk/wandb_init.py", line 908, in init
    six.raise_from(Exception("problem"), error_seen)
  File "<string>", line 3, in raise_from
Exception: problem
Traceback (most recent call last):
  File "/localscratch/yinan.28277372.0/env/lib/python3.7/site-packages/wandb/sdk/wandb_init.py", line 870, in init
    run = wi.init()
  File "/localscratch/yinan.28277372.0/env/lib/python3.7/site-packages/wandb/sdk/wandb_init.py", line 566, in init
    backend.cleanup()
  File "/localscratch/yinan.28277372.0/env/lib/python3.7/site-packages/wandb/sdk/backend/backend.py", line 227, in cleanup
    self.interface.join()
  File "/localscratch/yinan.28277372.0/env/lib/python3.7/site-packages/wandb/sdk/interface/interface.py", line 1048, in join
    super(BackendSender, self).join()
  File "/localscratch/yinan.28277372.0/env/lib/python3.7/site-packages/wandb/sdk/interface/interface.py", line 596, in join
    self._communicate_shutdown()
  File "/localscratch/yinan.28277372.0/env/lib/python3.7/site-packages/wandb/sdk/interface/interface.py", line 1045, in _communicate_shutdown
    _ = self._communicate(record)
  File "/localscratch/yinan.28277372.0/env/lib/python3.7/site-packages/wandb/sdk/interface/interface.py", line 799, in _communicate
    return self._communicate_async(rec, local=local).get(timeout=timeout)
  File "/localscratch/yinan.28277372.0/env/lib/python3.7/site-packages/wandb/sdk/interface/interface.py", line 804, in _communicate_async
    raise Exception("The wandb backend process has shutdown")
Exception: The wandb backend process has shutdown

The above exception was the direct cause of the following exception:

Traceback (most recent call last):
  File "xlnet_cv.py", line 250, in <module>
    wandb.init(project=wandb_pj, entity="yinanazhou")
  File "/localscratch/yinan.28277372.0/env/lib/python3.7/site-packages/wandb/sdk/wandb_init.py", line 908, in init
    six.raise_from(Exception("problem"), error_seen)
  File "<string>", line 3, in raise_from
Exception: problem
Traceback (most recent call last):
  File "/localscratch/yinan.28277372.0/env/lib/python3.7/site-packages/wandb/sdk/wandb_init.py", line 870, in init
    run = wi.init()
  File "/localscratch/yinan.28277372.0/env/lib/python3.7/site-packages/wandb/sdk/wandb_init.py", line 566, in init
    backend.cleanup()
  File "/localscratch/yinan.28277372.0/env/lib/python3.7/site-packages/wandb/sdk/backend/backend.py", line 227, in cleanup
    self.interface.join()
  File "/localscratch/yinan.28277372.0/env/lib/python3.7/site-packages/wandb/sdk/interface/interface.py", line 1048, in join
    super(BackendSender, self).join()
  File "/localscratch/yinan.28277372.0/env/lib/python3.7/site-packages/wandb/sdk/interface/interface.py", line 596, in join
    self._communicate_shutdown()
  File "/localscratch/yinan.28277372.0/env/lib/python3.7/site-packages/wandb/sdk/interface/interface.py", line 1045, in _communicate_shutdown
    _ = self._communicate(record)
  File "/localscratch/yinan.28277372.0/env/lib/python3.7/site-packages/wandb/sdk/interface/interface.py", line 799, in _communicate
    return self._communicate_async(rec, local=local).get(timeout=timeout)
  File "/localscratch/yinan.28277372.0/env/lib/python3.7/site-packages/wandb/sdk/interface/interface.py", line 804, in _communicate_async
    raise Exception("The wandb backend process has shutdown")
Exception: The wandb backend process has shutdown

The above exception was the direct cause of the following exception:

Traceback (most recent call last):
  File "xlnet_cv.py", line 250, in <module>
    wandb.init(project=wandb_pj, entity="yinanazhou")
  File "/localscratch/yinan.28277372.0/env/lib/python3.7/site-packages/wandb/sdk/wandb_init.py", line 908, in init
    six.raise_from(Exception("problem"), error_seen)
  File "<string>", line 3, in raise_from
Exception: problem
Traceback (most recent call last):
  File "/localscratch/yinan.28277372.0/env/lib/python3.7/site-packages/wandb/sdk/wandb_init.py", line 870, in init
    run = wi.init()
  File "/localscratch/yinan.28277372.0/env/lib/python3.7/site-packages/wandb/sdk/wandb_init.py", line 566, in init
    backend.cleanup()
  File "/localscratch/yinan.28277372.0/env/lib/python3.7/site-packages/wandb/sdk/backend/backend.py", line 227, in cleanup
    self.interface.join()
  File "/localscratch/yinan.28277372.0/env/lib/python3.7/site-packages/wandb/sdk/interface/interface.py", line 1048, in join
    super(BackendSender, self).join()
  File "/localscratch/yinan.28277372.0/env/lib/python3.7/site-packages/wandb/sdk/interface/interface.py", line 596, in join
    self._communicate_shutdown()
  File "/localscratch/yinan.28277372.0/env/lib/python3.7/site-packages/wandb/sdk/interface/interface.py", line 1045, in _communicate_shutdown
    _ = self._communicate(record)
  File "/localscratch/yinan.28277372.0/env/lib/python3.7/site-packages/wandb/sdk/interface/interface.py", line 799, in _communicate
    return self._communicate_async(rec, local=local).get(timeout=timeout)
  File "/localscratch/yinan.28277372.0/env/lib/python3.7/site-packages/wandb/sdk/interface/interface.py", line 804, in _communicate_async
    raise Exception("The wandb backend process has shutdown")
Exception: The wandb backend process has shutdown

The above exception was the direct cause of the following exception:

Traceback (most recent call last):
  File "xlnet_cv.py", line 250, in <module>
    wandb.init(project=wandb_pj, entity="yinanazhou")
  File "/localscratch/yinan.28277372.0/env/lib/python3.7/site-packages/wandb/sdk/wandb_init.py", line 908, in init
    six.raise_from(Exception("problem"), error_seen)
  File "<string>", line 3, in raise_from
Exception: problem
Traceback (most recent call last):
  File "/localscratch/yinan.28277372.0/env/lib/python3.7/site-packages/wandb/sdk/wandb_init.py", line 870, in init
    run = wi.init()
  File "/localscratch/yinan.28277372.0/env/lib/python3.7/site-packages/wandb/sdk/wandb_init.py", line 566, in init
    backend.cleanup()
  File "/localscratch/yinan.28277372.0/env/lib/python3.7/site-packages/wandb/sdk/backend/backend.py", line 227, in cleanup
    self.interface.join()
  File "/localscratch/yinan.28277372.0/env/lib/python3.7/site-packages/wandb/sdk/interface/interface.py", line 1048, in join
    super(BackendSender, self).join()
  File "/localscratch/yinan.28277372.0/env/lib/python3.7/site-packages/wandb/sdk/interface/interface.py", line 596, in join
    self._communicate_shutdown()
  File "/localscratch/yinan.28277372.0/env/lib/python3.7/site-packages/wandb/sdk/interface/interface.py", line 1045, in _communicate_shutdown
    _ = self._communicate(record)
  File "/localscratch/yinan.28277372.0/env/lib/python3.7/site-packages/wandb/sdk/interface/interface.py", line 799, in _communicate
    return self._communicate_async(rec, local=local).get(timeout=timeout)
  File "/localscratch/yinan.28277372.0/env/lib/python3.7/site-packages/wandb/sdk/interface/interface.py", line 804, in _communicate_async
    raise Exception("The wandb backend process has shutdown")
Exception: The wandb backend process has shutdown

The above exception was the direct cause of the following exception:

Traceback (most recent call last):
  File "xlnet_cv.py", line 250, in <module>
    wandb.init(project=wandb_pj, entity="yinanazhou")
  File "/localscratch/yinan.28277372.0/env/lib/python3.7/site-packages/wandb/sdk/wandb_init.py", line 908, in init
    six.raise_from(Exception("problem"), error_seen)
  File "<string>", line 3, in raise_from
Exception: problem
Traceback (most recent call last):
  File "/localscratch/yinan.28277372.0/env/lib/python3.7/site-packages/wandb/sdk/wandb_init.py", line 870, in init
    run = wi.init()
  File "/localscratch/yinan.28277372.0/env/lib/python3.7/site-packages/wandb/sdk/wandb_init.py", line 566, in init
    backend.cleanup()
  File "/localscratch/yinan.28277372.0/env/lib/python3.7/site-packages/wandb/sdk/backend/backend.py", line 227, in cleanup
    self.interface.join()
  File "/localscratch/yinan.28277372.0/env/lib/python3.7/site-packages/wandb/sdk/interface/interface.py", line 1048, in join
    super(BackendSender, self).join()
  File "/localscratch/yinan.28277372.0/env/lib/python3.7/site-packages/wandb/sdk/interface/interface.py", line 596, in join
    self._communicate_shutdown()
  File "/localscratch/yinan.28277372.0/env/lib/python3.7/site-packages/wandb/sdk/interface/interface.py", line 1045, in _communicate_shutdown
    _ = self._communicate(record)
  File "/localscratch/yinan.28277372.0/env/lib/python3.7/site-packages/wandb/sdk/interface/interface.py", line 799, in _communicate
    return self._communicate_async(rec, local=local).get(timeout=timeout)
  File "/localscratch/yinan.28277372.0/env/lib/python3.7/site-packages/wandb/sdk/interface/interface.py", line 804, in _communicate_async
    raise Exception("The wandb backend process has shutdown")
Exception: The wandb backend process has shutdown

The above exception was the direct cause of the following exception:

Traceback (most recent call last):
  File "xlnet_cv.py", line 250, in <module>
    wandb.init(project=wandb_pj, entity="yinanazhou")
  File "/localscratch/yinan.28277372.0/env/lib/python3.7/site-packages/wandb/sdk/wandb_init.py", line 908, in init
    six.raise_from(Exception("problem"), error_seen)
  File "<string>", line 3, in raise_from
Exception: problem
Traceback (most recent call last):
  File "/localscratch/yinan.28277372.0/env/lib/python3.7/site-packages/wandb/sdk/wandb_init.py", line 870, in init
    run = wi.init()
  File "/localscratch/yinan.28277372.0/env/lib/python3.7/site-packages/wandb/sdk/wandb_init.py", line 566, in init
    backend.cleanup()
  File "/localscratch/yinan.28277372.0/env/lib/python3.7/site-packages/wandb/sdk/backend/backend.py", line 227, in cleanup
    self.interface.join()
  File "/localscratch/yinan.28277372.0/env/lib/python3.7/site-packages/wandb/sdk/interface/interface.py", line 1048, in join
    super(BackendSender, self).join()
  File "/localscratch/yinan.28277372.0/env/lib/python3.7/site-packages/wandb/sdk/interface/interface.py", line 596, in join
    self._communicate_shutdown()
  File "/localscratch/yinan.28277372.0/env/lib/python3.7/site-packages/wandb/sdk/interface/interface.py", line 1045, in _communicate_shutdown
    _ = self._communicate(record)
  File "/localscratch/yinan.28277372.0/env/lib/python3.7/site-packages/wandb/sdk/interface/interface.py", line 799, in _communicate
    return self._communicate_async(rec, local=local).get(timeout=timeout)
  File "/localscratch/yinan.28277372.0/env/lib/python3.7/site-packages/wandb/sdk/interface/interface.py", line 804, in _communicate_async
    raise Exception("The wandb backend process has shutdown")
Exception: The wandb backend process has shutdown

The above exception was the direct cause of the following exception:

Traceback (most recent call last):
  File "xlnet_cv.py", line 250, in <module>
    wandb.init(project=wandb_pj, entity="yinanazhou")
  File "/localscratch/yinan.28277372.0/env/lib/python3.7/site-packages/wandb/sdk/wandb_init.py", line 908, in init
    six.raise_from(Exception("problem"), error_seen)
  File "<string>", line 3, in raise_from
Exception: problem
