Unloading StdEnv/2020

Due to MODULEPATH changes, the following have been reloaded:
  1) mii/1.1.1


The following have been reloaded with a version change:
  1) python/3.8.2 => python/3.7.4

Using base prefix '/cvmfs/soft.computecanada.ca/easybuild/software/2017/Core/python/3.7.4'
New python executable in /localscratch/yinan.28944955.0/env/bin/python
Installing setuptools, pip, wheel...
done.
Ignoring pip: markers 'python_version < "3"' don't match your environment
Looking in links: /cvmfs/soft.computecanada.ca/custom/python/wheelhouse/nix/avx2, /cvmfs/soft.computecanada.ca/custom/python/wheelhouse/nix/generic, /cvmfs/soft.computecanada.ca/custom/python/wheelhouse/generic
Collecting pip
Installing collected packages: pip
  Found existing installation: pip 19.1.1
    Uninstalling pip-19.1.1:
      Successfully uninstalled pip-19.1.1
Successfully installed pip-21.2.3+computecanada
Looking in links: /cvmfs/soft.computecanada.ca/custom/python/wheelhouse/nix/avx2, /cvmfs/soft.computecanada.ca/custom/python/wheelhouse/nix/generic, /cvmfs/soft.computecanada.ca/custom/python/wheelhouse/generic
Processing /cvmfs/soft.computecanada.ca/custom/python/wheelhouse/generic/keras-2.8.0+computecanada-py2.py3-none-any.whl
Processing /cvmfs/soft.computecanada.ca/custom/python/wheelhouse/generic/Keras_Preprocessing-1.1.2+computecanada-py3-none-any.whl
Requirement already satisfied: matplotlib in /cvmfs/soft.computecanada.ca/easybuild/software/2017/Core/scipy-stack/2019a/lib/python3.7/site-packages (from -r requirements.txt (line 3)) (3.0.2)
Processing /cvmfs/soft.computecanada.ca/custom/python/wheelhouse/generic/nltk-3.6.5+computecanada-py3-none-any.whl
Processing /cvmfs/soft.computecanada.ca/custom/python/wheelhouse/generic/scikit_learn-0.22.1+computecanada-cp37-cp37m-linux_x86_64.whl
Processing /cvmfs/soft.computecanada.ca/custom/python/wheelhouse/generic/tensorboard-2.3.0+computecanada-py3-none-any.whl
Processing /cvmfs/soft.computecanada.ca/custom/python/wheelhouse/generic/tensorboard_plugin_wit-1.7.0+computecanada-py3-none-any.whl
Processing /cvmfs/soft.computecanada.ca/custom/python/wheelhouse/generic/tensorflow_gpu-2.3.0+computecanada-cp37-cp37m-linux_x86_64.whl
Processing /cvmfs/soft.computecanada.ca/custom/python/wheelhouse/generic/tensorflow_estimator-2.3.0+computecanada-py2.py3-none-any.whl
Processing /cvmfs/soft.computecanada.ca/custom/python/wheelhouse/generic/tokenizers-0.5.2+computecanada-cp37-cp37m-linux_x86_64.whl
Processing /cvmfs/soft.computecanada.ca/custom/python/wheelhouse/nix/avx2/torch-1.4.0+computecanada-cp37-cp37m-linux_x86_64.whl
Processing /cvmfs/soft.computecanada.ca/custom/python/wheelhouse/generic/torchtext-0.6.0+computecanada-py3-none-any.whl
Processing /cvmfs/soft.computecanada.ca/custom/python/wheelhouse/generic/torchvision-0.8.2+computecanada-cp37-cp37m-linux_x86_64.whl
Processing /cvmfs/soft.computecanada.ca/custom/python/wheelhouse/generic/transformers-2.5.1+computecanada-py3-none-any.whl
Processing /cvmfs/soft.computecanada.ca/custom/python/wheelhouse/generic/urllib3-1.26.7+computecanada-py2.py3-none-any.whl
Processing /cvmfs/soft.computecanada.ca/custom/python/wheelhouse/generic/joblib-1.1.0+computecanada-py2.py3-none-any.whl
ERROR: Could not find a version that satisfies the requirement regex>=2021.8.3 (from nltk) (from versions: 2018.1.10+computecanada, 2019.11.1+computecanada, 2020.11.13+computecanada)
ERROR: No matching distribution found for regex>=2021.8.3
Looking in links: /cvmfs/soft.computecanada.ca/custom/python/wheelhouse/nix/avx2, /cvmfs/soft.computecanada.ca/custom/python/wheelhouse/nix/generic, /cvmfs/soft.computecanada.ca/custom/python/wheelhouse/generic
ERROR: Could not find a version that satisfies the requirement numpy==1.20.0+computacanada (from versions: 1.15.0+computecanada, 1.15.2+computecanada, 1.15.4+computecanada, 1.16.0+computecanada, 1.16.2+computecanada, 1.16.3+computecanada, 1.17.4+computecanada, 1.18.1+computecanada, 1.18.4+computecanada, 1.19.1+computecanada, 1.19.2+computecanada, 1.20.2+computecanada)
ERROR: No matching distribution found for numpy==1.20.0+computacanada
Looking in links: /cvmfs/soft.computecanada.ca/custom/python/wheelhouse/nix/avx2, /cvmfs/soft.computecanada.ca/custom/python/wheelhouse/nix/generic, /cvmfs/soft.computecanada.ca/custom/python/wheelhouse/generic
Processing /cvmfs/soft.computecanada.ca/custom/python/wheelhouse/generic/wandb-0.12.5+computecanada-py2.py3-none-any.whl
Processing /cvmfs/soft.computecanada.ca/custom/python/wheelhouse/generic/GitPython-3.1.24+computecanada-py3-none-any.whl
Processing /cvmfs/soft.computecanada.ca/custom/python/wheelhouse/generic/subprocess32-3.5.4+computecanada-py3-none-any.whl
Processing /cvmfs/soft.computecanada.ca/custom/python/wheelhouse/generic/docker_pycreds-0.4.0+computecanada-py2.py3-none-any.whl
Processing /cvmfs/soft.computecanada.ca/custom/python/wheelhouse/generic/pathtools-0.1.2+computecanada-py3-none-any.whl
Processing /cvmfs/soft.computecanada.ca/custom/python/wheelhouse/generic/click-8.0.3+computecanada-py3-none-any.whl
Processing /cvmfs/soft.computecanada.ca/custom/python/wheelhouse/generic/yaspin-2.1.0+computecanada-py3-none-any.whl
Processing /cvmfs/soft.computecanada.ca/custom/python/wheelhouse/generic/psutil-5.7.3+computecanada-cp37-cp37m-linux_x86_64.whl
Processing /cvmfs/soft.computecanada.ca/custom/python/wheelhouse/generic/configparser-5.0.2+computecanada-py3-none-any.whl
Processing /cvmfs/soft.computecanada.ca/custom/python/wheelhouse/generic/sentry_sdk-1.5.0+computecanada-py2.py3-none-any.whl
Requirement already satisfied: requests<3,>=2.0.0 in /cvmfs/soft.computecanada.ca/easybuild/software/2017/Core/scipy-stack/2019a/lib/python3.7/site-packages (from wandb) (2.21.0)
Processing /cvmfs/soft.computecanada.ca/custom/python/wheelhouse/generic/protobuf-3.19.4+computecanada-py2.py3-none-any.whl
Processing /cvmfs/soft.computecanada.ca/custom/python/wheelhouse/generic/six-1.16.0+computecanada-py2.py3-none-any.whl
Requirement already satisfied: python-dateutil>=2.6.1 in /cvmfs/soft.computecanada.ca/easybuild/software/2017/Core/scipy-stack/2019a/lib/python3.7/site-packages (from wandb) (2.7.5)
Processing /cvmfs/soft.computecanada.ca/custom/python/wheelhouse/generic/PyYAML-5.3.1+computecanada-cp37-cp37m-linux_x86_64.whl
Processing /cvmfs/soft.computecanada.ca/custom/python/wheelhouse/generic/promise-2.3+computecanada-py3-none-any.whl
Processing /cvmfs/soft.computecanada.ca/custom/python/wheelhouse/generic/shortuuid-1.0.1+computecanada-py3-none-any.whl
Requirement already satisfied: importlib-metadata in /cvmfs/soft.computecanada.ca/easybuild/software/2017/Core/scipy-stack/2019a/lib/python3.7/site-packages (from Click!=8.0.0,>=7.0->wandb) (0.8)
Processing /cvmfs/soft.computecanada.ca/custom/python/wheelhouse/generic/gitdb-4.0.9+computecanada-py3-none-any.whl
Processing /cvmfs/soft.computecanada.ca/custom/python/wheelhouse/generic/typing_extensions-4.0.1+computecanada-py3-none-any.whl
Processing /cvmfs/soft.computecanada.ca/custom/python/wheelhouse/generic/smmap-5.0.0+computecanada-py3-none-any.whl
Requirement already satisfied: certifi>=2017.4.17 in /cvmfs/soft.computecanada.ca/easybuild/software/2017/Core/scipy-stack/2019a/lib/python3.7/site-packages (from requests<3,>=2.0.0->wandb) (2018.11.29)
Requirement already satisfied: urllib3<1.25,>=1.21.1 in /cvmfs/soft.computecanada.ca/easybuild/software/2017/Core/scipy-stack/2019a/lib/python3.7/site-packages (from requests<3,>=2.0.0->wandb) (1.24.1)
Requirement already satisfied: idna<2.9,>=2.5 in /cvmfs/soft.computecanada.ca/easybuild/software/2017/Core/scipy-stack/2019a/lib/python3.7/site-packages (from requests<3,>=2.0.0->wandb) (2.8)
Requirement already satisfied: chardet<3.1.0,>=3.0.2 in /cvmfs/soft.computecanada.ca/easybuild/software/2017/Core/scipy-stack/2019a/lib/python3.7/site-packages (from requests<3,>=2.0.0->wandb) (3.0.4)
Processing /cvmfs/soft.computecanada.ca/custom/python/wheelhouse/generic/termcolor-1.1.0+computecanada-py3-none-any.whl
Requirement already satisfied: zipp>=0.3.2 in /cvmfs/soft.computecanada.ca/easybuild/software/2017/Core/scipy-stack/2019a/lib/python3.7/site-packages (from importlib-metadata->Click!=8.0.0,>=7.0->wandb) (0.3.3)
Installing collected packages: smmap, typing-extensions, termcolor, six, gitdb, yaspin, subprocess32, shortuuid, sentry-sdk, PyYAML, psutil, protobuf, promise, pathtools, GitPython, docker-pycreds, configparser, Click, wandb
  Attempting uninstall: six
    Found existing installation: six 1.12.0
    Not uninstalling six at /cvmfs/soft.computecanada.ca/easybuild/software/2017/Core/scipy-stack/2019a/lib/python3.7/site-packages, outside environment /localscratch/yinan.28944955.0/env
    Can't uninstall 'six'. No files were found to uninstall.
Successfully installed Click-8.0.3+computecanada GitPython-3.1.24+computecanada PyYAML-5.3.1+computecanada configparser-5.0.2+computecanada docker-pycreds-0.4.0+computecanada gitdb-4.0.9+computecanada pathtools-0.1.2+computecanada promise-2.3+computecanada protobuf-3.19.4+computecanada psutil-5.7.3+computecanada sentry-sdk-1.5.0+computecanada shortuuid-1.0.1+computecanada six-1.16.0+computecanada smmap-5.0.0+computecanada subprocess32-3.5.4+computecanada termcolor-1.1.0+computecanada typing-extensions-4.0.1+computecanada wandb-0.12.5+computecanada yaspin-2.1.0+computecanada
Looking in links: /cvmfs/soft.computecanada.ca/custom/python/wheelhouse/nix/avx2, /cvmfs/soft.computecanada.ca/custom/python/wheelhouse/nix/generic, /cvmfs/soft.computecanada.ca/custom/python/wheelhouse/generic
ERROR: Could not find a version that satisfies the requirement sagemaker (from versions: none)
ERROR: No matching distribution found for sagemaker
Looking in links: /cvmfs/soft.computecanada.ca/custom/python/wheelhouse/nix/avx2, /cvmfs/soft.computecanada.ca/custom/python/wheelhouse/nix/generic, /cvmfs/soft.computecanada.ca/custom/python/wheelhouse/generic
Processing /cvmfs/soft.computecanada.ca/custom/python/wheelhouse/generic/torch-1.9.1+computecanada-cp37-cp37m-linux_x86_64.whl
Requirement already satisfied: typing-extensions in /localscratch/yinan.28944955.0/env/lib/python3.7/site-packages (from torch) (4.0.1+computecanada)
Installing collected packages: torch
Successfully installed torch-1.9.1+computecanada
Looking in links: /cvmfs/soft.computecanada.ca/custom/python/wheelhouse/nix/avx2, /cvmfs/soft.computecanada.ca/custom/python/wheelhouse/nix/generic, /cvmfs/soft.computecanada.ca/custom/python/wheelhouse/generic
Processing /cvmfs/soft.computecanada.ca/custom/python/wheelhouse/generic/transformers-2.5.1+computecanada-py3-none-any.whl
Processing /cvmfs/soft.computecanada.ca/custom/python/wheelhouse/generic/tqdm-4.63.0+computecanada-py2.py3-none-any.whl
Processing /cvmfs/soft.computecanada.ca/custom/python/wheelhouse/generic/sacremoses-0.0.46+computecanada-py3-none-any.whl
Processing /cvmfs/soft.computecanada.ca/custom/python/wheelhouse/generic/filelock-3.4.2+computecanada-py3-none-any.whl
Requirement already satisfied: numpy in /cvmfs/soft.computecanada.ca/easybuild/software/2017/Core/scipy-stack/2019a/lib/python3.7/site-packages (from transformers==2.5.1+computecanada) (1.16.0)
Processing /cvmfs/soft.computecanada.ca/custom/python/wheelhouse/generic/tokenizers-0.5.2+computecanada-cp37-cp37m-linux_x86_64.whl
Processing /cvmfs/soft.computecanada.ca/custom/python/wheelhouse/generic/sentencepiece-0.1.91+computecanada-cp37-cp37m-linux_x86_64.whl
Processing /cvmfs/soft.computecanada.ca/custom/python/wheelhouse/generic/regex-2020.11.13+computecanada-cp37-cp37m-linux_x86_64.whl
Requirement already satisfied: requests in /cvmfs/soft.computecanada.ca/easybuild/software/2017/Core/scipy-stack/2019a/lib/python3.7/site-packages (from transformers==2.5.1+computecanada) (2.21.0)
Processing /cvmfs/soft.computecanada.ca/custom/python/wheelhouse/generic/boto3-1.20.52+computecanada-py3-none-any.whl
Processing /cvmfs/soft.computecanada.ca/custom/python/wheelhouse/generic/jmespath-0.10.0+computecanada-py2.py3-none-any.whl
Processing /cvmfs/soft.computecanada.ca/custom/python/wheelhouse/generic/s3transfer-0.5.1+computecanada-py3-none-any.whl
Processing /cvmfs/soft.computecanada.ca/custom/python/wheelhouse/generic/botocore-1.23.52+computecanada-py3-none-any.whl
Processing /cvmfs/soft.computecanada.ca/custom/python/wheelhouse/generic/urllib3-1.26.8+computecanada-py2.py3-none-any.whl
Requirement already satisfied: python-dateutil<3.0.0,>=2.1 in /cvmfs/soft.computecanada.ca/easybuild/software/2017/Core/scipy-stack/2019a/lib/python3.7/site-packages (from botocore<1.24.0,>=1.23.52->boto3->transformers==2.5.1+computecanada) (2.7.5)
Requirement already satisfied: six>=1.5 in /localscratch/yinan.28944955.0/env/lib/python3.7/site-packages (from python-dateutil<3.0.0,>=2.1->botocore<1.24.0,>=1.23.52->boto3->transformers==2.5.1+computecanada) (1.16.0+computecanada)
Requirement already satisfied: certifi>=2017.4.17 in /cvmfs/soft.computecanada.ca/easybuild/software/2017/Core/scipy-stack/2019a/lib/python3.7/site-packages (from requests->transformers==2.5.1+computecanada) (2018.11.29)
Requirement already satisfied: idna<2.9,>=2.5 in /cvmfs/soft.computecanada.ca/easybuild/software/2017/Core/scipy-stack/2019a/lib/python3.7/site-packages (from requests->transformers==2.5.1+computecanada) (2.8)
Requirement already satisfied: chardet<3.1.0,>=3.0.2 in /cvmfs/soft.computecanada.ca/easybuild/software/2017/Core/scipy-stack/2019a/lib/python3.7/site-packages (from requests->transformers==2.5.1+computecanada) (3.0.4)
Processing /cvmfs/soft.computecanada.ca/custom/python/wheelhouse/generic/requests-2.27.1+computecanada-py2.py3-none-any.whl
Processing /cvmfs/soft.computecanada.ca/custom/python/wheelhouse/generic/charset_normalizer-2.0.11+computecanada-py3-none-any.whl
Requirement already satisfied: click in /localscratch/yinan.28944955.0/env/lib/python3.7/site-packages (from sacremoses->transformers==2.5.1+computecanada) (8.0.3+computecanada)
Processing /cvmfs/soft.computecanada.ca/custom/python/wheelhouse/generic/joblib-1.1.0+computecanada-py2.py3-none-any.whl
Requirement already satisfied: importlib-metadata in /cvmfs/soft.computecanada.ca/easybuild/software/2017/Core/scipy-stack/2019a/lib/python3.7/site-packages (from click->sacremoses->transformers==2.5.1+computecanada) (0.8)
Requirement already satisfied: zipp>=0.3.2 in /cvmfs/soft.computecanada.ca/easybuild/software/2017/Core/scipy-stack/2019a/lib/python3.7/site-packages (from importlib-metadata->click->sacremoses->transformers==2.5.1+computecanada) (0.3.3)
Installing collected packages: urllib3, jmespath, botocore, tqdm, s3transfer, regex, joblib, charset-normalizer, tokenizers, sentencepiece, sacremoses, requests, filelock, boto3, transformers
  Attempting uninstall: urllib3
    Found existing installation: urllib3 1.24.1
    Not uninstalling urllib3 at /cvmfs/soft.computecanada.ca/easybuild/software/2017/Core/scipy-stack/2019a/lib/python3.7/site-packages, outside environment /localscratch/yinan.28944955.0/env
    Can't uninstall 'urllib3'. No files were found to uninstall.
  Attempting uninstall: requests
    Found existing installation: requests 2.21.0
    Not uninstalling requests at /cvmfs/soft.computecanada.ca/easybuild/software/2017/Core/scipy-stack/2019a/lib/python3.7/site-packages, outside environment /localscratch/yinan.28944955.0/env
    Can't uninstall 'requests'. No files were found to uninstall.
Successfully installed boto3-1.20.52+computecanada botocore-1.23.52+computecanada charset-normalizer-2.0.11+computecanada filelock-3.4.2+computecanada jmespath-0.10.0+computecanada joblib-1.1.0+computecanada regex-2020.11.13+computecanada requests-2.27.1+computecanada s3transfer-0.5.1+computecanada sacremoses-0.0.46+computecanada sentencepiece-0.1.91+computecanada tokenizers-0.5.2+computecanada tqdm-4.63.0+computecanada transformers-2.5.1+computecanada urllib3-1.26.8+computecanada
Looking in links: /cvmfs/soft.computecanada.ca/custom/python/wheelhouse/nix/avx2, /cvmfs/soft.computecanada.ca/custom/python/wheelhouse/nix/generic, /cvmfs/soft.computecanada.ca/custom/python/wheelhouse/generic
Processing /cvmfs/soft.computecanada.ca/custom/python/wheelhouse/generic/tensorflow_gpu-2.3.0+computecanada-cp37-cp37m-linux_x86_64.whl
Processing /cvmfs/soft.computecanada.ca/custom/python/wheelhouse/generic/google_pasta-0.2.0+computecanada-py3-none-any.whl
Processing /cvmfs/soft.computecanada.ca/custom/python/wheelhouse/nix/generic/scipy-1.4.1+computecanada-cp37-cp37m-linux_x86_64.whl
Processing /cvmfs/soft.computecanada.ca/custom/python/wheelhouse/generic/gast-0.3.3+computecanada-py3-none-any.whl
Processing /cvmfs/soft.computecanada.ca/custom/python/wheelhouse/generic/grpcio-1.38.0+computecanada-cp37-cp37m-linux_x86_64.whl
Requirement already satisfied: numpy<1.19.0,>=1.16.0 in /cvmfs/soft.computecanada.ca/easybuild/software/2017/Core/scipy-stack/2019a/lib/python3.7/site-packages (from tensorflow_gpu==2.3.0+computecanada) (1.16.0)
Requirement already satisfied: wheel>=0.26 in /localscratch/yinan.28944955.0/env/lib/python3.7/site-packages (from tensorflow_gpu==2.3.0+computecanada) (0.33.4)
Requirement already satisfied: six>=1.12.0 in /localscratch/yinan.28944955.0/env/lib/python3.7/site-packages (from tensorflow_gpu==2.3.0+computecanada) (1.16.0+computecanada)
Requirement already satisfied: termcolor>=1.1.0 in /localscratch/yinan.28944955.0/env/lib/python3.7/site-packages (from tensorflow_gpu==2.3.0+computecanada) (1.1.0+computecanada)
Processing /cvmfs/soft.computecanada.ca/custom/python/wheelhouse/generic/Keras_Preprocessing-1.1.2+computecanada-py3-none-any.whl
Processing /cvmfs/soft.computecanada.ca/custom/python/wheelhouse/generic/opt_einsum-3.3.0+computecanada-py3-none-any.whl
Processing /cvmfs/soft.computecanada.ca/custom/python/wheelhouse/nix/avx2/h5py-2.10.0+computecanada-cp37-cp37m-linux_x86_64.whl
Processing /cvmfs/soft.computecanada.ca/custom/python/wheelhouse/generic/astunparse-1.6.3+computecanada-py2.py3-none-any.whl
Processing /cvmfs/soft.computecanada.ca/custom/python/wheelhouse/generic/tensorboard-2.8.0+computecanada-py3-none-any.whl
Processing /cvmfs/soft.computecanada.ca/custom/python/wheelhouse/generic/wrapt-1.11.2+computecanada-cp37-cp37m-linux_x86_64.whl
Processing /cvmfs/soft.computecanada.ca/custom/python/wheelhouse/generic/absl_py-1.0.0+computecanada-py3-none-any.whl
Requirement already satisfied: protobuf>=3.9.2 in /localscratch/yinan.28944955.0/env/lib/python3.7/site-packages (from tensorflow_gpu==2.3.0+computecanada) (3.19.4+computecanada)
Processing /cvmfs/soft.computecanada.ca/custom/python/wheelhouse/generic/tensorflow_estimator-2.3.0+computecanada-py2.py3-none-any.whl
Requirement already satisfied: setuptools>=41.0.0 in /localscratch/yinan.28944955.0/env/lib/python3.7/site-packages (from tensorboard<3,>=2.3.0->tensorflow_gpu==2.3.0+computecanada) (41.0.1)
Processing /cvmfs/soft.computecanada.ca/custom/python/wheelhouse/generic/tensorboard_data_server-0.6.1+computecanada-py3-none-linux_x86_64.whl
Processing /cvmfs/soft.computecanada.ca/custom/python/wheelhouse/generic/google_auth-2.3.3+computecanada-py2.py3-none-any.whl
Requirement already satisfied: requests<3,>=2.21.0 in /localscratch/yinan.28944955.0/env/lib/python3.7/site-packages (from tensorboard<3,>=2.3.0->tensorflow_gpu==2.3.0+computecanada) (2.27.1+computecanada)
Processing /cvmfs/soft.computecanada.ca/custom/python/wheelhouse/generic/google_auth_oauthlib-0.4.6+computecanada-py2.py3-none-any.whl
Processing /cvmfs/soft.computecanada.ca/custom/python/wheelhouse/generic/Werkzeug-2.0.3+computecanada-py3-none-any.whl
Processing /cvmfs/soft.computecanada.ca/custom/python/wheelhouse/generic/tensorboard_plugin_wit-1.8.0+computecanada-py3-none-any.whl
Processing /cvmfs/soft.computecanada.ca/custom/python/wheelhouse/generic/Markdown-3.3.6+computecanada-py3-none-any.whl
Processing /cvmfs/soft.computecanada.ca/custom/python/wheelhouse/generic/pyasn1_modules-0.2.8+computecanada-py2.py3-none-any.whl
Processing /cvmfs/soft.computecanada.ca/custom/python/wheelhouse/generic/rsa-4.8+computecanada-py3-none-any.whl
Processing /cvmfs/soft.computecanada.ca/custom/python/wheelhouse/generic/cachetools-4.2.4+computecanada-py3-none-any.whl
Processing /cvmfs/soft.computecanada.ca/custom/python/wheelhouse/generic/requests_oauthlib-1.3.0+computecanada-py2.py3-none-any.whl
Processing /cvmfs/soft.computecanada.ca/custom/python/wheelhouse/generic/importlib_metadata-4.10.1+computecanada-py3-none-any.whl
Requirement already satisfied: typing-extensions>=3.6.4 in /localscratch/yinan.28944955.0/env/lib/python3.7/site-packages (from importlib-metadata>=4.4->markdown>=2.6.8->tensorboard<3,>=2.3.0->tensorflow_gpu==2.3.0+computecanada) (4.0.1+computecanada)
Processing /cvmfs/soft.computecanada.ca/custom/python/wheelhouse/generic/zipp-3.7.0+computecanada-py3-none-any.whl
Processing /cvmfs/soft.computecanada.ca/custom/python/wheelhouse/generic/pyasn1-0.4.8+computecanada-py2.py3-none-any.whl
Requirement already satisfied: charset-normalizer~=2.0.0 in /localscratch/yinan.28944955.0/env/lib/python3.7/site-packages (from requests<3,>=2.21.0->tensorboard<3,>=2.3.0->tensorflow_gpu==2.3.0+computecanada) (2.0.11+computecanada)
Requirement already satisfied: urllib3<1.27,>=1.21.1 in /localscratch/yinan.28944955.0/env/lib/python3.7/site-packages (from requests<3,>=2.21.0->tensorboard<3,>=2.3.0->tensorflow_gpu==2.3.0+computecanada) (1.26.8+computecanada)
Requirement already satisfied: certifi>=2017.4.17 in /cvmfs/soft.computecanada.ca/easybuild/software/2017/Core/scipy-stack/2019a/lib/python3.7/site-packages (from requests<3,>=2.21.0->tensorboard<3,>=2.3.0->tensorflow_gpu==2.3.0+computecanada) (2018.11.29)
Requirement already satisfied: idna<4,>=2.5 in /cvmfs/soft.computecanada.ca/easybuild/software/2017/Core/scipy-stack/2019a/lib/python3.7/site-packages (from requests<3,>=2.21.0->tensorboard<3,>=2.3.0->tensorflow_gpu==2.3.0+computecanada) (2.8)
Processing /cvmfs/soft.computecanada.ca/custom/python/wheelhouse/generic/oauthlib-3.1.1+computecanada-py2.py3-none-any.whl
Installing collected packages: pyasn1, zipp, rsa, pyasn1-modules, oauthlib, cachetools, requests-oauthlib, importlib-metadata, google-auth, werkzeug, tensorboard-plugin-wit, tensorboard-data-server, markdown, grpcio, google-auth-oauthlib, absl-py, wrapt, tensorflow-estimator, tensorboard, scipy, opt-einsum, keras-preprocessing, h5py, google-pasta, gast, astunparse, tensorflow-gpu
  Attempting uninstall: pyasn1
    Found existing installation: pyasn1 0.4.3
    Not uninstalling pyasn1 at /cvmfs/soft.computecanada.ca/easybuild/software/2017/Core/scipy-stack/2019a/lib/python3.7/site-packages, outside environment /localscratch/yinan.28944955.0/env
    Can't uninstall 'pyasn1'. No files were found to uninstall.
  Attempting uninstall: zipp
    Found existing installation: zipp 0.3.3
    Not uninstalling zipp at /cvmfs/soft.computecanada.ca/easybuild/software/2017/Core/scipy-stack/2019a/lib/python3.7/site-packages, outside environment /localscratch/yinan.28944955.0/env
    Can't uninstall 'zipp'. No files were found to uninstall.
  Attempting uninstall: importlib-metadata
    Found existing installation: importlib-metadata 0.8
    Not uninstalling importlib-metadata at /cvmfs/soft.computecanada.ca/easybuild/software/2017/Core/scipy-stack/2019a/lib/python3.7/site-packages, outside environment /localscratch/yinan.28944955.0/env
    Can't uninstall 'importlib-metadata'. No files were found to uninstall.
  Attempting uninstall: scipy
    Found existing installation: scipy 1.2.0
    Not uninstalling scipy at /cvmfs/soft.computecanada.ca/easybuild/software/2017/Core/scipy-stack/2019a/lib/python3.7/site-packages, outside environment /localscratch/yinan.28944955.0/env
    Can't uninstall 'scipy'. No files were found to uninstall.
Successfully installed absl-py-1.0.0+computecanada astunparse-1.6.3+computecanada cachetools-4.2.4+computecanada gast-0.3.3+computecanada google-auth-2.3.3+computecanada google-auth-oauthlib-0.4.6+computecanada google-pasta-0.2.0+computecanada grpcio-1.38.0+computecanada h5py-2.10.0+computecanada importlib-metadata-4.10.1+computecanada keras-preprocessing-1.1.2+computecanada markdown-3.3.6+computecanada oauthlib-3.1.1+computecanada opt-einsum-3.3.0+computecanada pyasn1-0.4.8+computecanada pyasn1-modules-0.2.8+computecanada requests-oauthlib-1.3.0+computecanada rsa-4.8+computecanada scipy-1.4.1+computecanada tensorboard-2.8.0+computecanada tensorboard-data-server-0.6.1+computecanada tensorboard-plugin-wit-1.8.0+computecanada tensorflow-estimator-2.3.0+computecanada tensorflow-gpu-2.3.0+computecanada werkzeug-2.0.3+computecanada wrapt-1.11.2+computecanada zipp-3.7.0+computecanada
Looking in links: /cvmfs/soft.computecanada.ca/custom/python/wheelhouse/nix/avx2, /cvmfs/soft.computecanada.ca/custom/python/wheelhouse/nix/generic, /cvmfs/soft.computecanada.ca/custom/python/wheelhouse/generic
Processing /cvmfs/soft.computecanada.ca/custom/python/wheelhouse/generic/keras-2.8.0+computecanada-py2.py3-none-any.whl
Installing collected packages: Keras
Successfully installed Keras-2.8.0+computecanada
Looking in links: /cvmfs/soft.computecanada.ca/custom/python/wheelhouse/nix/avx2, /cvmfs/soft.computecanada.ca/custom/python/wheelhouse/nix/generic, /cvmfs/soft.computecanada.ca/custom/python/wheelhouse/generic
Processing /cvmfs/soft.computecanada.ca/custom/python/wheelhouse/generic/urllib3-1.26.7+computecanada-py2.py3-none-any.whl
Installing collected packages: urllib3
  Attempting uninstall: urllib3
    Found existing installation: urllib3 1.26.8+computecanada
    Uninstalling urllib3-1.26.8+computecanada:
      Successfully uninstalled urllib3-1.26.8+computecanada
Successfully installed urllib3-1.26.7+computecanada
Looking in links: /cvmfs/soft.computecanada.ca/custom/python/wheelhouse/nix/avx2, /cvmfs/soft.computecanada.ca/custom/python/wheelhouse/nix/generic, /cvmfs/soft.computecanada.ca/custom/python/wheelhouse/generic
Processing /cvmfs/soft.computecanada.ca/custom/python/wheelhouse/generic/nltk-3.7+computecanada-py3-none-any.whl
Requirement already satisfied: joblib in /localscratch/yinan.28944955.0/env/lib/python3.7/site-packages (from nltk) (1.1.0+computecanada)
Processing /cvmfs/soft.computecanada.ca/custom/python/wheelhouse/generic/nltk-3.6.5+computecanada-py3-none-any.whl
Processing /cvmfs/soft.computecanada.ca/custom/python/wheelhouse/generic/nltk-3.6.3+computecanada-py3-none-any.whl
Requirement already satisfied: click in /localscratch/yinan.28944955.0/env/lib/python3.7/site-packages (from nltk) (8.0.3+computecanada)
Requirement already satisfied: regex in /localscratch/yinan.28944955.0/env/lib/python3.7/site-packages (from nltk) (2020.11.13+computecanada)
Requirement already satisfied: tqdm in /localscratch/yinan.28944955.0/env/lib/python3.7/site-packages (from nltk) (4.63.0+computecanada)
Requirement already satisfied: importlib-metadata in /localscratch/yinan.28944955.0/env/lib/python3.7/site-packages (from click->nltk) (4.10.1+computecanada)
Requirement already satisfied: typing-extensions>=3.6.4 in /localscratch/yinan.28944955.0/env/lib/python3.7/site-packages (from importlib-metadata->click->nltk) (4.0.1+computecanada)
Requirement already satisfied: zipp>=0.5 in /localscratch/yinan.28944955.0/env/lib/python3.7/site-packages (from importlib-metadata->click->nltk) (3.7.0+computecanada)
Installing collected packages: nltk
Successfully installed nltk-3.6.3+computecanada
Looking in links: /cvmfs/soft.computecanada.ca/custom/python/wheelhouse/nix/avx2, /cvmfs/soft.computecanada.ca/custom/python/wheelhouse/nix/generic, /cvmfs/soft.computecanada.ca/custom/python/wheelhouse/generic
Processing /cvmfs/soft.computecanada.ca/custom/python/wheelhouse/generic/scikit_learn-0.22.1+computecanada-cp37-cp37m-linux_x86_64.whl
Requirement already satisfied: numpy>=1.11.0 in /cvmfs/soft.computecanada.ca/easybuild/software/2017/Core/scipy-stack/2019a/lib/python3.7/site-packages (from scikit-learn==0.22.1) (1.16.0)
Requirement already satisfied: scipy>=0.17.0 in /localscratch/yinan.28944955.0/env/lib/python3.7/site-packages (from scikit-learn==0.22.1) (1.4.1+computecanada)
Requirement already satisfied: joblib>=0.11 in /localscratch/yinan.28944955.0/env/lib/python3.7/site-packages (from scikit-learn==0.22.1) (1.1.0+computecanada)
Installing collected packages: scikit-learn
Successfully installed scikit-learn-0.22.1+computecanada
Looking in links: /cvmfs/soft.computecanada.ca/custom/python/wheelhouse/nix/avx2, /cvmfs/soft.computecanada.ca/custom/python/wheelhouse/nix/generic, /cvmfs/soft.computecanada.ca/custom/python/wheelhouse/generic
Requirement already satisfied: tokenizers==0.5.2 in /localscratch/yinan.28944955.0/env/lib/python3.7/site-packages (0.5.2+computecanada)
wandb: Appending key for api.wandb.ai to your netrc file: /home/yinan/.netrc
Starting Task
2022-03-14 23:09:55.087073: I tensorflow/stream_executor/platform/default/dso_loader.cc:48] Successfully opened dynamic library libcudart.so.10.1
[nltk_data] Downloading package stopwords to /home/yinan/nltk_data...
[nltk_data]   Package stopwords is already up-to-date!
[nltk_data] Downloading package wordnet to /home/yinan/nltk_data...
[nltk_data]   Package wordnet is already up-to-date!
wandb: Currently logged in as: yinanazhou (use `wandb login --relogin` to force relogin)
wandb: wandb version 0.12.11 is available!  To upgrade, please run:
wandb:  $ pip install wandb --upgrade
2022-03-14 23:10:10.457004: I tensorflow/stream_executor/platform/default/dso_loader.cc:48] Successfully opened dynamic library libcudart.so.10.1
wandb: Tracking run with wandb version 0.12.5
wandb: Syncing run devout-puddle-2
wandb: ‚≠êÔ∏è View project at https://wandb.ai/yinanazhou/xl_512_bs_8_lr_1e06_es_5_lc_True_nr_False_sr_False_stem_False_lemma_True_repeat_1_fold_1
wandb: üöÄ View run at https://wandb.ai/yinanazhou/xl_512_bs_8_lr_1e06_es_5_lc_True_nr_False_sr_False_stem_False_lemma_True_repeat_1_fold_1/runs/3a5exw0l
wandb: Run data is saved locally in /project/6002780/yinan/Thesis_MER_Lyrics/lyric-emotion/wandb/run-20220314_231008-3a5exw0l
wandb: Run `wandb offline` to turn off syncing.

Validation loss decreased (inf --> 1.433387).  Saving model ...
Validation loss decreased (1.433387 --> 1.413981).  Saving model ...
Validation loss decreased (1.413981 --> 1.397822).  Saving model ...
Validation loss decreased (1.397822 --> 1.384927).  Saving model ...
Validation loss decreased (1.384927 --> 1.374721).  Saving model ...
Validation loss decreased (1.374721 --> 1.365957).  Saving model ...
Validation loss decreased (1.365957 --> 1.358616).  Saving model ...
Validation loss decreased (1.358616 --> 1.352624).  Saving model ...
Validation loss decreased (1.352624 --> 1.347371).  Saving model ...
Validation loss decreased (1.347371 --> 1.341487).  Saving model ...
Validation loss decreased (1.341487 --> 1.335491).  Saving model ...
Validation loss decreased (1.335491 --> 1.330084).  Saving model ...
Validation loss decreased (1.330084 --> 1.324555).  Saving model ...
Validation loss decreased (1.324555 --> 1.319240).  Saving model ...
Validation loss decreased (1.319240 --> 1.314237).  Saving model ...
Validation loss decreased (1.314237 --> 1.308590).  Saving model ...
Validation loss decreased (1.308590 --> 1.303107).  Saving model ...
Validation loss decreased (1.303107 --> 1.296859).  Saving model ...
Validation loss decreased (1.296859 --> 1.290189).  Saving model ...
Validation loss decreased (1.290189 --> 1.282792).  Saving model ...
Validation loss decreased (1.282792 --> 1.275819).  Saving model ...
Validation loss decreased (1.275819 --> 1.268752).  Saving model ...
Validation loss decreased (1.268752 --> 1.262562).  Saving model ...
Validation loss decreased (1.262562 --> 1.255516).  Saving model ...
Validation loss decreased (1.255516 --> 1.247164).  Saving model ...
Validation loss decreased (1.247164 --> 1.239761).  Saving model ...
Validation loss decreased (1.239761 --> 1.233390).  Saving model ...
Validation loss decreased (1.233390 --> 1.226658).  Saving model ...
Validation loss decreased (1.226658 --> 1.220915).  Saving model ...
Validation loss decreased (1.220915 --> 1.215830).  Saving model ...
Validation loss decreased (1.215830 --> 1.207669).  Saving model ...
Validation loss decreased (1.207669 --> 1.203214).  Saving model ...
Validation loss decreased (1.203214 --> 1.200058).  Saving model ...
Validation loss decreased (1.200058 --> 1.193948).  Saving model ...
Validation loss decreased (1.193948 --> 1.186832).  Saving model ...
Validation loss decreased (1.186832 --> 1.183043).  Saving model ...
Validation loss decreased (1.183043 --> 1.175233).  Saving model ...
Validation loss decreased (1.175233 --> 1.170703).  Saving model ...
Validation loss decreased (1.170703 --> 1.168870).  Saving model ...
Validation loss decreased (1.168870 --> 1.166053).  Saving model ...
Validation loss decreased (1.166053 --> 1.161387).  Saving model ...
Validation loss decreased (1.161387 --> 1.154649).  Saving model ...
Validation loss decreased (1.154649 --> 1.151328).  Saving model ...
Validation loss decreased (1.151328 --> 1.147662).  Saving model ...
Validation loss decreased (1.147662 --> 1.144545).  Saving model ...
Validation loss decreased (1.144545 --> 1.139429).  Saving model ...
Validation loss decreased (1.139429 --> 1.135583).  Saving model ...
Validation loss decreased (1.135583 --> 1.132313).  Saving model ...
Validation loss decreased (1.132313 --> 1.126347).  Saving model ...
Validation loss decreased (1.126347 --> 1.123219).  Saving model ...
Validation loss decreased (1.123219 --> 1.117370).  Saving model ...
Validation loss decreased (1.117370 --> 1.114682).  Saving model ...
Validation loss decreased (1.114682 --> 1.112565).  Saving model ...
Validation loss decreased (1.112565 --> 1.108434).  Saving model ...
EarlyStopping counter: 1 out of 5.0
Validation loss decreased (1.108434 --> 1.104441).  Saving model ...
Validation loss decreased (1.104441 --> 1.099149).  Saving model ...
Validation loss decreased (1.099149 --> 1.093575).  Saving model ...
Validation loss decreased (1.093575 --> 1.088544).  Saving model ...
EarlyStopping counter: 1 out of 5.0
Validation loss decreased (1.088544 --> 1.088525).  Saving model ...
Validation loss decreased (1.088525 --> 1.084370).  Saving model ...
Validation loss decreased (1.084370 --> 1.080092).  Saving model ...
Validation loss decreased (1.080092 --> 1.076291).  Saving model ...
Validation loss decreased (1.076291 --> 1.076033).  Saving model ...
Validation loss decreased (1.076033 --> 1.072529).  Saving model ...
Validation loss decreased (1.072529 --> 1.070793).  Saving model ...
Validation loss decreased (1.070793 --> 1.066482).  Saving model ...
Validation loss decreased (1.066482 --> 1.062048).  Saving model ...
Validation loss decreased (1.062048 --> 1.059040).  Saving model ...
Validation loss decreased (1.059040 --> 1.055943).  Saving model ...
Validation loss decreased (1.055943 --> 1.053744).  Saving model ...
Validation loss decreased (1.053744 --> 1.053065).  Saving model ...
Validation loss decreased (1.053065 --> 1.049087).  Saving model ...
Validation loss decreased (1.049087 --> 1.046876).  Saving model ...
Validation loss decreased (1.046876 --> 1.045297).  Saving model ...
Validation loss decreased (1.045297 --> 1.042906).  Saving model ...
Validation loss decreased (1.042906 --> 1.040165).  Saving model ...
Validation loss decreased (1.040165 --> 1.037659).  Saving model ...
Validation loss decreased (1.037659 --> 1.034924).  Saving model ...
EarlyStopping counter: 1 out of 5.0
EarlyStopping counter: 2 out of 5.0
EarlyStopping counter: 3 out of 5.0
Validation loss decreased (1.034924 --> 1.032577).  Saving model ...
Validation loss decreased (1.032577 --> 1.028134).  Saving model ...
Validation loss decreased (1.028134 --> 1.025002).  Saving model ...
Validation loss decreased (1.025002 --> 1.021671).  Saving model ...
EarlyStopping counter: 1 out of 5.0
Validation loss decreased (1.021671 --> 1.021181).  Saving model ...
Validation loss decreased (1.021181 --> 1.019643).  Saving model ...
Validation loss decreased (1.019643 --> 1.015952).  Saving model ...
Validation loss decreased (1.015952 --> 1.011357).  Saving model ...
EarlyStopping counter: 1 out of 5.0
EarlyStopping counter: 2 out of 5.0
EarlyStopping counter: 3 out of 5.0
Validation loss decreased (1.011357 --> 1.010495).  Saving model ...
Validation loss decreased (1.010495 --> 1.009749).  Saving model ...
Validation loss decreased (1.009749 --> 1.006114).  Saving model ...
EarlyStopping counter: 1 out of 5.0
Validation loss decreased (1.006114 --> 1.005783).  Saving model ...
Validation loss decreased (1.005783 --> 1.003774).  Saving model ...
EarlyStopping counter: 1 out of 5.0
EarlyStopping counter: 2 out of 5.0
EarlyStopping counter: 3 out of 5.0
Validation loss decreased (1.003774 --> 1.002238).  Saving model ...
Validation loss decreased (1.002238 --> 0.998459).  Saving model ...
EarlyStopping counter: 1 out of 5.0
EarlyStopping counter: 2 out of 5.0
Validation loss decreased (0.998459 --> 0.996030).  Saving model ...
Validation loss decreased (0.996030 --> 0.992690).  Saving model ...
Validation loss decreased (0.992690 --> 0.991956).  Saving model ...
EarlyStopping counter: 1 out of 5.0
EarlyStopping counter: 2 out of 5.0
EarlyStopping counter: 3 out of 5.0
EarlyStopping counter: 4 out of 5.0
EarlyStopping counter: 5 out of 5.0
/localscratch/yinan.28944955.0/env/lib/python3.7/site-packages/torch/nn/functional.py:1794: UserWarning: nn.functional.tanh is deprecated. Use torch.tanh instead.
  warnings.warn("nn.functional.tanh is deprecated. Use torch.tanh instead.")
/localscratch/yinan.28944955.0/env/lib/python3.7/site-packages/transformers/optimization.py:155: UserWarning: This overload of add_ is deprecated:
	add_(Number alpha, Tensor other)
Consider using one of the following signatures instead:
	add_(Tensor other, *, Number alpha) (Triggered internally at  ../torch/csrc/utils/python_arg_parser.cpp:1025.)
  exp_avg.mul_(beta1).add_(1.0 - beta1, grad)
wandb: Waiting for W&B process to finish, PID 257563... (success).
wandb: - 0.00MB of 0.00MB uploaded (0.00MB deduped)wandb: \ 0.00MB of 0.00MB uploaded (0.00MB deduped)wandb: | 0.00MB of 0.00MB uploaded (0.00MB deduped)wandb: / 0.00MB of 0.00MB uploaded (0.00MB deduped)wandb: - 0.00MB of 0.00MB uploaded (0.00MB deduped)wandb: \ 0.00MB of 0.00MB uploaded (0.00MB deduped)wandb: | 0.00MB of 0.00MB uploaded (0.00MB deduped)wandb: / 0.00MB of 0.00MB uploaded (0.00MB deduped)wandb: - 0.00MB of 0.00MB uploaded (0.00MB deduped)wandb: \ 0.00MB of 0.00MB uploaded (0.00MB deduped)wandb: | 0.00MB of 0.00MB uploaded (0.00MB deduped)wandb: / 0.00MB of 0.00MB uploaded (0.00MB deduped)wandb: - 0.00MB of 0.00MB uploaded (0.00MB deduped)wandb:                                                                                
wandb: Run history:
wandb:     e_F1 ‚ñÅ‚ñÅ‚ñÉ‚ñÑ‚ñÖ‚ñÖ‚ñÜ‚ñÜ‚ñÜ‚ñÜ‚ñÜ‚ñÜ‚ñÜ‚ñÜ‚ñÜ‚ñá‚ñá‚ñá‚ñá‚ñá‚ñá‚ñá‚ñá‚ñá‚ñá‚ñá‚ñá‚ñá‚ñà‚ñà‚ñà‚ñà‚ñà‚ñà‚ñà‚ñà‚ñà‚ñà‚ñà‚ñà
wandb:   e_loss ‚ñà‚ñá‚ñá‚ñá‚ñÜ‚ñÜ‚ñÜ‚ñÖ‚ñÖ‚ñÖ‚ñÖ‚ñÑ‚ñÑ‚ñÑ‚ñÑ‚ñÉ‚ñÉ‚ñÉ‚ñÉ‚ñÉ‚ñÉ‚ñÇ‚ñÇ‚ñÇ‚ñÇ‚ñÇ‚ñÇ‚ñÇ‚ñÇ‚ñÇ‚ñÅ‚ñÅ‚ñÅ‚ñÅ‚ñÅ‚ñÅ‚ñÅ‚ñÅ‚ñÅ‚ñÅ
wandb:     t_F1 ‚ñÅ‚ñÅ‚ñÇ‚ñÇ‚ñÉ‚ñÉ‚ñÑ‚ñÑ‚ñÑ‚ñÑ‚ñÖ‚ñÖ‚ñÖ‚ñÖ‚ñÖ‚ñÜ‚ñÜ‚ñÖ‚ñÜ‚ñÜ‚ñÜ‚ñÜ‚ñÜ‚ñá‚ñá‚ñá‚ñá‚ñá‚ñá‚ñá‚ñá‚ñà‚ñá‚ñá‚ñà‚ñà‚ñá‚ñà‚ñà‚ñà
wandb:   t_loss ‚ñà‚ñà‚ñá‚ñá‚ñá‚ñá‚ñá‚ñÜ‚ñÜ‚ñÜ‚ñÖ‚ñÖ‚ñÖ‚ñÖ‚ñÑ‚ñÑ‚ñÑ‚ñÑ‚ñÑ‚ñÑ‚ñÉ‚ñÉ‚ñÉ‚ñÉ‚ñÉ‚ñÇ‚ñÉ‚ñÇ‚ñÇ‚ñÇ‚ñÇ‚ñÇ‚ñÇ‚ñÇ‚ñÅ‚ñÅ‚ñÅ‚ñÅ‚ñÅ‚ñÅ
wandb: 
wandb: Run summary:
wandb:     e_F1 58.74583
wandb:   e_loss 0.99325
wandb:     t_F1 68.501
wandb:   t_loss 0.80027
wandb: 
wandb: Synced 4 W&B file(s), 0 media file(s), 0 artifact file(s) and 0 other file(s)
wandb: Synced devout-puddle-2: https://wandb.ai/yinanazhou/xl_512_bs_8_lr_1e06_es_5_lc_True_nr_False_sr_False_stem_False_lemma_True_repeat_1_fold_1/runs/3a5exw0l
wandb: Find logs at: ./wandb/run-20220314_231008-3a5exw0l/logs/debug.log
wandb: 

wandb: wandb version 0.12.11 is available!  To upgrade, please run:
wandb:  $ pip install wandb --upgrade
2022-03-15 00:25:31.355097: I tensorflow/stream_executor/platform/default/dso_loader.cc:48] Successfully opened dynamic library libcudart.so.10.1
wandb: Tracking run with wandb version 0.12.5
wandb: Syncing run fallen-disco-2
wandb: ‚≠êÔ∏è View project at https://wandb.ai/yinanazhou/xl_512_bs_8_lr_1e06_es_5_lc_True_nr_False_sr_False_stem_False_lemma_True_repeat_1_fold_2
wandb: üöÄ View run at https://wandb.ai/yinanazhou/xl_512_bs_8_lr_1e06_es_5_lc_True_nr_False_sr_False_stem_False_lemma_True_repeat_1_fold_2/runs/123k058w
wandb: Run data is saved locally in /project/6002780/yinan/Thesis_MER_Lyrics/lyric-emotion/wandb/run-20220315_002528-123k058w
wandb: Run `wandb offline` to turn off syncing.
wandb: Network error (ReadTimeout), entering retry loop.

Validation loss decreased (inf --> 1.390527).  Saving model ...
Validation loss decreased (1.390527 --> 1.378385).  Saving model ...
Validation loss decreased (1.378385 --> 1.370073).  Saving model ...
Validation loss decreased (1.370073 --> 1.363025).  Saving model ...
Validation loss decreased (1.363025 --> 1.357291).  Saving model ...
Validation loss decreased (1.357291 --> 1.352726).  Saving model ...
Validation loss decreased (1.352726 --> 1.348511).  Saving model ...
Validation loss decreased (1.348511 --> 1.343617).  Saving model ...
Validation loss decreased (1.343617 --> 1.338970).  Saving model ...
Validation loss decreased (1.338970 --> 1.334084).  Saving model ...
Validation loss decreased (1.334084 --> 1.329531).  Saving model ...
Validation loss decreased (1.329531 --> 1.324806).  Saving model ...
Validation loss decreased (1.324806 --> 1.320026).  Saving model ...
Validation loss decreased (1.320026 --> 1.314950).  Saving model ...
Validation loss decreased (1.314950 --> 1.309706).  Saving model ...
Validation loss decreased (1.309706 --> 1.304918).  Saving model ...
Validation loss decreased (1.304918 --> 1.299338).  Saving model ...
Validation loss decreased (1.299338 --> 1.293151).  Saving model ...
Validation loss decreased (1.293151 --> 1.287251).  Saving model ...
Validation loss decreased (1.287251 --> 1.280917).  Saving model ...
Validation loss decreased (1.280917 --> 1.274582).  Saving model ...
Validation loss decreased (1.274582 --> 1.268513).  Saving model ...
Validation loss decreased (1.268513 --> 1.262025).  Saving model ...
Validation loss decreased (1.262025 --> 1.255214).  Saving model ...
Validation loss decreased (1.255214 --> 1.247452).  Saving model ...
Validation loss decreased (1.247452 --> 1.240377).  Saving model ...
Validation loss decreased (1.240377 --> 1.233637).  Saving model ...
Validation loss decreased (1.233637 --> 1.226385).  Saving model ...
Validation loss decreased (1.226385 --> 1.218541).  Saving model ...
Validation loss decreased (1.218541 --> 1.210968).  Saving model ...
Validation loss decreased (1.210968 --> 1.201808).  Saving model ...
Validation loss decreased (1.201808 --> 1.194610).  Saving model ...
Validation loss decreased (1.194610 --> 1.186763).  Saving model ...
Validation loss decreased (1.186763 --> 1.179117).  Saving model ...
Validation loss decreased (1.179117 --> 1.171656).  Saving model ...
Validation loss decreased (1.171656 --> 1.164217).  Saving model ...
Validation loss decreased (1.164217 --> 1.157620).  Saving model ...
Validation loss decreased (1.157620 --> 1.151104).  Saving model ...
Validation loss decreased (1.151104 --> 1.144797).  Saving model ...
Validation loss decreased (1.144797 --> 1.137997).  Saving model ...
Validation loss decreased (1.137997 --> 1.131534).  Saving model ...
Validation loss decreased (1.131534 --> 1.125442).  Saving model ...
Validation loss decreased (1.125442 --> 1.118368).  Saving model ...
Validation loss decreased (1.118368 --> 1.112332).  Saving model ...
Validation loss decreased (1.112332 --> 1.105845).  Saving model ...
Validation loss decreased (1.105845 --> 1.101155).  Saving model ...
Validation loss decreased (1.101155 --> 1.095415).  Saving model ...
Validation loss decreased (1.095415 --> 1.092126).  Saving model ...
Validation loss decreased (1.092126 --> 1.089042).  Saving model ...
Validation loss decreased (1.089042 --> 1.082868).  Saving model ...
Validation loss decreased (1.082868 --> 1.076440).  Saving model ...
Validation loss decreased (1.076440 --> 1.073447).  Saving model ...
Validation loss decreased (1.073447 --> 1.069317).  Saving model ...
Validation loss decreased (1.069317 --> 1.065419).  Saving model ...
Validation loss decreased (1.065419 --> 1.061552).  Saving model ...
Validation loss decreased (1.061552 --> 1.054768).  Saving model ...
Validation loss decreased (1.054768 --> 1.048972).  Saving model ...
Validation loss decreased (1.048972 --> 1.045963).  Saving model ...
Validation loss decreased (1.045963 --> 1.044283).  Saving model ...
Validation loss decreased (1.044283 --> 1.040600).  Saving model ...
Validation loss decreased (1.040600 --> 1.035460).  Saving model ...
Validation loss decreased (1.035460 --> 1.031657).  Saving model ...
Validation loss decreased (1.031657 --> 1.028923).  Saving model ...
Validation loss decreased (1.028923 --> 1.025849).  Saving model ...
Validation loss decreased (1.025849 --> 1.022593).  Saving model ...
Validation loss decreased (1.022593 --> 1.020800).  Saving model ...
Validation loss decreased (1.020800 --> 1.015635).  Saving model ...
Validation loss decreased (1.015635 --> 1.012528).  Saving model ...
Validation loss decreased (1.012528 --> 1.009974).  Saving model ...
Validation loss decreased (1.009974 --> 1.007811).  Saving model ...
Validation loss decreased (1.007811 --> 1.003059).  Saving model ...
Validation loss decreased (1.003059 --> 1.001073).  Saving model ...
Validation loss decreased (1.001073 --> 0.998658).  Saving model ...
Validation loss decreased (0.998658 --> 0.996488).  Saving model ...
Validation loss decreased (0.996488 --> 0.993305).  Saving model ...
Validation loss decreased (0.993305 --> 0.991376).  Saving model ...
Validation loss decreased (0.991376 --> 0.989603).  Saving model ...
Validation loss decreased (0.989603 --> 0.987677).  Saving model ...
Validation loss decreased (0.987677 --> 0.987401).  Saving model ...
Validation loss decreased (0.987401 --> 0.986716).  Saving model ...
Validation loss decreased (0.986716 --> 0.984186).  Saving model ...
Validation loss decreased (0.984186 --> 0.981996).  Saving model ...
Validation loss decreased (0.981996 --> 0.981608).  Saving model ...
Validation loss decreased (0.981608 --> 0.978813).  Saving model ...
Validation loss decreased (0.978813 --> 0.978789).  Saving model ...
Validation loss decreased (0.978789 --> 0.975276).  Saving model ...
EarlyStopping counter: 1 out of 5.0
EarlyStopping counter: 2 out of 5.0
Validation loss decreased (0.975276 --> 0.973511).  Saving model ...
EarlyStopping counter: 1 out of 5.0
Validation loss decreased (0.973511 --> 0.970240).  Saving model ...
Validation loss decreased (0.970240 --> 0.967145).  Saving model ...
Validation loss decreased (0.967145 --> 0.966215).  Saving model ...
Validation loss decreased (0.966215 --> 0.965160).  Saving model ...
Validation loss decreased (0.965160 --> 0.963797).  Saving model ...
Validation loss decreased (0.963797 --> 0.962181).  Saving model ...
Validation loss decreased (0.962181 --> 0.961057).  Saving model ...
EarlyStopping counter: 1 out of 5.0
Validation loss decreased (0.961057 --> 0.959135).  Saving model ...
EarlyStopping counter: 1 out of 5.0
EarlyStopping counter: 2 out of 5.0
Validation loss decreased (0.959135 --> 0.958707).  Saving model ...
Validation loss decreased (0.958707 --> 0.958263).  Saving model ...
EarlyStopping counter: 1 out of 5.0
Validation loss decreased (0.958263 --> 0.958021).  Saving model ...
Validation loss decreased (0.958021 --> 0.957726).  Saving model ...
Validation loss decreased (0.957726 --> 0.957080).  Saving model ...
EarlyStopping counter: 1 out of 5.0
EarlyStopping counter: 2 out of 5.0
EarlyStopping counter: 3 out of 5.0
Validation loss decreased (0.957080 --> 0.954874).  Saving model ...
EarlyStopping counter: 1 out of 5.0
EarlyStopping counter: 2 out of 5.0
EarlyStopping counter: 3 out of 5.0
EarlyStopping counter: 4 out of 5.0
Validation loss decreased (0.954874 --> 0.954717).  Saving model ...
EarlyStopping counter: 1 out of 5.0
EarlyStopping counter: 2 out of 5.0
EarlyStopping counter: 3 out of 5.0
EarlyStopping counter: 4 out of 5.0
EarlyStopping counter: 5 out of 5.0
/localscratch/yinan.28944955.0/env/lib/python3.7/site-packages/torch/nn/functional.py:1794: UserWarning: nn.functional.tanh is deprecated. Use torch.tanh instead.
  warnings.warn("nn.functional.tanh is deprecated. Use torch.tanh instead.")
wandb: Waiting for W&B process to finish, PID 261651... (success).
wandb: - 0.00MB of 0.00MB uploaded (0.00MB deduped)wandb: \ 0.00MB of 0.00MB uploaded (0.00MB deduped)wandb: | 0.00MB of 0.00MB uploaded (0.00MB deduped)wandb: / 0.00MB of 0.00MB uploaded (0.00MB deduped)wandb: - 0.00MB of 0.00MB uploaded (0.00MB deduped)wandb: \ 0.00MB of 0.00MB uploaded (0.00MB deduped)wandb: | 0.00MB of 0.00MB uploaded (0.00MB deduped)wandb: / 0.00MB of 0.00MB uploaded (0.00MB deduped)wandb: - 0.00MB of 0.00MB uploaded (0.00MB deduped)wandb: \ 0.00MB of 0.00MB uploaded (0.00MB deduped)wandb: | 0.00MB of 0.00MB uploaded (0.00MB deduped)wandb: / 0.00MB of 0.00MB uploaded (0.00MB deduped)wandb: - 0.00MB of 0.00MB uploaded (0.00MB deduped)wandb:                                                                                
wandb: Run history:
wandb:     e_F1 ‚ñÅ‚ñÑ‚ñÑ‚ñÖ‚ñÖ‚ñÖ‚ñÜ‚ñÜ‚ñÜ‚ñÜ‚ñÜ‚ñá‚ñá‚ñá‚ñá‚ñá‚ñá‚ñá‚ñá‚ñà‚ñà‚ñá‚ñà‚ñà‚ñà‚ñà‚ñà‚ñà‚ñà‚ñà‚ñà‚ñà‚ñà‚ñà‚ñà‚ñà‚ñà‚ñà‚ñà‚ñà
wandb:   e_loss ‚ñà‚ñà‚ñá‚ñá‚ñá‚ñá‚ñÜ‚ñÜ‚ñÜ‚ñÖ‚ñÖ‚ñÖ‚ñÑ‚ñÑ‚ñÑ‚ñÉ‚ñÉ‚ñÉ‚ñÉ‚ñÇ‚ñÇ‚ñÇ‚ñÇ‚ñÇ‚ñÇ‚ñÇ‚ñÅ‚ñÅ‚ñÅ‚ñÅ‚ñÅ‚ñÅ‚ñÅ‚ñÅ‚ñÅ‚ñÅ‚ñÅ‚ñÅ‚ñÅ‚ñÅ
wandb:     t_F1 ‚ñÅ‚ñÇ‚ñÇ‚ñÉ‚ñÉ‚ñÉ‚ñÉ‚ñÉ‚ñÑ‚ñÑ‚ñÖ‚ñÖ‚ñÖ‚ñÖ‚ñÜ‚ñÖ‚ñÜ‚ñÜ‚ñá‚ñá‚ñá‚ñá‚ñÜ‚ñá‚ñá‚ñá‚ñá‚ñá‚ñá‚ñá‚ñá‚ñà‚ñà‚ñà‚ñà‚ñà‚ñà‚ñá‚ñá‚ñà
wandb:   t_loss ‚ñà‚ñà‚ñà‚ñá‚ñá‚ñá‚ñá‚ñá‚ñá‚ñÜ‚ñÜ‚ñÜ‚ñÜ‚ñÖ‚ñÖ‚ñÖ‚ñÑ‚ñÑ‚ñÑ‚ñÑ‚ñÑ‚ñÑ‚ñÑ‚ñÉ‚ñÉ‚ñÉ‚ñÉ‚ñÇ‚ñÇ‚ñÇ‚ñÇ‚ñÇ‚ñÇ‚ñÇ‚ñÇ‚ñÇ‚ñÅ‚ñÇ‚ñÅ‚ñÅ
wandb: 
wandb: Run summary:
wandb:     e_F1 59.00525
wandb:   e_loss 0.9567
wandb:     t_F1 70.965
wandb:   t_loss 0.77506
wandb: 
wandb: Synced 4 W&B file(s), 0 media file(s), 0 artifact file(s) and 0 other file(s)
wandb: Synced fallen-disco-2: https://wandb.ai/yinanazhou/xl_512_bs_8_lr_1e06_es_5_lc_True_nr_False_sr_False_stem_False_lemma_True_repeat_1_fold_2/runs/123k058w
wandb: Find logs at: ./wandb/run-20220315_002528-123k058w/logs/debug.log
wandb: 

wandb: wandb version 0.12.11 is available!  To upgrade, please run:
wandb:  $ pip install wandb --upgrade
2022-03-15 01:45:34.945985: I tensorflow/stream_executor/platform/default/dso_loader.cc:48] Successfully opened dynamic library libcudart.so.10.1
wandb: Tracking run with wandb version 0.12.5
wandb: Syncing run glad-haze-2
wandb: ‚≠êÔ∏è View project at https://wandb.ai/yinanazhou/xl_512_bs_8_lr_1e06_es_5_lc_True_nr_False_sr_False_stem_False_lemma_True_repeat_2_fold_1
wandb: üöÄ View run at https://wandb.ai/yinanazhou/xl_512_bs_8_lr_1e06_es_5_lc_True_nr_False_sr_False_stem_False_lemma_True_repeat_2_fold_1/runs/r099ijo6
wandb: Run data is saved locally in /project/6002780/yinan/Thesis_MER_Lyrics/lyric-emotion/wandb/run-20220315_014532-r099ijo6
wandb: Run `wandb offline` to turn off syncing.
/localscratch/yinan.28944955.0/env/lib/python3.7/site-packages/torch/nn/functional.py:1794: UserWarning: nn.functional.tanh is deprecated. Use torch.tanh instead.

  warnings.warn("nn.functional.tanh is deprecated. Use torch.tanh instead.")
Exception in thread Thread-26:
Traceback (most recent call last):
  File "/cvmfs/soft.computecanada.ca/easybuild/software/2017/Core/python/3.7.4/lib/python3.7/threading.py", line 926, in _bootstrap_inner
    self.run()
  File "/cvmfs/soft.computecanada.ca/easybuild/software/2017/Core/python/3.7.4/lib/python3.7/threading.py", line 870, in run
    self._target(*self._args, **self._kwargs)
  File "/localscratch/yinan.28944955.0/env/lib/python3.7/site-packages/wandb/sdk/wandb_run.py", line 149, in check_network_status
    status_response = self._interface.communicate_network_status()
  File "/localscratch/yinan.28944955.0/env/lib/python3.7/site-packages/wandb/sdk/interface/interface.py", line 125, in communicate_network_status
    resp = self._communicate_network_status(status)
  File "/localscratch/yinan.28944955.0/env/lib/python3.7/site-packages/wandb/sdk/interface/interface.py", line 978, in _communicate_network_status
    resp = self._communicate(req, local=True)
  File "/localscratch/yinan.28944955.0/env/lib/python3.7/site-packages/wandb/sdk/interface/interface.py", line 799, in _communicate
    return self._communicate_async(rec, local=local).get(timeout=timeout)
  File "/localscratch/yinan.28944955.0/env/lib/python3.7/site-packages/wandb/sdk/interface/interface.py", line 804, in _communicate_async
    raise Exception("The wandb backend process has shutdown")
Exception: The wandb backend process has shutdown

Exception in thread Thread-25:
Traceback (most recent call last):
  File "/cvmfs/soft.computecanada.ca/easybuild/software/2017/Core/python/3.7.4/lib/python3.7/threading.py", line 926, in _bootstrap_inner
    self.run()
  File "/cvmfs/soft.computecanada.ca/easybuild/software/2017/Core/python/3.7.4/lib/python3.7/threading.py", line 870, in run
    self._target(*self._args, **self._kwargs)
  File "/localscratch/yinan.28944955.0/env/lib/python3.7/site-packages/wandb/sdk/wandb_run.py", line 167, in check_status
    status_response = self._interface.communicate_stop_status()
  File "/localscratch/yinan.28944955.0/env/lib/python3.7/site-packages/wandb/sdk/interface/interface.py", line 114, in communicate_stop_status
    resp = self._communicate_stop_status(status)
  File "/localscratch/yinan.28944955.0/env/lib/python3.7/site-packages/wandb/sdk/interface/interface.py", line 968, in _communicate_stop_status
    resp = self._communicate(req, local=True)
  File "/localscratch/yinan.28944955.0/env/lib/python3.7/site-packages/wandb/sdk/interface/interface.py", line 799, in _communicate
    return self._communicate_async(rec, local=local).get(timeout=timeout)
  File "/localscratch/yinan.28944955.0/env/lib/python3.7/site-packages/wandb/sdk/interface/interface.py", line 804, in _communicate_async
    raise Exception("The wandb backend process has shutdown")
Exception: The wandb backend process has shutdown

Traceback (most recent call last):
  File "xlnet_cv.py", line 309, in <module>
    loss_default, train_f1 = train(i, train_dataloader, loss_default)
  File "xlnet_cv.py", line 88, in train
    wandb.log({"t_loss": total_loss / train_steps, "t_F1": f1 * 100.})
  File "/localscratch/yinan.28944955.0/env/lib/python3.7/site-packages/wandb/sdk/wandb_run.py", line 1229, in log
    self.history._row_add(data)
  File "/localscratch/yinan.28944955.0/env/lib/python3.7/site-packages/wandb/sdk/wandb_history.py", line 44, in _row_add
    self._flush()
  File "/localscratch/yinan.28944955.0/env/lib/python3.7/site-packages/wandb/sdk/wandb_history.py", line 59, in _flush
    self._callback(row=self._data, step=self._step)
  File "/localscratch/yinan.28944955.0/env/lib/python3.7/site-packages/wandb/sdk/wandb_run.py", line 973, in _history_callback
    row, step, publish_step=not_using_tensorboard
  File "/localscratch/yinan.28944955.0/env/lib/python3.7/site-packages/wandb/sdk/interface/interface.py", line 506, in publish_history
    self._publish_history(history)
  File "/localscratch/yinan.28944955.0/env/lib/python3.7/site-packages/wandb/sdk/interface/interface.py", line 641, in _publish_history
    self._publish(rec)
  File "/localscratch/yinan.28944955.0/env/lib/python3.7/site-packages/wandb/sdk/interface/interface.py", line 790, in _publish
    raise Exception("The wandb backend process has shutdown")
Exception: The wandb backend process has shutdown
Traceback (most recent call last):
  File "xlnet_cv.py", line 309, in <module>
    loss_default, train_f1 = train(i, train_dataloader, loss_default)
  File "xlnet_cv.py", line 88, in train
    wandb.log({"t_loss": total_loss / train_steps, "t_F1": f1 * 100.})
  File "/localscratch/yinan.28944955.0/env/lib/python3.7/site-packages/wandb/sdk/wandb_run.py", line 1229, in log
    self.history._row_add(data)
  File "/localscratch/yinan.28944955.0/env/lib/python3.7/site-packages/wandb/sdk/wandb_history.py", line 44, in _row_add
    self._flush()
  File "/localscratch/yinan.28944955.0/env/lib/python3.7/site-packages/wandb/sdk/wandb_history.py", line 59, in _flush
    self._callback(row=self._data, step=self._step)
  File "/localscratch/yinan.28944955.0/env/lib/python3.7/site-packages/wandb/sdk/wandb_run.py", line 973, in _history_callback
    row, step, publish_step=not_using_tensorboard
  File "/localscratch/yinan.28944955.0/env/lib/python3.7/site-packages/wandb/sdk/interface/interface.py", line 506, in publish_history
    self._publish_history(history)
  File "/localscratch/yinan.28944955.0/env/lib/python3.7/site-packages/wandb/sdk/interface/interface.py", line 641, in _publish_history
    self._publish(rec)
  File "/localscratch/yinan.28944955.0/env/lib/python3.7/site-packages/wandb/sdk/interface/interface.py", line 790, in _publish
    raise Exception("The wandb backend process has shutdown")
Exception: The wandb backend process has shutdown
Traceback (most recent call last):
  File "xlnet_cv.py", line 309, in <module>
    loss_default, train_f1 = train(i, train_dataloader, loss_default)
  File "xlnet_cv.py", line 88, in train
    wandb.log({"t_loss": total_loss / train_steps, "t_F1": f1 * 100.})
  File "/localscratch/yinan.28944955.0/env/lib/python3.7/site-packages/wandb/sdk/wandb_run.py", line 1229, in log
    self.history._row_add(data)
  File "/localscratch/yinan.28944955.0/env/lib/python3.7/site-packages/wandb/sdk/wandb_history.py", line 44, in _row_add
    self._flush()
  File "/localscratch/yinan.28944955.0/env/lib/python3.7/site-packages/wandb/sdk/wandb_history.py", line 59, in _flush
    self._callback(row=self._data, step=self._step)
  File "/localscratch/yinan.28944955.0/env/lib/python3.7/site-packages/wandb/sdk/wandb_run.py", line 973, in _history_callback
    row, step, publish_step=not_using_tensorboard
  File "/localscratch/yinan.28944955.0/env/lib/python3.7/site-packages/wandb/sdk/interface/interface.py", line 506, in publish_history
    self._publish_history(history)
  File "/localscratch/yinan.28944955.0/env/lib/python3.7/site-packages/wandb/sdk/interface/interface.py", line 641, in _publish_history
    self._publish(rec)
  File "/localscratch/yinan.28944955.0/env/lib/python3.7/site-packages/wandb/sdk/interface/interface.py", line 790, in _publish
    raise Exception("The wandb backend process has shutdown")
Exception: The wandb backend process has shutdown
Error in atexit._run_exitfuncs:
Traceback (most recent call last):
  File "/localscratch/yinan.28944955.0/env/lib/python3.7/site-packages/wandb/sdk/wandb_run.py", line 1671, in _atexit_cleanup
    self._on_finish()
  File "/localscratch/yinan.28944955.0/env/lib/python3.7/site-packages/wandb/sdk/wandb_run.py", line 1815, in _on_finish
    self.history._flush()
  File "/localscratch/yinan.28944955.0/env/lib/python3.7/site-packages/wandb/sdk/wandb_history.py", line 59, in _flush
    self._callback(row=self._data, step=self._step)
  File "/localscratch/yinan.28944955.0/env/lib/python3.7/site-packages/wandb/sdk/wandb_run.py", line 973, in _history_callback
    row, step, publish_step=not_using_tensorboard
  File "/localscratch/yinan.28944955.0/env/lib/python3.7/site-packages/wandb/sdk/interface/interface.py", line 506, in publish_history
    self._publish_history(history)
  File "/localscratch/yinan.28944955.0/env/lib/python3.7/site-packages/wandb/sdk/interface/interface.py", line 641, in _publish_history
    self._publish(rec)
  File "/localscratch/yinan.28944955.0/env/lib/python3.7/site-packages/wandb/sdk/interface/interface.py", line 790, in _publish
    raise Exception("The wandb backend process has shutdown")
Exception: The wandb backend process has shutdown

During handling of the above exception, another exception occurred:

Traceback (most recent call last):
  File "/localscratch/yinan.28944955.0/env/lib/python3.7/site-packages/wandb/sdk/wandb_run.py", line 1680, in _atexit_cleanup
    self._backend.cleanup()
  File "/localscratch/yinan.28944955.0/env/lib/python3.7/site-packages/wandb/sdk/backend/backend.py", line 227, in cleanup
    self.interface.join()
  File "/localscratch/yinan.28944955.0/env/lib/python3.7/site-packages/wandb/sdk/interface/interface.py", line 1048, in join
    super(BackendSender, self).join()
  File "/localscratch/yinan.28944955.0/env/lib/python3.7/site-packages/wandb/sdk/interface/interface.py", line 596, in join
    self._communicate_shutdown()
  File "/localscratch/yinan.28944955.0/env/lib/python3.7/site-packages/wandb/sdk/interface/interface.py", line 1045, in _communicate_shutdown
    _ = self._communicate(record)
  File "/localscratch/yinan.28944955.0/env/lib/python3.7/site-packages/wandb/sdk/interface/interface.py", line 799, in _communicate
    return self._communicate_async(rec, local=local).get(timeout=timeout)
  File "/localscratch/yinan.28944955.0/env/lib/python3.7/site-packages/wandb/sdk/interface/interface.py", line 804, in _communicate_async
    raise Exception("The wandb backend process has shutdown")
Exception: The wandb backend process has shutdown
slurmstepd: error: Detected 1 oom-kill event(s) in StepId=28944955.batch cgroup. Some of your processes may have been killed by the cgroup out-of-memory handler.
