Unloading StdEnv/2020

Due to MODULEPATH changes, the following have been reloaded:
  1) mii/1.1.1


The following have been reloaded with a version change:
  1) python/3.8.2 => python/3.7.4

Using base prefix '/cvmfs/soft.computecanada.ca/easybuild/software/2017/Core/python/3.7.4'
New python executable in /localscratch/yinan.29028389.0/env/bin/python
Installing setuptools, pip, wheel...
done.
Ignoring pip: markers 'python_version < "3"' don't match your environment
Looking in links: /cvmfs/soft.computecanada.ca/custom/python/wheelhouse/nix/avx2, /cvmfs/soft.computecanada.ca/custom/python/wheelhouse/nix/generic, /cvmfs/soft.computecanada.ca/custom/python/wheelhouse/generic
Collecting pip
Installing collected packages: pip
  Found existing installation: pip 19.1.1
    Uninstalling pip-19.1.1:
      Successfully uninstalled pip-19.1.1
Successfully installed pip-21.2.3+computecanada
Looking in links: /cvmfs/soft.computecanada.ca/custom/python/wheelhouse/nix/avx2, /cvmfs/soft.computecanada.ca/custom/python/wheelhouse/nix/generic, /cvmfs/soft.computecanada.ca/custom/python/wheelhouse/generic
Processing /cvmfs/soft.computecanada.ca/custom/python/wheelhouse/generic/keras-2.8.0+computecanada-py2.py3-none-any.whl
Processing /cvmfs/soft.computecanada.ca/custom/python/wheelhouse/generic/Keras_Preprocessing-1.1.2+computecanada-py3-none-any.whl
Requirement already satisfied: matplotlib in /cvmfs/soft.computecanada.ca/easybuild/software/2017/Core/scipy-stack/2019a/lib/python3.7/site-packages (from -r requirements.txt (line 3)) (3.0.2)
Processing /cvmfs/soft.computecanada.ca/custom/python/wheelhouse/generic/nltk-3.6.5+computecanada-py3-none-any.whl
Processing /cvmfs/soft.computecanada.ca/custom/python/wheelhouse/generic/scikit_learn-0.22.1+computecanada-cp37-cp37m-linux_x86_64.whl
Processing /cvmfs/soft.computecanada.ca/custom/python/wheelhouse/generic/tensorboard-2.3.0+computecanada-py3-none-any.whl
Processing /cvmfs/soft.computecanada.ca/custom/python/wheelhouse/generic/tensorboard_plugin_wit-1.7.0+computecanada-py3-none-any.whl
Processing /cvmfs/soft.computecanada.ca/custom/python/wheelhouse/generic/tensorflow_gpu-2.3.0+computecanada-cp37-cp37m-linux_x86_64.whl
Processing /cvmfs/soft.computecanada.ca/custom/python/wheelhouse/generic/tensorflow_estimator-2.3.0+computecanada-py2.py3-none-any.whl
Processing /cvmfs/soft.computecanada.ca/custom/python/wheelhouse/generic/tokenizers-0.5.2+computecanada-cp37-cp37m-linux_x86_64.whl
Processing /cvmfs/soft.computecanada.ca/custom/python/wheelhouse/nix/avx2/torch-1.4.0+computecanada-cp37-cp37m-linux_x86_64.whl
Processing /cvmfs/soft.computecanada.ca/custom/python/wheelhouse/generic/torchtext-0.6.0+computecanada-py3-none-any.whl
Processing /cvmfs/soft.computecanada.ca/custom/python/wheelhouse/generic/torchvision-0.8.2+computecanada-cp37-cp37m-linux_x86_64.whl
Processing /cvmfs/soft.computecanada.ca/custom/python/wheelhouse/generic/transformers-2.5.1+computecanada-py3-none-any.whl
Processing /cvmfs/soft.computecanada.ca/custom/python/wheelhouse/generic/urllib3-1.26.7+computecanada-py2.py3-none-any.whl
Processing /cvmfs/soft.computecanada.ca/custom/python/wheelhouse/generic/tqdm-4.63.0+computecanada-py2.py3-none-any.whl
Processing /cvmfs/soft.computecanada.ca/custom/python/wheelhouse/generic/joblib-1.1.0+computecanada-py2.py3-none-any.whl
ERROR: Could not find a version that satisfies the requirement regex>=2021.8.3 (from nltk) (from versions: 2018.1.10+computecanada, 2019.11.1+computecanada, 2020.11.13+computecanada)
ERROR: No matching distribution found for regex>=2021.8.3
Looking in links: /cvmfs/soft.computecanada.ca/custom/python/wheelhouse/nix/avx2, /cvmfs/soft.computecanada.ca/custom/python/wheelhouse/nix/generic, /cvmfs/soft.computecanada.ca/custom/python/wheelhouse/generic
ERROR: Could not find a version that satisfies the requirement numpy==1.20.0+computacanada (from versions: 1.15.0+computecanada, 1.15.2+computecanada, 1.15.4+computecanada, 1.16.0+computecanada, 1.16.2+computecanada, 1.16.3+computecanada, 1.17.4+computecanada, 1.18.1+computecanada, 1.18.4+computecanada, 1.19.1+computecanada, 1.19.2+computecanada, 1.20.2+computecanada)
ERROR: No matching distribution found for numpy==1.20.0+computacanada
Looking in links: /cvmfs/soft.computecanada.ca/custom/python/wheelhouse/nix/avx2, /cvmfs/soft.computecanada.ca/custom/python/wheelhouse/nix/generic, /cvmfs/soft.computecanada.ca/custom/python/wheelhouse/generic
Processing /cvmfs/soft.computecanada.ca/custom/python/wheelhouse/generic/wandb-0.12.5+computecanada-py2.py3-none-any.whl
Processing /cvmfs/soft.computecanada.ca/custom/python/wheelhouse/generic/six-1.16.0+computecanada-py2.py3-none-any.whl
Processing /cvmfs/soft.computecanada.ca/custom/python/wheelhouse/generic/pathtools-0.1.2+computecanada-py3-none-any.whl
Processing /cvmfs/soft.computecanada.ca/custom/python/wheelhouse/generic/configparser-5.0.2+computecanada-py3-none-any.whl
Processing /cvmfs/soft.computecanada.ca/custom/python/wheelhouse/generic/promise-2.3+computecanada-py3-none-any.whl
Processing /cvmfs/soft.computecanada.ca/custom/python/wheelhouse/generic/yaspin-2.1.0+computecanada-py3-none-any.whl
Processing /cvmfs/soft.computecanada.ca/custom/python/wheelhouse/generic/shortuuid-1.0.1+computecanada-py3-none-any.whl
Processing /cvmfs/soft.computecanada.ca/custom/python/wheelhouse/generic/psutil-5.7.3+computecanada-cp37-cp37m-linux_x86_64.whl
Processing /cvmfs/soft.computecanada.ca/custom/python/wheelhouse/generic/GitPython-3.1.24+computecanada-py3-none-any.whl
Requirement already satisfied: requests<3,>=2.0.0 in /cvmfs/soft.computecanada.ca/easybuild/software/2017/Core/scipy-stack/2019a/lib/python3.7/site-packages (from wandb) (2.21.0)
Processing /cvmfs/soft.computecanada.ca/custom/python/wheelhouse/generic/protobuf-3.19.4+computecanada-py2.py3-none-any.whl
Processing /cvmfs/soft.computecanada.ca/custom/python/wheelhouse/generic/PyYAML-5.3.1+computecanada-cp37-cp37m-linux_x86_64.whl
Processing /cvmfs/soft.computecanada.ca/custom/python/wheelhouse/generic/sentry_sdk-1.5.0+computecanada-py2.py3-none-any.whl
Processing /cvmfs/soft.computecanada.ca/custom/python/wheelhouse/generic/subprocess32-3.5.4+computecanada-py3-none-any.whl
Requirement already satisfied: python-dateutil>=2.6.1 in /cvmfs/soft.computecanada.ca/easybuild/software/2017/Core/scipy-stack/2019a/lib/python3.7/site-packages (from wandb) (2.7.5)
Processing /cvmfs/soft.computecanada.ca/custom/python/wheelhouse/generic/docker_pycreds-0.4.0+computecanada-py2.py3-none-any.whl
Processing /cvmfs/soft.computecanada.ca/custom/python/wheelhouse/generic/click-8.0.3+computecanada-py3-none-any.whl
Requirement already satisfied: importlib-metadata in /cvmfs/soft.computecanada.ca/easybuild/software/2017/Core/scipy-stack/2019a/lib/python3.7/site-packages (from Click!=8.0.0,>=7.0->wandb) (0.8)
Processing /cvmfs/soft.computecanada.ca/custom/python/wheelhouse/generic/gitdb-4.0.9+computecanada-py3-none-any.whl
Processing /cvmfs/soft.computecanada.ca/custom/python/wheelhouse/generic/typing_extensions-4.0.1+computecanada-py3-none-any.whl
Processing /cvmfs/soft.computecanada.ca/custom/python/wheelhouse/generic/smmap-5.0.0+computecanada-py3-none-any.whl
Requirement already satisfied: chardet<3.1.0,>=3.0.2 in /cvmfs/soft.computecanada.ca/easybuild/software/2017/Core/scipy-stack/2019a/lib/python3.7/site-packages (from requests<3,>=2.0.0->wandb) (3.0.4)
Requirement already satisfied: idna<2.9,>=2.5 in /cvmfs/soft.computecanada.ca/easybuild/software/2017/Core/scipy-stack/2019a/lib/python3.7/site-packages (from requests<3,>=2.0.0->wandb) (2.8)
Requirement already satisfied: certifi>=2017.4.17 in /cvmfs/soft.computecanada.ca/easybuild/software/2017/Core/scipy-stack/2019a/lib/python3.7/site-packages (from requests<3,>=2.0.0->wandb) (2018.11.29)
Requirement already satisfied: urllib3<1.25,>=1.21.1 in /cvmfs/soft.computecanada.ca/easybuild/software/2017/Core/scipy-stack/2019a/lib/python3.7/site-packages (from requests<3,>=2.0.0->wandb) (1.24.1)
Processing /cvmfs/soft.computecanada.ca/custom/python/wheelhouse/generic/termcolor-1.1.0+computecanada-py3-none-any.whl
Requirement already satisfied: zipp>=0.3.2 in /cvmfs/soft.computecanada.ca/easybuild/software/2017/Core/scipy-stack/2019a/lib/python3.7/site-packages (from importlib-metadata->Click!=8.0.0,>=7.0->wandb) (0.3.3)
Installing collected packages: smmap, typing-extensions, termcolor, six, gitdb, yaspin, subprocess32, shortuuid, sentry-sdk, PyYAML, psutil, protobuf, promise, pathtools, GitPython, docker-pycreds, configparser, Click, wandb
  Attempting uninstall: six
    Found existing installation: six 1.12.0
    Not uninstalling six at /cvmfs/soft.computecanada.ca/easybuild/software/2017/Core/scipy-stack/2019a/lib/python3.7/site-packages, outside environment /localscratch/yinan.29028389.0/env
    Can't uninstall 'six'. No files were found to uninstall.
Successfully installed Click-8.0.3+computecanada GitPython-3.1.24+computecanada PyYAML-5.3.1+computecanada configparser-5.0.2+computecanada docker-pycreds-0.4.0+computecanada gitdb-4.0.9+computecanada pathtools-0.1.2+computecanada promise-2.3+computecanada protobuf-3.19.4+computecanada psutil-5.7.3+computecanada sentry-sdk-1.5.0+computecanada shortuuid-1.0.1+computecanada six-1.16.0+computecanada smmap-5.0.0+computecanada subprocess32-3.5.4+computecanada termcolor-1.1.0+computecanada typing-extensions-4.0.1+computecanada wandb-0.12.5+computecanada yaspin-2.1.0+computecanada
Looking in links: /cvmfs/soft.computecanada.ca/custom/python/wheelhouse/nix/avx2, /cvmfs/soft.computecanada.ca/custom/python/wheelhouse/nix/generic, /cvmfs/soft.computecanada.ca/custom/python/wheelhouse/generic
ERROR: Could not find a version that satisfies the requirement sagemaker (from versions: none)
ERROR: No matching distribution found for sagemaker
Looking in links: /cvmfs/soft.computecanada.ca/custom/python/wheelhouse/nix/avx2, /cvmfs/soft.computecanada.ca/custom/python/wheelhouse/nix/generic, /cvmfs/soft.computecanada.ca/custom/python/wheelhouse/generic
Processing /cvmfs/soft.computecanada.ca/custom/python/wheelhouse/generic/torch-1.9.1+computecanada-cp37-cp37m-linux_x86_64.whl
Requirement already satisfied: typing-extensions in /localscratch/yinan.29028389.0/env/lib/python3.7/site-packages (from torch) (4.0.1+computecanada)
Installing collected packages: torch
Successfully installed torch-1.9.1+computecanada
Looking in links: /cvmfs/soft.computecanada.ca/custom/python/wheelhouse/nix/avx2, /cvmfs/soft.computecanada.ca/custom/python/wheelhouse/nix/generic, /cvmfs/soft.computecanada.ca/custom/python/wheelhouse/generic
Processing /cvmfs/soft.computecanada.ca/custom/python/wheelhouse/generic/transformers-2.5.1+computecanada-py3-none-any.whl
Processing /cvmfs/soft.computecanada.ca/custom/python/wheelhouse/generic/tqdm-4.63.0+computecanada-py2.py3-none-any.whl
Processing /cvmfs/soft.computecanada.ca/custom/python/wheelhouse/generic/regex-2020.11.13+computecanada-cp37-cp37m-linux_x86_64.whl
Requirement already satisfied: requests in /cvmfs/soft.computecanada.ca/easybuild/software/2017/Core/scipy-stack/2019a/lib/python3.7/site-packages (from transformers==2.5.1+computecanada) (2.21.0)
Requirement already satisfied: numpy in /cvmfs/soft.computecanada.ca/easybuild/software/2017/Core/scipy-stack/2019a/lib/python3.7/site-packages (from transformers==2.5.1+computecanada) (1.16.0)
Processing /cvmfs/soft.computecanada.ca/custom/python/wheelhouse/generic/boto3-1.20.52+computecanada-py3-none-any.whl
Processing /cvmfs/soft.computecanada.ca/custom/python/wheelhouse/generic/sacremoses-0.0.46+computecanada-py3-none-any.whl
Processing /cvmfs/soft.computecanada.ca/custom/python/wheelhouse/generic/tokenizers-0.5.2+computecanada-cp37-cp37m-linux_x86_64.whl
Processing /cvmfs/soft.computecanada.ca/custom/python/wheelhouse/generic/sentencepiece-0.1.91+computecanada-cp37-cp37m-linux_x86_64.whl
Processing /cvmfs/soft.computecanada.ca/custom/python/wheelhouse/generic/filelock-3.4.2+computecanada-py3-none-any.whl
Processing /cvmfs/soft.computecanada.ca/custom/python/wheelhouse/generic/botocore-1.23.52+computecanada-py3-none-any.whl
Processing /cvmfs/soft.computecanada.ca/custom/python/wheelhouse/generic/jmespath-0.10.0+computecanada-py2.py3-none-any.whl
Processing /cvmfs/soft.computecanada.ca/custom/python/wheelhouse/generic/s3transfer-0.5.1+computecanada-py3-none-any.whl
Requirement already satisfied: python-dateutil<3.0.0,>=2.1 in /cvmfs/soft.computecanada.ca/easybuild/software/2017/Core/scipy-stack/2019a/lib/python3.7/site-packages (from botocore<1.24.0,>=1.23.52->boto3->transformers==2.5.1+computecanada) (2.7.5)
Processing /cvmfs/soft.computecanada.ca/custom/python/wheelhouse/generic/urllib3-1.26.8+computecanada-py2.py3-none-any.whl
Requirement already satisfied: six>=1.5 in /localscratch/yinan.29028389.0/env/lib/python3.7/site-packages (from python-dateutil<3.0.0,>=2.1->botocore<1.24.0,>=1.23.52->boto3->transformers==2.5.1+computecanada) (1.16.0+computecanada)
Requirement already satisfied: idna<2.9,>=2.5 in /cvmfs/soft.computecanada.ca/easybuild/software/2017/Core/scipy-stack/2019a/lib/python3.7/site-packages (from requests->transformers==2.5.1+computecanada) (2.8)
Processing /cvmfs/soft.computecanada.ca/custom/python/wheelhouse/generic/requests-2.27.1+computecanada-py2.py3-none-any.whl
Processing /cvmfs/soft.computecanada.ca/custom/python/wheelhouse/generic/charset_normalizer-2.0.11+computecanada-py3-none-any.whl
Requirement already satisfied: certifi>=2017.4.17 in /cvmfs/soft.computecanada.ca/easybuild/software/2017/Core/scipy-stack/2019a/lib/python3.7/site-packages (from requests->transformers==2.5.1+computecanada) (2018.11.29)
Requirement already satisfied: click in /localscratch/yinan.29028389.0/env/lib/python3.7/site-packages (from sacremoses->transformers==2.5.1+computecanada) (8.0.3+computecanada)
Processing /cvmfs/soft.computecanada.ca/custom/python/wheelhouse/generic/joblib-1.1.0+computecanada-py2.py3-none-any.whl
Requirement already satisfied: importlib-metadata in /cvmfs/soft.computecanada.ca/easybuild/software/2017/Core/scipy-stack/2019a/lib/python3.7/site-packages (from click->sacremoses->transformers==2.5.1+computecanada) (0.8)
Requirement already satisfied: zipp>=0.3.2 in /cvmfs/soft.computecanada.ca/easybuild/software/2017/Core/scipy-stack/2019a/lib/python3.7/site-packages (from importlib-metadata->click->sacremoses->transformers==2.5.1+computecanada) (0.3.3)
Installing collected packages: urllib3, jmespath, botocore, tqdm, s3transfer, regex, joblib, charset-normalizer, tokenizers, sentencepiece, sacremoses, requests, filelock, boto3, transformers
  Attempting uninstall: urllib3
    Found existing installation: urllib3 1.24.1
    Not uninstalling urllib3 at /cvmfs/soft.computecanada.ca/easybuild/software/2017/Core/scipy-stack/2019a/lib/python3.7/site-packages, outside environment /localscratch/yinan.29028389.0/env
    Can't uninstall 'urllib3'. No files were found to uninstall.
  Attempting uninstall: requests
    Found existing installation: requests 2.21.0
    Not uninstalling requests at /cvmfs/soft.computecanada.ca/easybuild/software/2017/Core/scipy-stack/2019a/lib/python3.7/site-packages, outside environment /localscratch/yinan.29028389.0/env
    Can't uninstall 'requests'. No files were found to uninstall.
Successfully installed boto3-1.20.52+computecanada botocore-1.23.52+computecanada charset-normalizer-2.0.11+computecanada filelock-3.4.2+computecanada jmespath-0.10.0+computecanada joblib-1.1.0+computecanada regex-2020.11.13+computecanada requests-2.27.1+computecanada s3transfer-0.5.1+computecanada sacremoses-0.0.46+computecanada sentencepiece-0.1.91+computecanada tokenizers-0.5.2+computecanada tqdm-4.63.0+computecanada transformers-2.5.1+computecanada urllib3-1.26.8+computecanada
Looking in links: /cvmfs/soft.computecanada.ca/custom/python/wheelhouse/nix/avx2, /cvmfs/soft.computecanada.ca/custom/python/wheelhouse/nix/generic, /cvmfs/soft.computecanada.ca/custom/python/wheelhouse/generic
Processing /cvmfs/soft.computecanada.ca/custom/python/wheelhouse/generic/tensorflow_gpu-2.3.0+computecanada-cp37-cp37m-linux_x86_64.whl
Processing /cvmfs/soft.computecanada.ca/custom/python/wheelhouse/generic/opt_einsum-3.3.0+computecanada-py3-none-any.whl
Processing /cvmfs/soft.computecanada.ca/custom/python/wheelhouse/generic/grpcio-1.38.0+computecanada-cp37-cp37m-linux_x86_64.whl
Processing /cvmfs/soft.computecanada.ca/custom/python/wheelhouse/generic/absl_py-1.0.0+computecanada-py3-none-any.whl
Requirement already satisfied: six>=1.12.0 in /localscratch/yinan.29028389.0/env/lib/python3.7/site-packages (from tensorflow_gpu==2.3.0+computecanada) (1.16.0+computecanada)
Processing /cvmfs/soft.computecanada.ca/custom/python/wheelhouse/generic/wrapt-1.11.2+computecanada-cp37-cp37m-linux_x86_64.whl
Processing /cvmfs/soft.computecanada.ca/custom/python/wheelhouse/generic/tensorflow_estimator-2.3.0+computecanada-py2.py3-none-any.whl
Processing /cvmfs/soft.computecanada.ca/custom/python/wheelhouse/nix/generic/scipy-1.4.1+computecanada-cp37-cp37m-linux_x86_64.whl
Requirement already satisfied: protobuf>=3.9.2 in /localscratch/yinan.29028389.0/env/lib/python3.7/site-packages (from tensorflow_gpu==2.3.0+computecanada) (3.19.4+computecanada)
Processing /cvmfs/soft.computecanada.ca/custom/python/wheelhouse/generic/astunparse-1.6.3+computecanada-py2.py3-none-any.whl
Requirement already satisfied: numpy<1.19.0,>=1.16.0 in /cvmfs/soft.computecanada.ca/easybuild/software/2017/Core/scipy-stack/2019a/lib/python3.7/site-packages (from tensorflow_gpu==2.3.0+computecanada) (1.16.0)
Processing /cvmfs/soft.computecanada.ca/custom/python/wheelhouse/generic/google_pasta-0.2.0+computecanada-py3-none-any.whl
Processing /cvmfs/soft.computecanada.ca/custom/python/wheelhouse/generic/Keras_Preprocessing-1.1.2+computecanada-py3-none-any.whl
Requirement already satisfied: termcolor>=1.1.0 in /localscratch/yinan.29028389.0/env/lib/python3.7/site-packages (from tensorflow_gpu==2.3.0+computecanada) (1.1.0+computecanada)
Processing /cvmfs/soft.computecanada.ca/custom/python/wheelhouse/generic/tensorboard-2.8.0+computecanada-py3-none-any.whl
Requirement already satisfied: wheel>=0.26 in /localscratch/yinan.29028389.0/env/lib/python3.7/site-packages (from tensorflow_gpu==2.3.0+computecanada) (0.33.4)
Processing /cvmfs/soft.computecanada.ca/custom/python/wheelhouse/generic/gast-0.3.3+computecanada-py3-none-any.whl
Processing /cvmfs/soft.computecanada.ca/custom/python/wheelhouse/nix/avx2/h5py-2.10.0+computecanada-cp37-cp37m-linux_x86_64.whl
Processing /cvmfs/soft.computecanada.ca/custom/python/wheelhouse/generic/Markdown-3.3.6+computecanada-py3-none-any.whl
Processing /cvmfs/soft.computecanada.ca/custom/python/wheelhouse/generic/google_auth-2.3.3+computecanada-py2.py3-none-any.whl
Processing /cvmfs/soft.computecanada.ca/custom/python/wheelhouse/generic/tensorboard_data_server-0.6.1+computecanada-py3-none-linux_x86_64.whl
Processing /cvmfs/soft.computecanada.ca/custom/python/wheelhouse/generic/google_auth_oauthlib-0.4.6+computecanada-py2.py3-none-any.whl
Requirement already satisfied: requests<3,>=2.21.0 in /localscratch/yinan.29028389.0/env/lib/python3.7/site-packages (from tensorboard<3,>=2.3.0->tensorflow_gpu==2.3.0+computecanada) (2.27.1+computecanada)
Requirement already satisfied: setuptools>=41.0.0 in /localscratch/yinan.29028389.0/env/lib/python3.7/site-packages (from tensorboard<3,>=2.3.0->tensorflow_gpu==2.3.0+computecanada) (41.0.1)
Processing /cvmfs/soft.computecanada.ca/custom/python/wheelhouse/generic/Werkzeug-2.0.3+computecanada-py3-none-any.whl
Processing /cvmfs/soft.computecanada.ca/custom/python/wheelhouse/generic/tensorboard_plugin_wit-1.8.0+computecanada-py3-none-any.whl
Processing /cvmfs/soft.computecanada.ca/custom/python/wheelhouse/generic/cachetools-4.2.4+computecanada-py3-none-any.whl
Processing /cvmfs/soft.computecanada.ca/custom/python/wheelhouse/generic/rsa-4.8+computecanada-py3-none-any.whl
Processing /cvmfs/soft.computecanada.ca/custom/python/wheelhouse/generic/pyasn1_modules-0.2.8+computecanada-py2.py3-none-any.whl
Processing /cvmfs/soft.computecanada.ca/custom/python/wheelhouse/generic/requests_oauthlib-1.3.0+computecanada-py2.py3-none-any.whl
Processing /cvmfs/soft.computecanada.ca/custom/python/wheelhouse/generic/importlib_metadata-4.10.1+computecanada-py3-none-any.whl
Processing /cvmfs/soft.computecanada.ca/custom/python/wheelhouse/generic/zipp-3.7.0+computecanada-py3-none-any.whl
Requirement already satisfied: typing-extensions>=3.6.4 in /localscratch/yinan.29028389.0/env/lib/python3.7/site-packages (from importlib-metadata>=4.4->markdown>=2.6.8->tensorboard<3,>=2.3.0->tensorflow_gpu==2.3.0+computecanada) (4.0.1+computecanada)
Processing /cvmfs/soft.computecanada.ca/custom/python/wheelhouse/generic/pyasn1-0.4.8+computecanada-py2.py3-none-any.whl
Requirement already satisfied: urllib3<1.27,>=1.21.1 in /localscratch/yinan.29028389.0/env/lib/python3.7/site-packages (from requests<3,>=2.21.0->tensorboard<3,>=2.3.0->tensorflow_gpu==2.3.0+computecanada) (1.26.8+computecanada)
Requirement already satisfied: certifi>=2017.4.17 in /cvmfs/soft.computecanada.ca/easybuild/software/2017/Core/scipy-stack/2019a/lib/python3.7/site-packages (from requests<3,>=2.21.0->tensorboard<3,>=2.3.0->tensorflow_gpu==2.3.0+computecanada) (2018.11.29)
Requirement already satisfied: charset-normalizer~=2.0.0 in /localscratch/yinan.29028389.0/env/lib/python3.7/site-packages (from requests<3,>=2.21.0->tensorboard<3,>=2.3.0->tensorflow_gpu==2.3.0+computecanada) (2.0.11+computecanada)
Requirement already satisfied: idna<4,>=2.5 in /cvmfs/soft.computecanada.ca/easybuild/software/2017/Core/scipy-stack/2019a/lib/python3.7/site-packages (from requests<3,>=2.21.0->tensorboard<3,>=2.3.0->tensorflow_gpu==2.3.0+computecanada) (2.8)
Processing /cvmfs/soft.computecanada.ca/custom/python/wheelhouse/generic/oauthlib-3.1.1+computecanada-py2.py3-none-any.whl
Installing collected packages: pyasn1, zipp, rsa, pyasn1-modules, oauthlib, cachetools, requests-oauthlib, importlib-metadata, google-auth, werkzeug, tensorboard-plugin-wit, tensorboard-data-server, markdown, grpcio, google-auth-oauthlib, absl-py, wrapt, tensorflow-estimator, tensorboard, scipy, opt-einsum, keras-preprocessing, h5py, google-pasta, gast, astunparse, tensorflow-gpu
  Attempting uninstall: pyasn1
    Found existing installation: pyasn1 0.4.3
    Not uninstalling pyasn1 at /cvmfs/soft.computecanada.ca/easybuild/software/2017/Core/scipy-stack/2019a/lib/python3.7/site-packages, outside environment /localscratch/yinan.29028389.0/env
    Can't uninstall 'pyasn1'. No files were found to uninstall.
  Attempting uninstall: zipp
    Found existing installation: zipp 0.3.3
    Not uninstalling zipp at /cvmfs/soft.computecanada.ca/easybuild/software/2017/Core/scipy-stack/2019a/lib/python3.7/site-packages, outside environment /localscratch/yinan.29028389.0/env
    Can't uninstall 'zipp'. No files were found to uninstall.
  Attempting uninstall: importlib-metadata
    Found existing installation: importlib-metadata 0.8
    Not uninstalling importlib-metadata at /cvmfs/soft.computecanada.ca/easybuild/software/2017/Core/scipy-stack/2019a/lib/python3.7/site-packages, outside environment /localscratch/yinan.29028389.0/env
    Can't uninstall 'importlib-metadata'. No files were found to uninstall.
  Attempting uninstall: scipy
    Found existing installation: scipy 1.2.0
    Not uninstalling scipy at /cvmfs/soft.computecanada.ca/easybuild/software/2017/Core/scipy-stack/2019a/lib/python3.7/site-packages, outside environment /localscratch/yinan.29028389.0/env
    Can't uninstall 'scipy'. No files were found to uninstall.
Successfully installed absl-py-1.0.0+computecanada astunparse-1.6.3+computecanada cachetools-4.2.4+computecanada gast-0.3.3+computecanada google-auth-2.3.3+computecanada google-auth-oauthlib-0.4.6+computecanada google-pasta-0.2.0+computecanada grpcio-1.38.0+computecanada h5py-2.10.0+computecanada importlib-metadata-4.10.1+computecanada keras-preprocessing-1.1.2+computecanada markdown-3.3.6+computecanada oauthlib-3.1.1+computecanada opt-einsum-3.3.0+computecanada pyasn1-0.4.8+computecanada pyasn1-modules-0.2.8+computecanada requests-oauthlib-1.3.0+computecanada rsa-4.8+computecanada scipy-1.4.1+computecanada tensorboard-2.8.0+computecanada tensorboard-data-server-0.6.1+computecanada tensorboard-plugin-wit-1.8.0+computecanada tensorflow-estimator-2.3.0+computecanada tensorflow-gpu-2.3.0+computecanada werkzeug-2.0.3+computecanada wrapt-1.11.2+computecanada zipp-3.7.0+computecanada
Looking in links: /cvmfs/soft.computecanada.ca/custom/python/wheelhouse/nix/avx2, /cvmfs/soft.computecanada.ca/custom/python/wheelhouse/nix/generic, /cvmfs/soft.computecanada.ca/custom/python/wheelhouse/generic
Processing /cvmfs/soft.computecanada.ca/custom/python/wheelhouse/generic/keras-2.8.0+computecanada-py2.py3-none-any.whl
Installing collected packages: Keras
Successfully installed Keras-2.8.0+computecanada
Looking in links: /cvmfs/soft.computecanada.ca/custom/python/wheelhouse/nix/avx2, /cvmfs/soft.computecanada.ca/custom/python/wheelhouse/nix/generic, /cvmfs/soft.computecanada.ca/custom/python/wheelhouse/generic
Processing /cvmfs/soft.computecanada.ca/custom/python/wheelhouse/generic/urllib3-1.26.7+computecanada-py2.py3-none-any.whl
Installing collected packages: urllib3
  Attempting uninstall: urllib3
    Found existing installation: urllib3 1.26.8+computecanada
    Uninstalling urllib3-1.26.8+computecanada:
      Successfully uninstalled urllib3-1.26.8+computecanada
Successfully installed urllib3-1.26.7+computecanada
Looking in links: /cvmfs/soft.computecanada.ca/custom/python/wheelhouse/nix/avx2, /cvmfs/soft.computecanada.ca/custom/python/wheelhouse/nix/generic, /cvmfs/soft.computecanada.ca/custom/python/wheelhouse/generic
Processing /cvmfs/soft.computecanada.ca/custom/python/wheelhouse/generic/nltk-3.7+computecanada-py3-none-any.whl
Requirement already satisfied: joblib in /localscratch/yinan.29028389.0/env/lib/python3.7/site-packages (from nltk) (1.1.0+computecanada)
Requirement already satisfied: click in /localscratch/yinan.29028389.0/env/lib/python3.7/site-packages (from nltk) (8.0.3+computecanada)
Processing /cvmfs/soft.computecanada.ca/custom/python/wheelhouse/generic/nltk-3.6.5+computecanada-py3-none-any.whl
Processing /cvmfs/soft.computecanada.ca/custom/python/wheelhouse/generic/nltk-3.6.3+computecanada-py3-none-any.whl
Requirement already satisfied: tqdm in /localscratch/yinan.29028389.0/env/lib/python3.7/site-packages (from nltk) (4.63.0+computecanada)
Requirement already satisfied: regex in /localscratch/yinan.29028389.0/env/lib/python3.7/site-packages (from nltk) (2020.11.13+computecanada)
Requirement already satisfied: importlib-metadata in /localscratch/yinan.29028389.0/env/lib/python3.7/site-packages (from click->nltk) (4.10.1+computecanada)
Requirement already satisfied: typing-extensions>=3.6.4 in /localscratch/yinan.29028389.0/env/lib/python3.7/site-packages (from importlib-metadata->click->nltk) (4.0.1+computecanada)
Requirement already satisfied: zipp>=0.5 in /localscratch/yinan.29028389.0/env/lib/python3.7/site-packages (from importlib-metadata->click->nltk) (3.7.0+computecanada)
Installing collected packages: nltk
Successfully installed nltk-3.6.3+computecanada
Looking in links: /cvmfs/soft.computecanada.ca/custom/python/wheelhouse/nix/avx2, /cvmfs/soft.computecanada.ca/custom/python/wheelhouse/nix/generic, /cvmfs/soft.computecanada.ca/custom/python/wheelhouse/generic
Processing /cvmfs/soft.computecanada.ca/custom/python/wheelhouse/generic/scikit_learn-0.22.1+computecanada-cp37-cp37m-linux_x86_64.whl
Requirement already satisfied: joblib>=0.11 in /localscratch/yinan.29028389.0/env/lib/python3.7/site-packages (from scikit-learn==0.22.1) (1.1.0+computecanada)
Requirement already satisfied: numpy>=1.11.0 in /cvmfs/soft.computecanada.ca/easybuild/software/2017/Core/scipy-stack/2019a/lib/python3.7/site-packages (from scikit-learn==0.22.1) (1.16.0)
Requirement already satisfied: scipy>=0.17.0 in /localscratch/yinan.29028389.0/env/lib/python3.7/site-packages (from scikit-learn==0.22.1) (1.4.1+computecanada)
Installing collected packages: scikit-learn
Successfully installed scikit-learn-0.22.1+computecanada
Looking in links: /cvmfs/soft.computecanada.ca/custom/python/wheelhouse/nix/avx2, /cvmfs/soft.computecanada.ca/custom/python/wheelhouse/nix/generic, /cvmfs/soft.computecanada.ca/custom/python/wheelhouse/generic
Requirement already satisfied: tokenizers==0.5.2 in /localscratch/yinan.29028389.0/env/lib/python3.7/site-packages (0.5.2+computecanada)
wandb: Appending key for api.wandb.ai to your netrc file: /home/yinan/.netrc
Starting Task
2022-03-16 02:54:38.080283: I tensorflow/stream_executor/platform/default/dso_loader.cc:48] Successfully opened dynamic library libcudart.so.10.1
[nltk_data] Downloading package stopwords to /home/yinan/nltk_data...
[nltk_data]   Package stopwords is already up-to-date!
[nltk_data] Downloading package wordnet to /home/yinan/nltk_data...
[nltk_data]   Package wordnet is already up-to-date!
wandb: Currently logged in as: yinanazhou (use `wandb login --relogin` to force relogin)
wandb: wandb version 0.12.11 is available!  To upgrade, please run:
wandb:  $ pip install wandb --upgrade
2022-03-16 02:54:49.059462: I tensorflow/stream_executor/platform/default/dso_loader.cc:48] Successfully opened dynamic library libcudart.so.10.1
wandb: Tracking run with wandb version 0.12.5
wandb: Syncing run blooming-sponge-2
wandb: â­ï¸ View project at https://wandb.ai/yinanazhou/xl_512_bs_8_lr_1e06_es_5_lc_True_nr_True_sr_True_stem_False_lemma_True_repeat_1_fold_1
wandb: ðŸš€ View run at https://wandb.ai/yinanazhou/xl_512_bs_8_lr_1e06_es_5_lc_True_nr_True_sr_True_stem_False_lemma_True_repeat_1_fold_1/runs/2uv8bwsi
wandb: Run data is saved locally in /project/6002780/yinan/Thesis_MER_Lyrics/lyric-emotion/wandb/run-20220316_025447-2uv8bwsi
wandb: Run `wandb offline` to turn off syncing.

Validation loss decreased (inf --> 1.441050).  Saving model ...
Validation loss decreased (1.441050 --> 1.422546).  Saving model ...
Validation loss decreased (1.422546 --> 1.406987).  Saving model ...
Validation loss decreased (1.406987 --> 1.394437).  Saving model ...
Validation loss decreased (1.394437 --> 1.385030).  Saving model ...
Validation loss decreased (1.385030 --> 1.377016).  Saving model ...
Validation loss decreased (1.377016 --> 1.371314).  Saving model ...
Validation loss decreased (1.371314 --> 1.366144).  Saving model ...
Validation loss decreased (1.366144 --> 1.361522).  Saving model ...
Validation loss decreased (1.361522 --> 1.356556).  Saving model ...
Validation loss decreased (1.356556 --> 1.351467).  Saving model ...
Validation loss decreased (1.351467 --> 1.346667).  Saving model ...
Validation loss decreased (1.346667 --> 1.341938).  Saving model ...
Validation loss decreased (1.341938 --> 1.337148).  Saving model ...
Validation loss decreased (1.337148 --> 1.332648).  Saving model ...
Validation loss decreased (1.332648 --> 1.328454).  Saving model ...
Validation loss decreased (1.328454 --> 1.323934).  Saving model ...
Validation loss decreased (1.323934 --> 1.318981).  Saving model ...
Validation loss decreased (1.318981 --> 1.313722).  Saving model ...
Validation loss decreased (1.313722 --> 1.308605).  Saving model ...
Validation loss decreased (1.308605 --> 1.303833).  Saving model ...
Validation loss decreased (1.303833 --> 1.298572).  Saving model ...
Validation loss decreased (1.298572 --> 1.294304).  Saving model ...
Validation loss decreased (1.294304 --> 1.289001).  Saving model ...
Validation loss decreased (1.289001 --> 1.283986).  Saving model ...
Validation loss decreased (1.283986 --> 1.279423).  Saving model ...
Validation loss decreased (1.279423 --> 1.275605).  Saving model ...
Validation loss decreased (1.275605 --> 1.273295).  Saving model ...
Validation loss decreased (1.273295 --> 1.271246).  Saving model ...
Validation loss decreased (1.271246 --> 1.268588).  Saving model ...
Validation loss decreased (1.268588 --> 1.264408).  Saving model ...
Validation loss decreased (1.264408 --> 1.259131).  Saving model ...
Validation loss decreased (1.259131 --> 1.257839).  Saving model ...
Validation loss decreased (1.257839 --> 1.251614).  Saving model ...
Validation loss decreased (1.251614 --> 1.250597).  Saving model ...
Validation loss decreased (1.250597 --> 1.245848).  Saving model ...
Validation loss decreased (1.245848 --> 1.242941).  Saving model ...
Validation loss decreased (1.242941 --> 1.237915).  Saving model ...
Validation loss decreased (1.237915 --> 1.235737).  Saving model ...
Validation loss decreased (1.235737 --> 1.235414).  Saving model ...
Validation loss decreased (1.235414 --> 1.229424).  Saving model ...
Validation loss decreased (1.229424 --> 1.225860).  Saving model ...
Validation loss decreased (1.225860 --> 1.224981).  Saving model ...
Validation loss decreased (1.224981 --> 1.219308).  Saving model ...
Validation loss decreased (1.219308 --> 1.218950).  Saving model ...
Validation loss decreased (1.218950 --> 1.216117).  Saving model ...
Validation loss decreased (1.216117 --> 1.214318).  Saving model ...
Validation loss decreased (1.214318 --> 1.212653).  Saving model ...
Validation loss decreased (1.212653 --> 1.209030).  Saving model ...
Validation loss decreased (1.209030 --> 1.203927).  Saving model ...
Validation loss decreased (1.203927 --> 1.199859).  Saving model ...
Validation loss decreased (1.199859 --> 1.196007).  Saving model ...
Validation loss decreased (1.196007 --> 1.193905).  Saving model ...
Validation loss decreased (1.193905 --> 1.189473).  Saving model ...
EarlyStopping counter: 1 out of 5.0
Validation loss decreased (1.189473 --> 1.187035).  Saving model ...
Validation loss decreased (1.187035 --> 1.185654).  Saving model ...
Validation loss decreased (1.185654 --> 1.182188).  Saving model ...
Validation loss decreased (1.182188 --> 1.176013).  Saving model ...
EarlyStopping counter: 1 out of 5.0
Validation loss decreased (1.176013 --> 1.171099).  Saving model ...
EarlyStopping counter: 1 out of 5.0
Validation loss decreased (1.171099 --> 1.168495).  Saving model ...
Validation loss decreased (1.168495 --> 1.166129).  Saving model ...
Validation loss decreased (1.166129 --> 1.164369).  Saving model ...
Validation loss decreased (1.164369 --> 1.160331).  Saving model ...
Validation loss decreased (1.160331 --> 1.158230).  Saving model ...
Validation loss decreased (1.158230 --> 1.154337).  Saving model ...
Validation loss decreased (1.154337 --> 1.152773).  Saving model ...
Validation loss decreased (1.152773 --> 1.151421).  Saving model ...
Validation loss decreased (1.151421 --> 1.147668).  Saving model ...
Validation loss decreased (1.147668 --> 1.145653).  Saving model ...
Validation loss decreased (1.145653 --> 1.144194).  Saving model ...
Validation loss decreased (1.144194 --> 1.138765).  Saving model ...
Validation loss decreased (1.138765 --> 1.132761).  Saving model ...
Validation loss decreased (1.132761 --> 1.132460).  Saving model ...
EarlyStopping counter: 1 out of 5.0
Validation loss decreased (1.132460 --> 1.132265).  Saving model ...
Validation loss decreased (1.132265 --> 1.126817).  Saving model ...
Validation loss decreased (1.126817 --> 1.119659).  Saving model ...
EarlyStopping counter: 1 out of 5.0
EarlyStopping counter: 2 out of 5.0
EarlyStopping counter: 3 out of 5.0
EarlyStopping counter: 4 out of 5.0
Validation loss decreased (1.119659 --> 1.116509).  Saving model ...
Validation loss decreased (1.116509 --> 1.107057).  Saving model ...
Validation loss decreased (1.107057 --> 1.103257).  Saving model ...
EarlyStopping counter: 1 out of 5.0
EarlyStopping counter: 2 out of 5.0
EarlyStopping counter: 3 out of 5.0
Validation loss decreased (1.103257 --> 1.099335).  Saving model ...
Validation loss decreased (1.099335 --> 1.096625).  Saving model ...
EarlyStopping counter: 1 out of 5.0
EarlyStopping counter: 2 out of 5.0
EarlyStopping counter: 3 out of 5.0
EarlyStopping counter: 4 out of 5.0
EarlyStopping counter: 5 out of 5.0
/localscratch/yinan.29028389.0/env/lib/python3.7/site-packages/torch/nn/functional.py:1794: UserWarning: nn.functional.tanh is deprecated. Use torch.tanh instead.
  warnings.warn("nn.functional.tanh is deprecated. Use torch.tanh instead.")
/localscratch/yinan.29028389.0/env/lib/python3.7/site-packages/transformers/optimization.py:155: UserWarning: This overload of add_ is deprecated:
	add_(Number alpha, Tensor other)
Consider using one of the following signatures instead:
	add_(Tensor other, *, Number alpha) (Triggered internally at  ../torch/csrc/utils/python_arg_parser.cpp:1025.)
  exp_avg.mul_(beta1).add_(1.0 - beta1, grad)
wandb: Waiting for W&B process to finish, PID 130423... (success).
wandb: - 0.00MB of 0.00MB uploaded (0.00MB deduped)wandb: \ 0.00MB of 0.00MB uploaded (0.00MB deduped)wandb: | 0.00MB of 0.00MB uploaded (0.00MB deduped)wandb: / 0.00MB of 0.00MB uploaded (0.00MB deduped)wandb: - 0.00MB of 0.00MB uploaded (0.00MB deduped)wandb: \ 0.00MB of 0.00MB uploaded (0.00MB deduped)wandb: | 0.00MB of 0.00MB uploaded (0.00MB deduped)wandb: / 0.00MB of 0.00MB uploaded (0.00MB deduped)wandb: - 0.00MB of 0.00MB uploaded (0.00MB deduped)wandb: \ 0.00MB of 0.00MB uploaded (0.00MB deduped)wandb: | 0.00MB of 0.00MB uploaded (0.00MB deduped)wandb: / 0.00MB of 0.00MB uploaded (0.00MB deduped)wandb:                                                                                
wandb: Run history:
wandb:     e_F1 â–â–â–ƒâ–„â–„â–„â–„â–…â–…â–…â–…â–…â–…â–†â–†â–†â–†â–†â–†â–†â–‡â–‡â–‡â–‡â–‡â–‡â–‡â–‡â–‡â–‡â–‡â–ˆâ–ˆâ–ˆâ–ˆâ–ˆâ–ˆâ–ˆâ–ˆâ–ˆ
wandb:   e_loss â–ˆâ–‡â–‡â–†â–†â–†â–†â–†â–…â–…â–…â–…â–„â–„â–„â–„â–„â–„â–ƒâ–ƒâ–ƒâ–ƒâ–ƒâ–ƒâ–ƒâ–ƒâ–‚â–‚â–‚â–‚â–‚â–‚â–‚â–â–â–â–â–â–â–
wandb:     t_F1 â–â–‚â–‚â–ƒâ–ƒâ–ƒâ–ƒâ–„â–„â–…â–…â–…â–…â–†â–†â–†â–†â–†â–†â–†â–†â–†â–†â–‡â–‡â–‡â–‡â–‡â–‡â–‡â–‡â–‡â–‡â–‡â–‡â–‡â–‡â–ˆâ–ˆâ–ˆ
wandb:   t_loss â–ˆâ–ˆâ–‡â–‡â–‡â–‡â–‡â–†â–†â–†â–…â–…â–…â–…â–…â–„â–„â–„â–„â–„â–„â–ƒâ–ƒâ–ƒâ–ƒâ–ƒâ–ƒâ–ƒâ–ƒâ–‚â–‚â–‚â–‚â–‚â–‚â–‚â–‚â–â–â–
wandb: 
wandb: Run summary:
wandb:     e_F1 49.46358
wandb:   e_loss 1.10078
wandb:     t_F1 63.03672
wandb:   t_loss 0.86303
wandb: 
wandb: Synced 4 W&B file(s), 0 media file(s), 0 artifact file(s) and 0 other file(s)
wandb: Synced blooming-sponge-2: https://wandb.ai/yinanazhou/xl_512_bs_8_lr_1e06_es_5_lc_True_nr_True_sr_True_stem_False_lemma_True_repeat_1_fold_1/runs/2uv8bwsi
wandb: Find logs at: ./wandb/run-20220316_025447-2uv8bwsi/logs/debug.log
wandb: 

wandb: wandb version 0.12.11 is available!  To upgrade, please run:
wandb:  $ pip install wandb --upgrade
2022-03-16 03:58:06.494685: I tensorflow/stream_executor/platform/default/dso_loader.cc:48] Successfully opened dynamic library libcudart.so.10.1
wandb: Tracking run with wandb version 0.12.5
wandb: Syncing run spring-resonance-2
wandb: â­ï¸ View project at https://wandb.ai/yinanazhou/xl_512_bs_8_lr_1e06_es_5_lc_True_nr_True_sr_True_stem_False_lemma_True_repeat_1_fold_2
wandb: ðŸš€ View run at https://wandb.ai/yinanazhou/xl_512_bs_8_lr_1e06_es_5_lc_True_nr_True_sr_True_stem_False_lemma_True_repeat_1_fold_2/runs/xstuxabw
wandb: Run data is saved locally in /project/6002780/yinan/Thesis_MER_Lyrics/lyric-emotion/wandb/run-20220316_035803-xstuxabw
wandb: Run `wandb offline` to turn off syncing.

Validation loss decreased (inf --> 1.513834).  Saving model ...
Validation loss decreased (1.513834 --> 1.473154).  Saving model ...
Validation loss decreased (1.473154 --> 1.441695).  Saving model ...
Validation loss decreased (1.441695 --> 1.418449).  Saving model ...
Validation loss decreased (1.418449 --> 1.402050).  Saving model ...
Validation loss decreased (1.402050 --> 1.390309).  Saving model ...
Validation loss decreased (1.390309 --> 1.381633).  Saving model ...
Validation loss decreased (1.381633 --> 1.375106).  Saving model ...
Validation loss decreased (1.375106 --> 1.370278).  Saving model ...
Validation loss decreased (1.370278 --> 1.365207).  Saving model ...
Validation loss decreased (1.365207 --> 1.360413).  Saving model ...
Validation loss decreased (1.360413 --> 1.355869).  Saving model ...
Validation loss decreased (1.355869 --> 1.351767).  Saving model ...
Validation loss decreased (1.351767 --> 1.347090).  Saving model ...
Validation loss decreased (1.347090 --> 1.341795).  Saving model ...
Validation loss decreased (1.341795 --> 1.334796).  Saving model ...
Validation loss decreased (1.334796 --> 1.329456).  Saving model ...
Validation loss decreased (1.329456 --> 1.323939).  Saving model ...
Validation loss decreased (1.323939 --> 1.317872).  Saving model ...
Validation loss decreased (1.317872 --> 1.311793).  Saving model ...
Validation loss decreased (1.311793 --> 1.306093).  Saving model ...
Validation loss decreased (1.306093 --> 1.299111).  Saving model ...
Validation loss decreased (1.299111 --> 1.291929).  Saving model ...
Validation loss decreased (1.291929 --> 1.284107).  Saving model ...
Validation loss decreased (1.284107 --> 1.276767).  Saving model ...
Validation loss decreased (1.276767 --> 1.270980).  Saving model ...
Validation loss decreased (1.270980 --> 1.263904).  Saving model ...
Validation loss decreased (1.263904 --> 1.256878).  Saving model ...
Validation loss decreased (1.256878 --> 1.250289).  Saving model ...
Validation loss decreased (1.250289 --> 1.244420).  Saving model ...
Validation loss decreased (1.244420 --> 1.237326).  Saving model ...
Validation loss decreased (1.237326 --> 1.230866).  Saving model ...
Validation loss decreased (1.230866 --> 1.224272).  Saving model ...
Validation loss decreased (1.224272 --> 1.218692).  Saving model ...
Validation loss decreased (1.218692 --> 1.213453).  Saving model ...
Validation loss decreased (1.213453 --> 1.206928).  Saving model ...
Validation loss decreased (1.206928 --> 1.200005).  Saving model ...
Validation loss decreased (1.200005 --> 1.193998).  Saving model ...
Validation loss decreased (1.193998 --> 1.187378).  Saving model ...
Validation loss decreased (1.187378 --> 1.180674).  Saving model ...
Validation loss decreased (1.180674 --> 1.174631).  Saving model ...
Validation loss decreased (1.174631 --> 1.167518).  Saving model ...
Validation loss decreased (1.167518 --> 1.161499).  Saving model ...
Validation loss decreased (1.161499 --> 1.155299).  Saving model ...
Validation loss decreased (1.155299 --> 1.147023).  Saving model ...
Validation loss decreased (1.147023 --> 1.141718).  Saving model ...
Validation loss decreased (1.141718 --> 1.136547).  Saving model ...
Validation loss decreased (1.136547 --> 1.129427).  Saving model ...
Validation loss decreased (1.129427 --> 1.125111).  Saving model ...
Validation loss decreased (1.125111 --> 1.121690).  Saving model ...
Validation loss decreased (1.121690 --> 1.115726).  Saving model ...
Validation loss decreased (1.115726 --> 1.110593).  Saving model ...
Validation loss decreased (1.110593 --> 1.104408).  Saving model ...
Validation loss decreased (1.104408 --> 1.098612).  Saving model ...
Validation loss decreased (1.098612 --> 1.095067).  Saving model ...
Validation loss decreased (1.095067 --> 1.088745).  Saving model ...
Validation loss decreased (1.088745 --> 1.083196).  Saving model ...
Validation loss decreased (1.083196 --> 1.078680).  Saving model ...
Validation loss decreased (1.078680 --> 1.071563).  Saving model ...
Validation loss decreased (1.071563 --> 1.066735).  Saving model ...
Validation loss decreased (1.066735 --> 1.061586).  Saving model ...
Validation loss decreased (1.061586 --> 1.057615).  Saving model ...
Validation loss decreased (1.057615 --> 1.052345).  Saving model ...
Validation loss decreased (1.052345 --> 1.047175).  Saving model ...
Validation loss decreased (1.047175 --> 1.043265).  Saving model ...
Validation loss decreased (1.043265 --> 1.039100).  Saving model ...
Validation loss decreased (1.039100 --> 1.038398).  Saving model ...
Validation loss decreased (1.038398 --> 1.032854).  Saving model ...
Validation loss decreased (1.032854 --> 1.026659).  Saving model ...
Validation loss decreased (1.026659 --> 1.022162).  Saving model ...
Validation loss decreased (1.022162 --> 1.019389).  Saving model ...
Validation loss decreased (1.019389 --> 1.015529).  Saving model ...
Validation loss decreased (1.015529 --> 1.012762).  Saving model ...
Validation loss decreased (1.012762 --> 1.010083).  Saving model ...
Validation loss decreased (1.010083 --> 1.006523).  Saving model ...
Validation loss decreased (1.006523 --> 1.004951).  Saving model ...
Validation loss decreased (1.004951 --> 1.000498).  Saving model ...
Validation loss decreased (1.000498 --> 0.997634).  Saving model ...
Validation loss decreased (0.997634 --> 0.992991).  Saving model ...
Validation loss decreased (0.992991 --> 0.988482).  Saving model ...
Validation loss decreased (0.988482 --> 0.985931).  Saving model ...
Validation loss decreased (0.985931 --> 0.981212).  Saving model ...
Validation loss decreased (0.981212 --> 0.979624).  Saving model ...
Validation loss decreased (0.979624 --> 0.977022).  Saving model ...
Validation loss decreased (0.977022 --> 0.973621).  Saving model ...
Validation loss decreased (0.973621 --> 0.971751).  Saving model ...
Validation loss decreased (0.971751 --> 0.968583).  Saving model ...
Validation loss decreased (0.968583 --> 0.966637).  Saving model ...
Validation loss decreased (0.966637 --> 0.963916).  Saving model ...
Validation loss decreased (0.963916 --> 0.961570).  Saving model ...
Validation loss decreased (0.961570 --> 0.959601).  Saving model ...
Validation loss decreased (0.959601 --> 0.957802).  Saving model ...
Validation loss decreased (0.957802 --> 0.955737).  Saving model ...
Validation loss decreased (0.955737 --> 0.955293).  Saving model ...
Validation loss decreased (0.955293 --> 0.950413).  Saving model ...
Validation loss decreased (0.950413 --> 0.949642).  Saving model ...
Validation loss decreased (0.949642 --> 0.948186).  Saving model ...
Validation loss decreased (0.948186 --> 0.945128).  Saving model ...
Validation loss decreased (0.945128 --> 0.943019).  Saving model ...
Validation loss decreased (0.943019 --> 0.941387).  Saving model ...
Validation loss decreased (0.941387 --> 0.939415).  Saving model ...
Validation loss decreased (0.939415 --> 0.937684).  Saving model ...
Validation loss decreased (0.937684 --> 0.935454).  Saving model ...
Validation loss decreased (0.935454 --> 0.934181).  Saving model ...
EarlyStopping counter: 1 out of 5.0
Validation loss decreased (0.934181 --> 0.932099).  Saving model ...
Validation loss decreased (0.932099 --> 0.929402).  Saving model ...
Validation loss decreased (0.929402 --> 0.928708).  Saving model ...
Validation loss decreased (0.928708 --> 0.925642).  Saving model ...
EarlyStopping counter: 1 out of 5.0
EarlyStopping counter: 2 out of 5.0
Validation loss decreased (0.925642 --> 0.921474).  Saving model ...
Validation loss decreased (0.921474 --> 0.920144).  Saving model ...
Validation loss decreased (0.920144 --> 0.918998).  Saving model ...
EarlyStopping counter: 1 out of 5.0
Validation loss decreased (0.918998 --> 0.918150).  Saving model ...
Validation loss decreased (0.918150 --> 0.914764).  Saving model ...
Validation loss decreased (0.914764 --> 0.913281).  Saving model ...
Validation loss decreased (0.913281 --> 0.911792).  Saving model ...
Validation loss decreased (0.911792 --> 0.910517).  Saving model ...
EarlyStopping counter: 1 out of 5.0
EarlyStopping counter: 2 out of 5.0
Validation loss decreased (0.910517 --> 0.909533).  Saving model ...
Validation loss decreased (0.909533 --> 0.906910).  Saving model ...
EarlyStopping counter: 1 out of 5.0
Validation loss decreased (0.906910 --> 0.906251).  Saving model ...
Validation loss decreased (0.906251 --> 0.905550).  Saving model ...
Validation loss decreased (0.905550 --> 0.904386).  Saving model ...
Validation loss decreased (0.904386 --> 0.902890).  Saving model ...
Validation loss decreased (0.902890 --> 0.902583).  Saving model ...
Validation loss decreased (0.902583 --> 0.902553).  Saving model ...
Validation loss decreased (0.902553 --> 0.901866).  Saving model ...
Validation loss decreased (0.901866 --> 0.901370).  Saving model ...
Validation loss decreased (0.901370 --> 0.900335).  Saving model ...
EarlyStopping counter: 1 out of 5.0
EarlyStopping counter: 2 out of 5.0
EarlyStopping counter: 3 out of 5.0
EarlyStopping counter: 4 out of 5.0
Validation loss decreased (0.900335 --> 0.899729).  Saving model ...
Validation loss decreased (0.899729 --> 0.899689).  Saving model ...
EarlyStopping counter: 1 out of 5.0
EarlyStopping counter: 2 out of 5.0
EarlyStopping counter: 3 out of 5.0
Validation loss decreased (0.899689 --> 0.899599).  Saving model ...
Validation loss decreased (0.899599 --> 0.897425).  Saving model ...
EarlyStopping counter: 1 out of 5.0
EarlyStopping counter: 2 out of 5.0
EarlyStopping counter: 3 out of 5.0
EarlyStopping counter: 4 out of 5.0
EarlyStopping counter: 5 out of 5.0
/localscratch/yinan.29028389.0/env/lib/python3.7/site-packages/torch/nn/functional.py:1794: UserWarning: nn.functional.tanh is deprecated. Use torch.tanh instead.
  warnings.warn("nn.functional.tanh is deprecated. Use torch.tanh instead.")
wandb: Waiting for W&B process to finish, PID 133876... (success).
wandb: - 0.00MB of 0.00MB uploaded (0.00MB deduped)wandb: \ 0.00MB of 0.00MB uploaded (0.00MB deduped)wandb: | 0.00MB of 0.00MB uploaded (0.00MB deduped)wandb: / 0.00MB of 0.00MB uploaded (0.00MB deduped)wandb: - 0.00MB of 0.00MB uploaded (0.00MB deduped)wandb: \ 0.00MB of 0.00MB uploaded (0.00MB deduped)wandb: | 0.00MB of 0.00MB uploaded (0.00MB deduped)wandb: / 0.00MB of 0.00MB uploaded (0.00MB deduped)wandb: - 0.00MB of 0.00MB uploaded (0.00MB deduped)wandb: \ 0.00MB of 0.00MB uploaded (0.00MB deduped)wandb: | 0.00MB of 0.00MB uploaded (0.00MB deduped)wandb: / 0.00MB of 0.00MB uploaded (0.00MB deduped)wandb: - 0.00MB of 0.00MB uploaded (0.00MB deduped)wandb:                                                                                
wandb: Run history:
wandb:     e_F1 â–â–‚â–ƒâ–„â–„â–„â–…â–…â–†â–†â–†â–†â–‡â–‡â–‡â–‡â–‡â–‡â–‡â–‡â–‡â–‡â–‡â–‡â–‡â–‡â–ˆâ–ˆâ–ˆâ–ˆâ–ˆâ–ˆâ–ˆâ–ˆâ–ˆâ–ˆâ–ˆâ–ˆâ–ˆâ–ˆ
wandb:   e_loss â–ˆâ–‡â–‡â–‡â–†â–†â–†â–…â–…â–…â–…â–„â–„â–„â–ƒâ–ƒâ–ƒâ–ƒâ–ƒâ–‚â–‚â–‚â–‚â–‚â–‚â–‚â–‚â–â–â–â–â–â–â–â–â–â–â–â–â–
wandb:     t_F1 â–â–â–‚â–‚â–ƒâ–ƒâ–ƒâ–ƒâ–„â–…â–…â–…â–…â–…â–†â–…â–†â–†â–†â–†â–†â–‡â–†â–‡â–‡â–‡â–‡â–‡â–‡â–‡â–‡â–‡â–‡â–ˆâ–ˆâ–ˆâ–ˆâ–ˆâ–ˆâ–ˆ
wandb:   t_loss â–ˆâ–‡â–‡â–‡â–†â–†â–†â–†â–†â–…â–…â–…â–…â–…â–„â–„â–„â–„â–„â–ƒâ–ƒâ–ƒâ–ƒâ–ƒâ–ƒâ–ƒâ–ƒâ–‚â–‚â–‚â–‚â–‚â–‚â–â–‚â–â–â–â–â–
wandb: 
wandb: Run summary:
wandb:     e_F1 59.73753
wandb:   e_loss 0.9004
wandb:     t_F1 71.4046
wandb:   t_loss 0.74893
wandb: 
wandb: Synced 4 W&B file(s), 0 media file(s), 0 artifact file(s) and 0 other file(s)
wandb: Synced spring-resonance-2: https://wandb.ai/yinanazhou/xl_512_bs_8_lr_1e06_es_5_lc_True_nr_True_sr_True_stem_False_lemma_True_repeat_1_fold_2/runs/xstuxabw
wandb: Find logs at: ./wandb/run-20220316_035803-xstuxabw/logs/debug.log
wandb: 

wandb: wandb version 0.12.11 is available!  To upgrade, please run:
wandb:  $ pip install wandb --upgrade
2022-03-16 05:36:46.108322: I tensorflow/stream_executor/platform/default/dso_loader.cc:48] Successfully opened dynamic library libcudart.so.10.1
wandb: Tracking run with wandb version 0.12.5
wandb: Syncing run desert-darkness-2
wandb: â­ï¸ View project at https://wandb.ai/yinanazhou/xl_512_bs_8_lr_1e06_es_5_lc_True_nr_True_sr_True_stem_False_lemma_True_repeat_2_fold_1
wandb: ðŸš€ View run at https://wandb.ai/yinanazhou/xl_512_bs_8_lr_1e06_es_5_lc_True_nr_True_sr_True_stem_False_lemma_True_repeat_2_fold_1/runs/3ew2poe9
wandb: Run data is saved locally in /project/6002780/yinan/Thesis_MER_Lyrics/lyric-emotion/wandb/run-20220316_053642-3ew2poe9
wandb: Run `wandb offline` to turn off syncing.
/localscratch/yinan.29028389.0/env/lib/python3.7/site-packages/torch/nn/functional.py:1794: UserWarning: nn.functional.tanh is deprecated. Use torch.tanh instead.

  warnings.warn("nn.functional.tanh is deprecated. Use torch.tanh instead.")
Exception in thread Thread-26:
Traceback (most recent call last):
  File "/cvmfs/soft.computecanada.ca/easybuild/software/2017/Core/python/3.7.4/lib/python3.7/threading.py", line 926, in _bootstrap_inner
    self.run()
  File "/cvmfs/soft.computecanada.ca/easybuild/software/2017/Core/python/3.7.4/lib/python3.7/threading.py", line 870, in run
    self._target(*self._args, **self._kwargs)
  File "/localscratch/yinan.29028389.0/env/lib/python3.7/site-packages/wandb/sdk/wandb_run.py", line 149, in check_network_status
    status_response = self._interface.communicate_network_status()
  File "/localscratch/yinan.29028389.0/env/lib/python3.7/site-packages/wandb/sdk/interface/interface.py", line 125, in communicate_network_status
    resp = self._communicate_network_status(status)
  File "/localscratch/yinan.29028389.0/env/lib/python3.7/site-packages/wandb/sdk/interface/interface.py", line 978, in _communicate_network_status
    resp = self._communicate(req, local=True)
  File "/localscratch/yinan.29028389.0/env/lib/python3.7/site-packages/wandb/sdk/interface/interface.py", line 799, in _communicate
    return self._communicate_async(rec, local=local).get(timeout=timeout)
  File "/localscratch/yinan.29028389.0/env/lib/python3.7/site-packages/wandb/sdk/interface/interface.py", line 804, in _communicate_async
    raise Exception("The wandb backend process has shutdown")
Exception: The wandb backend process has shutdown

Exception in thread Thread-25:
Traceback (most recent call last):
  File "/cvmfs/soft.computecanada.ca/easybuild/software/2017/Core/python/3.7.4/lib/python3.7/threading.py", line 926, in _bootstrap_inner
    self.run()
  File "/cvmfs/soft.computecanada.ca/easybuild/software/2017/Core/python/3.7.4/lib/python3.7/threading.py", line 870, in run
    self._target(*self._args, **self._kwargs)
  File "/localscratch/yinan.29028389.0/env/lib/python3.7/site-packages/wandb/sdk/wandb_run.py", line 167, in check_status
    status_response = self._interface.communicate_stop_status()
  File "/localscratch/yinan.29028389.0/env/lib/python3.7/site-packages/wandb/sdk/interface/interface.py", line 114, in communicate_stop_status
    resp = self._communicate_stop_status(status)
  File "/localscratch/yinan.29028389.0/env/lib/python3.7/site-packages/wandb/sdk/interface/interface.py", line 968, in _communicate_stop_status
    resp = self._communicate(req, local=True)
  File "/localscratch/yinan.29028389.0/env/lib/python3.7/site-packages/wandb/sdk/interface/interface.py", line 799, in _communicate
    return self._communicate_async(rec, local=local).get(timeout=timeout)
  File "/localscratch/yinan.29028389.0/env/lib/python3.7/site-packages/wandb/sdk/interface/interface.py", line 804, in _communicate_async
    raise Exception("The wandb backend process has shutdown")
Exception: The wandb backend process has shutdown

Traceback (most recent call last):
  File "xlnet_cv.py", line 309, in <module>
    loss_default, train_f1 = train(i, train_dataloader, loss_default)
  File "xlnet_cv.py", line 88, in train
    wandb.log({"t_loss": total_loss / train_steps, "t_F1": f1 * 100.})
  File "/localscratch/yinan.29028389.0/env/lib/python3.7/site-packages/wandb/sdk/wandb_run.py", line 1229, in log
    self.history._row_add(data)
  File "/localscratch/yinan.29028389.0/env/lib/python3.7/site-packages/wandb/sdk/wandb_history.py", line 44, in _row_add
    self._flush()
  File "/localscratch/yinan.29028389.0/env/lib/python3.7/site-packages/wandb/sdk/wandb_history.py", line 59, in _flush
    self._callback(row=self._data, step=self._step)
  File "/localscratch/yinan.29028389.0/env/lib/python3.7/site-packages/wandb/sdk/wandb_run.py", line 973, in _history_callback
    row, step, publish_step=not_using_tensorboard
  File "/localscratch/yinan.29028389.0/env/lib/python3.7/site-packages/wandb/sdk/interface/interface.py", line 506, in publish_history
    self._publish_history(history)
  File "/localscratch/yinan.29028389.0/env/lib/python3.7/site-packages/wandb/sdk/interface/interface.py", line 641, in _publish_history
    self._publish(rec)
  File "/localscratch/yinan.29028389.0/env/lib/python3.7/site-packages/wandb/sdk/interface/interface.py", line 790, in _publish
    raise Exception("The wandb backend process has shutdown")
Exception: The wandb backend process has shutdown
Traceback (most recent call last):
  File "xlnet_cv.py", line 309, in <module>
    loss_default, train_f1 = train(i, train_dataloader, loss_default)
  File "xlnet_cv.py", line 88, in train
    wandb.log({"t_loss": total_loss / train_steps, "t_F1": f1 * 100.})
  File "/localscratch/yinan.29028389.0/env/lib/python3.7/site-packages/wandb/sdk/wandb_run.py", line 1229, in log
    self.history._row_add(data)
  File "/localscratch/yinan.29028389.0/env/lib/python3.7/site-packages/wandb/sdk/wandb_history.py", line 44, in _row_add
    self._flush()
  File "/localscratch/yinan.29028389.0/env/lib/python3.7/site-packages/wandb/sdk/wandb_history.py", line 59, in _flush
    self._callback(row=self._data, step=self._step)
  File "/localscratch/yinan.29028389.0/env/lib/python3.7/site-packages/wandb/sdk/wandb_run.py", line 973, in _history_callback
    row, step, publish_step=not_using_tensorboard
  File "/localscratch/yinan.29028389.0/env/lib/python3.7/site-packages/wandb/sdk/interface/interface.py", line 506, in publish_history
    self._publish_history(history)
  File "/localscratch/yinan.29028389.0/env/lib/python3.7/site-packages/wandb/sdk/interface/interface.py", line 641, in _publish_history
    self._publish(rec)
  File "/localscratch/yinan.29028389.0/env/lib/python3.7/site-packages/wandb/sdk/interface/interface.py", line 790, in _publish
    raise Exception("The wandb backend process has shutdown")
Exception: The wandb backend process has shutdown
Traceback (most recent call last):
  File "xlnet_cv.py", line 309, in <module>
    loss_default, train_f1 = train(i, train_dataloader, loss_default)
  File "xlnet_cv.py", line 88, in train
    wandb.log({"t_loss": total_loss / train_steps, "t_F1": f1 * 100.})
  File "/localscratch/yinan.29028389.0/env/lib/python3.7/site-packages/wandb/sdk/wandb_run.py", line 1229, in log
    self.history._row_add(data)
  File "/localscratch/yinan.29028389.0/env/lib/python3.7/site-packages/wandb/sdk/wandb_history.py", line 44, in _row_add
    self._flush()
  File "/localscratch/yinan.29028389.0/env/lib/python3.7/site-packages/wandb/sdk/wandb_history.py", line 59, in _flush
    self._callback(row=self._data, step=self._step)
  File "/localscratch/yinan.29028389.0/env/lib/python3.7/site-packages/wandb/sdk/wandb_run.py", line 973, in _history_callback
    row, step, publish_step=not_using_tensorboard
  File "/localscratch/yinan.29028389.0/env/lib/python3.7/site-packages/wandb/sdk/interface/interface.py", line 506, in publish_history
    self._publish_history(history)
  File "/localscratch/yinan.29028389.0/env/lib/python3.7/site-packages/wandb/sdk/interface/interface.py", line 641, in _publish_history
    self._publish(rec)
  File "/localscratch/yinan.29028389.0/env/lib/python3.7/site-packages/wandb/sdk/interface/interface.py", line 790, in _publish
    raise Exception("The wandb backend process has shutdown")
Exception: The wandb backend process has shutdown
Error in atexit._run_exitfuncs:
Traceback (most recent call last):
  File "/localscratch/yinan.29028389.0/env/lib/python3.7/site-packages/wandb/sdk/wandb_run.py", line 1671, in _atexit_cleanup
    self._on_finish()
  File "/localscratch/yinan.29028389.0/env/lib/python3.7/site-packages/wandb/sdk/wandb_run.py", line 1815, in _on_finish
    self.history._flush()
  File "/localscratch/yinan.29028389.0/env/lib/python3.7/site-packages/wandb/sdk/wandb_history.py", line 59, in _flush
    self._callback(row=self._data, step=self._step)
  File "/localscratch/yinan.29028389.0/env/lib/python3.7/site-packages/wandb/sdk/wandb_run.py", line 973, in _history_callback
    row, step, publish_step=not_using_tensorboard
  File "/localscratch/yinan.29028389.0/env/lib/python3.7/site-packages/wandb/sdk/interface/interface.py", line 506, in publish_history
    self._publish_history(history)
  File "/localscratch/yinan.29028389.0/env/lib/python3.7/site-packages/wandb/sdk/interface/interface.py", line 641, in _publish_history
    self._publish(rec)
  File "/localscratch/yinan.29028389.0/env/lib/python3.7/site-packages/wandb/sdk/interface/interface.py", line 790, in _publish
    raise Exception("The wandb backend process has shutdown")
Exception: The wandb backend process has shutdown

During handling of the above exception, another exception occurred:

Traceback (most recent call last):
  File "/localscratch/yinan.29028389.0/env/lib/python3.7/site-packages/wandb/sdk/wandb_run.py", line 1680, in _atexit_cleanup
    self._backend.cleanup()
  File "/localscratch/yinan.29028389.0/env/lib/python3.7/site-packages/wandb/sdk/backend/backend.py", line 227, in cleanup
    self.interface.join()
  File "/localscratch/yinan.29028389.0/env/lib/python3.7/site-packages/wandb/sdk/interface/interface.py", line 1048, in join
    super(BackendSender, self).join()
  File "/localscratch/yinan.29028389.0/env/lib/python3.7/site-packages/wandb/sdk/interface/interface.py", line 596, in join
    self._communicate_shutdown()
  File "/localscratch/yinan.29028389.0/env/lib/python3.7/site-packages/wandb/sdk/interface/interface.py", line 1045, in _communicate_shutdown
    _ = self._communicate(record)
  File "/localscratch/yinan.29028389.0/env/lib/python3.7/site-packages/wandb/sdk/interface/interface.py", line 799, in _communicate
    return self._communicate_async(rec, local=local).get(timeout=timeout)
  File "/localscratch/yinan.29028389.0/env/lib/python3.7/site-packages/wandb/sdk/interface/interface.py", line 804, in _communicate_async
    raise Exception("The wandb backend process has shutdown")
Exception: The wandb backend process has shutdown
/cvmfs/soft.computecanada.ca/easybuild/software/2017/Core/python/3.7.4/lib/python3.7/multiprocessing/semaphore_tracker.py:55: UserWarning: semaphore_tracker: process died unexpectedly, relaunching.  Some semaphores might leak.
  warnings.warn('semaphore_tracker: process died unexpectedly, '
Traceback (most recent call last):
  File "/cvmfs/soft.computecanada.ca/easybuild/software/2017/Core/python/3.7.4/lib/python3.7/multiprocessing/semaphore_tracker.py", line 130, in main
    cache.remove(name)
KeyError: b'/loky-130402-ojrccz9g'
Traceback (most recent call last):
  File "/cvmfs/soft.computecanada.ca/easybuild/software/2017/Core/python/3.7.4/lib/python3.7/multiprocessing/semaphore_tracker.py", line 130, in main
    cache.remove(name)
KeyError: b'/loky-130402-p178i72z'
Traceback (most recent call last):
  File "/cvmfs/soft.computecanada.ca/easybuild/software/2017/Core/python/3.7.4/lib/python3.7/multiprocessing/semaphore_tracker.py", line 130, in main
    cache.remove(name)
KeyError: b'/loky-130402-t7ht8bdy'
Traceback (most recent call last):
  File "/cvmfs/soft.computecanada.ca/easybuild/software/2017/Core/python/3.7.4/lib/python3.7/multiprocessing/semaphore_tracker.py", line 130, in main
    cache.remove(name)
KeyError: b'/loky-130402-0t4ktkrb'
Traceback (most recent call last):
  File "/cvmfs/soft.computecanada.ca/easybuild/software/2017/Core/python/3.7.4/lib/python3.7/multiprocessing/semaphore_tracker.py", line 130, in main
    cache.remove(name)
KeyError: b'/loky-130402-apdelcsy'
Traceback (most recent call last):
  File "/cvmfs/soft.computecanada.ca/easybuild/software/2017/Core/python/3.7.4/lib/python3.7/multiprocessing/semaphore_tracker.py", line 130, in main
    cache.remove(name)
KeyError: b'/loky-130402-fnkamjp1'
Traceback (most recent call last):
  File "/cvmfs/soft.computecanada.ca/easybuild/software/2017/Core/python/3.7.4/lib/python3.7/multiprocessing/semaphore_tracker.py", line 130, in main
    cache.remove(name)
KeyError: b'/loky-130402-5hlksg6f'
Traceback (most recent call last):
  File "/cvmfs/soft.computecanada.ca/easybuild/software/2017/Core/python/3.7.4/lib/python3.7/multiprocessing/semaphore_tracker.py", line 130, in main
    cache.remove(name)
KeyError: b'/loky-130402-0acn2rt5'
Traceback (most recent call last):
  File "/cvmfs/soft.computecanada.ca/easybuild/software/2017/Core/python/3.7.4/lib/python3.7/multiprocessing/semaphore_tracker.py", line 130, in main
    cache.remove(name)
KeyError: b'/loky-130402-2_ja4xzp'
Traceback (most recent call last):
  File "/cvmfs/soft.computecanada.ca/easybuild/software/2017/Core/python/3.7.4/lib/python3.7/multiprocessing/semaphore_tracker.py", line 130, in main
    cache.remove(name)
KeyError: b'/loky-130402-ltxuzqbi'
Traceback (most recent call last):
  File "/cvmfs/soft.computecanada.ca/easybuild/software/2017/Core/python/3.7.4/lib/python3.7/multiprocessing/semaphore_tracker.py", line 130, in main
    cache.remove(name)
KeyError: b'/loky-130402-3a8d2tz0'
Traceback (most recent call last):
  File "/cvmfs/soft.computecanada.ca/easybuild/software/2017/Core/python/3.7.4/lib/python3.7/multiprocessing/semaphore_tracker.py", line 130, in main
    cache.remove(name)
KeyError: b'/loky-130402-sdf2v0u6'
Traceback (most recent call last):
  File "/cvmfs/soft.computecanada.ca/easybuild/software/2017/Core/python/3.7.4/lib/python3.7/multiprocessing/semaphore_tracker.py", line 130, in main
    cache.remove(name)
KeyError: b'/loky-130402-ladopzuj'
Traceback (most recent call last):
  File "/cvmfs/soft.computecanada.ca/easybuild/software/2017/Core/python/3.7.4/lib/python3.7/multiprocessing/semaphore_tracker.py", line 130, in main
    cache.remove(name)
KeyError: b'/loky-130402-rbod5u69'
Traceback (most recent call last):
  File "/cvmfs/soft.computecanada.ca/easybuild/software/2017/Core/python/3.7.4/lib/python3.7/multiprocessing/semaphore_tracker.py", line 130, in main
    cache.remove(name)
KeyError: b'/loky-130402-0qby4ihc'
Traceback (most recent call last):
  File "/cvmfs/soft.computecanada.ca/easybuild/software/2017/Core/python/3.7.4/lib/python3.7/multiprocessing/semaphore_tracker.py", line 130, in main
    cache.remove(name)
KeyError: b'/loky-130402-8q7k8aa0'
Traceback (most recent call last):
  File "/cvmfs/soft.computecanada.ca/easybuild/software/2017/Core/python/3.7.4/lib/python3.7/multiprocessing/semaphore_tracker.py", line 130, in main
    cache.remove(name)
KeyError: b'/loky-130402-mls59nt9'
Traceback (most recent call last):
  File "/cvmfs/soft.computecanada.ca/easybuild/software/2017/Core/python/3.7.4/lib/python3.7/multiprocessing/semaphore_tracker.py", line 130, in main
    cache.remove(name)
KeyError: b'/loky-130402-kge7n7f5'
slurmstepd: error: Detected 2 oom-kill event(s) in StepId=29028389.batch cgroup. Some of your processes may have been killed by the cgroup out-of-memory handler.
