Unloading StdEnv/2020

Due to MODULEPATH changes, the following have been reloaded:
  1) mii/1.1.1


The following have been reloaded with a version change:
  1) python/3.8.2 => python/3.7.4

Using base prefix '/cvmfs/soft.computecanada.ca/easybuild/software/2017/Core/python/3.7.4'
New python executable in /localscratch/yinan.28128577.0/env/bin/python
Installing setuptools, pip, wheel...
done.
Ignoring pip: markers 'python_version < "3"' don't match your environment
Looking in links: /cvmfs/soft.computecanada.ca/custom/python/wheelhouse/nix/avx2, /cvmfs/soft.computecanada.ca/custom/python/wheelhouse/nix/generic, /cvmfs/soft.computecanada.ca/custom/python/wheelhouse/generic
Collecting pip
Installing collected packages: pip
  Found existing installation: pip 19.1.1
    Uninstalling pip-19.1.1:
      Successfully uninstalled pip-19.1.1
Successfully installed pip-21.2.3+computecanada
Looking in links: /cvmfs/soft.computecanada.ca/custom/python/wheelhouse/nix/avx2, /cvmfs/soft.computecanada.ca/custom/python/wheelhouse/nix/generic, /cvmfs/soft.computecanada.ca/custom/python/wheelhouse/generic
Processing /cvmfs/soft.computecanada.ca/custom/python/wheelhouse/generic/keras-2.8.0+computecanada-py2.py3-none-any.whl
Processing /cvmfs/soft.computecanada.ca/custom/python/wheelhouse/generic/Keras_Preprocessing-1.1.2+computecanada-py3-none-any.whl
Requirement already satisfied: matplotlib in /cvmfs/soft.computecanada.ca/easybuild/software/2017/Core/scipy-stack/2019a/lib/python3.7/site-packages (from -r requirements.txt (line 3)) (3.0.2)
Processing /cvmfs/soft.computecanada.ca/custom/python/wheelhouse/generic/nltk-3.6.5+computecanada-py3-none-any.whl
Processing /cvmfs/soft.computecanada.ca/custom/python/wheelhouse/generic/scikit_learn-0.22.1+computecanada-cp37-cp37m-linux_x86_64.whl
Processing /cvmfs/soft.computecanada.ca/custom/python/wheelhouse/generic/tensorboard-2.3.0+computecanada-py3-none-any.whl
Processing /cvmfs/soft.computecanada.ca/custom/python/wheelhouse/generic/tensorboard_plugin_wit-1.7.0+computecanada-py3-none-any.whl
Processing /cvmfs/soft.computecanada.ca/custom/python/wheelhouse/generic/tensorflow_gpu-2.3.0+computecanada-cp37-cp37m-linux_x86_64.whl
Processing /cvmfs/soft.computecanada.ca/custom/python/wheelhouse/generic/tensorflow_estimator-2.3.0+computecanada-py2.py3-none-any.whl
Processing /cvmfs/soft.computecanada.ca/custom/python/wheelhouse/generic/tokenizers-0.5.2+computecanada-cp37-cp37m-linux_x86_64.whl
Processing /cvmfs/soft.computecanada.ca/custom/python/wheelhouse/nix/avx2/torch-1.4.0+computecanada-cp37-cp37m-linux_x86_64.whl
Processing /cvmfs/soft.computecanada.ca/custom/python/wheelhouse/generic/torchtext-0.6.0+computecanada-py3-none-any.whl
Processing /cvmfs/soft.computecanada.ca/custom/python/wheelhouse/generic/torchvision-0.8.2+computecanada-cp37-cp37m-linux_x86_64.whl
Processing /cvmfs/soft.computecanada.ca/custom/python/wheelhouse/generic/transformers-2.5.1+computecanada-py3-none-any.whl
Processing /cvmfs/soft.computecanada.ca/custom/python/wheelhouse/generic/urllib3-1.26.7+computecanada-py2.py3-none-any.whl
Processing /cvmfs/soft.computecanada.ca/custom/python/wheelhouse/generic/joblib-1.1.0+computecanada-py2.py3-none-any.whl
Processing /cvmfs/soft.computecanada.ca/custom/python/wheelhouse/generic/tqdm-4.62.3+computecanada-py2.py3-none-any.whl
ERROR: Could not find a version that satisfies the requirement regex>=2021.8.3 (from nltk) (from versions: 2018.1.10+computecanada, 2019.11.1+computecanada, 2020.11.13+computecanada)
ERROR: No matching distribution found for regex>=2021.8.3
Looking in links: /cvmfs/soft.computecanada.ca/custom/python/wheelhouse/nix/avx2, /cvmfs/soft.computecanada.ca/custom/python/wheelhouse/nix/generic, /cvmfs/soft.computecanada.ca/custom/python/wheelhouse/generic
ERROR: Could not find a version that satisfies the requirement numpy==1.20.0+computacanada (from versions: 1.15.0+computecanada, 1.15.2+computecanada, 1.15.4+computecanada, 1.16.0+computecanada, 1.16.2+computecanada, 1.16.3+computecanada, 1.17.4+computecanada, 1.18.1+computecanada, 1.18.4+computecanada, 1.19.1+computecanada, 1.19.2+computecanada, 1.20.2+computecanada)
ERROR: No matching distribution found for numpy==1.20.0+computacanada
Looking in links: /cvmfs/soft.computecanada.ca/custom/python/wheelhouse/nix/avx2, /cvmfs/soft.computecanada.ca/custom/python/wheelhouse/nix/generic, /cvmfs/soft.computecanada.ca/custom/python/wheelhouse/generic
Processing /cvmfs/soft.computecanada.ca/custom/python/wheelhouse/generic/wandb-0.12.5+computecanada-py2.py3-none-any.whl
Requirement already satisfied: python-dateutil>=2.6.1 in /cvmfs/soft.computecanada.ca/easybuild/software/2017/Core/scipy-stack/2019a/lib/python3.7/site-packages (from wandb) (2.7.5)
Processing /cvmfs/soft.computecanada.ca/custom/python/wheelhouse/generic/shortuuid-1.0.1+computecanada-py3-none-any.whl
Processing /cvmfs/soft.computecanada.ca/custom/python/wheelhouse/generic/GitPython-3.1.24+computecanada-py3-none-any.whl
Processing /cvmfs/soft.computecanada.ca/custom/python/wheelhouse/generic/click-8.0.3+computecanada-py3-none-any.whl
Processing /cvmfs/soft.computecanada.ca/custom/python/wheelhouse/generic/promise-2.3+computecanada-py3-none-any.whl
Processing /cvmfs/soft.computecanada.ca/custom/python/wheelhouse/generic/pathtools-0.1.2+computecanada-py3-none-any.whl
Processing /cvmfs/soft.computecanada.ca/custom/python/wheelhouse/generic/psutil-5.7.3+computecanada-cp37-cp37m-linux_x86_64.whl
Processing /cvmfs/soft.computecanada.ca/custom/python/wheelhouse/generic/subprocess32-3.5.4+computecanada-py3-none-any.whl
Processing /cvmfs/soft.computecanada.ca/custom/python/wheelhouse/generic/docker_pycreds-0.4.0+computecanada-py2.py3-none-any.whl
Processing /cvmfs/soft.computecanada.ca/custom/python/wheelhouse/generic/sentry_sdk-1.5.0+computecanada-py2.py3-none-any.whl
Requirement already satisfied: requests<3,>=2.0.0 in /cvmfs/soft.computecanada.ca/easybuild/software/2017/Core/scipy-stack/2019a/lib/python3.7/site-packages (from wandb) (2.21.0)
Processing /cvmfs/soft.computecanada.ca/custom/python/wheelhouse/generic/PyYAML-5.3.1+computecanada-cp37-cp37m-linux_x86_64.whl
Processing /cvmfs/soft.computecanada.ca/custom/python/wheelhouse/generic/configparser-5.0.2+computecanada-py3-none-any.whl
Processing /cvmfs/soft.computecanada.ca/custom/python/wheelhouse/generic/protobuf-3.19.3+computecanada-py2.py3-none-any.whl
Processing /cvmfs/soft.computecanada.ca/custom/python/wheelhouse/generic/six-1.16.0+computecanada-py2.py3-none-any.whl
Processing /cvmfs/soft.computecanada.ca/custom/python/wheelhouse/generic/yaspin-2.1.0+computecanada-py3-none-any.whl
Requirement already satisfied: importlib-metadata in /cvmfs/soft.computecanada.ca/easybuild/software/2017/Core/scipy-stack/2019a/lib/python3.7/site-packages (from Click!=8.0.0,>=7.0->wandb) (0.8)
Processing /cvmfs/soft.computecanada.ca/custom/python/wheelhouse/generic/typing_extensions-4.0.1+computecanada-py3-none-any.whl
Processing /cvmfs/soft.computecanada.ca/custom/python/wheelhouse/generic/gitdb-4.0.9+computecanada-py3-none-any.whl
Processing /cvmfs/soft.computecanada.ca/custom/python/wheelhouse/generic/smmap-5.0.0+computecanada-py3-none-any.whl
Requirement already satisfied: idna<2.9,>=2.5 in /cvmfs/soft.computecanada.ca/easybuild/software/2017/Core/scipy-stack/2019a/lib/python3.7/site-packages (from requests<3,>=2.0.0->wandb) (2.8)
Requirement already satisfied: urllib3<1.25,>=1.21.1 in /cvmfs/soft.computecanada.ca/easybuild/software/2017/Core/scipy-stack/2019a/lib/python3.7/site-packages (from requests<3,>=2.0.0->wandb) (1.24.1)
Requirement already satisfied: chardet<3.1.0,>=3.0.2 in /cvmfs/soft.computecanada.ca/easybuild/software/2017/Core/scipy-stack/2019a/lib/python3.7/site-packages (from requests<3,>=2.0.0->wandb) (3.0.4)
Requirement already satisfied: certifi>=2017.4.17 in /cvmfs/soft.computecanada.ca/easybuild/software/2017/Core/scipy-stack/2019a/lib/python3.7/site-packages (from requests<3,>=2.0.0->wandb) (2018.11.29)
Processing /cvmfs/soft.computecanada.ca/custom/python/wheelhouse/generic/termcolor-1.1.0+computecanada-py3-none-any.whl
Requirement already satisfied: zipp>=0.3.2 in /cvmfs/soft.computecanada.ca/easybuild/software/2017/Core/scipy-stack/2019a/lib/python3.7/site-packages (from importlib-metadata->Click!=8.0.0,>=7.0->wandb) (0.3.3)
Installing collected packages: smmap, typing-extensions, termcolor, six, gitdb, yaspin, subprocess32, shortuuid, sentry-sdk, PyYAML, psutil, protobuf, promise, pathtools, GitPython, docker-pycreds, configparser, Click, wandb
  Attempting uninstall: six
    Found existing installation: six 1.12.0
    Not uninstalling six at /cvmfs/soft.computecanada.ca/easybuild/software/2017/Core/scipy-stack/2019a/lib/python3.7/site-packages, outside environment /localscratch/yinan.28128577.0/env
    Can't uninstall 'six'. No files were found to uninstall.
Successfully installed Click-8.0.3+computecanada GitPython-3.1.24+computecanada PyYAML-5.3.1+computecanada configparser-5.0.2+computecanada docker-pycreds-0.4.0+computecanada gitdb-4.0.9+computecanada pathtools-0.1.2+computecanada promise-2.3+computecanada protobuf-3.19.3+computecanada psutil-5.7.3+computecanada sentry-sdk-1.5.0+computecanada shortuuid-1.0.1+computecanada six-1.16.0+computecanada smmap-5.0.0+computecanada subprocess32-3.5.4+computecanada termcolor-1.1.0+computecanada typing-extensions-4.0.1+computecanada wandb-0.12.5+computecanada yaspin-2.1.0+computecanada
Looking in links: /cvmfs/soft.computecanada.ca/custom/python/wheelhouse/nix/avx2, /cvmfs/soft.computecanada.ca/custom/python/wheelhouse/nix/generic, /cvmfs/soft.computecanada.ca/custom/python/wheelhouse/generic
ERROR: Could not find a version that satisfies the requirement sagemaker (from versions: none)
ERROR: No matching distribution found for sagemaker
Looking in links: /cvmfs/soft.computecanada.ca/custom/python/wheelhouse/nix/avx2, /cvmfs/soft.computecanada.ca/custom/python/wheelhouse/nix/generic, /cvmfs/soft.computecanada.ca/custom/python/wheelhouse/generic
Processing /cvmfs/soft.computecanada.ca/custom/python/wheelhouse/generic/torch-1.9.1+computecanada-cp37-cp37m-linux_x86_64.whl
Requirement already satisfied: typing-extensions in /localscratch/yinan.28128577.0/env/lib/python3.7/site-packages (from torch) (4.0.1+computecanada)
Installing collected packages: torch
Successfully installed torch-1.9.1+computecanada
Looking in links: /cvmfs/soft.computecanada.ca/custom/python/wheelhouse/nix/avx2, /cvmfs/soft.computecanada.ca/custom/python/wheelhouse/nix/generic, /cvmfs/soft.computecanada.ca/custom/python/wheelhouse/generic
Processing /cvmfs/soft.computecanada.ca/custom/python/wheelhouse/generic/transformers-2.5.1+computecanada-py3-none-any.whl
Processing /cvmfs/soft.computecanada.ca/custom/python/wheelhouse/generic/sentencepiece-0.1.91+computecanada-cp37-cp37m-linux_x86_64.whl
Processing /cvmfs/soft.computecanada.ca/custom/python/wheelhouse/generic/filelock-3.4.2+computecanada-py3-none-any.whl
Processing /cvmfs/soft.computecanada.ca/custom/python/wheelhouse/generic/boto3-1.20.52+computecanada-py3-none-any.whl
Requirement already satisfied: numpy in /cvmfs/soft.computecanada.ca/easybuild/software/2017/Core/scipy-stack/2019a/lib/python3.7/site-packages (from transformers==2.5.1+computecanada) (1.16.0)
Requirement already satisfied: requests in /cvmfs/soft.computecanada.ca/easybuild/software/2017/Core/scipy-stack/2019a/lib/python3.7/site-packages (from transformers==2.5.1+computecanada) (2.21.0)
Processing /cvmfs/soft.computecanada.ca/custom/python/wheelhouse/generic/tqdm-4.62.3+computecanada-py2.py3-none-any.whl
Processing /cvmfs/soft.computecanada.ca/custom/python/wheelhouse/generic/sacremoses-0.0.46+computecanada-py3-none-any.whl
Processing /cvmfs/soft.computecanada.ca/custom/python/wheelhouse/generic/regex-2020.11.13+computecanada-cp37-cp37m-linux_x86_64.whl
Processing /cvmfs/soft.computecanada.ca/custom/python/wheelhouse/generic/tokenizers-0.5.2+computecanada-cp37-cp37m-linux_x86_64.whl
Processing /cvmfs/soft.computecanada.ca/custom/python/wheelhouse/generic/botocore-1.23.52+computecanada-py3-none-any.whl
Processing /cvmfs/soft.computecanada.ca/custom/python/wheelhouse/generic/jmespath-0.10.0+computecanada-py2.py3-none-any.whl
Processing /cvmfs/soft.computecanada.ca/custom/python/wheelhouse/generic/s3transfer-0.5.1+computecanada-py3-none-any.whl
Processing /cvmfs/soft.computecanada.ca/custom/python/wheelhouse/generic/urllib3-1.26.8+computecanada-py2.py3-none-any.whl
Requirement already satisfied: python-dateutil<3.0.0,>=2.1 in /cvmfs/soft.computecanada.ca/easybuild/software/2017/Core/scipy-stack/2019a/lib/python3.7/site-packages (from botocore<1.24.0,>=1.23.52->boto3->transformers==2.5.1+computecanada) (2.7.5)
Requirement already satisfied: six>=1.5 in /localscratch/yinan.28128577.0/env/lib/python3.7/site-packages (from python-dateutil<3.0.0,>=2.1->botocore<1.24.0,>=1.23.52->boto3->transformers==2.5.1+computecanada) (1.16.0+computecanada)
Requirement already satisfied: chardet<3.1.0,>=3.0.2 in /cvmfs/soft.computecanada.ca/easybuild/software/2017/Core/scipy-stack/2019a/lib/python3.7/site-packages (from requests->transformers==2.5.1+computecanada) (3.0.4)
Processing /cvmfs/soft.computecanada.ca/custom/python/wheelhouse/generic/requests-2.27.1+computecanada-py2.py3-none-any.whl
Processing /cvmfs/soft.computecanada.ca/custom/python/wheelhouse/generic/charset_normalizer-2.0.11+computecanada-py3-none-any.whl
Requirement already satisfied: certifi>=2017.4.17 in /cvmfs/soft.computecanada.ca/easybuild/software/2017/Core/scipy-stack/2019a/lib/python3.7/site-packages (from requests->transformers==2.5.1+computecanada) (2018.11.29)
Requirement already satisfied: idna<4,>=2.5 in /cvmfs/soft.computecanada.ca/easybuild/software/2017/Core/scipy-stack/2019a/lib/python3.7/site-packages (from requests->transformers==2.5.1+computecanada) (2.8)
Processing /cvmfs/soft.computecanada.ca/custom/python/wheelhouse/generic/joblib-1.1.0+computecanada-py2.py3-none-any.whl
Requirement already satisfied: click in /localscratch/yinan.28128577.0/env/lib/python3.7/site-packages (from sacremoses->transformers==2.5.1+computecanada) (8.0.3+computecanada)
Requirement already satisfied: importlib-metadata in /cvmfs/soft.computecanada.ca/easybuild/software/2017/Core/scipy-stack/2019a/lib/python3.7/site-packages (from click->sacremoses->transformers==2.5.1+computecanada) (0.8)
Requirement already satisfied: zipp>=0.3.2 in /cvmfs/soft.computecanada.ca/easybuild/software/2017/Core/scipy-stack/2019a/lib/python3.7/site-packages (from importlib-metadata->click->sacremoses->transformers==2.5.1+computecanada) (0.3.3)
Installing collected packages: urllib3, jmespath, botocore, tqdm, s3transfer, regex, joblib, charset-normalizer, tokenizers, sentencepiece, sacremoses, requests, filelock, boto3, transformers
  Attempting uninstall: urllib3
    Found existing installation: urllib3 1.24.1
    Not uninstalling urllib3 at /cvmfs/soft.computecanada.ca/easybuild/software/2017/Core/scipy-stack/2019a/lib/python3.7/site-packages, outside environment /localscratch/yinan.28128577.0/env
    Can't uninstall 'urllib3'. No files were found to uninstall.
  Attempting uninstall: requests
    Found existing installation: requests 2.21.0
    Not uninstalling requests at /cvmfs/soft.computecanada.ca/easybuild/software/2017/Core/scipy-stack/2019a/lib/python3.7/site-packages, outside environment /localscratch/yinan.28128577.0/env
    Can't uninstall 'requests'. No files were found to uninstall.
Successfully installed boto3-1.20.52+computecanada botocore-1.23.52+computecanada charset-normalizer-2.0.11+computecanada filelock-3.4.2+computecanada jmespath-0.10.0+computecanada joblib-1.1.0+computecanada regex-2020.11.13+computecanada requests-2.27.1+computecanada s3transfer-0.5.1+computecanada sacremoses-0.0.46+computecanada sentencepiece-0.1.91+computecanada tokenizers-0.5.2+computecanada tqdm-4.62.3+computecanada transformers-2.5.1+computecanada urllib3-1.26.8+computecanada
Looking in links: /cvmfs/soft.computecanada.ca/custom/python/wheelhouse/nix/avx2, /cvmfs/soft.computecanada.ca/custom/python/wheelhouse/nix/generic, /cvmfs/soft.computecanada.ca/custom/python/wheelhouse/generic
Processing /cvmfs/soft.computecanada.ca/custom/python/wheelhouse/generic/tensorflow_gpu-2.3.0+computecanada-cp37-cp37m-linux_x86_64.whl
Processing /cvmfs/soft.computecanada.ca/custom/python/wheelhouse/generic/google_pasta-0.2.0+computecanada-py3-none-any.whl
Processing /cvmfs/soft.computecanada.ca/custom/python/wheelhouse/generic/tensorboard-2.8.0+computecanada-py3-none-any.whl
Processing /cvmfs/soft.computecanada.ca/custom/python/wheelhouse/generic/astunparse-1.6.3+computecanada-py2.py3-none-any.whl
Processing /cvmfs/soft.computecanada.ca/custom/python/wheelhouse/generic/absl_py-1.0.0+computecanada-py3-none-any.whl
Requirement already satisfied: numpy<1.19.0,>=1.16.0 in /cvmfs/soft.computecanada.ca/easybuild/software/2017/Core/scipy-stack/2019a/lib/python3.7/site-packages (from tensorflow_gpu==2.3.0+computecanada) (1.16.0)
Processing /cvmfs/soft.computecanada.ca/custom/python/wheelhouse/generic/opt_einsum-3.3.0+computecanada-py3-none-any.whl
Requirement already satisfied: protobuf>=3.9.2 in /localscratch/yinan.28128577.0/env/lib/python3.7/site-packages (from tensorflow_gpu==2.3.0+computecanada) (3.19.3+computecanada)
Requirement already satisfied: wheel>=0.26 in /localscratch/yinan.28128577.0/env/lib/python3.7/site-packages (from tensorflow_gpu==2.3.0+computecanada) (0.33.4)
Processing /cvmfs/soft.computecanada.ca/custom/python/wheelhouse/generic/tensorflow_estimator-2.3.0+computecanada-py2.py3-none-any.whl
Processing /cvmfs/soft.computecanada.ca/custom/python/wheelhouse/generic/wrapt-1.11.2+computecanada-cp37-cp37m-linux_x86_64.whl
Processing /cvmfs/soft.computecanada.ca/custom/python/wheelhouse/generic/Keras_Preprocessing-1.1.2+computecanada-py3-none-any.whl
Requirement already satisfied: six>=1.12.0 in /localscratch/yinan.28128577.0/env/lib/python3.7/site-packages (from tensorflow_gpu==2.3.0+computecanada) (1.16.0+computecanada)
Processing /cvmfs/soft.computecanada.ca/custom/python/wheelhouse/generic/grpcio-1.38.0+computecanada-cp37-cp37m-linux_x86_64.whl
Processing /cvmfs/soft.computecanada.ca/custom/python/wheelhouse/generic/gast-0.3.3+computecanada-py3-none-any.whl
Requirement already satisfied: termcolor>=1.1.0 in /localscratch/yinan.28128577.0/env/lib/python3.7/site-packages (from tensorflow_gpu==2.3.0+computecanada) (1.1.0+computecanada)
Processing /cvmfs/soft.computecanada.ca/custom/python/wheelhouse/nix/avx2/h5py-2.10.0+computecanada-cp37-cp37m-linux_x86_64.whl
Processing /cvmfs/soft.computecanada.ca/custom/python/wheelhouse/nix/generic/scipy-1.4.1+computecanada-cp37-cp37m-linux_x86_64.whl
Requirement already satisfied: requests<3,>=2.21.0 in /localscratch/yinan.28128577.0/env/lib/python3.7/site-packages (from tensorboard<3,>=2.3.0->tensorflow_gpu==2.3.0+computecanada) (2.27.1+computecanada)
Processing /cvmfs/soft.computecanada.ca/custom/python/wheelhouse/generic/tensorboard_plugin_wit-1.8.0+computecanada-py3-none-any.whl
Processing /cvmfs/soft.computecanada.ca/custom/python/wheelhouse/generic/Werkzeug-2.0.3+computecanada-py3-none-any.whl
Processing /cvmfs/soft.computecanada.ca/custom/python/wheelhouse/generic/Markdown-3.3.6+computecanada-py3-none-any.whl
Processing /cvmfs/soft.computecanada.ca/custom/python/wheelhouse/generic/google_auth_oauthlib-0.4.6+computecanada-py2.py3-none-any.whl
Processing /cvmfs/soft.computecanada.ca/custom/python/wheelhouse/generic/google_auth-2.3.3+computecanada-py2.py3-none-any.whl
Processing /cvmfs/soft.computecanada.ca/custom/python/wheelhouse/generic/tensorboard_data_server-0.6.1+computecanada-py3-none-linux_x86_64.whl
Requirement already satisfied: setuptools>=41.0.0 in /localscratch/yinan.28128577.0/env/lib/python3.7/site-packages (from tensorboard<3,>=2.3.0->tensorflow_gpu==2.3.0+computecanada) (41.0.1)
Processing /cvmfs/soft.computecanada.ca/custom/python/wheelhouse/generic/rsa-4.8+computecanada-py3-none-any.whl
Processing /cvmfs/soft.computecanada.ca/custom/python/wheelhouse/generic/cachetools-4.2.4+computecanada-py3-none-any.whl
Processing /cvmfs/soft.computecanada.ca/custom/python/wheelhouse/generic/pyasn1_modules-0.2.8+computecanada-py2.py3-none-any.whl
Processing /cvmfs/soft.computecanada.ca/custom/python/wheelhouse/generic/requests_oauthlib-1.3.0+computecanada-py2.py3-none-any.whl
Processing /cvmfs/soft.computecanada.ca/custom/python/wheelhouse/generic/importlib_metadata-4.10.1+computecanada-py3-none-any.whl
Processing /cvmfs/soft.computecanada.ca/custom/python/wheelhouse/generic/zipp-3.7.0+computecanada-py3-none-any.whl
Requirement already satisfied: typing-extensions>=3.6.4 in /localscratch/yinan.28128577.0/env/lib/python3.7/site-packages (from importlib-metadata>=4.4->markdown>=2.6.8->tensorboard<3,>=2.3.0->tensorflow_gpu==2.3.0+computecanada) (4.0.1+computecanada)
Processing /cvmfs/soft.computecanada.ca/custom/python/wheelhouse/generic/pyasn1-0.4.8+computecanada-py2.py3-none-any.whl
Requirement already satisfied: urllib3<1.27,>=1.21.1 in /localscratch/yinan.28128577.0/env/lib/python3.7/site-packages (from requests<3,>=2.21.0->tensorboard<3,>=2.3.0->tensorflow_gpu==2.3.0+computecanada) (1.26.8+computecanada)
Requirement already satisfied: idna<4,>=2.5 in /cvmfs/soft.computecanada.ca/easybuild/software/2017/Core/scipy-stack/2019a/lib/python3.7/site-packages (from requests<3,>=2.21.0->tensorboard<3,>=2.3.0->tensorflow_gpu==2.3.0+computecanada) (2.8)
Requirement already satisfied: certifi>=2017.4.17 in /cvmfs/soft.computecanada.ca/easybuild/software/2017/Core/scipy-stack/2019a/lib/python3.7/site-packages (from requests<3,>=2.21.0->tensorboard<3,>=2.3.0->tensorflow_gpu==2.3.0+computecanada) (2018.11.29)
Requirement already satisfied: charset-normalizer~=2.0.0 in /localscratch/yinan.28128577.0/env/lib/python3.7/site-packages (from requests<3,>=2.21.0->tensorboard<3,>=2.3.0->tensorflow_gpu==2.3.0+computecanada) (2.0.11+computecanada)
Processing /cvmfs/soft.computecanada.ca/custom/python/wheelhouse/generic/oauthlib-3.1.1+computecanada-py2.py3-none-any.whl
Installing collected packages: pyasn1, zipp, rsa, pyasn1-modules, oauthlib, cachetools, requests-oauthlib, importlib-metadata, google-auth, werkzeug, tensorboard-plugin-wit, tensorboard-data-server, markdown, grpcio, google-auth-oauthlib, absl-py, wrapt, tensorflow-estimator, tensorboard, scipy, opt-einsum, keras-preprocessing, h5py, google-pasta, gast, astunparse, tensorflow-gpu
  Attempting uninstall: pyasn1
    Found existing installation: pyasn1 0.4.3
    Not uninstalling pyasn1 at /cvmfs/soft.computecanada.ca/easybuild/software/2017/Core/scipy-stack/2019a/lib/python3.7/site-packages, outside environment /localscratch/yinan.28128577.0/env
    Can't uninstall 'pyasn1'. No files were found to uninstall.
  Attempting uninstall: zipp
    Found existing installation: zipp 0.3.3
    Not uninstalling zipp at /cvmfs/soft.computecanada.ca/easybuild/software/2017/Core/scipy-stack/2019a/lib/python3.7/site-packages, outside environment /localscratch/yinan.28128577.0/env
    Can't uninstall 'zipp'. No files were found to uninstall.
  Attempting uninstall: importlib-metadata
    Found existing installation: importlib-metadata 0.8
    Not uninstalling importlib-metadata at /cvmfs/soft.computecanada.ca/easybuild/software/2017/Core/scipy-stack/2019a/lib/python3.7/site-packages, outside environment /localscratch/yinan.28128577.0/env
    Can't uninstall 'importlib-metadata'. No files were found to uninstall.
  Attempting uninstall: scipy
    Found existing installation: scipy 1.2.0
    Not uninstalling scipy at /cvmfs/soft.computecanada.ca/easybuild/software/2017/Core/scipy-stack/2019a/lib/python3.7/site-packages, outside environment /localscratch/yinan.28128577.0/env
    Can't uninstall 'scipy'. No files were found to uninstall.
Successfully installed absl-py-1.0.0+computecanada astunparse-1.6.3+computecanada cachetools-4.2.4+computecanada gast-0.3.3+computecanada google-auth-2.3.3+computecanada google-auth-oauthlib-0.4.6+computecanada google-pasta-0.2.0+computecanada grpcio-1.38.0+computecanada h5py-2.10.0+computecanada importlib-metadata-4.10.1+computecanada keras-preprocessing-1.1.2+computecanada markdown-3.3.6+computecanada oauthlib-3.1.1+computecanada opt-einsum-3.3.0+computecanada pyasn1-0.4.8+computecanada pyasn1-modules-0.2.8+computecanada requests-oauthlib-1.3.0+computecanada rsa-4.8+computecanada scipy-1.4.1+computecanada tensorboard-2.8.0+computecanada tensorboard-data-server-0.6.1+computecanada tensorboard-plugin-wit-1.8.0+computecanada tensorflow-estimator-2.3.0+computecanada tensorflow-gpu-2.3.0+computecanada werkzeug-2.0.3+computecanada wrapt-1.11.2+computecanada zipp-3.7.0+computecanada
Looking in links: /cvmfs/soft.computecanada.ca/custom/python/wheelhouse/nix/avx2, /cvmfs/soft.computecanada.ca/custom/python/wheelhouse/nix/generic, /cvmfs/soft.computecanada.ca/custom/python/wheelhouse/generic
Processing /cvmfs/soft.computecanada.ca/custom/python/wheelhouse/generic/keras-2.8.0+computecanada-py2.py3-none-any.whl
Installing collected packages: Keras
Successfully installed Keras-2.8.0+computecanada
Looking in links: /cvmfs/soft.computecanada.ca/custom/python/wheelhouse/nix/avx2, /cvmfs/soft.computecanada.ca/custom/python/wheelhouse/nix/generic, /cvmfs/soft.computecanada.ca/custom/python/wheelhouse/generic
Processing /cvmfs/soft.computecanada.ca/custom/python/wheelhouse/generic/urllib3-1.26.7+computecanada-py2.py3-none-any.whl
Installing collected packages: urllib3
  Attempting uninstall: urllib3
    Found existing installation: urllib3 1.26.8+computecanada
    Uninstalling urllib3-1.26.8+computecanada:
      Successfully uninstalled urllib3-1.26.8+computecanada
Successfully installed urllib3-1.26.7+computecanada
Looking in links: /cvmfs/soft.computecanada.ca/custom/python/wheelhouse/nix/avx2, /cvmfs/soft.computecanada.ca/custom/python/wheelhouse/nix/generic, /cvmfs/soft.computecanada.ca/custom/python/wheelhouse/generic
Processing /cvmfs/soft.computecanada.ca/custom/python/wheelhouse/generic/nltk-3.7+computecanada-py3-none-any.whl
Requirement already satisfied: joblib in /localscratch/yinan.28128577.0/env/lib/python3.7/site-packages (from nltk) (1.1.0+computecanada)
Requirement already satisfied: click in /localscratch/yinan.28128577.0/env/lib/python3.7/site-packages (from nltk) (8.0.3+computecanada)
Processing /cvmfs/soft.computecanada.ca/custom/python/wheelhouse/generic/nltk-3.6.5+computecanada-py3-none-any.whl
Processing /cvmfs/soft.computecanada.ca/custom/python/wheelhouse/generic/nltk-3.6.3+computecanada-py3-none-any.whl
Requirement already satisfied: regex in /localscratch/yinan.28128577.0/env/lib/python3.7/site-packages (from nltk) (2020.11.13+computecanada)
Requirement already satisfied: tqdm in /localscratch/yinan.28128577.0/env/lib/python3.7/site-packages (from nltk) (4.62.3+computecanada)
Requirement already satisfied: importlib-metadata in /localscratch/yinan.28128577.0/env/lib/python3.7/site-packages (from click->nltk) (4.10.1+computecanada)
Requirement already satisfied: zipp>=0.5 in /localscratch/yinan.28128577.0/env/lib/python3.7/site-packages (from importlib-metadata->click->nltk) (3.7.0+computecanada)
Requirement already satisfied: typing-extensions>=3.6.4 in /localscratch/yinan.28128577.0/env/lib/python3.7/site-packages (from importlib-metadata->click->nltk) (4.0.1+computecanada)
Installing collected packages: nltk
Successfully installed nltk-3.6.3+computecanada
Looking in links: /cvmfs/soft.computecanada.ca/custom/python/wheelhouse/nix/avx2, /cvmfs/soft.computecanada.ca/custom/python/wheelhouse/nix/generic, /cvmfs/soft.computecanada.ca/custom/python/wheelhouse/generic
Processing /cvmfs/soft.computecanada.ca/custom/python/wheelhouse/generic/scikit_learn-0.22.1+computecanada-cp37-cp37m-linux_x86_64.whl
Requirement already satisfied: numpy>=1.11.0 in /cvmfs/soft.computecanada.ca/easybuild/software/2017/Core/scipy-stack/2019a/lib/python3.7/site-packages (from scikit-learn==0.22.1) (1.16.0)
Requirement already satisfied: scipy>=0.17.0 in /localscratch/yinan.28128577.0/env/lib/python3.7/site-packages (from scikit-learn==0.22.1) (1.4.1+computecanada)
Requirement already satisfied: joblib>=0.11 in /localscratch/yinan.28128577.0/env/lib/python3.7/site-packages (from scikit-learn==0.22.1) (1.1.0+computecanada)
Installing collected packages: scikit-learn
Successfully installed scikit-learn-0.22.1+computecanada
Looking in links: /cvmfs/soft.computecanada.ca/custom/python/wheelhouse/nix/avx2, /cvmfs/soft.computecanada.ca/custom/python/wheelhouse/nix/generic, /cvmfs/soft.computecanada.ca/custom/python/wheelhouse/generic
Requirement already satisfied: tokenizers==0.5.2 in /localscratch/yinan.28128577.0/env/lib/python3.7/site-packages (0.5.2+computecanada)
wandb: Appending key for api.wandb.ai to your netrc file: /home/yinan/.netrc
Starting Task
2022-03-02 00:13:18.253829: I tensorflow/stream_executor/platform/default/dso_loader.cc:48] Successfully opened dynamic library libcudart.so.10.1
[nltk_data] Downloading package stopwords to /home/yinan/nltk_data...
[nltk_data]   Package stopwords is already up-to-date!
[nltk_data] Downloading package wordnet to /home/yinan/nltk_data...
[nltk_data]   Package wordnet is already up-to-date!
wandb: Currently logged in as: yinanazhou (use `wandb login --relogin` to force relogin)
wandb: wandb version 0.12.11 is available!  To upgrade, please run:
wandb:  $ pip install wandb --upgrade
2022-03-02 00:13:33.258570: I tensorflow/stream_executor/platform/default/dso_loader.cc:48] Successfully opened dynamic library libcudart.so.10.1
wandb: Tracking run with wandb version 0.12.5
wandb: Syncing run serene-silence-1
wandb: ‚≠êÔ∏è View project at https://wandb.ai/yinanazhou/xl_512_bs_8_lr_1e06_es_20_lc_True_nr_True_stem_True_lemma_False_repeat_1_fold_1
wandb: üöÄ View run at https://wandb.ai/yinanazhou/xl_512_bs_8_lr_1e06_es_20_lc_True_nr_True_stem_True_lemma_False_repeat_1_fold_1/runs/30j84ccm
wandb: Run data is saved locally in /project/6002780/yinan/Thesis_MER_Lyrics/lyric-emotion/wandb/run-20220302_001331-30j84ccm
wandb: Run `wandb offline` to turn off syncing.

Validation loss decreased (inf --> 1.385226).  Saving model ...
Validation loss decreased (1.385226 --> 1.346636).  Saving model ...
Validation loss decreased (1.346636 --> 1.322086).  Saving model ...
Validation loss decreased (1.322086 --> 1.304537).  Saving model ...
Validation loss decreased (1.304537 --> 1.282603).  Saving model ...
Validation loss decreased (1.282603 --> 1.263358).  Saving model ...
Validation loss decreased (1.263358 --> 1.243489).  Saving model ...
Validation loss decreased (1.243489 --> 1.218468).  Saving model ...
Validation loss decreased (1.218468 --> 1.208158).  Saving model ...
Validation loss decreased (1.208158 --> 1.191829).  Saving model ...
Validation loss decreased (1.191829 --> 1.172070).  Saving model ...
Validation loss decreased (1.172070 --> 1.154062).  Saving model ...
Validation loss decreased (1.154062 --> 1.127567).  Saving model ...
Validation loss decreased (1.127567 --> 1.126601).  Saving model ...
Validation loss decreased (1.126601 --> 1.103730).  Saving model ...
Validation loss decreased (1.103730 --> 1.076533).  Saving model ...
Validation loss decreased (1.076533 --> 1.071748).  Saving model ...
EarlyStopping counter: 1 out of 20.0
Validation loss decreased (1.071748 --> 1.059262).  Saving model ...
EarlyStopping counter: 1 out of 20.0
Validation loss decreased (1.059262 --> 1.041784).  Saving model ...
EarlyStopping counter: 1 out of 20.0
EarlyStopping counter: 2 out of 20.0
EarlyStopping counter: 3 out of 20.0
EarlyStopping counter: 4 out of 20.0
EarlyStopping counter: 5 out of 20.0
EarlyStopping counter: 6 out of 20.0
EarlyStopping counter: 7 out of 20.0
EarlyStopping counter: 8 out of 20.0
EarlyStopping counter: 9 out of 20.0
EarlyStopping counter: 10 out of 20.0
EarlyStopping counter: 11 out of 20.0
EarlyStopping counter: 12 out of 20.0
EarlyStopping counter: 13 out of 20.0
EarlyStopping counter: 14 out of 20.0
EarlyStopping counter: 15 out of 20.0
EarlyStopping counter: 16 out of 20.0
EarlyStopping counter: 17 out of 20.0
EarlyStopping counter: 18 out of 20.0
EarlyStopping counter: 19 out of 20.0
EarlyStopping counter: 20 out of 20.0
/localscratch/yinan.28128577.0/env/lib/python3.7/site-packages/torch/nn/functional.py:1794: UserWarning: nn.functional.tanh is deprecated. Use torch.tanh instead.
  warnings.warn("nn.functional.tanh is deprecated. Use torch.tanh instead.")
/localscratch/yinan.28128577.0/env/lib/python3.7/site-packages/transformers/optimization.py:155: UserWarning: This overload of add_ is deprecated:
	add_(Number alpha, Tensor other)
Consider using one of the following signatures instead:
	add_(Tensor other, *, Number alpha) (Triggered internally at  ../torch/csrc/utils/python_arg_parser.cpp:1025.)
  exp_avg.mul_(beta1).add_(1.0 - beta1, grad)
wandb: Waiting for W&B process to finish, PID 234273... (success).
wandb: - 0.00MB of 0.00MB uploaded (0.00MB deduped)wandb: \ 0.00MB of 0.00MB uploaded (0.00MB deduped)wandb: | 0.00MB of 0.00MB uploaded (0.00MB deduped)wandb: / 0.00MB of 0.00MB uploaded (0.00MB deduped)wandb: - 0.00MB of 0.00MB uploaded (0.00MB deduped)wandb: \ 0.00MB of 0.00MB uploaded (0.00MB deduped)wandb: | 0.00MB of 0.00MB uploaded (0.00MB deduped)wandb: / 0.00MB of 0.00MB uploaded (0.00MB deduped)wandb: - 0.00MB of 0.00MB uploaded (0.00MB deduped)wandb: \ 0.00MB of 0.00MB uploaded (0.00MB deduped)wandb: | 0.00MB of 0.00MB uploaded (0.00MB deduped)wandb: / 0.00MB of 0.00MB uploaded (0.00MB deduped)wandb: - 0.00MB of 0.00MB uploaded (0.00MB deduped)wandb: \ 0.00MB of 0.00MB uploaded (0.00MB deduped)wandb: | 0.00MB of 0.00MB uploaded (0.00MB deduped)wandb: / 0.00MB of 0.00MB uploaded (0.00MB deduped)wandb:                                                                                
wandb: Run history:
wandb:     e_F1 ‚ñÅ‚ñÉ‚ñÑ‚ñÑ‚ñÖ‚ñÖ‚ñÖ‚ñÖ‚ñÖ‚ñÖ‚ñÜ‚ñÜ‚ñÜ‚ñÜ‚ñá‚ñá‚ñá‚ñá‚ñá‚ñá‚ñá‚ñá‚ñá‚ñá‚ñá‚ñá‚ñá‚ñá‚ñá‚ñá‚ñà‚ñà‚ñà‚ñà‚ñà‚ñá‚ñà‚ñà‚ñà‚ñà
wandb:   e_loss ‚ñà‚ñá‚ñá‚ñÜ‚ñÜ‚ñÜ‚ñÖ‚ñÖ‚ñÑ‚ñÑ‚ñÑ‚ñÉ‚ñÉ‚ñÉ‚ñÇ‚ñÇ‚ñÇ‚ñÇ‚ñÅ‚ñÇ‚ñÅ‚ñÅ‚ñÅ‚ñÇ‚ñÇ‚ñÅ‚ñÇ‚ñÇ‚ñÇ‚ñÇ‚ñÅ‚ñÇ‚ñÇ‚ñÇ‚ñÅ‚ñÉ‚ñÇ‚ñÇ‚ñÇ‚ñÉ
wandb:     t_F1 ‚ñÅ‚ñÇ‚ñÇ‚ñÉ‚ñÉ‚ñÉ‚ñÑ‚ñÑ‚ñÑ‚ñÑ‚ñÖ‚ñÖ‚ñÖ‚ñÖ‚ñÖ‚ñÖ‚ñÜ‚ñÖ‚ñÜ‚ñÜ‚ñÜ‚ñÜ‚ñÜ‚ñÜ‚ñÜ‚ñÜ‚ñá‚ñá‚ñá‚ñá‚ñá‚ñá‚ñá‚ñá‚ñá‚ñà‚ñá‚ñà‚ñà‚ñà
wandb:   t_loss ‚ñà‚ñà‚ñá‚ñá‚ñá‚ñá‚ñá‚ñá‚ñÜ‚ñÜ‚ñÜ‚ñÜ‚ñÖ‚ñÖ‚ñÖ‚ñÖ‚ñÑ‚ñÑ‚ñÑ‚ñÑ‚ñÑ‚ñÑ‚ñÑ‚ñÉ‚ñÉ‚ñÉ‚ñÉ‚ñÉ‚ñÉ‚ñÉ‚ñÇ‚ñÇ‚ñÇ‚ñÇ‚ñÇ‚ñÇ‚ñÇ‚ñÅ‚ñÅ‚ñÅ
wandb: 
wandb: Run summary:
wandb:     e_F1 55.46491
wandb:   e_loss 1.13527
wandb:     t_F1 88.98335
wandb:   t_loss 0.37401
wandb: 
wandb: Synced 4 W&B file(s), 0 media file(s), 0 artifact file(s) and 0 other file(s)
wandb: Synced serene-silence-1: https://wandb.ai/yinanazhou/xl_512_bs_8_lr_1e06_es_20_lc_True_nr_True_stem_True_lemma_False_repeat_1_fold_1/runs/30j84ccm
wandb: Find logs at: ./wandb/run-20220302_001331-30j84ccm/logs/debug.log
wandb: 

wandb: wandb version 0.12.11 is available!  To upgrade, please run:
wandb:  $ pip install wandb --upgrade
2022-03-02 00:51:45.577878: I tensorflow/stream_executor/platform/default/dso_loader.cc:48] Successfully opened dynamic library libcudart.so.10.1
wandb: Tracking run with wandb version 0.12.5
wandb: Syncing run clear-rain-1
wandb: ‚≠êÔ∏è View project at https://wandb.ai/yinanazhou/xl_512_bs_8_lr_1e06_es_20_lc_True_nr_True_stem_True_lemma_False_repeat_1_fold_2
wandb: üöÄ View run at https://wandb.ai/yinanazhou/xl_512_bs_8_lr_1e06_es_20_lc_True_nr_True_stem_True_lemma_False_repeat_1_fold_2/runs/31so8h35
wandb: Run data is saved locally in /project/6002780/yinan/Thesis_MER_Lyrics/lyric-emotion/wandb/run-20220302_005143-31so8h35
wandb: Run `wandb offline` to turn off syncing.

Validation loss decreased (inf --> 1.389030).  Saving model ...
Validation loss decreased (1.389030 --> 1.360318).  Saving model ...
Validation loss decreased (1.360318 --> 1.340170).  Saving model ...
Validation loss decreased (1.340170 --> 1.321092).  Saving model ...
Validation loss decreased (1.321092 --> 1.303855).  Saving model ...
Validation loss decreased (1.303855 --> 1.281475).  Saving model ...
Validation loss decreased (1.281475 --> 1.255788).  Saving model ...
Validation loss decreased (1.255788 --> 1.222800).  Saving model ...
Validation loss decreased (1.222800 --> 1.191858).  Saving model ...
Validation loss decreased (1.191858 --> 1.166643).  Saving model ...
Validation loss decreased (1.166643 --> 1.133094).  Saving model ...
Validation loss decreased (1.133094 --> 1.102120).  Saving model ...
Validation loss decreased (1.102120 --> 1.081190).  Saving model ...
Validation loss decreased (1.081190 --> 1.056008).  Saving model ...
Validation loss decreased (1.056008 --> 1.030195).  Saving model ...
Validation loss decreased (1.030195 --> 1.013340).  Saving model ...
Validation loss decreased (1.013340 --> 0.993925).  Saving model ...
Validation loss decreased (0.993925 --> 0.973398).  Saving model ...
Validation loss decreased (0.973398 --> 0.960031).  Saving model ...
Validation loss decreased (0.960031 --> 0.953500).  Saving model ...
Validation loss decreased (0.953500 --> 0.939570).  Saving model ...
Validation loss decreased (0.939570 --> 0.936780).  Saving model ...
Validation loss decreased (0.936780 --> 0.933996).  Saving model ...
Validation loss decreased (0.933996 --> 0.930461).  Saving model ...
Validation loss decreased (0.930461 --> 0.925547).  Saving model ...
EarlyStopping counter: 1 out of 20.0
EarlyStopping counter: 2 out of 20.0
EarlyStopping counter: 3 out of 20.0
EarlyStopping counter: 4 out of 20.0
EarlyStopping counter: 5 out of 20.0
EarlyStopping counter: 6 out of 20.0
EarlyStopping counter: 7 out of 20.0
EarlyStopping counter: 8 out of 20.0
EarlyStopping counter: 9 out of 20.0
EarlyStopping counter: 10 out of 20.0
EarlyStopping counter: 11 out of 20.0
EarlyStopping counter: 12 out of 20.0
EarlyStopping counter: 13 out of 20.0
EarlyStopping counter: 14 out of 20.0
EarlyStopping counter: 15 out of 20.0
EarlyStopping counter: 16 out of 20.0
EarlyStopping counter: 17 out of 20.0
EarlyStopping counter: 18 out of 20.0
EarlyStopping counter: 19 out of 20.0
EarlyStopping counter: 20 out of 20.0
/localscratch/yinan.28128577.0/env/lib/python3.7/site-packages/torch/nn/functional.py:1794: UserWarning: nn.functional.tanh is deprecated. Use torch.tanh instead.
  warnings.warn("nn.functional.tanh is deprecated. Use torch.tanh instead.")
wandb: Waiting for W&B process to finish, PID 236345... (success).
wandb: - 0.00MB of 0.00MB uploaded (0.00MB deduped)wandb: \ 0.00MB of 0.00MB uploaded (0.00MB deduped)wandb: | 0.00MB of 0.00MB uploaded (0.00MB deduped)wandb: / 0.00MB of 0.00MB uploaded (0.00MB deduped)wandb: - 0.00MB of 0.00MB uploaded (0.00MB deduped)wandb: \ 0.00MB of 0.00MB uploaded (0.00MB deduped)wandb: | 0.00MB of 0.00MB uploaded (0.00MB deduped)wandb: / 0.00MB of 0.00MB uploaded (0.00MB deduped)wandb: - 0.00MB of 0.00MB uploaded (0.00MB deduped)wandb: \ 0.00MB of 0.00MB uploaded (0.00MB deduped)wandb: | 0.00MB of 0.00MB uploaded (0.00MB deduped)wandb: / 0.00MB of 0.00MB uploaded (0.00MB deduped)wandb: - 0.00MB of 0.00MB uploaded (0.00MB deduped)wandb: \ 0.00MB of 0.00MB uploaded (0.00MB deduped)wandb:                                                                                
wandb: Run history:
wandb:     e_F1 ‚ñÅ‚ñÉ‚ñÉ‚ñÑ‚ñÑ‚ñÖ‚ñÖ‚ñÖ‚ñÜ‚ñÜ‚ñÜ‚ñá‚ñá‚ñá‚ñá‚ñá‚ñá‚ñá‚ñá‚ñà‚ñá‚ñà‚ñá‚ñà‚ñà‚ñà‚ñà‚ñà‚ñà‚ñà‚ñà‚ñà‚ñà‚ñà‚ñà‚ñà‚ñà‚ñà‚ñà‚ñà
wandb:   e_loss ‚ñà‚ñà‚ñá‚ñá‚ñá‚ñÜ‚ñÜ‚ñÖ‚ñÖ‚ñÑ‚ñÑ‚ñÉ‚ñÉ‚ñÉ‚ñÇ‚ñÇ‚ñÇ‚ñÅ‚ñÅ‚ñÅ‚ñÅ‚ñÅ‚ñÅ‚ñÅ‚ñÅ‚ñÅ‚ñÅ‚ñÇ‚ñÇ‚ñÇ‚ñÇ‚ñÇ‚ñÇ‚ñÇ‚ñÉ‚ñÉ‚ñÉ‚ñÑ‚ñÉ‚ñÑ
wandb:     t_F1 ‚ñÅ‚ñÇ‚ñÇ‚ñÉ‚ñÇ‚ñÉ‚ñÉ‚ñÉ‚ñÑ‚ñÑ‚ñÑ‚ñÑ‚ñÖ‚ñÖ‚ñÖ‚ñÖ‚ñÜ‚ñÜ‚ñÜ‚ñÜ‚ñÜ‚ñÜ‚ñÜ‚ñá‚ñá‚ñá‚ñá‚ñá‚ñá‚ñá‚ñá‚ñá‚ñà‚ñà‚ñà‚ñà‚ñà‚ñà‚ñà‚ñà
wandb:   t_loss ‚ñà‚ñà‚ñà‚ñá‚ñá‚ñá‚ñá‚ñá‚ñá‚ñÜ‚ñÜ‚ñÜ‚ñÜ‚ñÖ‚ñÖ‚ñÖ‚ñÖ‚ñÑ‚ñÑ‚ñÑ‚ñÑ‚ñÑ‚ñÑ‚ñÉ‚ñÉ‚ñÉ‚ñÉ‚ñÉ‚ñÇ‚ñÇ‚ñÇ‚ñÇ‚ñÇ‚ñÇ‚ñÇ‚ñÅ‚ñÅ‚ñÅ‚ñÅ‚ñÅ
wandb: 
wandb: Run summary:
wandb:     e_F1 60.05173
wandb:   e_loss 1.1154
wandb:     t_F1 96.58918
wandb:   t_loss 0.20539
wandb: 
wandb: Synced 4 W&B file(s), 0 media file(s), 0 artifact file(s) and 0 other file(s)
wandb: Synced clear-rain-1: https://wandb.ai/yinanazhou/xl_512_bs_8_lr_1e06_es_20_lc_True_nr_True_stem_True_lemma_False_repeat_1_fold_2/runs/31so8h35
wandb: Find logs at: ./wandb/run-20220302_005143-31so8h35/logs/debug.log
wandb: 

wandb: wandb version 0.12.11 is available!  To upgrade, please run:
wandb:  $ pip install wandb --upgrade
2022-03-02 01:33:42.985871: I tensorflow/stream_executor/platform/default/dso_loader.cc:48] Successfully opened dynamic library libcudart.so.10.1
wandb: Tracking run with wandb version 0.12.5
wandb: Syncing run still-sun-1
wandb: ‚≠êÔ∏è View project at https://wandb.ai/yinanazhou/xl_512_bs_8_lr_1e06_es_20_lc_True_nr_True_stem_True_lemma_False_repeat_2_fold_1
wandb: üöÄ View run at https://wandb.ai/yinanazhou/xl_512_bs_8_lr_1e06_es_20_lc_True_nr_True_stem_True_lemma_False_repeat_2_fold_1/runs/cbyl645o
wandb: Run data is saved locally in /project/6002780/yinan/Thesis_MER_Lyrics/lyric-emotion/wandb/run-20220302_013339-cbyl645o
wandb: Run `wandb offline` to turn off syncing.
wandb: Network error (ReadTimeout), entering retry loop.

Validation loss decreased (inf --> 1.410847).  Saving model ...
Validation loss decreased (1.410847 --> 1.379807).  Saving model ...
Validation loss decreased (1.379807 --> 1.362152).  Saving model ...
Validation loss decreased (1.362152 --> 1.345897).  Saving model ...
Validation loss decreased (1.345897 --> 1.325693).  Saving model ...
Validation loss decreased (1.325693 --> 1.302149).  Saving model ...
Validation loss decreased (1.302149 --> 1.270240).  Saving model ...
Validation loss decreased (1.270240 --> 1.232594).  Saving model ...
Validation loss decreased (1.232594 --> 1.192655).  Saving model ...
Validation loss decreased (1.192655 --> 1.167772).  Saving model ...
Validation loss decreased (1.167772 --> 1.126982).  Saving model ...
Validation loss decreased (1.126982 --> 1.093339).  Saving model ...
Validation loss decreased (1.093339 --> 1.062856).  Saving model ...
Validation loss decreased (1.062856 --> 1.047944).  Saving model ...
Validation loss decreased (1.047944 --> 1.028236).  Saving model ...
Validation loss decreased (1.028236 --> 1.018125).  Saving model ...
Validation loss decreased (1.018125 --> 1.005015).  Saving model ...
Validation loss decreased (1.005015 --> 1.001218).  Saving model ...
Validation loss decreased (1.001218 --> 0.991886).  Saving model ...
Validation loss decreased (0.991886 --> 0.987761).  Saving model ...
Validation loss decreased (0.987761 --> 0.985071).  Saving model ...
Validation loss decreased (0.985071 --> 0.976438).  Saving model ...
Validation loss decreased (0.976438 --> 0.970539).  Saving model ...
EarlyStopping counter: 1 out of 20.0
EarlyStopping counter: 2 out of 20.0
EarlyStopping counter: 3 out of 20.0
EarlyStopping counter: 4 out of 20.0
EarlyStopping counter: 5 out of 20.0
EarlyStopping counter: 6 out of 20.0
EarlyStopping counter: 7 out of 20.0
EarlyStopping counter: 8 out of 20.0
EarlyStopping counter: 9 out of 20.0
EarlyStopping counter: 10 out of 20.0
EarlyStopping counter: 11 out of 20.0
EarlyStopping counter: 12 out of 20.0
EarlyStopping counter: 13 out of 20.0
EarlyStopping counter: 14 out of 20.0
EarlyStopping counter: 15 out of 20.0
EarlyStopping counter: 16 out of 20.0
EarlyStopping counter: 17 out of 20.0
EarlyStopping counter: 18 out of 20.0
EarlyStopping counter: 19 out of 20.0
EarlyStopping counter: 20 out of 20.0
/localscratch/yinan.28128577.0/env/lib/python3.7/site-packages/torch/nn/functional.py:1794: UserWarning: nn.functional.tanh is deprecated. Use torch.tanh instead.
  warnings.warn("nn.functional.tanh is deprecated. Use torch.tanh instead.")
wandb: Waiting for W&B process to finish, PID 238622... (success).
wandb: - 0.00MB of 0.00MB uploaded (0.00MB deduped)wandb: \ 0.00MB of 0.00MB uploaded (0.00MB deduped)wandb: | 0.00MB of 0.00MB uploaded (0.00MB deduped)wandb: / 0.00MB of 0.00MB uploaded (0.00MB deduped)wandb: - 0.00MB of 0.00MB uploaded (0.00MB deduped)wandb: \ 0.00MB of 0.00MB uploaded (0.00MB deduped)wandb: | 0.00MB of 0.00MB uploaded (0.00MB deduped)wandb: / 0.00MB of 0.00MB uploaded (0.00MB deduped)wandb: - 0.00MB of 0.00MB uploaded (0.00MB deduped)wandb: \ 0.00MB of 0.00MB uploaded (0.00MB deduped)wandb: | 0.00MB of 0.00MB uploaded (0.00MB deduped)wandb: / 0.00MB of 0.00MB uploaded (0.00MB deduped)wandb: - 0.00MB of 0.00MB uploaded (0.00MB deduped)wandb:                                                                                
wandb: Run history:
wandb:     e_F1 ‚ñÅ‚ñÉ‚ñÑ‚ñÖ‚ñÖ‚ñÜ‚ñÜ‚ñÜ‚ñÜ‚ñÜ‚ñá‚ñá‚ñá‚ñà‚ñá‚ñá‚ñà‚ñà‚ñà‚ñà‚ñà‚ñà‚ñà‚ñà‚ñà‚ñà‚ñà‚ñà‚ñà‚ñà‚ñà‚ñà‚ñà‚ñà‚ñà‚ñà‚ñà‚ñà‚ñà‚ñá
wandb:   e_loss ‚ñà‚ñà‚ñá‚ñá‚ñá‚ñÜ‚ñÜ‚ñÖ‚ñÖ‚ñÑ‚ñÉ‚ñÉ‚ñÇ‚ñÇ‚ñÇ‚ñÇ‚ñÅ‚ñÅ‚ñÅ‚ñÅ‚ñÅ‚ñÅ‚ñÅ‚ñÅ‚ñÅ‚ñÅ‚ñÇ‚ñÇ‚ñÇ‚ñÇ‚ñÇ‚ñÉ‚ñÇ‚ñÉ‚ñÉ‚ñÉ‚ñÑ‚ñÑ‚ñÑ‚ñÖ
wandb:     t_F1 ‚ñÅ‚ñÇ‚ñÇ‚ñÇ‚ñÇ‚ñÉ‚ñÉ‚ñÉ‚ñÑ‚ñÑ‚ñÑ‚ñÑ‚ñÖ‚ñÖ‚ñÖ‚ñÜ‚ñÜ‚ñÜ‚ñÜ‚ñÜ‚ñÜ‚ñÜ‚ñÜ‚ñá‚ñá‚ñá‚ñá‚ñá‚ñá‚ñá‚ñá‚ñá‚ñá‚ñà‚ñà‚ñà‚ñà‚ñà‚ñà‚ñà
wandb:   t_loss ‚ñà‚ñà‚ñà‚ñà‚ñà‚ñá‚ñá‚ñá‚ñá‚ñÜ‚ñÜ‚ñÜ‚ñÜ‚ñÖ‚ñÖ‚ñÖ‚ñÖ‚ñÑ‚ñÑ‚ñÑ‚ñÑ‚ñÑ‚ñÑ‚ñÉ‚ñÉ‚ñÉ‚ñÉ‚ñÉ‚ñÇ‚ñÇ‚ñÇ‚ñÇ‚ñÇ‚ñÇ‚ñÇ‚ñÅ‚ñÅ‚ñÅ‚ñÅ‚ñÅ
wandb: 
wandb: Run summary:
wandb:     e_F1 54.21556
wandb:   e_loss 1.1957
wandb:     t_F1 92.97737
wandb:   t_loss 0.28629
wandb: 
wandb: Synced 4 W&B file(s), 0 media file(s), 0 artifact file(s) and 0 other file(s)
wandb: Synced still-sun-1: https://wandb.ai/yinanazhou/xl_512_bs_8_lr_1e06_es_20_lc_True_nr_True_stem_True_lemma_False_repeat_2_fold_1/runs/cbyl645o
wandb: Find logs at: ./wandb/run-20220302_013339-cbyl645o/logs/debug.log
wandb: 

wandb: wandb version 0.12.11 is available!  To upgrade, please run:
wandb:  $ pip install wandb --upgrade
2022-03-02 02:13:36.013840: I tensorflow/stream_executor/platform/default/dso_loader.cc:48] Successfully opened dynamic library libcudart.so.10.1
wandb: Tracking run with wandb version 0.12.5
wandb: Syncing run dulcet-aardvark-1
wandb: ‚≠êÔ∏è View project at https://wandb.ai/yinanazhou/xl_512_bs_8_lr_1e06_es_20_lc_True_nr_True_stem_True_lemma_False_repeat_2_fold_2
wandb: üöÄ View run at https://wandb.ai/yinanazhou/xl_512_bs_8_lr_1e06_es_20_lc_True_nr_True_stem_True_lemma_False_repeat_2_fold_2/runs/brl16sbr
wandb: Run data is saved locally in /project/6002780/yinan/Thesis_MER_Lyrics/lyric-emotion/wandb/run-20220302_021333-brl16sbr
wandb: Run `wandb offline` to turn off syncing.

Validation loss decreased (inf --> 1.401178).  Saving model ...
Validation loss decreased (1.401178 --> 1.375295).  Saving model ...
Validation loss decreased (1.375295 --> 1.359514).  Saving model ...
Validation loss decreased (1.359514 --> 1.343463).  Saving model ...
Validation loss decreased (1.343463 --> 1.320285).  Saving model ...
Validation loss decreased (1.320285 --> 1.302191).  Saving model ...
Validation loss decreased (1.302191 --> 1.273592).  Saving model ...
Validation loss decreased (1.273592 --> 1.249034).  Saving model ...
Validation loss decreased (1.249034 --> 1.226736).  Saving model ...
Validation loss decreased (1.226736 --> 1.194312).  Saving model ...
Validation loss decreased (1.194312 --> 1.166245).  Saving model ...
Validation loss decreased (1.166245 --> 1.142779).  Saving model ...
Validation loss decreased (1.142779 --> 1.119780).  Saving model ...
Validation loss decreased (1.119780 --> 1.102851).  Saving model ...
Validation loss decreased (1.102851 --> 1.075497).  Saving model ...
Validation loss decreased (1.075497 --> 1.047939).  Saving model ...
Validation loss decreased (1.047939 --> 1.032232).  Saving model ...
Validation loss decreased (1.032232 --> 1.015958).  Saving model ...
EarlyStopping counter: 1 out of 20.0
Validation loss decreased (1.015958 --> 0.988589).  Saving model ...
Validation loss decreased (0.988589 --> 0.971382).  Saving model ...
EarlyStopping counter: 1 out of 20.0
Validation loss decreased (0.971382 --> 0.965884).  Saving model ...
EarlyStopping counter: 1 out of 20.0
Validation loss decreased (0.965884 --> 0.960657).  Saving model ...
Validation loss decreased (0.960657 --> 0.950681).  Saving model ...
EarlyStopping counter: 1 out of 20.0
EarlyStopping counter: 2 out of 20.0
EarlyStopping counter: 3 out of 20.0
EarlyStopping counter: 4 out of 20.0
EarlyStopping counter: 5 out of 20.0
EarlyStopping counter: 6 out of 20.0
EarlyStopping counter: 7 out of 20.0
EarlyStopping counter: 8 out of 20.0
EarlyStopping counter: 9 out of 20.0
EarlyStopping counter: 10 out of 20.0
EarlyStopping counter: 11 out of 20.0
EarlyStopping counter: 12 out of 20.0
EarlyStopping counter: 13 out of 20.0
EarlyStopping counter: 14 out of 20.0
EarlyStopping counter: 15 out of 20.0
EarlyStopping counter: 16 out of 20.0
EarlyStopping counter: 17 out of 20.0
EarlyStopping counter: 18 out of 20.0
EarlyStopping counter: 19 out of 20.0
EarlyStopping counter: 20 out of 20.0
/localscratch/yinan.28128577.0/env/lib/python3.7/site-packages/torch/nn/functional.py:1794: UserWarning: nn.functional.tanh is deprecated. Use torch.tanh instead.
  warnings.warn("nn.functional.tanh is deprecated. Use torch.tanh instead.")
wandb: Waiting for W&B process to finish, PID 240803... (success).
wandb: - 0.00MB of 0.00MB uploaded (0.00MB deduped)wandb: \ 0.00MB of 0.00MB uploaded (0.00MB deduped)wandb: | 0.00MB of 0.00MB uploaded (0.00MB deduped)wandb: / 0.00MB of 0.00MB uploaded (0.00MB deduped)wandb: - 0.00MB of 0.00MB uploaded (0.00MB deduped)wandb: \ 0.00MB of 0.00MB uploaded (0.00MB deduped)wandb: | 0.00MB of 0.00MB uploaded (0.00MB deduped)wandb: / 0.00MB of 0.00MB uploaded (0.00MB deduped)wandb: - 0.00MB of 0.00MB uploaded (0.00MB deduped)wandb: \ 0.00MB of 0.00MB uploaded (0.00MB deduped)wandb: | 0.00MB of 0.00MB uploaded (0.00MB deduped)wandb: / 0.00MB of 0.00MB uploaded (0.00MB deduped)wandb: - 0.00MB of 0.00MB uploaded (0.00MB deduped)wandb:                                                                                
wandb: Run history:
wandb:     e_F1 ‚ñÅ‚ñÇ‚ñÉ‚ñÑ‚ñÑ‚ñÑ‚ñÖ‚ñÖ‚ñÜ‚ñÜ‚ñÜ‚ñÜ‚ñÜ‚ñá‚ñá‚ñá‚ñá‚ñá‚ñà‚ñà‚ñà‚ñà‚ñà‚ñà‚ñà‚ñá‚ñà‚ñà‚ñà‚ñà‚ñà‚ñà‚ñà‚ñà‚ñà‚ñà‚ñà‚ñà‚ñà‚ñá
wandb:   e_loss ‚ñà‚ñà‚ñá‚ñá‚ñá‚ñÜ‚ñÜ‚ñÖ‚ñÖ‚ñÑ‚ñÑ‚ñÑ‚ñÉ‚ñÉ‚ñÇ‚ñÇ‚ñÇ‚ñÇ‚ñÅ‚ñÇ‚ñÅ‚ñÅ‚ñÅ‚ñÅ‚ñÅ‚ñÅ‚ñÅ‚ñÅ‚ñÅ‚ñÅ‚ñÇ‚ñÅ‚ñÇ‚ñÇ‚ñÇ‚ñÇ‚ñÇ‚ñÇ‚ñÉ‚ñÉ
wandb:     t_F1 ‚ñÅ‚ñÅ‚ñÅ‚ñÇ‚ñÇ‚ñÇ‚ñÉ‚ñÑ‚ñÑ‚ñÑ‚ñÑ‚ñÑ‚ñÖ‚ñÖ‚ñÖ‚ñÖ‚ñÖ‚ñÖ‚ñÖ‚ñÖ‚ñÜ‚ñÜ‚ñÜ‚ñÜ‚ñÜ‚ñá‚ñá‚ñá‚ñá‚ñá‚ñá‚ñá‚ñá‚ñá‚ñà‚ñà‚ñà‚ñà‚ñà‚ñà
wandb:   t_loss ‚ñà‚ñà‚ñà‚ñà‚ñà‚ñá‚ñá‚ñá‚ñá‚ñÜ‚ñÜ‚ñÜ‚ñÜ‚ñÖ‚ñÖ‚ñÖ‚ñÖ‚ñÖ‚ñÑ‚ñÑ‚ñÑ‚ñÑ‚ñÑ‚ñÉ‚ñÉ‚ñÉ‚ñÉ‚ñÉ‚ñÉ‚ñÉ‚ñÇ‚ñÇ‚ñÇ‚ñÇ‚ñÇ‚ñÅ‚ñÅ‚ñÅ‚ñÅ‚ñÅ
wandb: 
wandb: Run summary:
wandb:     e_F1 59.01052
wandb:   e_loss 1.09849
wandb:     t_F1 92.9809
wandb:   t_loss 0.2799
wandb: 
wandb: Synced 4 W&B file(s), 0 media file(s), 0 artifact file(s) and 0 other file(s)
wandb: Synced dulcet-aardvark-1: https://wandb.ai/yinanazhou/xl_512_bs_8_lr_1e06_es_20_lc_True_nr_True_stem_True_lemma_False_repeat_2_fold_2/runs/brl16sbr
wandb: Find logs at: ./wandb/run-20220302_021333-brl16sbr/logs/debug.log
wandb: 

wandb: wandb version 0.12.11 is available!  To upgrade, please run:
wandb:  $ pip install wandb --upgrade
2022-03-02 02:55:48.370506: I tensorflow/stream_executor/platform/default/dso_loader.cc:48] Successfully opened dynamic library libcudart.so.10.1
wandb: Tracking run with wandb version 0.12.5
wandb: Syncing run whole-plasma-1
wandb: ‚≠êÔ∏è View project at https://wandb.ai/yinanazhou/xl_512_bs_8_lr_1e06_es_20_lc_True_nr_True_stem_True_lemma_False_repeat_3_fold_1
wandb: üöÄ View run at https://wandb.ai/yinanazhou/xl_512_bs_8_lr_1e06_es_20_lc_True_nr_True_stem_True_lemma_False_repeat_3_fold_1/runs/fpzm7jr7
wandb: Run data is saved locally in /project/6002780/yinan/Thesis_MER_Lyrics/lyric-emotion/wandb/run-20220302_025545-fpzm7jr7
wandb: Run `wandb offline` to turn off syncing.

Validation loss decreased (inf --> 1.426826).  Saving model ...
Validation loss decreased (1.426826 --> 1.375750).  Saving model ...
Validation loss decreased (1.375750 --> 1.348176).  Saving model ...
Validation loss decreased (1.348176 --> 1.327582).  Saving model ...
Validation loss decreased (1.327582 --> 1.322342).  Saving model ...
Validation loss decreased (1.322342 --> 1.299724).  Saving model ...
Validation loss decreased (1.299724 --> 1.275580).  Saving model ...
Validation loss decreased (1.275580 --> 1.254658).  Saving model ...
Validation loss decreased (1.254658 --> 1.250043).  Saving model ...
Validation loss decreased (1.250043 --> 1.217732).  Saving model ...
Validation loss decreased (1.217732 --> 1.186771).  Saving model ...
Validation loss decreased (1.186771 --> 1.179510).  Saving model ...
Validation loss decreased (1.179510 --> 1.156372).  Saving model ...
Validation loss decreased (1.156372 --> 1.142450).  Saving model ...
Validation loss decreased (1.142450 --> 1.127493).  Saving model ...
Validation loss decreased (1.127493 --> 1.109729).  Saving model ...
Validation loss decreased (1.109729 --> 1.107316).  Saving model ...
Validation loss decreased (1.107316 --> 1.074342).  Saving model ...
Validation loss decreased (1.074342 --> 1.071391).  Saving model ...
EarlyStopping counter: 1 out of 20.0
Validation loss decreased (1.071391 --> 1.058098).  Saving model ...
Validation loss decreased (1.058098 --> 1.049678).  Saving model ...
Validation loss decreased (1.049678 --> 1.042267).  Saving model ...
EarlyStopping counter: 1 out of 20.0
EarlyStopping counter: 2 out of 20.0
Validation loss decreased (1.042267 --> 1.022558).  Saving model ...
EarlyStopping counter: 1 out of 20.0
EarlyStopping counter: 2 out of 20.0
EarlyStopping counter: 3 out of 20.0
EarlyStopping counter: 4 out of 20.0
EarlyStopping counter: 5 out of 20.0
EarlyStopping counter: 6 out of 20.0
EarlyStopping counter: 7 out of 20.0
EarlyStopping counter: 8 out of 20.0
EarlyStopping counter: 9 out of 20.0
EarlyStopping counter: 10 out of 20.0
EarlyStopping counter: 11 out of 20.0
EarlyStopping counter: 12 out of 20.0
EarlyStopping counter: 13 out of 20.0
EarlyStopping counter: 14 out of 20.0
EarlyStopping counter: 15 out of 20.0
EarlyStopping counter: 16 out of 20.0
EarlyStopping counter: 17 out of 20.0
EarlyStopping counter: 18 out of 20.0
EarlyStopping counter: 19 out of 20.0
EarlyStopping counter: 20 out of 20.0
/localscratch/yinan.28128577.0/env/lib/python3.7/site-packages/torch/nn/functional.py:1794: UserWarning: nn.functional.tanh is deprecated. Use torch.tanh instead.
  warnings.warn("nn.functional.tanh is deprecated. Use torch.tanh instead.")
wandb: Waiting for W&B process to finish, PID 243078... (success).
wandb: - 0.00MB of 0.00MB uploaded (0.00MB deduped)wandb: \ 0.00MB of 0.00MB uploaded (0.00MB deduped)wandb: | 0.00MB of 0.00MB uploaded (0.00MB deduped)wandb:                                                                                
wandb: Run history:
wandb:     e_F1 ‚ñÅ‚ñÉ‚ñÑ‚ñÖ‚ñÑ‚ñÖ‚ñÖ‚ñÜ‚ñÜ‚ñÜ‚ñÜ‚ñá‚ñÜ‚ñá‚ñá‚ñá‚ñá‚ñá‚ñá‚ñá‚ñà‚ñà‚ñà‚ñà‚ñà‚ñà‚ñà‚ñà‚ñà‚ñà‚ñà‚ñà‚ñà‚ñà‚ñà‚ñà‚ñà‚ñà‚ñà‚ñà
wandb:   e_loss ‚ñà‚ñá‚ñá‚ñÜ‚ñÜ‚ñÜ‚ñÖ‚ñÖ‚ñÑ‚ñÑ‚ñÑ‚ñÉ‚ñÉ‚ñÉ‚ñÇ‚ñÇ‚ñÇ‚ñÇ‚ñÇ‚ñÅ‚ñÅ‚ñÅ‚ñÅ‚ñÇ‚ñÅ‚ñÅ‚ñÅ‚ñÅ‚ñÅ‚ñÇ‚ñÇ‚ñÇ‚ñÇ‚ñÉ‚ñÉ‚ñÉ‚ñÇ‚ñÉ‚ñÑ‚ñÉ
wandb:     t_F1 ‚ñÅ‚ñÇ‚ñÇ‚ñÉ‚ñÉ‚ñÉ‚ñÉ‚ñÑ‚ñÑ‚ñÑ‚ñÑ‚ñÖ‚ñÖ‚ñÖ‚ñÖ‚ñÜ‚ñÜ‚ñÜ‚ñÜ‚ñÜ‚ñÜ‚ñÜ‚ñá‚ñá‚ñá‚ñá‚ñá‚ñá‚ñá‚ñá‚ñá‚ñá‚ñà‚ñà‚ñà‚ñà‚ñà‚ñà‚ñà‚ñà
wandb:   t_loss ‚ñà‚ñá‚ñá‚ñá‚ñá‚ñá‚ñá‚ñÜ‚ñÜ‚ñÜ‚ñÜ‚ñÜ‚ñÖ‚ñÖ‚ñÖ‚ñÖ‚ñÑ‚ñÑ‚ñÑ‚ñÑ‚ñÑ‚ñÉ‚ñÉ‚ñÉ‚ñÉ‚ñÉ‚ñÉ‚ñÇ‚ñÇ‚ñÇ‚ñÇ‚ñÇ‚ñÇ‚ñÇ‚ñÇ‚ñÅ‚ñÅ‚ñÅ‚ñÅ‚ñÅ
wandb: 
wandb: Run summary:
wandb:     e_F1 57.45115
wandb:   e_loss 1.16411
wandb:     t_F1 94.46715
wandb:   t_loss 0.25228
wandb: 
wandb: Synced 4 W&B file(s), 0 media file(s), 0 artifact file(s) and 0 other file(s)
wandb: Synced whole-plasma-1: https://wandb.ai/yinanazhou/xl_512_bs_8_lr_1e06_es_20_lc_True_nr_True_stem_True_lemma_False_repeat_3_fold_1/runs/fpzm7jr7
wandb: Find logs at: ./wandb/run-20220302_025545-fpzm7jr7/logs/debug.log
wandb: 

wandb: wandb version 0.12.11 is available!  To upgrade, please run:
wandb:  $ pip install wandb --upgrade
2022-03-02 03:38:25.237456: I tensorflow/stream_executor/platform/default/dso_loader.cc:48] Successfully opened dynamic library libcudart.so.10.1
wandb: Tracking run with wandb version 0.12.5
wandb: Syncing run dainty-wildflower-1
wandb: ‚≠êÔ∏è View project at https://wandb.ai/yinanazhou/xl_512_bs_8_lr_1e06_es_20_lc_True_nr_True_stem_True_lemma_False_repeat_3_fold_2
wandb: üöÄ View run at https://wandb.ai/yinanazhou/xl_512_bs_8_lr_1e06_es_20_lc_True_nr_True_stem_True_lemma_False_repeat_3_fold_2/runs/15drxgcp
wandb: Run data is saved locally in /project/6002780/yinan/Thesis_MER_Lyrics/lyric-emotion/wandb/run-20220302_033822-15drxgcp
wandb: Run `wandb offline` to turn off syncing.

Validation loss decreased (inf --> 1.370349).  Saving model ...
Validation loss decreased (1.370349 --> 1.351944).  Saving model ...
Validation loss decreased (1.351944 --> 1.340064).  Saving model ...
Validation loss decreased (1.340064 --> 1.322001).  Saving model ...
Validation loss decreased (1.322001 --> 1.303109).  Saving model ...
Validation loss decreased (1.303109 --> 1.273204).  Saving model ...
Validation loss decreased (1.273204 --> 1.235981).  Saving model ...
Validation loss decreased (1.235981 --> 1.200345).  Saving model ...
Validation loss decreased (1.200345 --> 1.158184).  Saving model ...
Validation loss decreased (1.158184 --> 1.114184).  Saving model ...
Validation loss decreased (1.114184 --> 1.080691).  Saving model ...
Validation loss decreased (1.080691 --> 1.050342).  Saving model ...
Validation loss decreased (1.050342 --> 1.025994).  Saving model ...
Validation loss decreased (1.025994 --> 1.004710).  Saving model ...
Validation loss decreased (1.004710 --> 0.986066).  Saving model ...
Validation loss decreased (0.986066 --> 0.971286).  Saving model ...
Validation loss decreased (0.971286 --> 0.958098).  Saving model ...
Validation loss decreased (0.958098 --> 0.946211).  Saving model ...
Validation loss decreased (0.946211 --> 0.936693).  Saving model ...
EarlyStopping counter: 1 out of 20.0
Validation loss decreased (0.936693 --> 0.927154).  Saving model ...
EarlyStopping counter: 1 out of 20.0
EarlyStopping counter: 2 out of 20.0
EarlyStopping counter: 3 out of 20.0
EarlyStopping counter: 4 out of 20.0
EarlyStopping counter: 5 out of 20.0
EarlyStopping counter: 6 out of 20.0
EarlyStopping counter: 7 out of 20.0
EarlyStopping counter: 8 out of 20.0
EarlyStopping counter: 9 out of 20.0
EarlyStopping counter: 10 out of 20.0
EarlyStopping counter: 11 out of 20.0
EarlyStopping counter: 12 out of 20.0
EarlyStopping counter: 13 out of 20.0
EarlyStopping counter: 14 out of 20.0
EarlyStopping counter: 15 out of 20.0
EarlyStopping counter: 16 out of 20.0
EarlyStopping counter: 17 out of 20.0
EarlyStopping counter: 18 out of 20.0
EarlyStopping counter: 19 out of 20.0
EarlyStopping counter: 20 out of 20.0
/localscratch/yinan.28128577.0/env/lib/python3.7/site-packages/torch/nn/functional.py:1794: UserWarning: nn.functional.tanh is deprecated. Use torch.tanh instead.
  warnings.warn("nn.functional.tanh is deprecated. Use torch.tanh instead.")
wandb: Waiting for W&B process to finish, PID 245416... (success).
wandb: - 0.00MB of 0.00MB uploaded (0.00MB deduped)wandb: \ 0.00MB of 0.00MB uploaded (0.00MB deduped)wandb: | 0.00MB of 0.00MB uploaded (0.00MB deduped)wandb: / 0.00MB of 0.00MB uploaded (0.00MB deduped)wandb: - 0.00MB of 0.00MB uploaded (0.00MB deduped)wandb: \ 0.00MB of 0.00MB uploaded (0.00MB deduped)wandb: | 0.00MB of 0.00MB uploaded (0.00MB deduped)wandb: / 0.00MB of 0.00MB uploaded (0.00MB deduped)wandb: - 0.00MB of 0.00MB uploaded (0.00MB deduped)wandb: \ 0.00MB of 0.00MB uploaded (0.00MB deduped)wandb: | 0.00MB of 0.00MB uploaded (0.00MB deduped)wandb: / 0.00MB of 0.00MB uploaded (0.00MB deduped)wandb: - 0.00MB of 0.00MB uploaded (0.00MB deduped)wandb: \ 0.00MB of 0.00MB uploaded (0.00MB deduped)wandb: | 0.00MB of 0.00MB uploaded (0.00MB deduped)wandb: / 0.00MB of 0.00MB uploaded (0.00MB deduped)wandb: - 0.00MB of 0.00MB uploaded (0.00MB deduped)wandb: \ 0.00MB of 0.00MB uploaded (0.00MB deduped)wandb: | 0.00MB of 0.00MB uploaded (0.00MB deduped)wandb: / 0.00MB of 0.00MB uploaded (0.00MB deduped)wandb: - 0.00MB of 0.00MB uploaded (0.00MB deduped)wandb: \ 0.00MB of 0.00MB uploaded (0.00MB deduped)wandb:                                                                                
wandb: Run history:
wandb:     e_F1 ‚ñÅ‚ñÉ‚ñÑ‚ñÑ‚ñÖ‚ñÖ‚ñÜ‚ñÜ‚ñá‚ñá‚ñá‚ñá‚ñà‚ñà‚ñà‚ñá‚ñá‚ñà‚ñà‚ñà‚ñà‚ñà‚ñà‚ñà‚ñà‚ñà‚ñà‚ñà‚ñà‚ñà‚ñà‚ñà‚ñà‚ñà‚ñà‚ñà‚ñà‚ñà‚ñà‚ñà
wandb:   e_loss ‚ñà‚ñà‚ñà‚ñá‚ñá‚ñÜ‚ñÜ‚ñÖ‚ñÖ‚ñÑ‚ñÉ‚ñÉ‚ñÉ‚ñÇ‚ñÇ‚ñÇ‚ñÅ‚ñÅ‚ñÅ‚ñÅ‚ñÅ‚ñÅ‚ñÅ‚ñÅ‚ñÅ‚ñÅ‚ñÅ‚ñÅ‚ñÅ‚ñÅ‚ñÅ‚ñÅ‚ñÇ‚ñÇ‚ñÇ‚ñÇ‚ñÉ‚ñÉ‚ñÉ‚ñÉ
wandb:     t_F1 ‚ñÅ‚ñÇ‚ñÇ‚ñÇ‚ñÉ‚ñÉ‚ñÉ‚ñÉ‚ñÑ‚ñÑ‚ñÑ‚ñÖ‚ñÖ‚ñÖ‚ñÖ‚ñÖ‚ñÖ‚ñÜ‚ñÜ‚ñÜ‚ñÜ‚ñÜ‚ñÜ‚ñÜ‚ñá‚ñÜ‚ñá‚ñá‚ñá‚ñá‚ñá‚ñá‚ñá‚ñá‚ñà‚ñà‚ñà‚ñà‚ñà‚ñà
wandb:   t_loss ‚ñà‚ñà‚ñà‚ñà‚ñá‚ñá‚ñá‚ñá‚ñá‚ñÜ‚ñÜ‚ñÜ‚ñÜ‚ñÖ‚ñÖ‚ñÖ‚ñÖ‚ñÖ‚ñÑ‚ñÑ‚ñÑ‚ñÑ‚ñÉ‚ñÉ‚ñÉ‚ñÉ‚ñÉ‚ñÉ‚ñÉ‚ñÇ‚ñÇ‚ñÇ‚ñÇ‚ñÇ‚ñÇ‚ñÇ‚ñÅ‚ñÅ‚ñÅ‚ñÅ
wandb: 
wandb: Run summary:
wandb:     e_F1 58.3515
wandb:   e_loss 1.05952
wandb:     t_F1 93.846
wandb:   t_loss 0.26207
wandb: 
wandb: Synced 4 W&B file(s), 0 media file(s), 0 artifact file(s) and 0 other file(s)
wandb: Synced dainty-wildflower-1: https://wandb.ai/yinanazhou/xl_512_bs_8_lr_1e06_es_20_lc_True_nr_True_stem_True_lemma_False_repeat_3_fold_2/runs/15drxgcp
wandb: Find logs at: ./wandb/run-20220302_033822-15drxgcp/logs/debug.log
wandb: 

wandb: wandb version 0.12.11 is available!  To upgrade, please run:
wandb:  $ pip install wandb --upgrade
2022-03-02 04:16:40.668209: I tensorflow/stream_executor/platform/default/dso_loader.cc:48] Successfully opened dynamic library libcudart.so.10.1
wandb: Tracking run with wandb version 0.12.5
wandb: Syncing run colorful-vortex-1
wandb: ‚≠êÔ∏è View project at https://wandb.ai/yinanazhou/xl_512_bs_8_lr_1e06_es_20_lc_True_nr_True_stem_True_lemma_False_repeat_4_fold_1
wandb: üöÄ View run at https://wandb.ai/yinanazhou/xl_512_bs_8_lr_1e06_es_20_lc_True_nr_True_stem_True_lemma_False_repeat_4_fold_1/runs/3e7nrjgg
wandb: Run data is saved locally in /project/6002780/yinan/Thesis_MER_Lyrics/lyric-emotion/wandb/run-20220302_041637-3e7nrjgg
wandb: Run `wandb offline` to turn off syncing.

Validation loss decreased (inf --> 1.405640).  Saving model ...
Validation loss decreased (1.405640 --> 1.364483).  Saving model ...
Validation loss decreased (1.364483 --> 1.345755).  Saving model ...
Validation loss decreased (1.345755 --> 1.331029).  Saving model ...
Validation loss decreased (1.331029 --> 1.317589).  Saving model ...
Validation loss decreased (1.317589 --> 1.299005).  Saving model ...
Validation loss decreased (1.299005 --> 1.274107).  Saving model ...
Validation loss decreased (1.274107 --> 1.251193).  Saving model ...
Validation loss decreased (1.251193 --> 1.232115).  Saving model ...
Validation loss decreased (1.232115 --> 1.201992).  Saving model ...
Validation loss decreased (1.201992 --> 1.177493).  Saving model ...
Validation loss decreased (1.177493 --> 1.151836).  Saving model ...
Validation loss decreased (1.151836 --> 1.135922).  Saving model ...
Validation loss decreased (1.135922 --> 1.093930).  Saving model ...
Validation loss decreased (1.093930 --> 1.068285).  Saving model ...
Validation loss decreased (1.068285 --> 1.055284).  Saving model ...
Validation loss decreased (1.055284 --> 1.015319).  Saving model ...
Validation loss decreased (1.015319 --> 0.998027).  Saving model ...
Validation loss decreased (0.998027 --> 0.987861).  Saving model ...
Validation loss decreased (0.987861 --> 0.985935).  Saving model ...
Validation loss decreased (0.985935 --> 0.961899).  Saving model ...
Validation loss decreased (0.961899 --> 0.944008).  Saving model ...
EarlyStopping counter: 1 out of 20.0
Validation loss decreased (0.944008 --> 0.941663).  Saving model ...
Validation loss decreased (0.941663 --> 0.927353).  Saving model ...
Validation loss decreased (0.927353 --> 0.927021).  Saving model ...
Validation loss decreased (0.927021 --> 0.924282).  Saving model ...
Validation loss decreased (0.924282 --> 0.915957).  Saving model ...
Validation loss decreased (0.915957 --> 0.914628).  Saving model ...
EarlyStopping counter: 1 out of 20.0
EarlyStopping counter: 2 out of 20.0
EarlyStopping counter: 3 out of 20.0
EarlyStopping counter: 4 out of 20.0
EarlyStopping counter: 5 out of 20.0
EarlyStopping counter: 6 out of 20.0
EarlyStopping counter: 7 out of 20.0
EarlyStopping counter: 8 out of 20.0
EarlyStopping counter: 9 out of 20.0
EarlyStopping counter: 10 out of 20.0
EarlyStopping counter: 11 out of 20.0
EarlyStopping counter: 12 out of 20.0
EarlyStopping counter: 13 out of 20.0
EarlyStopping counter: 14 out of 20.0
EarlyStopping counter: 15 out of 20.0
EarlyStopping counter: 16 out of 20.0
EarlyStopping counter: 17 out of 20.0
EarlyStopping counter: 18 out of 20.0
EarlyStopping counter: 19 out of 20.0
EarlyStopping counter: 20 out of 20.0
/localscratch/yinan.28128577.0/env/lib/python3.7/site-packages/torch/nn/functional.py:1794: UserWarning: nn.functional.tanh is deprecated. Use torch.tanh instead.
  warnings.warn("nn.functional.tanh is deprecated. Use torch.tanh instead.")
wandb: Waiting for W&B process to finish, PID 247549... (success).
wandb: - 0.00MB of 0.00MB uploaded (0.00MB deduped)wandb: \ 0.00MB of 0.00MB uploaded (0.00MB deduped)wandb: | 0.00MB of 0.00MB uploaded (0.00MB deduped)wandb: / 0.00MB of 0.00MB uploaded (0.00MB deduped)wandb: - 0.00MB of 0.00MB uploaded (0.00MB deduped)wandb: \ 0.00MB of 0.00MB uploaded (0.00MB deduped)wandb: | 0.00MB of 0.00MB uploaded (0.00MB deduped)wandb: / 0.00MB of 0.00MB uploaded (0.00MB deduped)wandb: - 0.00MB of 0.00MB uploaded (0.00MB deduped)wandb: \ 0.00MB of 0.00MB uploaded (0.00MB deduped)wandb: | 0.00MB of 0.00MB uploaded (0.00MB deduped)wandb: / 0.00MB of 0.00MB uploaded (0.00MB deduped)wandb: - 0.00MB of 0.00MB uploaded (0.00MB deduped)wandb:                                                                                
wandb: Run history:
wandb:     e_F1 ‚ñÅ‚ñÉ‚ñÑ‚ñÑ‚ñÖ‚ñÖ‚ñÖ‚ñÖ‚ñÖ‚ñÜ‚ñÜ‚ñÜ‚ñá‚ñá‚ñá‚ñá‚ñá‚ñá‚ñá‚ñà‚ñà‚ñà‚ñà‚ñà‚ñà‚ñà‚ñà‚ñà‚ñà‚ñà‚ñà‚ñà‚ñà‚ñà‚ñà‚ñà‚ñà‚ñà‚ñà‚ñà
wandb:   e_loss ‚ñà‚ñá‚ñá‚ñá‚ñá‚ñÜ‚ñÜ‚ñÜ‚ñÖ‚ñÑ‚ñÑ‚ñÑ‚ñÉ‚ñÇ‚ñÇ‚ñÇ‚ñÇ‚ñÇ‚ñÅ‚ñÅ‚ñÅ‚ñÅ‚ñÅ‚ñÅ‚ñÅ‚ñÅ‚ñÅ‚ñÅ‚ñÅ‚ñÇ‚ñÇ‚ñÇ‚ñÇ‚ñÇ‚ñÉ‚ñÉ‚ñÉ‚ñÉ‚ñÑ‚ñÑ
wandb:     t_F1 ‚ñÅ‚ñÅ‚ñÇ‚ñÇ‚ñÇ‚ñÉ‚ñÉ‚ñÑ‚ñÑ‚ñÑ‚ñÑ‚ñÖ‚ñÖ‚ñÖ‚ñÖ‚ñÜ‚ñÜ‚ñÜ‚ñÜ‚ñÜ‚ñÜ‚ñÜ‚ñá‚ñÜ‚ñá‚ñá‚ñá‚ñá‚ñá‚ñá‚ñà‚ñà‚ñà‚ñà‚ñà‚ñà‚ñà‚ñà‚ñà‚ñà
wandb:   t_loss ‚ñà‚ñà‚ñà‚ñà‚ñá‚ñá‚ñá‚ñá‚ñá‚ñÜ‚ñÜ‚ñÜ‚ñÜ‚ñÖ‚ñÖ‚ñÖ‚ñÖ‚ñÑ‚ñÑ‚ñÑ‚ñÑ‚ñÑ‚ñÉ‚ñÉ‚ñÉ‚ñÉ‚ñÉ‚ñÇ‚ñÇ‚ñÇ‚ñÇ‚ñÇ‚ñÇ‚ñÇ‚ñÇ‚ñÅ‚ñÅ‚ñÅ‚ñÅ‚ñÅ
wandb: 
wandb: Run summary:
wandb:     e_F1 59.98359
wandb:   e_loss 1.12827
wandb:     t_F1 97.45781
wandb:   t_loss 0.18675
wandb: 
wandb: Synced 4 W&B file(s), 0 media file(s), 0 artifact file(s) and 0 other file(s)
wandb: Synced colorful-vortex-1: https://wandb.ai/yinanazhou/xl_512_bs_8_lr_1e06_es_20_lc_True_nr_True_stem_True_lemma_False_repeat_4_fold_1/runs/3e7nrjgg
wandb: Find logs at: ./wandb/run-20220302_041637-3e7nrjgg/logs/debug.log
wandb: 

wandb: wandb version 0.12.11 is available!  To upgrade, please run:
wandb:  $ pip install wandb --upgrade
2022-03-02 05:02:01.181410: I tensorflow/stream_executor/platform/default/dso_loader.cc:48] Successfully opened dynamic library libcudart.so.10.1
wandb: Tracking run with wandb version 0.12.5
wandb: Syncing run leafy-shape-1
wandb: ‚≠êÔ∏è View project at https://wandb.ai/yinanazhou/xl_512_bs_8_lr_1e06_es_20_lc_True_nr_True_stem_True_lemma_False_repeat_4_fold_2
wandb: üöÄ View run at https://wandb.ai/yinanazhou/xl_512_bs_8_lr_1e06_es_20_lc_True_nr_True_stem_True_lemma_False_repeat_4_fold_2/runs/cjvewmgx
wandb: Run data is saved locally in /project/6002780/yinan/Thesis_MER_Lyrics/lyric-emotion/wandb/run-20220302_050158-cjvewmgx
wandb: Run `wandb offline` to turn off syncing.

Validation loss decreased (inf --> 1.380189).  Saving model ...
Validation loss decreased (1.380189 --> 1.364269).  Saving model ...
Validation loss decreased (1.364269 --> 1.353594).  Saving model ...
Validation loss decreased (1.353594 --> 1.341418).  Saving model ...
Validation loss decreased (1.341418 --> 1.329063).  Saving model ...
Validation loss decreased (1.329063 --> 1.307947).  Saving model ...
Validation loss decreased (1.307947 --> 1.285308).  Saving model ...
Validation loss decreased (1.285308 --> 1.254366).  Saving model ...
Validation loss decreased (1.254366 --> 1.226528).  Saving model ...
Validation loss decreased (1.226528 --> 1.215040).  Saving model ...
Validation loss decreased (1.215040 --> 1.182442).  Saving model ...
Validation loss decreased (1.182442 --> 1.155328).  Saving model ...
Validation loss decreased (1.155328 --> 1.145268).  Saving model ...
Validation loss decreased (1.145268 --> 1.115257).  Saving model ...
Validation loss decreased (1.115257 --> 1.100786).  Saving model ...
Validation loss decreased (1.100786 --> 1.089482).  Saving model ...
Validation loss decreased (1.089482 --> 1.064889).  Saving model ...
Validation loss decreased (1.064889 --> 1.038174).  Saving model ...
Validation loss decreased (1.038174 --> 1.033529).  Saving model ...
EarlyStopping counter: 1 out of 20.0
Validation loss decreased (1.033529 --> 1.029812).  Saving model ...
Validation loss decreased (1.029812 --> 1.022296).  Saving model ...
Validation loss decreased (1.022296 --> 1.001901).  Saving model ...
EarlyStopping counter: 1 out of 20.0
EarlyStopping counter: 2 out of 20.0
EarlyStopping counter: 3 out of 20.0
EarlyStopping counter: 4 out of 20.0
EarlyStopping counter: 5 out of 20.0
EarlyStopping counter: 6 out of 20.0
EarlyStopping counter: 7 out of 20.0
EarlyStopping counter: 8 out of 20.0
EarlyStopping counter: 9 out of 20.0
EarlyStopping counter: 10 out of 20.0
EarlyStopping counter: 11 out of 20.0
EarlyStopping counter: 12 out of 20.0
EarlyStopping counter: 13 out of 20.0
EarlyStopping counter: 14 out of 20.0
EarlyStopping counter: 15 out of 20.0
EarlyStopping counter: 16 out of 20.0
EarlyStopping counter: 17 out of 20.0
EarlyStopping counter: 18 out of 20.0
EarlyStopping counter: 19 out of 20.0
EarlyStopping counter: 20 out of 20.0
/localscratch/yinan.28128577.0/env/lib/python3.7/site-packages/torch/nn/functional.py:1794: UserWarning: nn.functional.tanh is deprecated. Use torch.tanh instead.
  warnings.warn("nn.functional.tanh is deprecated. Use torch.tanh instead.")
wandb: Waiting for W&B process to finish, PID 250103... (success).
wandb: - 0.00MB of 0.00MB uploaded (0.00MB deduped)wandb: \ 0.00MB of 0.00MB uploaded (0.00MB deduped)wandb: | 0.00MB of 0.00MB uploaded (0.00MB deduped)wandb: / 0.00MB of 0.00MB uploaded (0.00MB deduped)wandb: - 0.00MB of 0.00MB uploaded (0.00MB deduped)wandb: \ 0.00MB of 0.00MB uploaded (0.00MB deduped)wandb: | 0.00MB of 0.00MB uploaded (0.00MB deduped)wandb: / 0.00MB of 0.00MB uploaded (0.00MB deduped)wandb: - 0.00MB of 0.00MB uploaded (0.00MB deduped)wandb: \ 0.00MB of 0.00MB uploaded (0.00MB deduped)wandb: | 0.00MB of 0.00MB uploaded (0.00MB deduped)wandb: / 0.00MB of 0.00MB uploaded (0.00MB deduped)wandb:                                                                                
wandb: Run history:
wandb:     e_F1 ‚ñÅ‚ñÇ‚ñÉ‚ñÑ‚ñÑ‚ñÑ‚ñÖ‚ñÖ‚ñÖ‚ñÖ‚ñÜ‚ñá‚ñÜ‚ñá‚ñá‚ñá‚ñá‚ñá‚ñá‚ñá‚ñá‚ñà‚ñá‚ñá‚ñà‚ñà‚ñà‚ñà‚ñà‚ñà‚ñà‚ñà‚ñà‚ñà‚ñà‚ñà‚ñà‚ñà‚ñà‚ñà
wandb:   e_loss ‚ñà‚ñà‚ñà‚ñá‚ñá‚ñá‚ñÜ‚ñÜ‚ñÖ‚ñÖ‚ñÑ‚ñÑ‚ñÑ‚ñÉ‚ñÉ‚ñÇ‚ñÇ‚ñÇ‚ñÇ‚ñÇ‚ñÅ‚ñÅ‚ñÇ‚ñÅ‚ñÅ‚ñÅ‚ñÇ‚ñÇ‚ñÇ‚ñÇ‚ñÇ‚ñÇ‚ñÇ‚ñÇ‚ñÉ‚ñÇ‚ñÉ‚ñÉ‚ñÑ‚ñÑ
wandb:     t_F1 ‚ñÅ‚ñÅ‚ñÇ‚ñÇ‚ñÇ‚ñÉ‚ñÇ‚ñÉ‚ñÉ‚ñÉ‚ñÑ‚ñÑ‚ñÑ‚ñÖ‚ñÖ‚ñÖ‚ñÖ‚ñÜ‚ñÜ‚ñÜ‚ñÜ‚ñÜ‚ñÜ‚ñÜ‚ñá‚ñá‚ñá‚ñá‚ñá‚ñá‚ñá‚ñá‚ñá‚ñà‚ñà‚ñà‚ñà‚ñà‚ñà‚ñà
wandb:   t_loss ‚ñà‚ñà‚ñà‚ñà‚ñà‚ñá‚ñá‚ñá‚ñá‚ñá‚ñá‚ñÜ‚ñÜ‚ñÖ‚ñÖ‚ñÖ‚ñÖ‚ñÖ‚ñÑ‚ñÑ‚ñÑ‚ñÑ‚ñÑ‚ñÉ‚ñÉ‚ñÉ‚ñÉ‚ñÉ‚ñÉ‚ñÇ‚ñÇ‚ñÇ‚ñÇ‚ñÇ‚ñÇ‚ñÇ‚ñÇ‚ñÅ‚ñÅ‚ñÅ
wandb: 
wandb: Run summary:
wandb:     e_F1 56.24524
wandb:   e_loss 1.18612
wandb:     t_F1 93.38261
wandb:   t_loss 0.27857
wandb: 
wandb: Synced 4 W&B file(s), 0 media file(s), 0 artifact file(s) and 0 other file(s)
wandb: Synced leafy-shape-1: https://wandb.ai/yinanazhou/xl_512_bs_8_lr_1e06_es_20_lc_True_nr_True_stem_True_lemma_False_repeat_4_fold_2/runs/cjvewmgx
wandb: Find logs at: ./wandb/run-20220302_050158-cjvewmgx/logs/debug.log
wandb: 

wandb: wandb version 0.12.11 is available!  To upgrade, please run:
wandb:  $ pip install wandb --upgrade
2022-03-02 05:42:06.655210: I tensorflow/stream_executor/platform/default/dso_loader.cc:48] Successfully opened dynamic library libcudart.so.10.1
wandb: Tracking run with wandb version 0.12.5
wandb: Syncing run olive-gorge-1
wandb: ‚≠êÔ∏è View project at https://wandb.ai/yinanazhou/xl_512_bs_8_lr_1e06_es_20_lc_True_nr_True_stem_True_lemma_False_repeat_5_fold_1
wandb: üöÄ View run at https://wandb.ai/yinanazhou/xl_512_bs_8_lr_1e06_es_20_lc_True_nr_True_stem_True_lemma_False_repeat_5_fold_1/runs/3a23f7vd
wandb: Run data is saved locally in /project/6002780/yinan/Thesis_MER_Lyrics/lyric-emotion/wandb/run-20220302_054203-3a23f7vd
wandb: Run `wandb offline` to turn off syncing.
/localscratch/yinan.28128577.0/env/lib/python3.7/site-packages/torch/nn/functional.py:1794: UserWarning: nn.functional.tanh is deprecated. Use torch.tanh instead.

  warnings.warn("nn.functional.tanh is deprecated. Use torch.tanh instead.")
Exception in thread Thread-92:
Traceback (most recent call last):
  File "/cvmfs/soft.computecanada.ca/easybuild/software/2017/Core/python/3.7.4/lib/python3.7/threading.py", line 926, in _bootstrap_inner
    self.run()
  File "/cvmfs/soft.computecanada.ca/easybuild/software/2017/Core/python/3.7.4/lib/python3.7/threading.py", line 870, in run
    self._target(*self._args, **self._kwargs)
  File "/localscratch/yinan.28128577.0/env/lib/python3.7/site-packages/wandb/sdk/wandb_run.py", line 149, in check_network_status
    status_response = self._interface.communicate_network_status()
  File "/localscratch/yinan.28128577.0/env/lib/python3.7/site-packages/wandb/sdk/interface/interface.py", line 125, in communicate_network_status
    resp = self._communicate_network_status(status)
  File "/localscratch/yinan.28128577.0/env/lib/python3.7/site-packages/wandb/sdk/interface/interface.py", line 978, in _communicate_network_status
    resp = self._communicate(req, local=True)
  File "/localscratch/yinan.28128577.0/env/lib/python3.7/site-packages/wandb/sdk/interface/interface.py", line 799, in _communicate
    return self._communicate_async(rec, local=local).get(timeout=timeout)
  File "/localscratch/yinan.28128577.0/env/lib/python3.7/site-packages/wandb/sdk/interface/interface.py", line 804, in _communicate_async
    raise Exception("The wandb backend process has shutdown")
Exception: The wandb backend process has shutdown

Exception in thread Thread-91:
Traceback (most recent call last):
  File "/cvmfs/soft.computecanada.ca/easybuild/software/2017/Core/python/3.7.4/lib/python3.7/threading.py", line 926, in _bootstrap_inner
    self.run()
  File "/cvmfs/soft.computecanada.ca/easybuild/software/2017/Core/python/3.7.4/lib/python3.7/threading.py", line 870, in run
    self._target(*self._args, **self._kwargs)
  File "/localscratch/yinan.28128577.0/env/lib/python3.7/site-packages/wandb/sdk/wandb_run.py", line 167, in check_status
    status_response = self._interface.communicate_stop_status()
  File "/localscratch/yinan.28128577.0/env/lib/python3.7/site-packages/wandb/sdk/interface/interface.py", line 114, in communicate_stop_status
    resp = self._communicate_stop_status(status)
  File "/localscratch/yinan.28128577.0/env/lib/python3.7/site-packages/wandb/sdk/interface/interface.py", line 968, in _communicate_stop_status
    resp = self._communicate(req, local=True)
  File "/localscratch/yinan.28128577.0/env/lib/python3.7/site-packages/wandb/sdk/interface/interface.py", line 799, in _communicate
    return self._communicate_async(rec, local=local).get(timeout=timeout)
  File "/localscratch/yinan.28128577.0/env/lib/python3.7/site-packages/wandb/sdk/interface/interface.py", line 804, in _communicate_async
    raise Exception("The wandb backend process has shutdown")
Exception: The wandb backend process has shutdown

Validation loss decreased (inf --> 1.375317).  Saving model ...
Traceback (most recent call last):
  File "xlnet_cv.py", line 305, in <module>
    loss_default, train_f1 = train(i, train_dataloader, loss_default)
  File "xlnet_cv.py", line 88, in train
    wandb.log({"t_loss": total_loss / train_steps, "t_F1": f1 * 100.})
  File "/localscratch/yinan.28128577.0/env/lib/python3.7/site-packages/wandb/sdk/wandb_run.py", line 1229, in log
    self.history._row_add(data)
  File "/localscratch/yinan.28128577.0/env/lib/python3.7/site-packages/wandb/sdk/wandb_history.py", line 44, in _row_add
    self._flush()
  File "/localscratch/yinan.28128577.0/env/lib/python3.7/site-packages/wandb/sdk/wandb_history.py", line 59, in _flush
    self._callback(row=self._data, step=self._step)
  File "/localscratch/yinan.28128577.0/env/lib/python3.7/site-packages/wandb/sdk/wandb_run.py", line 973, in _history_callback
    row, step, publish_step=not_using_tensorboard
  File "/localscratch/yinan.28128577.0/env/lib/python3.7/site-packages/wandb/sdk/interface/interface.py", line 506, in publish_history
    self._publish_history(history)
  File "/localscratch/yinan.28128577.0/env/lib/python3.7/site-packages/wandb/sdk/interface/interface.py", line 641, in _publish_history
    self._publish(rec)
  File "/localscratch/yinan.28128577.0/env/lib/python3.7/site-packages/wandb/sdk/interface/interface.py", line 790, in _publish
    raise Exception("The wandb backend process has shutdown")
Exception: The wandb backend process has shutdown
Traceback (most recent call last):
  File "xlnet_cv.py", line 305, in <module>
    loss_default, train_f1 = train(i, train_dataloader, loss_default)
  File "xlnet_cv.py", line 88, in train
    wandb.log({"t_loss": total_loss / train_steps, "t_F1": f1 * 100.})
  File "/localscratch/yinan.28128577.0/env/lib/python3.7/site-packages/wandb/sdk/wandb_run.py", line 1229, in log
    self.history._row_add(data)
  File "/localscratch/yinan.28128577.0/env/lib/python3.7/site-packages/wandb/sdk/wandb_history.py", line 44, in _row_add
    self._flush()
  File "/localscratch/yinan.28128577.0/env/lib/python3.7/site-packages/wandb/sdk/wandb_history.py", line 59, in _flush
    self._callback(row=self._data, step=self._step)
  File "/localscratch/yinan.28128577.0/env/lib/python3.7/site-packages/wandb/sdk/wandb_run.py", line 973, in _history_callback
    row, step, publish_step=not_using_tensorboard
  File "/localscratch/yinan.28128577.0/env/lib/python3.7/site-packages/wandb/sdk/interface/interface.py", line 506, in publish_history
    self._publish_history(history)
  File "/localscratch/yinan.28128577.0/env/lib/python3.7/site-packages/wandb/sdk/interface/interface.py", line 641, in _publish_history
    self._publish(rec)
  File "/localscratch/yinan.28128577.0/env/lib/python3.7/site-packages/wandb/sdk/interface/interface.py", line 790, in _publish
    raise Exception("The wandb backend process has shutdown")
Exception: The wandb backend process has shutdown
Traceback (most recent call last):
  File "xlnet_cv.py", line 305, in <module>
    loss_default, train_f1 = train(i, train_dataloader, loss_default)
  File "xlnet_cv.py", line 88, in train
    wandb.log({"t_loss": total_loss / train_steps, "t_F1": f1 * 100.})
  File "/localscratch/yinan.28128577.0/env/lib/python3.7/site-packages/wandb/sdk/wandb_run.py", line 1229, in log
    self.history._row_add(data)
  File "/localscratch/yinan.28128577.0/env/lib/python3.7/site-packages/wandb/sdk/wandb_history.py", line 44, in _row_add
    self._flush()
  File "/localscratch/yinan.28128577.0/env/lib/python3.7/site-packages/wandb/sdk/wandb_history.py", line 59, in _flush
    self._callback(row=self._data, step=self._step)
  File "/localscratch/yinan.28128577.0/env/lib/python3.7/site-packages/wandb/sdk/wandb_run.py", line 973, in _history_callback
    row, step, publish_step=not_using_tensorboard
  File "/localscratch/yinan.28128577.0/env/lib/python3.7/site-packages/wandb/sdk/interface/interface.py", line 506, in publish_history
    self._publish_history(history)
  File "/localscratch/yinan.28128577.0/env/lib/python3.7/site-packages/wandb/sdk/interface/interface.py", line 641, in _publish_history
    self._publish(rec)
  File "/localscratch/yinan.28128577.0/env/lib/python3.7/site-packages/wandb/sdk/interface/interface.py", line 790, in _publish
    raise Exception("The wandb backend process has shutdown")
Exception: The wandb backend process has shutdown
Traceback (most recent call last):
  File "xlnet_cv.py", line 305, in <module>
    loss_default, train_f1 = train(i, train_dataloader, loss_default)
  File "xlnet_cv.py", line 88, in train
    wandb.log({"t_loss": total_loss / train_steps, "t_F1": f1 * 100.})
  File "/localscratch/yinan.28128577.0/env/lib/python3.7/site-packages/wandb/sdk/wandb_run.py", line 1229, in log
    self.history._row_add(data)
  File "/localscratch/yinan.28128577.0/env/lib/python3.7/site-packages/wandb/sdk/wandb_history.py", line 44, in _row_add
    self._flush()
  File "/localscratch/yinan.28128577.0/env/lib/python3.7/site-packages/wandb/sdk/wandb_history.py", line 59, in _flush
    self._callback(row=self._data, step=self._step)
  File "/localscratch/yinan.28128577.0/env/lib/python3.7/site-packages/wandb/sdk/wandb_run.py", line 973, in _history_callback
    row, step, publish_step=not_using_tensorboard
  File "/localscratch/yinan.28128577.0/env/lib/python3.7/site-packages/wandb/sdk/interface/interface.py", line 506, in publish_history
    self._publish_history(history)
  File "/localscratch/yinan.28128577.0/env/lib/python3.7/site-packages/wandb/sdk/interface/interface.py", line 641, in _publish_history
    self._publish(rec)
  File "/localscratch/yinan.28128577.0/env/lib/python3.7/site-packages/wandb/sdk/interface/interface.py", line 790, in _publish
    raise Exception("The wandb backend process has shutdown")
Exception: The wandb backend process has shutdown
Traceback (most recent call last):
  File "xlnet_cv.py", line 305, in <module>
    loss_default, train_f1 = train(i, train_dataloader, loss_default)
  File "xlnet_cv.py", line 88, in train
    wandb.log({"t_loss": total_loss / train_steps, "t_F1": f1 * 100.})
  File "/localscratch/yinan.28128577.0/env/lib/python3.7/site-packages/wandb/sdk/wandb_run.py", line 1229, in log
    self.history._row_add(data)
  File "/localscratch/yinan.28128577.0/env/lib/python3.7/site-packages/wandb/sdk/wandb_history.py", line 44, in _row_add
    self._flush()
  File "/localscratch/yinan.28128577.0/env/lib/python3.7/site-packages/wandb/sdk/wandb_history.py", line 59, in _flush
    self._callback(row=self._data, step=self._step)
  File "/localscratch/yinan.28128577.0/env/lib/python3.7/site-packages/wandb/sdk/wandb_run.py", line 973, in _history_callback
    row, step, publish_step=not_using_tensorboard
  File "/localscratch/yinan.28128577.0/env/lib/python3.7/site-packages/wandb/sdk/interface/interface.py", line 506, in publish_history
    self._publish_history(history)
  File "/localscratch/yinan.28128577.0/env/lib/python3.7/site-packages/wandb/sdk/interface/interface.py", line 641, in _publish_history
    self._publish(rec)
  File "/localscratch/yinan.28128577.0/env/lib/python3.7/site-packages/wandb/sdk/interface/interface.py", line 790, in _publish
    raise Exception("The wandb backend process has shutdown")
Exception: The wandb backend process has shutdown
Traceback (most recent call last):
  File "xlnet_cv.py", line 305, in <module>
    loss_default, train_f1 = train(i, train_dataloader, loss_default)
  File "xlnet_cv.py", line 88, in train
    wandb.log({"t_loss": total_loss / train_steps, "t_F1": f1 * 100.})
  File "/localscratch/yinan.28128577.0/env/lib/python3.7/site-packages/wandb/sdk/wandb_run.py", line 1229, in log
    self.history._row_add(data)
  File "/localscratch/yinan.28128577.0/env/lib/python3.7/site-packages/wandb/sdk/wandb_history.py", line 44, in _row_add
    self._flush()
  File "/localscratch/yinan.28128577.0/env/lib/python3.7/site-packages/wandb/sdk/wandb_history.py", line 59, in _flush
    self._callback(row=self._data, step=self._step)
  File "/localscratch/yinan.28128577.0/env/lib/python3.7/site-packages/wandb/sdk/wandb_run.py", line 973, in _history_callback
    row, step, publish_step=not_using_tensorboard
  File "/localscratch/yinan.28128577.0/env/lib/python3.7/site-packages/wandb/sdk/interface/interface.py", line 506, in publish_history
    self._publish_history(history)
  File "/localscratch/yinan.28128577.0/env/lib/python3.7/site-packages/wandb/sdk/interface/interface.py", line 641, in _publish_history
    self._publish(rec)
  File "/localscratch/yinan.28128577.0/env/lib/python3.7/site-packages/wandb/sdk/interface/interface.py", line 790, in _publish
    raise Exception("The wandb backend process has shutdown")
Exception: The wandb backend process has shutdown
Traceback (most recent call last):
  File "xlnet_cv.py", line 305, in <module>
    loss_default, train_f1 = train(i, train_dataloader, loss_default)
  File "xlnet_cv.py", line 88, in train
    wandb.log({"t_loss": total_loss / train_steps, "t_F1": f1 * 100.})
  File "/localscratch/yinan.28128577.0/env/lib/python3.7/site-packages/wandb/sdk/wandb_run.py", line 1229, in log
    self.history._row_add(data)
  File "/localscratch/yinan.28128577.0/env/lib/python3.7/site-packages/wandb/sdk/wandb_history.py", line 44, in _row_add
    self._flush()
  File "/localscratch/yinan.28128577.0/env/lib/python3.7/site-packages/wandb/sdk/wandb_history.py", line 59, in _flush
    self._callback(row=self._data, step=self._step)
  File "/localscratch/yinan.28128577.0/env/lib/python3.7/site-packages/wandb/sdk/wandb_run.py", line 973, in _history_callback
    row, step, publish_step=not_using_tensorboard
  File "/localscratch/yinan.28128577.0/env/lib/python3.7/site-packages/wandb/sdk/interface/interface.py", line 506, in publish_history
    self._publish_history(history)
  File "/localscratch/yinan.28128577.0/env/lib/python3.7/site-packages/wandb/sdk/interface/interface.py", line 641, in _publish_history
    self._publish(rec)
  File "/localscratch/yinan.28128577.0/env/lib/python3.7/site-packages/wandb/sdk/interface/interface.py", line 790, in _publish
    raise Exception("The wandb backend process has shutdown")
Exception: The wandb backend process has shutdown
Traceback (most recent call last):
  File "xlnet_cv.py", line 305, in <module>
    loss_default, train_f1 = train(i, train_dataloader, loss_default)
  File "xlnet_cv.py", line 88, in train
    wandb.log({"t_loss": total_loss / train_steps, "t_F1": f1 * 100.})
  File "/localscratch/yinan.28128577.0/env/lib/python3.7/site-packages/wandb/sdk/wandb_run.py", line 1229, in log
    self.history._row_add(data)
  File "/localscratch/yinan.28128577.0/env/lib/python3.7/site-packages/wandb/sdk/wandb_history.py", line 44, in _row_add
    self._flush()
  File "/localscratch/yinan.28128577.0/env/lib/python3.7/site-packages/wandb/sdk/wandb_history.py", line 59, in _flush
    self._callback(row=self._data, step=self._step)
  File "/localscratch/yinan.28128577.0/env/lib/python3.7/site-packages/wandb/sdk/wandb_run.py", line 973, in _history_callback
    row, step, publish_step=not_using_tensorboard
  File "/localscratch/yinan.28128577.0/env/lib/python3.7/site-packages/wandb/sdk/interface/interface.py", line 506, in publish_history
    self._publish_history(history)
  File "/localscratch/yinan.28128577.0/env/lib/python3.7/site-packages/wandb/sdk/interface/interface.py", line 641, in _publish_history
    self._publish(rec)
  File "/localscratch/yinan.28128577.0/env/lib/python3.7/site-packages/wandb/sdk/interface/interface.py", line 790, in _publish
    raise Exception("The wandb backend process has shutdown")
Exception: The wandb backend process has shutdown
Traceback (most recent call last):
  File "xlnet_cv.py", line 305, in <module>
    loss_default, train_f1 = train(i, train_dataloader, loss_default)
  File "xlnet_cv.py", line 88, in train
    wandb.log({"t_loss": total_loss / train_steps, "t_F1": f1 * 100.})
  File "/localscratch/yinan.28128577.0/env/lib/python3.7/site-packages/wandb/sdk/wandb_run.py", line 1229, in log
    self.history._row_add(data)
  File "/localscratch/yinan.28128577.0/env/lib/python3.7/site-packages/wandb/sdk/wandb_history.py", line 44, in _row_add
    self._flush()
  File "/localscratch/yinan.28128577.0/env/lib/python3.7/site-packages/wandb/sdk/wandb_history.py", line 59, in _flush
    self._callback(row=self._data, step=self._step)
  File "/localscratch/yinan.28128577.0/env/lib/python3.7/site-packages/wandb/sdk/wandb_run.py", line 973, in _history_callback
    row, step, publish_step=not_using_tensorboard
  File "/localscratch/yinan.28128577.0/env/lib/python3.7/site-packages/wandb/sdk/interface/interface.py", line 506, in publish_history
    self._publish_history(history)
  File "/localscratch/yinan.28128577.0/env/lib/python3.7/site-packages/wandb/sdk/interface/interface.py", line 641, in _publish_history
    self._publish(rec)
  File "/localscratch/yinan.28128577.0/env/lib/python3.7/site-packages/wandb/sdk/interface/interface.py", line 790, in _publish
    raise Exception("The wandb backend process has shutdown")
Exception: The wandb backend process has shutdown
Error in atexit._run_exitfuncs:
Traceback (most recent call last):
  File "/localscratch/yinan.28128577.0/env/lib/python3.7/site-packages/wandb/sdk/wandb_run.py", line 1671, in _atexit_cleanup
    self._on_finish()
  File "/localscratch/yinan.28128577.0/env/lib/python3.7/site-packages/wandb/sdk/wandb_run.py", line 1815, in _on_finish
    self.history._flush()
  File "/localscratch/yinan.28128577.0/env/lib/python3.7/site-packages/wandb/sdk/wandb_history.py", line 59, in _flush
    self._callback(row=self._data, step=self._step)
  File "/localscratch/yinan.28128577.0/env/lib/python3.7/site-packages/wandb/sdk/wandb_run.py", line 973, in _history_callback
    row, step, publish_step=not_using_tensorboard
  File "/localscratch/yinan.28128577.0/env/lib/python3.7/site-packages/wandb/sdk/interface/interface.py", line 506, in publish_history
    self._publish_history(history)
  File "/localscratch/yinan.28128577.0/env/lib/python3.7/site-packages/wandb/sdk/interface/interface.py", line 641, in _publish_history
    self._publish(rec)
  File "/localscratch/yinan.28128577.0/env/lib/python3.7/site-packages/wandb/sdk/interface/interface.py", line 790, in _publish
    raise Exception("The wandb backend process has shutdown")
Exception: The wandb backend process has shutdown

During handling of the above exception, another exception occurred:

Traceback (most recent call last):
  File "/localscratch/yinan.28128577.0/env/lib/python3.7/site-packages/wandb/sdk/wandb_run.py", line 1680, in _atexit_cleanup
    self._backend.cleanup()
  File "/localscratch/yinan.28128577.0/env/lib/python3.7/site-packages/wandb/sdk/backend/backend.py", line 227, in cleanup
    self.interface.join()
  File "/localscratch/yinan.28128577.0/env/lib/python3.7/site-packages/wandb/sdk/interface/interface.py", line 1048, in join
    super(BackendSender, self).join()
  File "/localscratch/yinan.28128577.0/env/lib/python3.7/site-packages/wandb/sdk/interface/interface.py", line 596, in join
    self._communicate_shutdown()
  File "/localscratch/yinan.28128577.0/env/lib/python3.7/site-packages/wandb/sdk/interface/interface.py", line 1045, in _communicate_shutdown
    _ = self._communicate(record)
  File "/localscratch/yinan.28128577.0/env/lib/python3.7/site-packages/wandb/sdk/interface/interface.py", line 799, in _communicate
    return self._communicate_async(rec, local=local).get(timeout=timeout)
  File "/localscratch/yinan.28128577.0/env/lib/python3.7/site-packages/wandb/sdk/interface/interface.py", line 804, in _communicate_async
    raise Exception("The wandb backend process has shutdown")
Exception: The wandb backend process has shutdown
slurmstepd: error: Detected 2 oom-kill event(s) in StepId=28128577.batch cgroup. Some of your processes may have been killed by the cgroup out-of-memory handler.
